0.010363707925083189
0.010299684954420471
0.010115048814198564
0.010464656700884858
0.01042134170215571
0.010333570773177581
0.010153710933454251
0.010155994598356569
0.010178116223432962
0.010327231134027035
0.010604745133944327
0.010251068486536757
0.010367235408136407
0.0103080034333726
0.010398978941831007
0.010633205233862141
0.010284756423866316
0.01003943985399877
0.010604982158274257
0.010264211600670594
0.010617624425501525
0.010328606257504286
0.0104175145702181
0.010178341466472424
0.010211103402611922
0.01028227631047433
0.010183027040743996
0.010496623902301482
0.010323043232321362
0.009979756537361197
0.01040688258698424
0.010010775562390743
0.009987120561466107
0.01028823210948545
0.010232979446515302
0.010607454796665423
0.009997287011070919
0.01040606159689923
0.010408809600639135
0.01016643349427616
0.010235730690992238
0.010218058656965606
0.010332719694529962
0.010365260907171398
0.010608755323730616
0.010001168594029452
0.010415611422191572
0.010554951375013905
0.010153918551486691
0.01006495813478654
0.010287929399057398
0.010151279156834324
0.01004706446887609
0.010297751698188261
0.010194268769220539
0.010366903726757802
0.01038382272261543
0.01017351735700602
0.009995756345466929
0.009939047932972525
0.010052680065179457
0.010552124679761736
0.010497443764042479
0.010281304263416691
0.010658171301706263
0.010077534511818639
0.010083733622547712
0.010464797586691395
0.010249627636633223
0.01011329239750506
0.010784220089001883
0.010437255384213428
0.010314383692770624
0.009938166053686618
0.010472449023444932
0.010381001691906162
0.01030208138942603
0.010593951367943112
0.010072144243530597
0.01043662791999033
0.010235703331957568
0.010059260410348604
0.010342040160180515
0.010193096928195764
0.01043339374616994
0.01014582236169442
0.010459484378804737
0.010513916630004767
0.010367741340451127
0.010251492239116445
0.01025237408652558
0.010432100308619616
0.010246683544356145
0.009953320698549442
0.01031039174246291
0.010551532620259036
0.010161176969130582
0.010227187239029992
0.010241107092426815
0.010408430153437653
0.010556693149473693
0.010298920372799452
0.010381482874399982
0.010086395464491709
0.010377909703738943
0.010547282971261918
0.011835757070337669
0.01024036543459163
0.010333234844968835
0.010244118401014492
0.01016482477827088
0.01021078581851401
0.01055931266901344
0.010146580002994957
0.01037324874063281
0.010764493729954189
0.010918823874728428
0.010649650448811498
0.01059654341982408
0.010471465687120173
0.010960739782682164
0.010595888302014128
0.010408070157856074
0.010280845401639838
0.010534525607864114
0.010281920208796879
0.0102278481843618
0.010427667779257814
0.010210258071498704
0.01038756378598825
0.010501423347716993
0.010433318336929787
0.010112903931473642
0.010376501536914273
0.010086292664511994
0.010194682190986008
0.010064421018658563
0.010477020229490899
0.010442935952860399
0.010861243456698543
0.01073480111298796
0.010659480424523003
0.010273653114364862
0.010149912933875087
0.010405625722102898
0.009930010109743436
0.010313283193214671
0.010428009937374324
0.011107870278679037
0.010382433069565348
0.010445446359088707
0.010279952399245576
0.010294698074767458
0.010417123278920425
0.01034934579212907
0.01040307815983814
0.010718834342242039
0.010774635317826596
0.010433954999514019
0.010336231206742524
0.010659321526498268
0.010207524747253945
0.010315094686499125
0.010250102833042396
0.010185730303129739
0.010148974008763738
0.009913765930003397
0.010189625800946157
0.010272823863133712
0.010360525539956535
0.010394277405949583
0.010584769433827863
0.010151012491493947
0.010002860988070057
0.010490653635990735
0.010862219981663406
0.010215868863125812
0.011794236154278923
0.010396310806745019
0.010532132249633858
0.010471025328382797
0.010359020802195286
0.010409445888551245
0.010736528940718578
0.010154166168991117
0.010365808631330848
0.010464421448765622
0.010470176360022784
0.010420855890855481
0.010335057648111438
0.00987530704004498
0.010415172537213548
0.010185129558918054
0.010259952748186262
0.009707622985875112
0.010240956282234924
0.010341193680831513
0.010367617823073843
0.009920476767835673
0.010394449320185219
0.010149164721832731
0.010092995129432406
0.01026648021839685
0.010450775633104424
0.010361917101597142
0.010105682278973575
0.010596752839939508
0.010254640226507019
0.010176383999352511
0.010619825900660749
0.010488672641839404
0.010307095338540797
0.010155183715517532
0.010453736146142239
0.010127574696639349
0.010150861932859957
0.010381078222885356
0.010927207465136706
0.010576703740259095
0.010279011632354824
0.0104273356794243
0.010627925379178381
0.010269400756876596
0.010392178314378235
0.010228228141047983
0.010576824354649093
0.010448517752493341
0.010508165481066025
0.010410403087366656
0
0.010220725300425318
0.010160297844310455
0.01012230925882144
0.010456673462005565
0.010129585077135423
0.010262015346711763
0.010293086847770758
0.010035198333308052
0.010282500411968706
0.010265837111406438
0.01029220514336451
0.010261410680146263
0.010094112164037255
0.010045480147341577
0.010237367468535666
0.00958011893435098
0.010072383488520964
0.010078912942205412
0.009922690371181854
0.010390759976138796
0.01030991268254863
0.010449590157581201
0.010016982015137583
0.010395764322652924
0.010223045480680718
0.010514375137903214
0.01032779328707208
0.010313549205372308
0.01027365905138402
0.010250286899389172
0.010282592129090553
0.010437156993467074
0.010245160146276258
0.010350134253259983
0.010302343080685982
0.01059610706999707
0.010172296335339445
0.010458579161424467
0.00962740414643948
0.010092616410973173
0.010199689371820772
0.010408456248091374
0.010805155972030831
0.010441015581175363
0.010277954591125802
0.010474462340627533
0.010335408603532471
0.010423952378457712
0.010086745795685654
0.010390547972147382
0.0103359467161443
0.01005075451922002
0.010545696985169004
0.01023144859562778
0.010093340756391163
0.010222452779755226
0.010521878661817684
0.009981685684430797
0.010327542155041877
0.010356449975558178
0.009832100104459026
0.010333966526151678
0.010282401255609976
0.010429619225664377
0.010138677015747806
0.01057347612387161
0.010396170430597965
0.01045620678751796
0.010177347417303282
0.01045833553896657
0.010281678899364016
0.010301569877097138
0.010267303197706643
0.010278911375162389
0.01028069705855173
0.010359948249067132
0.010512071610265638
0.010417448178077835
0.010374844303537054
0.01031570235412276
0.010488988354342017
0.010219975611115081
0.010032744274773707
0.01028485228065399
0.010313620683562067
0.010239578475436906
0.010466806777556159
0.010155362020967448
0.010146816601493058
0.010136364247605745
0.010202484050527736
0.01024707913544899
0.010354897226642809
0.010275135448032683
0.010523973810370046
0.010264880244106387
0.010241371783020658
0.010247981761180561
0.010337976344616202
0.010252983088128664
0.009979459220830924
0.010325248252005504
0.010414102970166608
0.010241538473894805
0.010154162567417373
0.010158861184119766
0.010148511620765214
0.010060493735107834
0.009911410597646683
0.010337352547987034
0.010230932797324023
0.010410878988124395
0.010243281950280346
0.010070873053604438
0.010280901409834106
0.010105056059598872
0.010061405055456944
0.010206951049175976
0.010408990626601633
0.0102980425987753
0.010148838599657529
0.010058403442693457
0.010209922199009293
0.010194142909025955
0.010186820892265778
0.010418489459477853
0.01014633893759614
0.010011551586801767
0.010499331485535652
0.010438176049969586
0.0100527543896611
0.010168640020000438
0.01036514559566625
0.009924732290324704
0.009964324601557658
0.01012303679864006
0.010029995409566244
0.010322931671200748
0.01013966216697362
0.010117080630257413
0.010317653384172008
0.010346225769601317
0.010441811786725798
0.010330483669442602
0.01028378648233831
0.010136010176173408
0.010424357258896092
0.010353847524739012
0.010229371905283523
0.010724363394200197
0.010428763325128277
0.010060600106286325
0.010199491580141159
0.010098550345500983
0.010140920996678378
0.010030370749741354
0.010290379538723547
0.010470799902666184
0.010379510220436672
0.010541631162966828
0.010136304329492397
0.010470034983889433
0.010307747720527113
0.010024896393725965
0.010323423694958988
0.010296814394677263
0.010219263934733136
0.010334754461849944
0.010282473980463457
0.010223515838958464
0.010297641541007095
0.010175695161675056
0.010215123280473479
0.010131485613213082
0.010153184312964494
0.01007390605461088
0.010355855023561837
0.01024929487228986
0.010225259474486732
0.01009785124921935
0.010389257251204657
0.010371387513591868
0.010405408718031257
0.010369730190537238
0.010289507286093708
0.010378696909855909
0.010442839670587619
0.010431800404658777
0.010428637624401224
0.010172592340674894
0.010193832675168829
0.010312606262918335
0.010385999366518066
0.010552442565462844
0.010186001057462953
0.010168507186702085
0.010182638009253111
0.010296440198696926
0.010368267654706317
0.01046761108022382
0.010946657098939648
0.010530206526642572
0.010043888614392062
0.010272885514385507
0.010069892552792635
0.010452104429896768
0.010345972515781513
0.01053853668875039
0.010368720162503411
0.010691124405214266
0.010251236003341864
0.01039677521129097
0.010472042598747872
0.010497282975456105
0.010256770694098472
0.01125464569120161
0.01050976711120074
0.010159357708745445
0.010478113632348055
0.010186872629728156
0.010426062113687778
0.010178289040320603
0.010038722394876772
0.010504794743331521
0.010310825468341516
0.010326788842320711
0.010517489629114208
0.010341419720028394
0.01024130500121652
0.010868368066291415
0.010334512041497454
0.010183697185941101
0.010293065738712286
0.010098361265016488
0.010322682948666615
0.010051797008822671
0.010506695825171424
0.010496210742042699
0.009873108089452779
0.010141931890070743
0.010145894365578932
0.010470209396608258
0.010186679459569766
0.010384901141768895
0.010208568191377148
0.01022139214680945
0.010224445425716724
0.01032730134747761
0.010650102107091592
0.01034791608481002
0.010284006093643952
0.010192531386169752
0.010426496876465779
0.010061816728920703
0.01050888440561424
0.010540119971512904
0.010163049188022372
0.010446877792190232
0.010120077275390143
0.010464773305901906
0.010367920059390847
0.01021362927393826
0.010419875600763418
0.010354377837808817
0.01047197972174656
0.010139276896706373
0.01001425827378816
0.011339996021885372
0.01040633365637714
0.010377227653791657
0.01031622633073985
0.01104045406614114
0.010410157082592601
0.010199062209643965
0.01021050240745204
0.01047200785717889
0.010375289503510304
0.010277176470114406
0.010162027469830626
0.01049935934470937
0.010403896219574596
0.010456296748130502
0.010581664394733167
0.010335185794623636
0.010280037933024799
0.01041464441996941
0.010208168593163605
0.01055326688383772
0.010252656108797095
0.010459277453552369
0.01035373788126715
0.010285905046804985
0.010290159912048239
0.01005256570560013
0.010375410657127012
0.010237101617503923
0.01044638537988704
0.01045217834546108
0.010155854740457857
0.010391063505854097
0.01047716226180153
0.010327163836514735
0.01020505898841388
0.010032209802444009
0.010302312831129333
0.010189346829119832
0.010218424895147304
0.010408825583496439
0.010328838554306358
0.010389453291186629
0.010671152824358604
0.010549894271153049
0.010129572882497476
0.010178551106503788
0.01036738737777005
0.010483677508907902
0.010403984298758537
0.010321495649769762
0.010106742321672697
0.010283519546154222
0.010633189578404326
0.010437770370193066
0.010034240065613095
0.010256070997793505
0.010291298852751625
0.010048103034435048
0.010187783485174545
0.010266081764611615
0.010051817348271352
0.01070187851418341
0.010322456249917704
0.010493913028487296
0.010363520443817591
0.010256220996133474
0.01045587639977952
0.010412261850381124
0.010388944861871622
0.010204029034479615
0.010665661308003171
0.010229252341145259
0.01015135392477085
0.00986104707758912
0.010157074534681726
0.010318111964048882
0.010130597221047605
0.01037278888820287
0.010463147562055661
0.010350270393039753
0.01029073721528172
0.01006785865250671
0.010091934389418047
0.010144484685643307
0.010203592578612147
0.010180314082046886
0.009999545961180254
0.010281016408629442
0.010141929839804107
0.010099029329259957
0.010376174169911781
0.010229433791857239
0.01037430872507871
0.010210747779716986
0.010215876512215047
0.01048554169449254
0.01035524581605478
0.01033345268349127
0.010396693089481776
0.010367916958148754
0.010410319049331932
0.010418388651628379
0.010722383640799233
0.01040220253589713
0.010397525609243655
0.01045470315100814
0.010360483168585998
0.010134076657580586
0.010333391305691412
0.009691077257071641
0.010332300033702646
0.010528631259175384
0.010318562284203204
0.010097592087173231
0.01018703432301544
0.010204043397118967
0.010295208314676537
0.010115665782742566
0.01029789966501487
0.010373396541780896
0.010230349418461597
0.010317616949508432
0.010603403098496335
0.010284951191787682
0.01045718318042973
0.010429208028612396
0.010119009484691145
0.010557433300897116
0.010257061866721031
0.010073037960928899
0.010312235857049924
0.01023336225823954
0.010276676972730278
0.010382218220164998
0.010276638931129959
0.011108176882122253
0.01089200760243028
0.010206106168821397
0.010280094791645586
0.010228939017522592
0.010101083438529454
0.010104591775573338
0.010382811421139393
0.010331801923841382
0.01030864363311711
0.010216245204198476
0.009968104788960534
0.010524328234059436
0.010485965499768409
0.010395053945818099
0.010247859136056634
0.010238074104969658
0.009537751670571505
0.010249356140962394
0.010241508141553729
0.010091190875158236
0.010197772660690042
0.009851260267594399
0.010228886654840778
0.010921659029594391
0.010264221612597341
0.010411924946698993
0.010555217101487149
0.00965041818049756
0.010343267088543629
0.009798860934325502
0.010388309654412982
0.009815439045613376
0.010100267975117367
0.00995667755985257
0.010162774586945514
0.01042258917551238
0.010426073508192149
0.010414443874852441
0.010288954586142113
0.010199684235729508
0.010299029685815721
0.009975233763347633
0.01037504297394946
0.010099139189466961
0.010238731720022218
0.010155455760495579
0.010326460318055555
0.010161454723638509
0.010671027052819627
0.010303994788299464
0.01061745533851031
0.010019441314864598
0.010549786719523722
0.010587463490310848
0.010407312562890349
0.010577343174937574
0.010449727227558506
0.010507639173013889
0.010332201966891212
0.010294901338509705
0.010486584018635227
0.010592345735776871
0.010171138048519192
0.010388216430044037
0.010394341491509774
0.010175149844596956
0.010183010945329718
0.010164394894779358
0.010491680583217377
0.010349700311400251
0.010005539593799252
0.010033862796122764
0.010153706106778494
0.010377731539722235
0.010262420394612148
0.010480259467683124
0.010676194932540392
0.010263769267084614
0.010317871261668386
0.010363260911931724
0.010452140650571932
0.010375884861601159
0.01046515438731677
0.01039870585651626
0.010136466901153824
0.010385697639129766
0.010483239168210172
0.009986786921536345
0.010213186327375699
0.010418819664957722
0.0099990733997599
0.0101112472544516
0.01075377582093229
0.010252465450260588
0.0103652429622691
0.010391509577089626
0.010251067927574966
0.010817600424044857
0.010292628091202486
0.009961642895711194
0.010186743797269032
0.010253685040796198
0.010202405479411815
0.010432576199487356
0.010477788484284224
0.010264218597018366
0.009991430161343828
0.010258047417606268
0.010500770872422183
0.010235522243816525
0.010121928296372883
0.010078269205361926
0.010318579049734935
0.010117959694130998
0.010482980906025306
0.010077164981058163
0.009701613235912192
0.010080731553163594
0.010474629761022152
0.010226020462878724
0.010143394336896462
0.010488970791930452
0.010385681110100993
0.010336792204971483
0.01010464896152025
0.010519778576503233
0.009914881994698041
0.010654276422685011
0.010519577737088484
0.010335072769654516
0.01033626833115943
0.010410930627715354
0.010392886507239773
0.010352493220507774
0.010379706996846807
0.010088325348064647
0.010337910861717814
0.010112839166206554
0.010382619402183818
0.01031173953129694
0.010616217477916414
0.010058901393052952
0.009948746059307548
0.010303718668384263
0.010289509771852794
0.010326268727203823
0.010335909096079404
0.010060584674787354
0.009993071222167537
0.0101737229290817
0.010268937040724358
0.010143951935703437
0.010368748696542696
0.010293166690938885
0.009552368612444575
0.010355843415248539
0.010130343786337504
0.010091918541121996
0.010343605824665215
0.010351709055144157
0.010478923704793919
0.010108151850099886
0.010206797951252128
0.010135146814481615
0.010455970612355921
0.010778435343750213
0.010298430910361492
0.01025950833463055
0.010363379768377774
0.009924914977408385
0.010291358637509481
0.010416971249841292
0.01066418942181871
0.010477120274864133
0.01040236484870486
0.010280755719236654
0.010189176831878605
0.009955954445769426
0.01049079531790759
0.01044008409846099
0.00997319619459946
0.010478831114226038
0.01019792256810964
0.010172689063159122
0.010047728656525524
0.010113725194112279
0.010408815754389289
0.010359905092126474
0.010413505564349395
0.01008466718159642
0.010105247890971501
0.010452758569880085
0.010126294285030568
0.010379111255754952
0.01046124819186129
0.010333689693477819
0.010018354682051825
0.010450906415305222
0.010245214482314578
0.010362047183155233
0.010378353070347932
0.010228360430139014
0.010182963249726135
0.010334100316798659
0.01016714624695827
0.010084296953090398
0.010293869634234265
0.010535091354576955
0.01042276109874865
0.010190478159551928
0.010215582992398668
0.01040388998120582
0.010307714661373544
0.010352487994540593
0.010230907186231625
0.010084842385225206
0.010280372656619616
0.010298678529021223
0.010224392763609272
0.01060132437756562
0.010444034868871794
0.01041734353008172
0.010308423183641825
0.010124492222409187
0.01043676705470798
0.01027580817691205
0.010206384977430105
0.010538565719999792
0.010188679117643908
0.01043540834257238
0.010242903606286257
0.010312392676675096
0.010383572893174655
0.010226737745944577
0.010346749272425538
0.010415664718103118
0.010206523148672212
0.010088631122136016
0.01046721597252142
0.010580584986513167
0.010269306843702284
0.010334822372128781
0.010350249639227059
0.01030239132683473
0.010562782601660537
0.010588451425393488
0.010314111327297896
0.010356959693939757
0.010213257625372837
0.010259766098819064
0.01042619230262704
0.010339305617140514
0.010168113128798645
0.010287292299566337
0.009925298909983183
0.010196711249262953
0.010544940080397996
0.01029949724444971
0.010261745651935465
0.010458285457981746
0.010305219680916236
0.010436165946170311
0
0.010072470559384693
0.010219593393726245
0.01040350280180158
0.010650421371719149
0.010255062451334347
0.010467414367064184
0.010211345814346741
0.010436848107810374
0.009996270756460255
0.010477470442565936
0.010047548508642007
0.010256580368742284
0.010321511502506635
0.010431907817725941
0.010243064774696619
0.01035296409244281
0.010223650639490715
0.010322870648488008
0.010057380961293093
0.01031096611886312
0.010020600093927062
0.010275783373776718
0.010302298612754324
0.010473921751874712
0.010285863252492101
0.010246499155329138
0.010682667118345557
0.010100038275168921
0.010321565503976221
0.010347272019744166
0.010215635362575127
0.010178975041815171
0.010649755937404588
0.010334225333885255
0.010441542634767181
0.010041631214901831
0.010139429193944751
0.010071073768995662
0.01023837352711447
0.010106654713761416
0.010374593472917401
0.01034898180999395
0.010192644093599127
0.010094252570806322
0.010171837465805085
0.010164599725632958
0.01056629986596089
0.010244611259679466
0.010329105889212858
0.010132566789615395
0.010097344605707327
0.010369638803091528
0.010416626923305137
0.01029841386858485
0.010402181968423446
0.010382342039721012
0.010217467641881724
0.01022082722570682
0.010375116864954008
0.010706570486598918
0.01017414328922903
0.01053123122611123
0.009838921600079575
0.010446908592643798
0.010650155325237288
0.010526586731467322
0.010466682979617168
0.010298570791225266
0.0100612201787288
0.010342110528768626
0.010504939543439954
0.009696189053130829
0.01002705188092093
0.010322113304744163
0.010325558569994833
0.01033441751050254
0.010400035159944383
0.010346252199141745
0.010535754035963223
0.01012344360074433
0.010191042296404471
0.010501639375130128
0.010506060936333128
0.010282418914150349
0.010407090785321852
0.010517320621432501
0.010122052102309834
0.010191795174873418
0.01030025101530883
0.010340681600667407
0.010274407520475056
0.010483487110784928
0.010343245690035101
0.01041199771678451
0.010020591668545607
0.010205340833066059
0.010221196227015216
0.01044122552362617
0.010214196730129571
0.010380482655830862
0.010266744499835811
0.010157284379794879
0.009934693865363045
0.010103221700302627
0.010386037481156246
0.009867199624605381
0.01023067295320425
0.011198639541282652
0.010028702136953779
0.010380482655830862
0.010219405427097764
0.010371907131990208
0.010118738732105656
0.01025026570433229
0.01034721547023802
0.01013784617065233
0.010387305766282637
0.010394655515292209
0.009941770541491203
0.010201499602646272
0.01026290239659201
0.010170672271077435
0.01036294075137888
0.009920854824510255
0.010390022748879736
0.010274662718479126
0.010239992408064042
0.010064768502509891
0.010222170609133822
0.010227305033763272
0.01011157707246349
0.010181421115769118
0.010318049019552144
0.010015617367857065
0.010359131304273277
0.010290272802423001
0.010093409370000262
0.010421495958466996
0.010402709772551007
0.01007765679172789
0.010519378954888609
0.01003802674284366
0.010445754235059095
0.01036992641661557
0.01041572024401398
0.010448520454749265
0.010155976828542298
0.010060960652501217
0.01039049916258221
0.010267125487660267
0.010528592406737584
0.010084272689857792
0.010008607255660024
0.009922204628843667
0.009839871551451967
0.010123483916761223
0.009877221285717422
0.010224151162445863
0.010369075087246786
0.01031318954467486
0.010208891642072563
0.010401617202309204
0.010228861526400799
0.010292541887368303
0.010248128274254148
0.010304098116782824
0.010371208685872331
0.010253942821410946
0.009808473938837685
0.0108599841367286
0.010522007352767784
0.010513223377101252
0.01043203807669376
0.011556602306312337
0.010106313592149783
0.01038094096251414
0.010573709954548323
0.010257004746419935
0.010455559563058284
0.010450140847646528
0.009970605101168631
0.010296111201716068
0.01017095046401074
0.010265495225749809
0.010480464046357949
0.010252403524746148
0.010374278994808264
0.010917535928218864
0.010691882899101815
0.010281841487261308
0.01013200027343569
0.010364581232388146
0.010206914677070793
0.010161035450085572
0.009857615566742995
0.010568897037040633
0.010288050013623047
0.010163720154610468
0.010087603003788
0.01030056800814519
0.010146475232554313
0.010055100987536569
0.010442499446621997
0.01015396828994387
0.010345175734348719
0.010204477796605986
0.010202875484367269
0.010229339370115068
0.009933913657200763
0.010268746110551497
0.01032135595025768
0.01015571012222333
0.010033203870374633
0.010156170487942795
0.010045791825101198
0.010256353334865187
0.010185424812582914
0.010334913155601123
0.010253469052180034
0.010247749707387005
0.010229492055290243
0.010606918816014582
0.010167126436900993
0.010146600070480277
0.010492205296059173
0.010168344020246701
0.010435840981020664
0.010283694160730265
0.010237291905892617
0.010112099795519679
0.010350612768800548
0.010521301082797236
0.010030874005229442
0.010087026706802433
0.010257077143731181
0.010475280736135906
0
0.010311256477644401
0.010284956983711822
0.010337451834601465
0.010587654158511253
0.0102795709146114
0.010404051965985135
0.010330869797008434
0.010159385027300665
0.010413627702161971
0.010306821875744006
0.010496557355929892
0.010172846129311098
0.010596188748672151
0.010651670708499043
0.01011579671479706
0.010238865826040828
0.010068999111858875
0.010400551769855165
0.0101586540727484
0.010409883327360406
0.010019463955365779
0.010130768438752318
0.010169125544110473
0.010089981436738553
0.010277452877451113
0.009858065471983257
0.010001741793791923
0.010308444408869428
0.010379907054528369
0.010111328938223993
0.010355065954484023
0.01035572592515567
0.010069427226968422
0.010062363882686724
0.01072779017908649
0.009987368045401696
0.010042421415883114
0.010208451194715171
0.010334570890248402
0.010415597309889712
0.010415511805068079
0.010381098792565244
0.010018879574122402
0.010335771898642357
0.010113056192370816
0.010365956947639048
0.010443261066380972
0.01036828658591409
0.01018751918418467
0.010257944872742628
0.010235332496118403
0.009922420467258395
0.010349141223299463
0.010375767544959521
0.010469045512761028
0.010089037029098491
0.010016625263493307
0.010092812101116202
0.01037882046608435
0.010298592940531977
0.01020438742280252
0.01047691051163812
0.010250639088801094
0.01028429248921689
0.010506750432105243
0.01024014395812136
0.010013518639216696
0.010007589000001565
0.009967757553583263
0.010258848758472938
0.010336687345703038
0.010135444228546382
0.009949197962854263
0.009922656877108972
0.010233037231849162
0.010350846898470474
0.010403229491311032
0.010162688204722298
0.010214451346996367
0.01002869220832919
0.010464370581814826
0.010015109238039901
0.010146576646298276
0.009894388288745894
0.010074001978906379
0.010468310581029493
0.0103764016175872
0.009943786691403134
0.010367405381586458
0.010044968739498316
0.010188025517219378
0.010163120052068842
0.009887649919944334
0.010247409693190839
0.010426047851285593
0.010499853370902326
0.010455930284985211
0.010279697903810696
0.01037608098708084
0.010281125182300661
0.01043922646187054
0.010460805835399255
0.010478439318857863
0.010741609651385684
0.010357990821572441
0.010460608318749912
0.0104315536760211
0.010726855221646717
0.010417895569060413
0.010461034000274887
0.010128109672610392
0.010554097838566203
0.01005702354560861
0.01036729661021967
0.010293232802603754
0.010339124695816762
0.010207918488441929
0.010313750602990526
0.00999120401398713
0.01028092915702562
0.01031417281555429
0.010276436661114522
0.01038031630540298
0.010225017111700587
0.010224653107415453
0.010223235781589199
0.010254511332996966
0.010329719876643006
0.010155159211762728
0.010135641195150698
0.010277141248148144
0.01004715383021596
0.010555222456236349
0.010458501289409885
0.010103313312518939
0.010373608077251089
0.010316394841331348
0.010381404131890188
0.010330319252984109
0.010486811303459149
0.010025578593629215
0.010294141107719057
0.01049720989305853
0.010644898268065733
0.010438062181659746
0.010423388413385564
0.010407367774926478
0.010473173442373874
0.010159865628498068
0.010429929298648052
0.010843048948781703
0.01035043013611227
0.010310998604161894
0.010488931622914765
0.010207942787327276
0.01037336921143877
0.01014891815999361
0.010109785689830232
0.010046450374572179
0.010243002456295558
0.010031166653437541
0.010361824401354896
0.010022769343344824
0.010242228348996775
0.010294076128770369
0.01014500760717925
0.009983040434872973
0.010248332694902352
0.010197558777708504
0.010469974940910709
0.010235451115359352
0.010267806066258921
0.010151872845183567
0.01025944606040577
0.010461231337816332
0.010173062885650527
0.010171911739599637
0.009960662371013307
0.010490569093845858
0.010485069975824431
0.010125709558008157
0.010390029220989121
0.01031039444376536
0.010472076409018547
0.010495105716751727
0.010350509990227172
0.010393024707404178
0.010157370027342672
0.010433560754078437
0.010405513194943594
0.010703624307013587
0.010425169254549126
0.010099413927135061
0.010782749502463402
0.010460396181301393
0.0102982524172314
0.010507131429874013
0.010238765132720635
0.010431822711312893
0.010252825018794912
0.010258499727120191
0.010353938955300764
0.010467259914935089
0.010389700471748399
0.010132660399223115
0.010389383635949186
0.01041135839734305
0.010404444111008205
0.010115210777994883
0.010176502411219573
0.00993019932536871
0.010218525138478847
0.010368498329283979
0.010090801366359687
0.010158518848507358
0.01042851291527719
0.010348422314652047
0.01001876568003411
0.010468875926015222
0.010257768188534728
0.010531941835744144
0.010125290914028551
0.010085565536957821
0.009873656942662838
0.010034159088585893
0.010521657363619666
0.010416325173935285
0.010329504488885088
0.010209755740422455
0.010424012557041737
0.010585235119231344
0.009862129634724173
0.01028686740356063
0.010299902730658792
0.01042504618528022
0.010246724447435586
0.010524666458693552
0.01023028902590045
0.010099153761131572
0.010340702016796486
0.01020955439252618
0.010284706683749893
0.010350082152266342
0.009988136734609243
0.010185952721844367
0.010172082020260405
0.010298706717879351
0.010122331533487947
0.010442957109640426
0.010457348189528218
0.01033682979149403
0.010426970680997837
0.010400567574432426
0.01011467458559996
0.010550991128527995
0.010350854106440757
0.01032346705329494
0.010083935047653925
0.01043197224911461
0.010634367074745228
0.010356782154957278
0.01018045365045013
0.0104904617647283
0.010178452413701087
0.01010346656681568
0.01071295030756168
0.010358900427811419
0.009977379196027052
0.010185456647489242
0.010282970728172311
0.010261681244621032
0.010061796090864652
0.009953238992664466
0.01019990419127816
0.010211392065657713
0.010148181997612258
0.010100292254374137
0.010081313553721176
0.010397930322924758
0.010192675817975502
0.01054481342856796
0.01030145459670147
0.010337013337769962
0.010060815056016251
0.010099909367027338
0.010579592804171168
0.010106727656613716
0.010178847223151597
0.010281816917853891
0.009900908374751126
0.010075308132537606
0.010660657924558035
0.009926098205823023
0.009970529941593856
0.010142970678062413
0.010387618988427366
0.010128544409906194
0.010434402804063086
0.010415981917786627
0.010147883260013191
0.010211210294088268
0.010382010744608438
0.010230770046314218
0.010166607624406332
0.009966351345831665
0.010696200200703256
0.010348314643776406
0.01044841272755071
0.0102789881260478
0.010504875565772299
0.01030727623849827
0.01009337933018194
0.010204715607117259
0.01019622526960943
0.010360260297158252
0.01042064535980759
0.010372903741853304
0.01049884170798501
0.010250004536562335
0.010387878934816162
0.010294541924658741
0.010392325493391818
0.010094224399112001
0.010257310240902118
0.010249027668490016
0.010222050950955495
0.010143150410070276
0.010139742760146236
0.01023154518867566
0.010303295202683622
0.010153285564720007
0.010444947134881767
0.010851152236456513
0.010249826815806424
0.010201714334869657
0.010519333154580724
0.010261709972473368
0.010116716455399405
0.010259581370329382
0.010155044738456506
0.010661945683781067
0.010014536634751799
0.010293195039348111
0.010133385315056377
0.010496914163007078
0.010379877467552751
0.010450950046908146
0.010561509922560157
0.010448799709948196
0.009862643386957136
0.010091393171487934
0.010404094903044564
0.01037750101125627
0.00998720009134897
0.01016301940954871
0.009788609117530937
0.010446199339518373
0.010246933207360453
0.010137897044594156
0.010458797039625272
0.010307021809721607
0.010272192172116074
0.009990061194748021
0.010292360780398595
0.010082111992867258
0.009836535136125183
0.01023649931576293
0.010268719800565441
0.010504214266568319
0.010302112479500886
0.010268324296488902
0.010178611180814718
0.01040872438964159
0.010215639240971214
0.009783210742264039
0.010685334305749682
0.010268900455987093
0.010358340809700656
0.010436207044903178
0.010766992290542291
0.01042858480833986
0.010402423194282525
0.010336024840694943
0.010324263131999958
0.010551239929630364
0.010283181143624545
0.010232723576563806
0.010399677415560924
0.010642408351335916
0.010346447337555425
0.010655904715093369
0.010461081788727617
0.010327976451039462
0.010300501999423922
0.010207011572663113
0.010207912557124933
0.010207981940720486
0.01039685387116071
0.0105622543982647
0.010390178200402604
0.010278429608687837
0.010161972903989343
0.010485212738005371
0.010262511197182425
0.010566560632333974
0.010604965551830863
0.01024721110099453
0.010414106663728566
0.010588126146359202
0.010293168979101354
0.010203663548453111
0.010531428923299033
0.009992226889376746
0.010106436197796545
0.010315397463385265
0.010057167378197418
0.009938424465007431
0.010323251569444192
0.01023297008511862
0.010222540573712363
0.010555282419274739
0.010210448867190887
0.01025647183007016
0.010071717328681222
0.010445794259202503
0.010190594814374955
0.010293565963107676
0.01012566996757718
0.010417795590841602
0.010485269611483815
0.010376667333762794
0.010392877891373196
0.009908853785247551
0.010371012767451072
0.010096112474057485
0.010310891536868457
0.010442007190440254
0.01015176953500459
0.00987112220038758
0.010281807899858017
0.010159048466728018
0.010113899317306035
0.01025541864887269
0.009978858299433934
0.010547837044854428
0.010493807319241356
0.01030749995640774
0.01034399737128363
0.010540359320018343
0.010236871358329845
0.010196778890520135
0.01039339700243187
0.010376091190948667
0.01015591717650693
0.010217409369299388
0.010250739231648726
0.010440537746398212
0.010512995390838775
0.010362039879345348
0.010229654981274618
0.010326761024914024
0.010368730008326155
0.010310311828375785
0.010446352515207181
0.010372057318204788
0.010097506983728353
0.010117716557517375
0.01052160778214176
0.009831703447037874
0.010364869885222356
0.009892245935929113
0.01010043294283573
0.009929540661659329
0.00999826085344998
0.009976981547770207
0.010009805857326868
0.01022565042415907
0.010262966759519418
0.010320894584509249
0.01053471760480176
0.010460176142655257
0.010343933747307393
0.010099863632063614
0.009911239303859625
0.01017916983081767
0.010269280790777172
0.010065321295739595
0.010625771692027046
0.010798956856970833
0.010161788494029994
0.010354806110066572
0.01027470423144553
0.010494693928950846
0.010279736548164796
0.01024819272659677
0.010408301961843735
0.010337128631943143
0.010431637928778709
0.010476400628945339
0.010430369847861888
0.010153353919460033
0.009777227645526954
0.01030977117396334
0.010388619808177811
0.01041332226272568
0.012282181784661209
0.010213629060212002
0.010503187243075121
0.010683904386685655
0.010337652974893748
0.0107081199120013
0.010493768442629987
0.010414414750524643
0.010075251856193488
0.010378082760895862
0.01074129148147329
0.010744234225889302
0.010286515616267857
0.010642754366093155
0.010480795123209676
0.010923664275321349
0.009775804330443585
0.010413487334030308
0.010522219689662451
0.010890275136566667
0.010240044056651562
0.010395616967975498
0.01026196598249805
0.01000361790486245
0.010324407782172739
0.010387135367713138
0.010349186809377969
0.010244391623542003
0.010529779198754153
0.010561572704039117
0.01205620048784522
0.010446148872249922
0.0110832102743797
0.010407021192585469
0.010238001701446005
0.010135086057307492
0.010184440670865401
0.010423417529946362
0.009732895359688085
0.010207080851981336
0.010373715630172118
0.010339803218470054
0.010182631352224041
0.010172666607454329
0.010318034877962167
0.010357308481313228
0.010204076536482606
0.010380414363498324
0.010157347620044777
0.010181169644968766
0.010323271572754044
0.0104734569626213
0.010563894182877637
0.01035051027364715
0.010357119833447281
0.009933430239779007
0.010198495526602847
0.009831744766506986
0.010149259633928277
0.010510138108102128
