0.00977757793390228
0.006036935719131046
0.009229256405257418
0.024033919599520386
0.015673804404854566
0.011099005111063577
0.01855487908499838
0.006706616426537353
0.004712270755083628
0.018159359790845854
0.03348908486554354
0.021043771413690304
0.011097244137658792
0.00545009083298101
0.011462953827033226
0.015031343664234234
0.010461288814468154
0.00519163826869682
0.008307365038397027
0.019531138919338754
0.0032370524547868603
0.008356287874136288
0.023862934788805697
0.004166792790683912
0.033066759680285294
0.016917785127438464
0.020323173365417446
0.012146449290590187
0.009187176711672747
0.015123658670484721
0.009890705930690115
0.0060876329865249355
0.0041058544086262
0.007773741297760427
0.009354655533961293
0.005115139542701495
0.007961268776040755
0.0095179576495864
0.01013230970562759
0.007326959665073711
0.012732106056600929
0.013839385110637354
0.01022983249972165
0.009196888806054397
0.011576707538415559
0.00843691669188407
0.02148691501447771
0.004851693216458818
0.006657514918074126
0.0037590200079596486
0.005004792325096985
0.011104893624833724
0.005009015850375604
0.007092672969673898
0.005606181629301527
0.004718446476677739
0.004775122338322611
0.004641130155213036
0.017643999196457434
0.03674865284257366
0.032749436050531204
0.025922945622811826
0.020595004332991593
0.012366830576787745
0.01094391681814543
0.008733011341388508
0.010710857844676052
0.0069946070714907715
0.032694443479999225
0.0066472633561187435
0.014718689358308182
0.006953315660837496
0.005097763038163119
0.003158538641966315
0.014614787356833754
0.010960465024336934
0.014755558247303237
0.020001022114149954
0.009479827010334143
0.006886225827441098
0.010008322071716778
0.012848362975027425
0.01674612646376908
0.009393782634572212
0.009772147126120902
0.013004677670953643
0.023603146734622413
0.022987350919726996
0.009066744606089442
0.006874148514679598
0.009211760146797842
0.011613233942562558
0.005299521748658506
0.007356836014811864
0.007204924587654177
0.010028781364036378
0.01828601706305669
0.011645756430842579
0.015036562210322414
0.012691602952340586
0.011938523831729034
0.014785006050126146
0.011707443829277013
0.004134092297794093
0.011079411204280137
0.010834593709428903
0.019225381816259997
0.011997644826181852
0.0018271720944259616
0.01345145405804903
0.009582333531952893
0.013968624798050977
0.00942063896313571
0.00977875562293739
0.00329981275197817
0.029460390538309646
0.041079086516310474
0.024348001915651497
0.004207665860063857
0.005073940461866285
0.04321476668378419
0.010781705584293857
0.014453230615368457
0.01181176468961581
0.01590776096923869
0.00987457540512787
0.011833151735775805
0.013754457420884002
0.02182753513288366
0.0034570803189091963
0.00474443042136769
0.011769537470969932
0.005152358574986127
0.02352308725854523
0.008426646768584244
0.0060720148445328
0.012790354262746459
0.004925964503326465
0.009472763048687462
0.009232605071485529
0.016121155116794274
0.01927050819965653
0.006545223526459986
0.01787767713923813
0.012408619255930767
0.012440501228056962
0.008744393491768568
0.018394369588348187
0.00699461041499468
0.009325328043188938
0.0035525891365597905
0.005135154678177361
0.01590633725182188
0.009964145079743402
0.014004290154143523
0.0044508168924607865
0.005522217087462203
0.009813746640940268
0.009990669229841178
0.00813602033758019
0.0028960768221830027
0.008295509361746174
0.01081434324328826
0.013768572798003859
0.013600123965052812
0.007408632355417119
0.003616663294539475
0.014382034266133333
0.01237015315264104
0.019249051052079445
0.007251541053731678
0.012681073656516188
0.006189110272959928
0.015874314868975066
0.0037924934067359393
0.010114306857739395
0.012095653647925076
0.0013728152017733347
0.015873319948327084
0.0061272438934744785
0.024355249119778592
0.0028617573445773254
0.011447521503733316
0.00986807453796075
0.0033124248314897217
0.012901861276252325
0.020793794434434843
0.005343025392272982
0.01252166737142365
0.00860440734286159
0.0056985876473909965
0.009176251456491175
0.010809013697528898
0.006403445979051296
0.017553234699322986
0.008555117238932644
0.010595010627335604
0.014838876912247567
0.010866287913976225
0.010932002783039059
0.0075449524052837395
0.0025419602730492406
0.009801280773442292
0.00738099776113709
0.01353227720602596
0.004048970410250259
0.01039263380015276
0.014818722495869617
0.0062309351184657
0.01066764890836129
0.006145492936462139
0.013486263027633892
0.008583176808837495
0.010219527545475244
0.0073018197607706715
0.004228144329104115
0.009621765595775348
0.006788240839152477
0.022566694438473315
0.002663303588681138
0.01433900078827176
0.012616633316669701
0.013625854228652257
0.015926942465890985
0.015415262410768682
0.018660808932004704
0.01578838765648594
0.018504903136307663
0.004179338753050131
0
0.009001145772989097
0.008180255501520555
0.010040419578214244
0.010892749306700693
0.00912236062379799
0.013325860174818906
0.01060370292770262
0.007028694344708672
0.003640285175453876
0.007066939560087367
0.00535255630013909
0.010225367593740492
0.0043715275404901145
0.010346412884055021
0.012766944818393995
0.009155830516095493
0.009564429632198298
0.008273386632749862
0.005657248091897625
0.014767942006484451
0.01673942732977004
0.02705917070107199
0.00628290911609804
0.007396859284646892
0.011389290097943722
0.007183506535189651
0.006524646400100955
0.01032316564371879
0.004672438845575536
0.01119558157485371
0.011899741465004356
0.010659258849802017
0.010227873125903038
0.007808076024579385
0.022462054687764584
0.007914977722525527
0.004006648161848418
0.007713346187510091
0.006550927779231348
0.0035846653212180638
0.01711455294782838
0.011476139386226696
0.00909601252307907
0.011943388349886772
0.007736840513544908
0.022780894663983503
0.010062870991332613
0.021195370088069716
0.012322732366790509
0.01506584407952073
0.00860379120051534
0.006657562332874246
0.010035869396895233
0.008263987441738792
0.007663771234866146
0.012937997880867566
0.009097801803440442
0.008787842586421919
0.011726679701684116
0.008532177830872992
0.00832719259459759
0.009519176878239485
0.01360919853512213
0.006055741269686528
0.008905540476312677
0.011688856331103366
0.014332888344458653
0.023190221365945164
0.005460391143014188
0.0040059746508346065
0.007678575100280069
0.008359038215189967
0.007395964881972181
0.009216780692993885
0.008609258517439213
0.007928140778044648
0.005255847780016307
0.012448766365559392
0.005445285944688433
0.006252140782158993
0.007899011220661487
0.010814032554925362
0.008581849870940466
0.011950985123766333
0.008605258347292746
0.008030336182670293
0.008030623797504171
0.00758333046212631
0.007441002079309898
0.012577754231245235
0.005766998616871944
0.008083957406123107
0.015449440833397944
0.005354970607582317
0.009518096111615222
0.009678981605233655
0.009035908178454271
0.008052088800186267
0.010473420558198497
0.012696794611597097
0.01319295647342261
0.009252439227282364
0.0174429610445164
0.00958090909966268
0.004126997489854016
0.008150737238638232
0.00668155153557522
0.006067298255179976
0.00806589538185874
0.012923134410007281
0.008306467960239788
0.007847944654472186
0.007948036000434908
0.010144958971809944
0.006834181571266888
0.00546460264861579
0.015509454471879883
0.010102858723532879
0.012569880994076216
0.010994315034071788
0.005316503661098603
0.005969141452531483
0.014588543274392133
0.008877480486217752
0.01422649758478431
0.00599682525599696
0.006299219571151277
0.011510984536504924
0.011203499203783291
0.01969763219779803
0.01572432622972384
0.01924334997751407
0.007505592415148644
0.00826867701730972
0.004326326547066295
0.007583054044984048
0.012469883845234874
0.00789488968590077
0.009940945127759013
0.00925086001388297
0.009736498263068397
0.01063703374984508
0.013893105020398413
0.008513598658848182
0.011712549063931068
0.007907412075234736
0.014686987552755736
0.00656151589464645
0.006372795358175642
0.0124094983555977
0.011392390375025726
0.008808847365303404
0.014497664879527488
0.006012598992673087
0.006263112500293256
0.006500043868890548
0.01133692813417018
0.011503567419250179
0.012390365851196607
0.011267289067871854
0.01593413754292281
0.011374916759747281
0.014253529910956148
0.009864187609807165
0.017549742283792556
0.011655401991312361
0.011134081154429194
0.009847161781636516
0.004727483474386455
0.0069783167379442205
0.01231206411050842
0.009876660119156845
0.007560274604306412
0.017205038773898194
0.013682720826607618
0.006144309091228547
0.017067718997298944
0.0062192666851242084
0.006339065464326432
0.010321708512934772
0.009760611916587836
0.007415327023313501
0.014894259664932505
0.010627110178171636
0.013491835353221534
0.00832907633275054
0.008787824354718315
0.013594692109895182
0.012266301935076577
0.012062256162201818
0.013043763486071228
0.006147962706554418
0.011172536259338915
0.009590738728300238
0.0030376356928177774
0.01469617702757117
0.013542186821564052
0.011305696935257252
0.010594721733661262
0.009795551102535697
0.012165226000343733
0.011989462057277177
0.011212479685136069
0.015456946066323352
0.011254111589483713
0.00998029876809312
0.011724108070009799
0.01189411177404787
0.010858413348602214
0.011760331209595392
0.011192658980864231
0.00764195498959413
0.01759783392708801
0.015711658430755764
0.01211212300035306
0.006596880972733194
0.01273827433810959
0.007916028207250335
0.015213843620114824
0.012962471844411565
0.01205530796438673
0.012311029985921665
0.00577942992044116
0.0030204069909410577
0.017796151435770652
0.008810045030607432
0.02070437936619328
0.01080427773820076
0.010886286558156797
0.006811984309651144
0.016380840676137046
0.018401315658257998
0.03673341906870708
0.003523457915586077
0.011071018680745703
0.008967887645912422
0.014995177750286253
0.012760230547664623
0.0029209351339829414
0.018411700643837785
0.007886453019650887
0.01147524279286631
0.006767527385781574
0.00329769343790195
0.013230826773945934
0.009140030917257376
0.007675520853612967
0.012538525469980698
0.010176587605568289
0.004056699815947036
0.012548816570317794
0.009517425158603873
0.006926946026533276
0.012358026310781286
0.007681568308346451
0.008528274246210754
0.016036118088449132
0.01148920093356182
0.00758686136261112
0.01045156040317367
0.01058982065611899
0.012001928513155688
0.01160517785897913
0.009619540316330742
0.00954162879865066
0.004615670691940423
0.006035943374213097
0.025118490060071726
0.009013881061267394
0.008464891423161761
0.010018937143705081
0.01384591965308701
0.013306397741137706
0.010623538367342854
0.010830562714904299
0.01943203064731798
0.007414257848321178
0.00273552979811567
0.008785325731348093
0.005716882783342521
0.012263843830210385
0.00814501624151584
0.00917199949261146
0.009386836770987348
0.013740404027620091
0.021479108950675237
0.009762369067347672
0.007073523028277833
0.013262401752234412
0.006453820033604565
0.012160241235611326
0.00793490932102774
0.010028604504098121
0.010080273430588831
0.004566565451060615
0.005258336818434904
0.009257945612928435
0.00922801247643955
0.008401255439509259
0.014020748727941377
0.0038773287070506595
0.01252226998643264
0.008885016306287697
0.008230246402329614
0.015644846219844424
0.006029069926620764
0.007023547590715741
0.010305150981982526
0.006449528959318209
0.006748026558575631
0.011987859185419246
0.004688126592403411
0.019118558380351945
0.016199597802079597
0.010788055142100923
0.018993177747133213
0.005518621109488387
0.007636355761007415
0.009650621176250903
0.012788135775629424
0.008036169629870958
0.00688453136953387
0.007645302115271116
0.007980748600348813
0.01855140657414666
0.003691330015220678
0.011305264623395294
0.010132978691834405
0.009232770800390052
0.008735144557640613
0.014962106616790842
0.00719186115478942
0.012843300650224848
0.00898231642172451
0.005999104495774626
0.014192827288118095
0.011612134178441922
0.009757615656358331
0.013174051468465323
0.024220442736584146
0.007444704528063736
0.006569418198974272
0.008215533912730135
0.011428719378171364
0.006797351633315748
0.01891440257084783
0.012325446177235673
0.00888913575611062
0.012499880081150713
0.007880821713153569
0.010942896511944916
0.01741351302222528
0.00523441587520978
0.01049252347713738
0.005978617681881512
0.012772174373064108
0.004103958905540301
0.00775524400862553
0.01239142218376744
0.01130775670922911
0.010163676228720133
0.008256429243838985
0.013323957013426285
0.00988409150282572
0.0076070657867646045
0.010164103694882154
0.015145012738695831
0.006699289867723513
0.006124092626116336
0.008838516712641905
0.00279467459430397
0.012507490184816672
0.010259405715845719
0.027841722507610606
0.012238504524434852
0.007823903480725956
0.004516514886585324
0.007051254770430921
0.01000780323301626
0.01070379178328246
0.012867634400034205
0.005450426470953742
0.0030498586627060523
0.015123066530345747
0.007765745155451862
0.004291683083650507
0.007218127792202173
0.005398755500820622
0.01672201619591366
0.01306391029200531
0.002684557190450448
0.010882451210930743
0.0065275301562030645
0.0062080197875020214
0.008677377388359421
0.007162699182414144
0.01037321016847
0.006385848016869638
0.00982432507188534
0.00422448552338895
0.010534743019840332
0.010776896544960812
0.01360890563836887
0.005499229442043148
0.005421687299883645
0.013352522783488389
0.013717160129380119
0.020816394961278527
0.010387164750113522
0.011429966068047335
0.009037444712972546
0.013619660708000624
0.008288062445952635
0.009537768948281162
0.0119336261365008
0.013021946291526035
0.010870672240624381
0.005811435242364609
0.01456777613653349
0.007691778639270513
0.008317688864391323
0.011480236826537463
0.01102039540097591
0.02299896043683993
0.008376686691525642
0.004763049035777987
0.017677486475292596
0.010392337526669234
0.006515193310811567
0.008188803689399012
0.012471063995148093
0.005582217407585982
0.009818272726968232
0.006726053400861514
0.009916324922432612
0.004633934501461398
0.005515592349294638
0.010924324480250816
0.011784883739367681
0.009893055612548173
0.009845209913583793
0.010266152304141667
0.013676213444994033
0.005696519587994301
0.007975768329084221
0.006771309008683155
0.00928082178136364
0.011502098002301375
0.008190363812147813
0.009043318665282987
0.012568714140788065
0.010513499251448476
0.022105332348603478
0.0100087132564168
0.016229836797294526
0.0065534714957108525
0.014787580956495842
0.02277806275135785
0.019487909463051768
0.014731913846958015
0.00179792095997095
0.008939535345330603
0.007119107626210766
0.008710159923577921
0.005440586086688929
0.015037766443486103
0.006201052800837475
0.011552982748741544
0.013728998140597004
0.005131260110179295
0.007105794158080703
0.006318025269561436
0.008198139649295104
0.008240525799953146
0.00936613065166703
0.004213051023080866
0.01906063028692658
0.0127051901441277
0.017314431547103715
0.013080948738697409
0.018261541510942957
0.007055110819533675
0.00702236923668848
0.007568674598639866
0.010920564450512177
0.00704069515634158
0.010900601213007118
0.017818693758506112
0.008377599618965122
0.011690277458819006
0.011015918805081385
0.016165278208060217
0.0026823328735058553
0.0069107252991354165
0.007826844851920667
0.005699106992444089
0.01722450920805113
0.006142072084794566
0.006589649184757641
0.02407759117413909
0.008503312754158847
0.006727783716657533
0.009993849056313293
0.00827905300003308
0.007248607321165388
0.010265715151684604
0.0043861161971413
0.008670631195056707
0.010993508994723443
0.012206727750133893
0.006526293067959948
0.01261159100032935
0.006860323325843073
0.022697329881099224
0.010693547158455196
0.016580260705333336
0.02926579725125541
0.008934998090951786
0.01608014320800698
0.011882209251630072
0.01149876364713396
0.006567936303130649
0.0043673454881541455
0.0036227196235873423
0.019078086538265926
0.012744273568833854
0.017180475594007778
0.009305803041836806
0.007549780115721544
0.006409722330121479
0.006665641444905176
0.010085122259318704
0.005846471259021686
0.00955375407756106
0.012682048755279857
0.007631698696161492
0.00889272541766884
0.023272188901316243
0.010357406029156671
0.008508747545600485
0.008809916618842274
0.00651912140317611
0.009470662339012953
0.010988255218458311
0.01969821228937399
0.009650382338695805
0.009097739452197117
0.004126438247294037
0.01537186355680823
0.012087993848735651
0.01886717245887409
0.007123799761351925
0.0036670244187264112
0.00543192711022799
0.002184276711959433
0.010178833855911274
0.010220130703344318
0.009841575776232002
0.012145716173023895
0.01576368397595042
0.008915709647581252
0.00572065427643192
0.01455139563034793
0.008017201062246194
0.014651072520003952
0.018595152971862344
0.01655610128501702
0.00532646317114584
0.010003181229170797
0.0058395934239534935
0.013653629517943688
0.005192380156622493
0.010821027602568688
0.0044929285031324925
0.027388224280073422
0.006492643049752918
0.00986662159906273
0.00920850701672044
0.01265751905781976
0.00729330236003309
0.012327731548144157
0.010120740876797707
0.007558863597962793
0.01843326839863132
0.011930407085930612
0.010444706996261594
0.009857297675208132
0.007734903210380195
0.007875315943146447
0.010519557571214125
0.019958187577856817
0.012624887814227659
0.01144675449925622
0.00704120841260242
0.007449079290369987
0.013888484388981456
0.0073066072899137195
0.011870779797545535
0.019802209654909607
0.006840021085695004
0.010901383382199282
0.01534890053811966
0.011465919189012876
0.01456368799195996
0.015169166358967031
0.005135375869902847
0.01106588976144781
0.003187768931336183
0.02055321510603684
0.017324853114904292
0.006076719419618121
0.013901741590933978
0.00483340636873895
0.022014680787862503
0.008348262078539437
0.013113991884272891
0.00880164704264562
0.016673364925244835
0.009423336744961156
0.010846895801104855
0.009187654262302508
0.01444593625708404
0.010086689139638222
0.011194892802126436
0.01039410235849216
0.01347431324306884
0.005387198199110713
0.014234928535532232
0.009427429632241921
0.005461884427431571
0.010454777097876154
0.011276183558339333
0.013792518879317822
0.009734887442048139
0.00804916407064033
0.008192230471939132
0.004355998589244884
0.013122569809986053
0.012565695053868382
0.01783589971677496
0.006397117039808971
0.007811244478497843
0.010059396886324535
0.006000485777964103
0.008149705445749311
0.00836338459591926
0.020656151301142633
0.009280000505655648
0.008002905117752306
0.006954656363772311
0.008870861414589095
0.008436573958086148
0.017641762381625573
0.010626596151125638
0.008974737652651313
0.014260016970646144
0.009711008586652014
0.009792018115788535
0.006649834909778622
0.013923810339941027
0.011196439765948068
0.016174207267050218
0.014426814421731791
0.011812455920455949
0.02258416582622963
0.01928407519097884
0
0.014835484370277539
0.0063841006560649005
0.00826680535896763
0.018696072082722396
0.003508226773812766
0.011707149722332062
0.009398958602752442
0.01290617069400387
0.005290818204503822
0.009826554592746164
0.008591960278302337
0.007629975995377217
0.008125199501018834
0.009910908414968337
0.007365399208388655
0.008639389809406942
0.007514785480299759
0.011095374172233935
0.006271702804451404
0.011396747559713283
0.010889116777285584
0.005672651244773545
0.011728305246735293
0.006580677421968322
0.01624570696670119
0.005520735698381289
0.012840666930171466
0.007412579541610906
0.005783175549663489
0.008413582609216768
0.00913292249292309
0.015583879905280897
0.0066289887742164814
0.014336310264748221
0.013252160012675257
0.006468293078086948
0.00691318281777096
0.01366712433061378
0.01045510550248445
0.007258063618125033
0.010380301754492043
0.014807818898910504
0.005149154192124906
0.008991182546215774
0.00896860068281661
0.012553411044978997
0.0062072023451648925
0.00830229409196906
0.00834695412229001
0.007845861889076558
0.012102877602657353
0.011289347422598607
0.007939168090937235
0.0016796489353085493
0.012769165257963691
0.01610952080269305
0.008299933888985348
0.008035320431581325
0.007240114529823167
0.006301178415971541
0.008256491624910302
0.0064592668680556724
0.0128410654292449
0.007467440260820811
0.0033576826330566204
0.0033454457139967847
0.014701671866879441
0.006773609016191172
0.010615704887681997
0.0036684115339474612
0.0037996301578399625
0.009374291641930044
0.0072257971242105905
0.011997359394318995
0.006281734666180575
0.008122459184625586
0.003351712399061434
0.0086941291588695
0.008434683073063444
0.008183329595831642
0.01428121495667958
0.008324367098659337
0.015084770230874896
0.014563043099863006
0.014591977097078586
0.019299222028865387
0.006876206786248388
0.008276718345575546
0.009476285002615499
0.012491335464282168
0.01815042500151589
0.007627776073021381
0.008032996535066015
0.00412380284764488
0.010085725292118606
0.005140729882089496
0.009826566898673778
0.01077285111812669
0.016495553063955802
0.001261011961484959
0.009399410333859699
0.0037493737045276856
0.006072175781655088
0.00390957707395412
0.0015213955272696353
0.005023950308407097
0.0080250063702539
0.007675941361243282
0.007699563703318794
0.001261011961484959
0.0032065152169895145
0.0015487195737102096
0.012705865872189347
0.020953006484888913
0.01249338594010384
0.005591679768130501
0.009584499415422049
0.012875695476119366
0.004563312498352364
0.014291462409240153
0.004971840072459983
0.012701717995611702
0.008153231721460463
0.006466925311444134
0.010037719400128656
0.004334671829272499
0.012152752646574805
0.011591409996991906
0.02000073149655039
0.009986717974780613
0.006848404039513441
0.008245356510814558
0.020358377158130422
0.008923377923087769
0.012848459661464917
0.015092943817503156
0.007903238650437107
0.010839087386972765
0.009354815295169018
0.0063747773005905966
0.011243006090377398
0.00936438025357976
0.006087236017911434
0.009181949030085066
0.010284820200179984
0.013828390703587125
0.011574515447625711
0.005866137890060996
0.008812397252276987
0.007694618331577799
0.00953307147739924
0.003661480709752472
0.007488547370544865
0.01248485478447852
0.004563628511661018
0.008876322913784877
0.003125648449316795
0.009848920449896416
0.00667432794356959
0.008913828006980599
0.01118393243158388
0.011783506334176588
0.007651388543171675
0.010430886269843025
0.006863703506108547
0.01594494987366001
0.011669848972469012
0.021403702957119693
0.016021825252561805
0.017078050429345275
0.006813176600284322
0.010830661656830587
0.008247457853466596
0.007483613735752492
0.00845656079923738
0.004821518403388749
0.01432719089311097
0.007892878992976589
0.011059646929206026
0.0049056222012935375
0.010423609058951329
0.009625789740312
0.016196464754543054
0.01197654723399735
0.006122454452860045
0.01134607081728615
0.006097975900305715
0.00955432886874241
0.013379550395436937
0.014034976541718232
0.005357694790596803
0.014764267949893686
0.007976105409595532
0.009377272034666222
0.005616766513543944
0.015604490978979745
0.016618194359404554
0.012941978416842272
0.006178896665940267
0.011603153215897591
0.007943684844311771
0.006933752731856537
0.011557861941641314
0.010387627633962115
0.004608158120562882
0.021604022332017064
0.010213165850767638
0.01821453678553912
0.023946668009485257
0.019540720583436984
0.014094250080749911
0.00859437234386316
0.01605755579572258
0.006891753051260986
0.010120536780004484
0.012721905145701283
0.017152655258613217
0.005554437062618735
0.005327181537987923
0.008101244513775216
0.008208327271796368
0.015481038883428043
0.007832375177407513
0.007668009995435197
0.022103364655348193
0.009308284728362443
0.004924500151435922
0.018217028084695074
0.007970212305766252
0.009626598049340756
0.007313170921941796
0.009872687583921654
0.010468134589245191
0.008976097613815674
0.011799901502617331
0.017400626811826865
0
0.004869568805689635
0.0176135197922054
0.014781135219838155
0.012739853934563734
0.005582079810445237
0.01194000701123056
0.007685108832184668
0.00958369090267461
0.006981988291037166
0.0067295067118139
0.010003578294207482
0.008462309204557553
0.0047813910198990775
0.03363188068191637
0.006902999128262061
0.004793716595175461
0.019886308426968438
0.0013917658109012952
0.006148198510403728
0.01600880135774458
0.00949357166104866
0.018625996563199906
0.007086986388789037
0.0056933785904719
0.02619306668385194
0.011191645203300495
0.007629714382420561
0.008149559088702909
0.007423965366525127
0.008972856313232812
0.016121369560589367
0.002807129820753267
0.005609811506826838
0.006051775068707092
0.00311924085321059
0.0027194374061176563
0.007429299166263065
0.014605492906168065
0.007530497426018191
0.022726099767864247
0.016957320094419043
0.009247116985806741
0.004628285466729465
0.0222867576860999
0.00581204614972006
0.0145816605783562
0.013519209998734157
0.0085368307501075
0.007284947012352892
0.012643421557074245
0.0060451344075500065
0.005428531203465236
0.005034917357539213
0.014931692218281502
0.009013913717098579
0.007763239532119918
0.006269851453649901
0.007850249261246136
0.006362233832634361
0.0046951895663348
0.010049964846117396
0.005889669319338967
0.0114386942359302
0.0057343197681310664
0.004552509955732556
0.013890022195123055
0.005467860281134842
0.009349021745156672
0.00475257282850922
0.01163001228542807
0.00286752876994105
0.0069024201754910135
0.006914047450615206
0.006544673790010811
0.008410940308387894
0.004104489286270479
0.006503669859690109
0.0021159264070864272
0.020578964679508968
0.009801229958071676
0.009151306407863165
0.01921173516655599
0.009223914562360063
0.011731688101495925
0.006554873545842186
0.007714869203813967
0.011238930617627667
0.007221869614108554
0.012489443484712322
0.015967543176657367
0.00845182369359927
0.00822481345086621
0.007763988556460265
0.008440481914171896
0.010086482386247013
0.010880632546137607
0.008830406718135994
0.009896433140413932
0.010387937869960779
0.012551006147689074
0.011016188056029866
0.011970280526628728
0.01665143411047127
0.009451054714175197
0.007730695024403516
0.013232903062058538
0.036470616220477745
0.014725569861577697
0.011587293411779411
0.008061510389021295
0.005083869453202358
0.008084079390046982
0.010878493288145774
0.011319358906027437
0.014389240608778386
0.005819599678515276
0.009543162377930728
0.008310073099871142
0.011161477121692924
0.006059713618132767
0.008335970209020948
0.00826085666728939
0.007406397885764318
0.015417950169605945
0.009782329966490286
0.008881398284160425
0.00988846111914307
0.0065864910916592365
0.010584533263000684
0.0070506779255842126
0.011340704259450754
0.010225417141061845
0.01392323082287307
0.007511761298625277
0.007856470142390376
0.01695521963013683
0.012892636040647982
0.008522006394975285
0.010013231051883644
0.010532192255352717
0.006837345515045106
0.012459197284934099
0.008393792112758239
0.011753137515711035
0.005117356028564035
0.014482126139474274
0.008598985747157907
0.0077663847563108745
0.0063907935538757375
0.00919457993607154
0.007337870226096018
0.012572810523307412
0.013981832755418257
0.007204178833188831
0.010281590920966298
0.011980496502277853
0.010807804587411327
0.010931813932878764
0.0045509864842818055
0.0074434364559354555
0.007898824963138608
0.01613598642517666
0.01420143678457963
0.0031679753781847617
0.007144335398815594
0.007886283429988625
0.0074422196688332205
0.005651418420118659
0.008801033723463032
0.009587263261223831
0.0176964112422285
0.0064746622799494525
0.00968101027247193
0.010108485161895477
0.018816665168525794
0.01611848168763325
0.0357257335203849
0.008691193118212592
0.00800355114370332
0.01563838487625576
0.005975677909080414
0.007938301847655253
0.006880524437755552
0.009016045735975586
0.010907712629481101
0.010435394864342105
0.008103343063286628
0.009122063478446874
0.010473122707822483
0.0113781974974266
0.01995101157817741
0.004541082859311375
0.012471469442464658
0.006884199377910364
0.007534128301235349
0.008405633623742581
0.005687058386748349
0.01692286443785626
0.009765201104432934
0.010352311682261774
0.009755024573102945
0.007297317998797962
0.011787390994527061
0.006011066958818481
0.009677823460738146
0.010176371496148017
0.01005756590403128
0.005036489760700431
0.016378986252069346
0.0027833825078711484
0.004852788892134712
0.006981945751229699
0.01090761111650633
0.01949907709015942
0.012760462073544917
0.006613619357374223
0.009812860964578023
0.010617196546080626
0.012281762660609465
0.007821291553064358
0.0066252689736799085
0.00904753643745301
0.0065335647002035206
0.0049746554569371415
0.006991623331052489
0.007362368323750621
0.012067177610850374
0.012763464590621915
0.008313376563155934
0.01454216021331563
0.009453873790227664
0.026273816363032266
0.013396025121112654
0.014582583436189388
0.0228249728056124
0.007517547357961848
0.012422613893323586
0.013856453105485417
0.007320544941097433
0.014052196150316394
0.006751047713095138
0.006528294893206682
0.009028201497814192
0.0039067529608200376
0.01605750453798224
0.0064122747094504575
0.010731392940574238
0.005557493090703409
0.010158284010174014
0.01548855684438762
0.02330566811873756
0.01206812158578704
0.010781600363199513
0.002835996358864987
0.008021396527666964
0.009629331794570243
0.005099738091766602
0.006917873044820598
0.0048793276029213154
0.008454138540768895
0.015011851969889897
0.014484420840128718
0.010657017534985082
0.01324574238852085
0.006388444014003371
0.009063275844000403
0.01696783585808683
0.005055230668492622
0.007900175505498324
0.014714546879883892
0.011522105828535452
0.00856532725509605
0.007994446602438086
0.015527213915131797
0.00667804891518305
0.011570670858875571
0.012564494175225337
0.015923711447414193
0.006605387266163859
0.029538606712446704
0.006318224174839166
0.007195857735529859
0.007614531737132634
0.0033253524118553794
0.005612194921110074
0.00636959878385973
0.0056652228385584355
0.011438166041600473
0.007199349423417464
0.006953657789885587
0.004690792499048256
0.016511428268492622
0.01990961881337456
0.015755221434290183
0.01321695858856178
0.013054555865623154
0.006799893697196641
0.007073920124487143
0.017008399041532105
0.013889396645569416
0.0049891026688048444
0.013816098481574467
0.013183969381778838
0.009726995351845753
0.00877349787344479
0.015376806741684023
0.009400458766280165
0.0044637984589553405
0.007731510907210213
0.010809566289667704
0.010833089600457552
0.013045448407860146
0.009075352563527822
0.005195868526161934
0.008981739311562034
0.016596182524516244
0.01278947789960415
0.0062560104105750846
0.016826913075802554
0.006805799304554282
0.012432383911190286
0.010189942462107117
0.005220645228673744
0.009566401092431965
0.016507220597460355
0.007171653875847091
0.006356564273808018
0.008817960322730375
0.010078916824414337
0.011312334458315655
0.018453681419438636
0.011674545851581765
0.007145173385735991
0.01224413071100129
0.009625271340979142
0.011372748862670637
0.008179510410296343
0.007740982680722102
0.010132173248628334
0.010170764005321412
0.008321341805603262
0.020767832349564124
0.007019907930174728
0.01285204587758329
0.013871211228927247
0.01847009811596301
0.009546794869533928
0.016601525978628223
0.010243491965619357
0.006436272634771278
0.011280519394922835
0.0029300912747454535
0.013896938468763562
0.010588996098938631
0.013891653079296481
0.008800853933557309
0.009764429772549762
0.010548463163749357
0.008814002579359012
0.01473645143958572
0.007680753034490513
0.018104711844917364
0.00684418163170818
0.014974304340685397
0.009241543588496033
0.007519667103587034
0.010665679004456334
0.008651285155886217
0.009389191223590096
0.015420545704585887
0.008281194993259022
0.012845410097763061
0.011215686518421667
0.014923165240399805
0.021449327340312054
0.005912025194331116
0.009582185242619409
0.007557230552388571
0.014915113751940814
0.003659027333765815
0.00684718245939291
0.005428646409127348
0.011908915609219499
0.00774571266784686
0.01177829159692999
0.012300311672158969
0.011122537839369328
0.005653018235223964
0.012236197249354078
0.00951041390863703
0.006670007441294691
0.01518581032387409
0.013109695656691595
0.011260962727134024
0.02863343692899753
0.008998906563766246
0.008057040805985318
0.006828500271055251
0.009342779277371684
0.010872163610594912
0.009611096951291273
0.010014252113088411
0.0079989990744244
0.005860390990213231
0.012636361906167666
0.009105493251847237
0.012010155725839208
0.012638124205065581
0.01558039294613686
0.02032163588176166
0.0061898842868438496
0.0070603958285407175
0.004886615462563566
0.006717991200319964
0.01324989496833363
0.006872889889274536
0.01088083338466152
0.011516253221322171
0.007457831210602711
0.008107151489857885
0.008750095245903037
0.00979689046053845
0.006994089361033968
0.006402360395033458
0.012660706239862719
0.008882684059462548
0.0077082765059957635
0.015131671284412705
0.022790493007710442
0.007884343532283239
0.01078815971837012
0.017155061859560176
0.003972168764461295
0.008924973143028979
0.01769585757691524
0.026784867286201563
0.008211216323384098
0.013067583709372855
0.005395622642040647
0.005754244438225696
0.015504856092330543
0.01543743038069681
0.008094732705078336
0.008707535775492166
0.015793013973336097
0.011915882824237953
0.015498178385244893
0.0070995178129222595
0.007716389493911755
0.008396776699535285
0.0057527043828669066
0.007645913621609625
0.006645535207022032
0.015915323161490497
0.007685174355763777
0.00927042279612573
0.013693179894138489
0.007813222212531827
0.018738488552164565
0.01766768482275442
0.011272393797599712
0.0056777956197020295
0.011608286716849575
0.00792034251695706
0.00808251917521387
0.01596981318276308
0.003773999982705419
0.00796324487505951
0.005896980444799513
0.0035402986548899234
0.006141243585224694
0.005458099184828878
0.005608808773796429
0.018005766242058453
0.012265584849589376
0.009187859041841365
0.009035015131433125
0.004846933467864912
0.02097445943037571
0.004397944233363406
0.017120687166097232
0.004601325434436281
0.015020249045115475
0.0041388123579351845
0.010319910536771535
0.009337615604609602
0.012438635452990864
0.009400235594753985
0.013695148876078842
0.011090585388011557
0.014060588069697625
0.008038505982067647
0.013205500487008788
0.007661241739490171
0.005007149842265471
0.008315946423992726
0.01213066984890925
0.007185698813328183
0.00910627726331521
0.009189420272124835
0.009999130959286895
0.006343195361755408
0.008557045266529716
0.010225950200896835
0.010240484018996882
0.014104253952928057
0.005496210006059896
0.01409758760187776
0.012416818607044133
0.011687793397644348
0.010350097775735877
0.023426948052841456
0.012542190943909211
0.010281281146573026
0.038948644066342734
0.006598812713076063
0.005228165620492594
0.011561126100067157
0.0198276359587928
0.014839315220287367
0.010094922019783618
0.006779514699327372
0.02431052136572185
0.018724185765492687
0.013651849831024873
0.008654185126369361
0.011709891032679814
0.009527792654184632
0.011664077227271441
0.009298990404079978
0.012114626414087643
0.01682774658987564
0.012115067490849356
0.012965795639378934
0.017271910198140367
0.030121976308742807
0.014182873096776892
0.0063253744931294365
0.015875545395055424
0.017817438201492144
0.005853470115979707
0.01648295798394374
0.010559141196807032
0.007518129651421129
0.007121975050538763
0.0032629008609290637
0.0076522277356494885
0.004801612369010371
0.010995407117007144
0.010205664750883758
0.005609616369620849
0.0075098663657790195
0.00724359600213559
0.020671155872521125
0.004255778496152223
0.005313971271275075
0.009621723617379884
0.00313204684955785
0.00885143790617734
0.0067192868357495205
0.006619454069002047
0.007510253666817513
0.010506330627081296
0.010418315243772257
0.012122343661752097
