0.007422585016085419
0.0039432828595566604
0.00573259973735341
0.009703681934252058
0.005508518614783908
0.006973857776364729
0.0063755173806574915
0.013344096397645017
0.013742503498670903
0.016546352392960047
0.007173467164062914
0.005628348861213948
0.003983517727877628
0.009453153928611914
0.01048392882751382
0.007291207259709753
0.006593256546313913
0.005491855527567438
0.0014548366170125716
0.004910592811750772
0.011524960515339229
0.009376491055973999
0.010019046374178013
0.025304031935010456
0.009974466358873368
0.013721891359426532
0.008876531383690156
0.015013518990216159
0.006446576076881998
0.009155193605868877
0.008622918657445458
0.016142609361407243
0.010786098606022865
0.007281738763734352
0.012125888702336066
0.004446935890949685
0.010500762470532334
0.008692927966990885
0.016058521437143636
0.01339775444635688
0.010375729754040433
0.008037599693265784
0.008196562357876334
0.007707347538024898
0.007513916076072885
0.014968935177625858
0.017794152687853886
0.003722313260230248
0.012650584701474859
0.007851622627278862
0.004064975344596098
0.01587633657353631
0.011499951612610273
0.0066722468652524475
0.012320615735094695
0.012013495445765908
0.013575090666704334
0.01163993453102536
0.005104456506512814
0.007755191677875704
0.007585509854280523
0.013099892584492628
0.007460744193849348
0.00997327331386521
0.0021374761556633075
0.015039373510423677
0.005694106624131695
0.003979649065292195
0.009206702839181635
0.00911562493134949
0.012409557024351243
0.004886813530467514
0.0016484923741692957
0.011139137188689106
0.006843743477421567
0.009806650021121122
0.014540633431584826
0.006919589359812892
0.010594156317375305
0.006681051563347828
0.011279077219615465
0.012796473167480879
0.011058405042283106
0.012941578611793916
0.008810913499205042
0.007076639448518679
0.012785325627744646
0.012612485885932945
0.00684438747859539
0.009017289365771756
0.005883665832335372
0.006053915263815902
0.012084975532552248
0.008589536890886238
0.004779105256247464
0.00476201322233976
0.016998910029669575
0.009714378699171765
0.015214965931230418
0.016253625179143964
0.0016814001611535523
0.0051639785105377515
0.0157058854829673
0.003031868716202071
0.00554057290405391
0.012252356853203744
0.0021448027969724207
0.0075554212788987276
0.0026855320367261807
0.014586550353151834
0.012527871205379458
0.005406326035602477
0.011760623924098733
0.01841510727141116
0.011705707479169774
0.002916566717548619
0.023332185098854017
0.010679943782916838
0.0015459928650614454
0.003622496468840553
0.001631098441520577
0.005651120487429464
0.0071920781953282555
0.015164984026692023
0.014017013767849567
0.008222998133163016
0.015166766600409736
0.0014219381768004178
0.0037716054823311146
0.004652556790303014
0.0035355304741186474
0.003412010206322609
0.00712393310529017
0.012426984395093633
0.015558106038493195
0.0050336925571860865
0.012680662433394684
0.006026038171694911
0.004467942096606881
0.004699007268991986
0.010450433185015305
0.007080998368746686
0.004665750309488184
0.007392979282737467
0.0051003044965186265
0.012426769340496111
0.003756829403095863
0.013930110921578566
0.002883254146846802
0.004734537072989535
0.00822076306140824
0.00884380442269036
0.013296668396084633
0.010359542945060186
0.012009330728951436
0.006342255491535384
0.004293410298960806
0.014576423884076293
0.011013254731844295
0.005462408868005284
0.010710973201106954
0.012207155797141782
0.01900914219248106
0.010389188310217666
0.005789744065077015
0.010155801376111084
0.01330540482945744
0.01510941186810579
0.013394256062117822
0.0068386741915577275
0.00400633167707341
0.007827270821453671
0.018809266040893745
0.012291493333512595
0.003740429061921409
0.004501473326422492
0.014459556248774206
0.002754455471270088
0.010092518207384608
0.009023300484083374
0.006969975270922205
0.013436893404313062
0.013364050055496148
0.011603576220160984
0.013277742484376685
0.012152587668136462
0.006357302866023292
0.014157070941306218
0.005699434590916877
0.00665465765472854
0.010029203006190014
0.004754058793752907
0.00715476044214702
0.004003612799239206
0.010769368783969549
0.006868798624447292
0.0026245073759237326
0.00701893392004057
0.014258068432857365
0.016148761274776807
0.010493723573170258
0.005374186491320139
0.008162578817626063
0.006885133417982478
0.005940816383152109
0.009968064535995313
0.003069027812034144
0.01703909762233773
0.006916122066036547
0.0032616165528692163
0.009711413026136533
0.008357361647550764
0.013228087896446096
0.002469601538624846
0.014031647653725395
0.010375209164778295
0.003380984199693635
0.005935168608124827
0.013456317126285951
0.0050905991482872864
0.005473207868893835
0.004949955957319736
0.002298549167720339
0.010696409635135712
0.014891995880022739
0.0071702333427400965
0.00250256170971994
0.003861330891859522
0.009455480391600428
0
0.013928614213613525
0.009944815618101024
0.00977210563446868
0.010354616279353942
0.011476768188426297
0.015688087706434675
0.00773553559876371
0.011179152299664765
0.004563266970885099
0.004015259129515001
0.003886664632113148
0.006324867706022862
0.007389771865600721
0.012157909711388136
0.009138288553354837
0.014435995142657945
0.014531990679749545
0.014290876220416105
0.00942060605909078
0.0030459690127717454
0.009398173479529398
0.007744756866888643
0.014797621455097887
0.005426064958750478
0.008635473998213895
0.006006162240281486
0.0029715222894777468
0.007989552183543006
0.006439202002936194
0.012227264115655006
0.009968827973615788
0.0031890883563893296
0.019490823114163152
0.006823336994009713
0.007626362392797606
0.005576948175058441
0.009535969484821867
0.010238700072393527
0.008362729265630338
0.004624597735457716
0.006832742313868206
0.007618517804504768
0.013292496585661513
0.0052302469977121785
0.015063558138104975
0.01046172419104454
0.016072225884675502
0.013322977203377223
0.029232595724599443
0.021617174150495234
0.042504188544014776
0.011861446410068357
0.010266300656681295
0.014816406680429403
0.013194868191095615
0.007988704944807894
0.0029380456072764633
0.009060230320516602
0.01005725650493055
0.01077026970965996
0.013927446256979193
0.009846633938047739
0.013237400366139126
0.0036392484116247363
0.005490608851292614
0.004542858591433365
0.005528049141435462
0.011712760577654456
0.014368533203940773
0.0009535654960190658
0.026347598063642667
0.01593029016515619
0.008059354243327948
0.013130914150133845
0.01660840601710056
0.015050161420529095
0.0003402289879873553
0.01200075075654449
0.0011589500503578793
0.0016779113495091877
0.007907336164665702
0.016673020033549413
0.0022793140994118136
0.011500700002008488
0.012556142838284613
0.014810247052223564
0.005781431962304812
0.0209143287054319
0.011494260683713352
0.01281984370457508
0.016617809909410988
0.005217933242478054
0.009769796217296333
0.004075375172549742
0.012822532997380955
0.009711964020622563
0.010050085780946127
0.005939356610762487
0.018613705801423155
0.007238860795141668
0.7898017917947449
0.0035426377717725954
0.0130751870675686
0.015887250353286052
0.0033290133201462273
0.012898207003351115
0.013940677967492899
0.013250153221824853
0.01708228421019776
0.013117659557560519
0.00713893216832217
0.01875302848920179
0.008035205353998435
0.03968706853312854
0.011694769448642343
0.014584422739840463
0.011736920923640032
0.013852288176757451
0.012712210760924532
0.015394684342632973
0.0046854583392778384
0.007623275798466707
0.007128375425473906
0.01111016027849978
0.005703290751847679
0.008810061848587028
0.011053375269903588
0.012498541295181858
0.02232456811779067
0.008181215123181595
0.004800282930120826
0.005907549547454792
0.012617855546388557
0.0105317107360556
0.009480845292308386
0.01587046809273439
0.012920355922049428
0.01178288852059899
0.014395548893054763
0.048524507783398056
0.013657971117452192
0.007201568325397098
0.00781971133801283
0.006114496996974937
0.00987382657908591
0.017447518271422196
0.023711960669099065
0.0027951155537990643
0.012971499215916586
0.004916622325243158
0.010937141377956648
0.007847301750212442
0.013370310296499786
0.006537445728777893
0.014268330222906977
0.01993833240978275
0.01808799484356154
0.009173816599122482
0.0055067951149042164
0.005948861950824821
0.00828757676760239
0.004217816474514024
0.01701252972419501
0.010418104698748517
0.010132575640477565
0.0025873705903072543
0.021807932272845183
0.007246545605356683
0.009578520697192748
0.0037274628249821602
0.005983536539909576
0.010582622644955596
0.010329228970779387
0.008293157709436685
0.018038244689507783
0.009610228073898682
0.015351225827723943
0.005510059076945991
0.008688704408913225
0.005335723822906147
0.008197994216856479
0.014557910898860667
0.02711517737673046
0.010970945244568537
0.010238511224166805
0.007602329956000496
0.018921324380100347
0.009491609059412464
0.011496570000914915
0.013486243391301183
0.0037074965682796154
0.011622826007599202
0.007862858018107793
0.0015291226027638943
0.017240244519497183
0.012499033087775753
0.004747700793345247
0.01000339522003386
0.014735875961174608
0.007407974244270825
0.0021867797570639482
0.001829182254091414
0.01644005088628974
0.002215983002309443
0.007886462058173846
0.014476279827672545
0.007632543430327501
0.00335550332756688
0.013856853337199573
0.008301063612620955
0.008245486707084316
0.005770816153440077
0.007929275593067624
0.004581334713934726
0.012546246082482589
0.004031694158833965
0.011413159455672185
0.008941078172182006
0.003543978655894992
0.012565327805191862
0.008257734532208828
0.011609736590917031
0.012735041305778065
0.0010964224796008648
0.014312720742189167
0.0073031323157505615
0.2463176201762176
0.008763954833789434
0.008913136423893357
0.007664602268076455
0.008625154033076687
0.015134832123608805
0.008544990388484745
0.0041074276612931785
0.011397747417730251
0.0074225923725775985
0.010880671589385205
0.0061294264683603265
0.00513260637011371
0.006091334384089854
0.013701620362262173
0.0059135813467288585
0.019521378318103404
0.005312395993651665
0.012536186774388716
0.02121253035720387
0.009345131349488762
0.01539203328095749
0.005818751938564602
0.007353414572419813
0.009573315308205349
0.010804889433937566
0.0035074272216126905
0.012167747493646235
0.004287112628730716
0.0012946367744053797
0.00736611789198566
0.004003712309948348
0.0038893448297674616
0.0017830215057824351
0.005748973952985341
0.006955161385940082
0.011440497544503438
0.011121165670143335
0.002231920472477073
0.013106557203637237
0.012089341243146777
0.0021566550918694903
0.008679989493566421
0.007135466165307174
0.01217351981085143
0.0033997316875380586
0.010578435812807813
0.006670303825557284
0.010876015698433486
0.0097783580302203
0.007897360875668955
0.0033449859411305077
0.010489985714128574
0.007090197851322253
0.008926092076030038
0.006741326872513986
0.0025063368595895498
0.009314497992032237
0.010006229948120341
0.008446248808941754
0.008740836389718476
0.002156705102842047
0.007175592960531035
0.016233494953324757
0.014072892127812653
0.01060554371056472
0.012367967360455917
0.012456873200911673
0.004838816178773415
0.016134708428314326
0.020983358030317815
0.026787240124127032
0.008777725598096314
0.0046907979998154015
0.00807219208315716
0.01179365409425069
0.012757800298663404
0.009041166551727143
0.016334980021982637
0.01414044749959952
0.012105836320408913
0.00855228932507984
0.006013836411983946
0.00801042529446294
0.0014444610448765968
0.001396824976277584
0.01511000619005514
0.004242621789579856
0.02226080535296613
0.016407018363514218
0.003647267431830179
0.0064093072337586335
0.015997426502859884
0.007240236129647406
0.007683138753945309
0.00682787448840885
0.018168377640558345
0.0090762216689481
0.012964088050339802
0.008598545353163711
0.005572555118931562
0.01660724879797016
0.009310147707217777
0.0029013184367925504
0.010159221586111107
0.0014657631722091587
0.018679660392546298
0.0037968601295499268
0.01770116167236932
0.010904145746746552
0.005274860656050588
0.012419830575484835
0.00805516121526601
0.0036627321796800483
0.011909853611609008
0.009077259548550164
0.01984445743126336
0.006115220667686454
0.015853560012512806
0.010760114141177826
0.004157999187239424
0.00510687264514062
0.009503711307578636
0.01069114616954214
0.04470921618446601
0.005760552201944494
0.010660471262910497
0.00841920491764842
0.014255277621084425
0.01317204568239409
0.007956701465509166
0.017621880452573426
0.005138154096863984
0.008464826779000765
0.00475249726221136
0.0057811015742085
0.011187457575102542
0.0089154639242885
0.003511630482208228
0.006686856233255623
0.006023085008197095
0.010426124052489973
0.005332275105773211
0.0071048198107242
0.008867122504785288
0.022683346843360416
0.008499248990602157
0.016515363440648502
0.02487599390583244
0.015337845061385266
0.009806066033906338
0.013281381978705657
0.007997793181915246
0.006925556451334501
0.008776358527746286
0.009918638244260732
0.007937521852345007
0.008954223204554536
0.008510490468348004
0.009050318384682187
0.004306406716384021
0.012498046106387582
0.012771186653550986
0.015121922891557647
0.007351434453952651
0.013328864096190848
0.012535499865785612
0.013763874283709907
0.012587546265236966
0.003981060663305294
0.011434153365258333
0.014511833651908368
0.008382632748927518
0.011292005639811243
0.005980389498296561
0.004757150754488043
0.011122431239926926
0.0030390332796693554
0.003514156467656003
0.08280115331515607
0.00826116117073779
0.0100666869244275
0.016664611795767892
0.010826052628585447
0.005356961718962858
0.047254022861334594
0.00711107198058253
0.01867469696865859
0.016529947005236065
0.013264681560078043
0.005648946315432385
0.008330378577566336
0.012015348535223408
0.011271030820738088
0.012250591745730472
0.005467503208599828
0.005107087317233601
0.01077706730252532
0.01224874751205407
0.009789195319092352
0.0027129224601430925
0.007678137104903604
0.004854114973124381
0.0098639451409142
0.008042558764069233
0.006941024950566579
0.0065757924006978625
0.01217920304657469
0.007526953205544428
0.007416396486577461
0.008777153780273068
0.010985906684625513
0.019226079623641607
0.007212605652125488
0.007091167346449192
0.008332861887225776
0.013553335544249081
0.012605679360478158
0.013248877289268754
0.009772333617917645
0.01150975408600708
0.01818052764159151
0.005000164214058072
0.006193378488402861
0.01261991912861688
0.016357521377476463
0.01665992616687643
0.015820223404655984
0.00245003758556353
0.006416445372069215
0.006727727186015037
0.012660765169607607
0.005653155781857224
0.015581232441501584
0.0007887664549581239
0.005277016286942283
0.003910542018118396
0.006821663939952261
0.010570046814786387
0.010341022199101067
0.007492929795837871
0.01128803496485803
0.012830753912725144
0.004119215526382738
0.014491311017688299
0.01309179419812577
0.012147991969426704
0.0025614842995267516
0.012817058631701652
0.010220343579037866
0.006797582330793274
0.019056501603385977
0.009955090485467305
0.006844451348203368
0.015832341115574525
0.004596773716269228
0.014897202890415748
0.006861058123919493
0.009753732531479152
0.006007743762915289
0.014733035863539348
0.0108868234602217
0.013134496303205836
0.0034469962588534932
0.004492421132073578
0.00566468593877616
0.003044752619761895
0.005119499492793377
0.01759757302520615
0.01878495675191429
0.009486672944718378
0.0068955878750489715
0.00566158933378951
0.009133605671797988
0.006330076946427234
0.006428686274853448
0.02612691623266422
0.010071567136518208
0.0172615392955773
0.009452190799352105
0.011314328929554167
0.006084575488940993
0.005630705052132764
0.01687431576350871
0.011158265194488908
0.020034762677417453
0.007157231512870593
0.006729894054461621
0.015506210177689796
0.004882502557746352
0.00035646080931213425
0.018792899296750196
0.015003373812962118
0.008075020791921239
0.014051567672649399
0.01241046075478104
0.003811751207681966
0.0021850615812211427
0.003743623091648154
0.007210598303435394
0.014135975554926976
0.005173129085862636
0.01340047017430297
0.00847065736688421
0.015084543754939716
0.010301006758084211
0.007389822772308436
0.009483932693340857
0.0025570408266176264
0.006484226331761334
0.02155135041511676
0.014742839796358152
0.00307175971125401
0.007575192399803012
0.008239365453871977
0.011862749947317288
0.010678569966535371
0.016511125977724857
0.009404129462383483
0.010798928041085997
0.016095584043605036
0.011731486324370157
0.005680160382282397
0.007377182950071654
0.003926143260158151
0.011345357894209603
0.009644919032898571
0.00378202233595091
0.0028923371655346854
0.010703300633176182
0.009816428650938831
0.01546519233836978
0.010347584750367837
0.017123920463417885
0.015848100402650705
0.011902920146627997
0.014237889782371517
0.00388707294226253
0.017128500720551602
0.010425949548635452
0.005527873192666434
0.014667534619459783
0.0019237941920909525
0.0036117640262046478
0.008527477127656715
0.009095717416738888
0.0029677688122191734
0.014281004472108078
0.008039366805173786
0.003632046478997826
0.0055180002903790805
0.004835394693577548
0.013390443604597253
0.013103681636066122
0.01681888211255991
0.011277179170812807
0.0058017971116572226
0.009625818229434816
0.013952558669573538
0.012275179321550943
0.011311145673936773
0.008064147972498967
0.009758207573362931
0.007297209626324043
0.0069918780183813225
0.0048524848347516825
0.00969320120127658
0.008270894800259056
0.00929587986823005
0.006932478015894391
0.009969141459478898
0.006487102465500019
0.01013206286112923
0.008648591355377154
0.011265710897348544
0.0036475261567034617
0.006521771559380314
0.005246341394080581
0.010183804692347836
0.018049515548074078
0.015162090396597166
0.007416308802265635
0.01682128643851522
0.015761750889076043
0.01784974644352718
0.007165531503117749
0.005249688856741864
0.00901700510422668
0.008421833469338636
0.00694416397114799
0.006336266704013808
0.004795440979323385
0.003889358847515017
0.013188185265036144
0.007712606010383739
0.013908079803359551
0.011975172840328915
0.007947472583967762
0.014519875317038125
0.013171692405480759
0.008947209688135751
0.01860568533952342
0.009671347672954356
0.006151682866372685
0.013350815355193038
0.011083243779838426
0.009923233382260418
0.01325442501128946
0.00732675741690931
0.00708610434635513
0.0069603442293582635
0.009354930631685876
0.011038224430481058
0.004846380771190303
0.015310655787614022
0.015712346373815748
0.004081095577665154
0.005508961256694354
0.002661975862866581
0.008025803718229741
0.01098042022193364
0.016372934560564913
0.0036383441502984503
0.009096532856064748
0.010397174230908458
0.01396815938130326
0.005321290323155251
0.009194260943374846
0.004045290232139781
0.014126867999503714
0.017908647295340842
0.004837468484970124
0.011605220363851983
0.006230237729693002
0.006602842853995408
0.013296081005270004
0.009142099586082067
0.0051573775363079185
0.01782533990503433
0.009242912344350155
0
0.012305879569151919
0.012902031006741336
0.010303544877127023
0.010489691781008958
0.009725077239118191
0.015854461160119404
0.01604150357868814
0.020343238696991305
0.01152940344654816
0.004992700389596204
0.009363952342142254
0.00959590269315599
0.00553716639403973
0.007111523765550976
0.021650923802741924
0.008632125987400778
0.004772844563201721
0.015869139169666733
0.01096607138389079
0.0014178764993639876
0.01625551499639526
0.007070279569139977
0.01917317258198293
0.0011716498450665786
0.011625659685672623
0.0020091888261408297
0.025960366341580842
0.017367012936050166
0.007092461174045315
0.003872853292451152
0.008520213133872936
0.008033954729477788
0.0061944491858565666
0.007630411733140376
0.005570039563561853
0.010704185940306758
0.01048579355870061
0.041957054973628775
0.00855622665745808
0.010827464073596074
0.005499856708990565
0.022554166855365654
0.012970708164641973
0.010761077134359405
0.012781849674654946
0.006898921534730022
0.0016276655093495904
0.02000417110805756
0.005073383298894875
0.01601965983003525
0.019253975076600222
0.006124704625315545
0.005491283812113839
0.002285281173774033
0.01462968910336512
0.008496419687967074
0.014719044355526399
0.012460008413011103
0.006927436171123712
0.0013930789971566702
0.009099325476515792
0.0036533698126236173
0.010700466637529679
0.01520736300667988
0.009486405765889733
0.0016435648530251819
0.005989712633684259
0.006200086034037533
0.007076517741409625
0.00904733777689137
0.0005916776324869595
0.014072241159751682
0.01865111035299577
0.011540025879457282
0.0025218106702541935
0.004683747959819545
0.0014955824423773985
0.00633296025118857
0.005815819604152115
0.009703890934466648
0.0059525841309009545
0.009914942909392098
0.0021434908248982895
0.013478672468672806
0.017496867243974187
0.003333830775370824
0.006575455304569863
0.04338770521693137
0.007172705414053813
0.016337453404877796
0.00852925036406176
0.006284495434224098
0.004425892038160341
0.0007641353865798492
0.015122303531423388
0.004533692344416614
0.011749754695347987
0.004616115297450763
0.011577372777840678
0.0016215783307960698
0.007651122879383685
0.005398607640052151
0.015990365262579666
0.006208307691723954
0.0023590017716564387
0.011240083091109044
0.026295194273066112
0.009057014857403158
0.01144665794833752
0.0016215783307960698
0.009007330758651542
0.0028419135910831166
0.0037639679411271116
0.011145524319116735
0.01542682738368477
0.010248834319958563
0.0063033667145752205
0.01680858910699317
0.012665191001416188
0.011162866044671187
0.015502398386998522
0.009995806947540811
0.0065946391002275374
0.010480608053604602
0.006412215046285312
0.015275242681044868
0.010562268418514752
0.012907315364942828
0.014611488033523778
0.016940491079515875
0.00574200336815041
0.010819970543315464
0.0032523971360865233
0.01670825679662942
0.01672759256916607
0.006851484247742551
0.007595642643226988
0.007874480101978469
0.005118384438811
0.010332364682695787
0.004275056721200727
0.01617733205058961
0.011830166526328593
0.015025860211135063
0.009520326221447424
0.006798437166930836
0.012591747197529838
0.01700145546026225
0.008656631336466129
0.009948303421313868
0.010433305660904784
0.0022432441958505126
0.007353504714366696
0.005424453314010212
0.00612537167378833
0.007580821125177657
0.005761936836635674
0.008187323127702177
0.010901122807552933
0.005144323266330031
0.010099869679550984
0.004782742756901963
0.010846880464654948
0.005433934030175482
0.012885835772489643
0.008867656696502187
0.0036700842239697335
0.0057893409875280355
0.00796385557565324
0.008808318412675518
0.010789241521917124
0.006138358381775531
0.006345234762741589
0.004796879941489385
0.009343440621880765
0.006145004545902737
0.010108227147276891
0.01798578370942621
0.009655417357149452
0.007479443604118915
0.008995933600081784
0.01375009062966188
0.009134433501734294
0.006229988215100587
0.005056936296347513
0.011977443369664212
0.004604438122372915
0.00818106089167114
0.00925540441914288
0.009034752749280292
0.018470103358852793
0.007935789175212914
0.008023069479126324
0.017703915084866444
0.01152580540137086
0.005395117318262458
0.017153217034852983
0.010657007666229608
0.0103056225970968
0.014994782239707549
0.0197705813440386
0.01790976551381
0.00122826807326157
0.010823470770486345
0.013298963843892129
0.018681292402463343
0.01993569867319639
0.007719464811218172
0.005540102621232604
0.013939407346878348
0.01484175711175436
0.01591770946358321
0.011817111508525102
0.019627437794623302
0.0312903019799829
0.009047040589982272
0.0077199704374946035
0.010024922343060415
0.003796730409214225
0.008712286429178553
0.009320300565960686
0.010654339984582708
0.004538358965502283
0.006952108106385255
0.006685798109190136
0.006132656701452559
0.004752494019810964
0.01016340121377247
0.013025221277540694
0.002499101988372048
0.006431993037435061
0.005442661570253095
0.01098334485637347
0.00657305584678446
0.01179372760082936
0.002712713448528728
0
0.005656484253121968
0.006214288882660957
0.02132281657255793
0.005009148205980749
0.0037654826948127574
0.008096999896218223
0.00751080237619897
0.005876090138588824
0.0040880280230524615
0.008242304436256188
0.008744811627199875
0.011926606022602758
0.0012476973007786167
0.017110984222445714
0.009004483163946574
0.012411980421980948
0.011266193932576392
0.0020408252039242846
0.01888007728714178
0.011699435292524771
0.011416800572348751
0.009116237823764615
0.007963840906510379
0.013112089408559801
0.01436977984506639
0.011978928492071701
0.007791617741325213
0.009369289435230329
0.004907843822380799
0.008994570629374232
0.007044857905047361
0.007646527601568922
0.00948614455922708
0.012016173148483685
0.01272752001594615
0.01141464990734624
0.01313644591153052
0.015007999361890118
0.009566476326150944
0.009625658342473385
0.003183359630718676
0.010515933331839651
0.0111014099986461
0.23165851508559981
0.09948434306385046
0.028817924734428006
0.010375091881144324
0.01022707809237613
0.008126187810389505
0.02145874021407103
0.013596004095478646
0.013875615796661411
0.013333048873022349
0.011185091133290664
0.012812893561428798
0.013772746680688633
0.008086915466175966
0.013624092893103616
0.00813596881305217
0.02038873401538387
0.00941552530199238
0.014960870614997356
0.006686316494113069
0.007749961253140124
0.004852610283677544
0.01049821586760886
0.013619657868595045
0.010478579822205488
0.005403616983997202
0.009895225566747122
0.008138714830519865
0.010969149496178677
0.012043639063731642
0.013425152497195463
0.013620391704475775
0.0037930345723292094
0.00468495863845017
0.0040173139595148025
0.015792928472007098
0.006997313531241007
0.004337726777213182
0.016036070500663552
0.013052643177654111
0.013225795073617853
0.01319669588452042
0.0067687134327834905
0.01646629701989198
0.007288467607687012
0.010393430714649179
0.0064005365263861596
0.008650200994935091
0.015894685469494758
0.004754789703601523
0.00857143011934815
0.005870601599588754
0.007752597688898785
0.007380427801683741
0.006105059833233221
0.007403832902998408
0.008669615862417658
0.010084527548612037
0.004946886705911327
0.0046467906976574895
0.0057986589853541645
0.005335276044354166
0.008685928816790464
0.0018669629876166573
0.005207747223676134
0.012628251816001393
0.006765600430915876
0.014210360611225981
0.0086834417000107
0.0051389699201776174
0.013578113308704544
0.008906495765175168
0.007108889158108272
0.005750833344047217
0.01116912066079887
0.007010240983910828
0.007639433003546279
0.012226017221005131
0.016894135000398675
0.019431482698281655
0.01639634858206433
0.012269065582367412
0.010125585041633559
0.018972845036905838
0.00686602998700163
0.009304532857841939
0.01675741645941174
0.00792967392292887
0.01018979002782839
0.012203116921701099
0.006079995087875335
0.009927986173109983
0.008840328602844436
0.014504686239940797
0.009026547117948383
0.00858226281351211
0.009677036955459923
0.00981055793612507
0.013698423196486398
0.0022876556381690545
0.002390059292303829
0.004696409443889959
0.013434119768245371
0.0054348414777657846
0.0100232035545099
0.010802138414661551
0.015725821327853162
0.0017375377597032002
0.0104336368758007
0.00959137244383644
0.01303935517843382
0.007123421931534018
0.010343244498316879
0.015076104102713568
0.010708744865267987
0.009810288761076128
0.006697619722575681
0.01773157580245978
0.00855205087542372
0.012072112578544892
0.0027240199295274128
0.010234941633331407
0.010563124590948872
0.008330555820064972
0.009947599305098802
0.015061006587606028
0.011991588110183225
0.005388471568353674
0.008358395000240841
0.013953254408252586
0.004957840846906658
0.0026850301287781853
0.0011260199029666665
0.0023023150993738313
0.002458662211817436
0.0018471224458411364
0.03950463651341891
0.003944481514398289
0.010375607973843062
0.004441513921139627
0.01265350344199097
0.006097057200810945
0.0016160218855839387
0.00769765490199749
0.01166441150445612
0.005768121925419243
0.00980991701246333
0.01607806585023365
0.013669484036840006
0.014404591287176059
0.00032939264033688857
0.0016094945058266429
0.001657120226344968
0.005428287615144755
0.008332941896299254
0.006565982665946219
0.009736660149902493
0.00840909797502376
0.016592620300373614
0.0135037056850051
0.0011780276367675425
0.008148987611879715
0.02006927504016882
0.007959684321709834
0.0043895461252842945
0.00794086995976534
0.010944473735943403
0.002590892850616117
0.010920771819927372
0.010895235815308818
0.005824105937895269
0.012886977060564304
0.0056491402152713385
0.004637807279242409
0.011355547905673868
0.01148790302628821
0.010994828714699525
0.005401393957914977
0.006011397293107979
0.0029568201355395637
0.011741341250498073
0.013032848186495563
0.006513543180048987
0.006823532250597625
0.011749807026788241
0.015975859574440886
0.000590050010629325
0.0072510853396516
0.004404450651457407
0.013253618001962472
0.013231162537417835
0.021762651178060352
0.0031319346748032335
0.0016202773948978924
0.014423890624682708
0.01323678747014461
0.014374392485121085
0.008614457383011297
0.0064654368862512
0.009643701545953547
0.005984956169512109
0.019977048197400024
0.013631016410746806
0.009654752766258476
0.013440812749047683
0.00598248443540368
0.010524985425975296
0.36042228542657995
0.012966978520996082
0.002115970417613785
0.005908777632316412
0.008572072932197822
0.025244280996296404
0.013081583248459875
0.011453746104422357
0.012963463980466645
0.008623364023636766
0.015809529928039193
0.00862660735845527
0.010034897125478524
0.005832660331578695
0.01268866762380513
0.008819785353892077
0.0133680610491156
0.011519365879397253
0.008378160173760056
0.00443416488821781
0.008797380346156767
0.02265116784270095
0.02322065130854842
0.012311956533323036
0.05429227198815629
0.015292122228840483
0.014939616129226499
0.00565284907047654
0.011743195944526998
0.008589403275070136
0.003414696012279435
0.003779254834726674
0.011326221481871113
0.005827965816218909
0.012232014030950814
0.008662013536577357
0.013611690429152133
0.008942110798838783
0.0038169802315738493
0.015964782808579093
0.008072774528142708
0.004413359133520632
0.006583260880693942
0.008341269896286533
0.012163613722292611
0.006270738708937904
0.00729756787840449
0.00416816241148385
0.013304730860907636
0.013731613596407729
0.0075097847218195965
0.007365948384272934
0.007639848748035653
0.00873218900216083
0.02052506764351703
0.011138022265808609
0.006041787081300648
0.004735688505176253
0.005036090475986458
0.005860688842077707
0.015081982781722214
0.009791643234629928
0.004260578872854405
0.011359312925289205
0.005523284378729065
0.007232984453408195
0.006289868920787977
0.01086836036567814
0.013944731466548094
0.004711955165165287
0.013043927332832354
0.011931792905388204
0.011286761353096182
0.009408744539250958
0.007826862951485266
0.01079978660639258
0.009248724360164206
0.011061756835383522
0.00990924528501597
0.003970216609590928
0.005055465147051668
0.009217372858363923
0.007243798138847641
0.030177601461002332
0.019984963203119998
0.0025212160901781923
0.008805512907559838
0.010746102896170902
0.013275931568975774
0.01471683622577343
0.006801408661797773
0.0032297436287190688
0.01022129800431774
0.014119983542573038
0.012196154237406023
0.008940743083218494
0.005957380679170429
0.013560325274963187
0.0038741840235477663
0.014517730944350217
0.008743254564361732
0.008991159070937676
0.00827759458380803
0.008786368113832904
0.011646215206987142
0.00878449608384684
0.005270113935457921
0.01041665697032131
0.00887817833856884
0.0061960816303224114
0.005939379106106583
0.017557513193025356
0.010681879123015412
0.02718883097015742
0.017289929249356076
0.015035185181084813
0.018129176028906475
0.008445643582445463
0.005265611610416983
0.011564334276486522
0.006758888107228171
0.007806264240323823
0.00797377803517341
0.018141547633459487
0.0024607707589409233
0.004987629423446577
0.020331156732291196
0.01750506315865875
0.010970808451872469
0.0015238583532366005
0.004329833928721808
0.002849353294307727
0.006701882060306437
0.009944334114002952
0.008256919131165573
0.009244443796689688
0.009734746580941304
0.01022389167335733
0.008458983116917703
0.005777719765877223
0.0027327038510289257
0.0047519332617045875
0.05901566571673766
0.005264722336496375
0.004079884044516093
0.008763916863520318
0.005066510743692295
0.010837704686774396
0.005799531886098587
0.009684885226873144
0.013092915534381553
0.01942794929376018
0.0032635530035631556
0.0023474517276957647
0.00828898888948597
0.004234367874480989
0.009069952175168221
0.0050852353624991666
0.008043957416280135
0.011018242854787206
0.013367144281171537
0.0035863738345655203
0.01122141451507521
0.014453725074512277
0.01179868960987435
0.010707106987519775
0.011951478810148155
0.008156177000583468
0.014580514336215286
0.007460166270567889
0.008489848350797554
0.008336777091499669
0.0066915825883281125
0.010978631472565208
0.015558774740152029
0.013587254747857524
0.011803140176518283
0.021700897215112265
0.000603297099818515
0.05256769779179703
0.007764615867696034
0.006523221737374594
0.00952630809557103
0.005677537856699555
0.02153268756798614
0.0559195559112301
0.004708995188804917
0.009396528207811007
0.012245848907990685
0.014895843982152952
0.007190776835530706
0.016098101722478407
0.01080815477292736
0.012215354857254421
0.008937806555912918
0.012528671301849677
0.003683850631380683
0.0034826288396902693
0.002204800235166647
0.005552728472921753
0.010104980492050728
0.0032814593051001344
0.003695986199035631
0.012745866111965782
0.011377087439282443
0.020020621863618106
0.00543146744116163
0.003959754760849982
0.017359415287741504
0.5509692431211664
0.003232452982378128
0.0025895774411752565
0.011611724036633462
0.00419644074833971
0.010850696927998765
0.011273331445949407
0.002646387111463944
0.002311676618247104
0.013560467119599755
0.007152305435496089
0.006793610877864186
0.011323760905331366
0.007348390287249544
0.015147885526639931
0.00486802233462004
0.011466493898248758
0.011704701409632716
0.004693475599468219
0.005344048863532903
0.0033565762605526914
0.011589307991804928
0.0035395746370559247
0.00344126072866714
0.0076244297817591655
0.014506243993524185
0.020201438480681136
0.008642411710069351
0.004110463227114461
0.005818246230480142
0.012968299369192188
0.009679797874049805
0.007242251365746847
0.010692653309844723
0.011266575652423201
0.023112301562439166
0.007954331379482977
0.007768685515453296
0.005743570871266202
0.0052450632072841095
0.01138595983433836
0.006949928975194623
0.004611188261629657
0.009681048611234361
0.006719190189664563
0.005618206290469046
0.0014439404016716023
0.003806156347330297
0.005069554359805015
0.01626737234068455
0.008807331669415835
0.007983318596795201
0.0030345767484460783
0.010714168144231992
0.005688456237275509
0.014534683868695528
0.005280371151682985
0.002531610330955433
0.004681509479774779
0.01141764539407175
0.006701077110172015
0.00635043278319212
0.01454338700266658
0.015110793244635377
0.006284258146626021
0.003377029274859444
0.014462990309794126
0.007416459509659317
0.007750043233708747
0.013521752753525544
0.008235394091470064
0.020026100389706213
0.008786609404479182
0.0077713732180206795
0.010770390314004171
0.01705493343988994
0.0015915112722572075
0.006161027626063407
0.0022712222518301347
0.011052546051004811
0.025827987035910986
0.010737809195207336
0.010664501702694963
0.012212265479649691
0.014949800936914805
0.00506468858086726
0.0006246686830796872
0.009021746691059093
0.01496936018138359
0.003123703363120522
0.026816755836841396
0.006299031801435128
0.00922670841782771
0.008290185425282634
0.009337628110405298
0.008883099295564884
0.01704020676376907
0.004582142469840473
0.0030298148943449146
0.007775333921351091
0.003427846977979546
0.010554975443076244
0.008439523624866838
0.005472023778084166
0.0017633549084245096
0.0048538203959511885
