0.020079045545736435
0.07761981732581952
0.026018082813449098
0.04343398896040832
0.02921961076465799
0.03494579650871247
0.07636191338378913
0.03243341130901134
0.009709174719779494
0.009291811673496894
0.03269605817325619
0.035978972883170875
0.06805528793530279
0.0025344699080438455
0.05016376594753027
0.035319010795411984
0.035119850713906574
0.002970637087593739
0.043667404305772074
0.10127187518264005
0.03245185966944181
0.012353564674922008
0.041793080340922356
0.00596138427938069
0.03813561771932696
0.13483400409761043
0.05120411282253797
0.10708351375554173
0.06088874435719475
0.0066533289544994986
0.007594479662077923
0.01904990145553413
0.13240957608704887
0.019687916271081286
0.022430312972055434
0.02093593062452586
0.01348738423818193
0.0435645870484806
0.0175291056316411
0.30212789262041706
0.04813167450334855
0.06182884673667791
0.05540634398749517
0.09312789539348251
0.05621910818694875
0.018983760756174188
0.00686288317897601
0.03759135964525881
0.019815685581870777
0.09690691798057521
0.006639923135693109
0.047592287297930955
0.003472514824134194
0.04670463846542787
0.06823963108077698
0.025414805101784874
0.013452992055897882
0.010655795962372872
0.011038447937353566
0.0021304902183889745
0.9202933777856749
0.08737450511724197
0.023760792278962637
0.14036452474676808
0.06258685459708803
0.05610436606701921
0.21065295492700722
0.10955829094310143
0.005751018576389599
0.03304373135034856
0.003647213928757785
0.05089660046859776
0.012318418420240276
0.00848214829736791
0.13475751495348365
0.03657158097553138
0.06452143846205115
0.3084414866095496
0.031865317934443936
0.06542579755943997
0.05894635914486458
0.06807813102927575
0.11994553789751716
0.02285808149696962
0.023787298944722472
0.03882623199552026
0.04617976863563204
0.010898774932186226
0.025668586790005943
0.01936210730218516
0.16038607895537807
0.1183174551674265
0.05449146035761385
0.06148999955726654
0.036466744006735524
0.04500134393735297
0.029945034320482025
0.03028090281913785
0.037608761534147744
0.025683428806755507
0.1337500999415315
0.03656315702997548
0.034952484163816806
0.21160234878863882
0.046853725488668764
0.008582257291377028
0.13878562816670836
0.03954104921859972
0.001977880485072726
0.010941946855600852
0.05783962601425196
0.01618796899998914
0.03033913615447397
0.05448951830997158
0.015452607331624799
0.6040494504290104
0.19767358352062606
0.45749959735985135
0.023253083282821344
0.014247917397617214
0.03574461368890941
0.05016458099312157
0.027749628560362245
0.029538361816823046
0.109012682312406
0.02027771129068748
0.02753916175939359
0.18846884659495297
0.022994816539885415
0.0019971984480633333
0.05412932089269432
0.06110446712073596
0.0065411529632215535
0.0608642108117032
0.05754256174243114
0.009181837421840219
0.07801325003299528
0.08140792722105478
0.048066820197320774
0.06528984898781175
0.031439102810894834
0.061978482517823334
0.05501691895491313
0.0209580934411025
0.05937640065475164
0.040387842857752466
0.016156282629934727
0.022199250786203256
0.15565978554261606
0.13505297492819485
0.003432167635893775
0.06806027597927161
0.02313916925305557
0.08364261107371711
0.011002095254544536
0.006065890196303053
0.00905572426544997
0.017091112756048448
0.02398533785316195
0.00972668319856941
7.969809959826935e-05
0.0551224218008802
0.005546902129039817
0.02402045790981992
0.041420963922244834
0.02322974456381228
0.004305994176005028
0.0732585072204646
0.04342526290629703
0.15925473370186857
0.07403354579730748
0.1426095126572892
0.017413773038467643
0.0938865612362971
0.03752110873312481
0.01839365975238325
0.02142767506066159
0.6702046935224812
0.047781231878238586
0.046786391065056845
0.12477631786395293
0.0981953169197712
0.17757334995954765
0.03661927744084538
0.008252722218845248
0.04792250260216444
0.020727131096690728
0.013099663615264044
0.015765116852301427
0.03645709304227485
0.0029601437304360725
0.057982927378581746
0.018313631317605397
0.07618981000403247
0.020482379304239063
0.06192857693387966
0.018970285138843797
0.6544081855447543
0.04754969093214111
0.041435109893135744
0.008579108803683294
0.037634668629985976
0.014705698872725421
0.09617880953214736
0.12976127585306088
0.032111974270255424
0.10751735160959643
0.028890398742331493
0.0027459939290587912
0.0447932395471052
0.0034416810287605337
0.038683770325471045
0.0011971640027031005
0.015965298751438463
0.004063590857627384
0.016704148553357945
0.07367186044399975
0.10573109473060979
0.008768873671130007
0.013684975871100243
0.037889737621093746
0.04250442212517215
0.07069425359795661
0.6217251480303653
0.03303651785461238
0.08845344816624484
0.08603390417986577
0.1367956302445134
0.0022630984011122123
0
0.01678962159742184
0.023389927839983147
0.008228258654699653
0.009673143154247088
0.012916469705856377
0.029650217252225764
0.026063888098364678
0.0009420976580737791
0.05442943381622769
0.02242076481873923
0.027716420041707115
0.09290137482946385
0.16898317896552864
0.1281721973385937
0.04406563220199062
2.2612708040823653e-06
0.004142749778342728
0.02698630520474564
0.03537224739319816
0.03592258662517434
0.06856128435538758
0.06024955745374509
0.05512124934168033
0.022935446032185777
0.040384852125439026
0.02482205282463031
0.056311448656824026
0.01455511902157683
0.0207125208519326
0.014465283976327561
0.026324867683172597
0.02127597372819709
0.06680323085716232
0.025262794025894268
0.027675403600240095
0.03211282384639066
0.009722415324235671
0.030448533001533343
0.005276943914307996
0.04069781769355837
0.03640250415202813
0.035430166480712275
0.02929050118439051
0.04000488193064958
0.06166583255206558
0.04373618316424813
0.007931969161710054
0.004405423535405267
0.010580447604779795
0.019302141645924507
0.007617089692253946
0.01242251585492759
0.008109003565484978
0.021757354807002943
0.006774468911554528
0.05569260753013722
0.02338637422073734
0.20560109349946007
0.01789329006498224
0.019027088416627508
0.018608812256141367
0.01749878312463582
0.046944349497530014
0.04183929211799895
0.122282800462973
0.010962994937707712
0.03158134021579338
0.023483751102247163
0.049548296934993595
0.01618421355048872
0.03809104416670868
0.02330832287027795
0.030663639552923498
0.029226187879996444
0.024025422468379513
0.029281120804303482
0.10134754246594066
0.0032739043758104013
0.12260342709723213
0.02791632743827577
0.011831327448967897
0.013416189776963886
0.019222585855449545
0.033311136613280556
0.017599631922591646
0.016687860991862435
0.02659485678915029
0.004810621338512644
0.004951778369958472
0.03994671727719986
0.008240494773221438
0.09848866852116998
0.029178264228288793
0.016274193773921558
0.06111357956711456
0.013566580748832128
0.004008527581799886
0.019031872524094558
0.0018528813333970155
0.03593076055363457
0.05118870573217311
0.01977158626402978
0.010654010869022247
0.01411771835430249
0.007204764998124892
0.015551976573341335
0.022348239986270422
0.041135802452627795
0.055876547250872814
0.07700542468781538
0.0760984383622035
0.0006914577145587111
0.0008720999237524083
0.001478360305904672
0.01804729024434348
0.07527274636205464
0.023983466157371184
0.01847210526085842
0.05104618414905671
0.02222531559239081
0.045765982801381805
0.01998919470776957
0.0564957531020618
0.04806778320263887
0.04456786496382865
0.2823029310586454
0.022132660551005764
0.05386065039406947
0.03242619766845768
0.03298468827512086
0.0069548965257006075
0.029905306039475305
0.0514391644170834
0.018330251686281055
0.008184072496850955
0.061181475876675336
0.03630097896572072
0.03541065541863223
0.038898668897546215
0.04627985474377144
0.13047056589012576
0.04777629412231163
0.05822954996637558
0.05898268936171587
0.05799466814057729
0.010885361677062541
0.05549752044937135
0.010222402282664845
0.003451376016952329
0.03064993175136411
0.02168799930781974
0.020921975332558077
0.033525615318725166
0.013932280572512994
0.00928648233894367
0.015400200608815256
0.05395054171197185
0.06161850884233921
0.055909591136097836
0.01572512998825301
0.0745272510237214
0.04270165756801212
0.019864854259051285
0.075403306602579
0.014288501231849318
0.06020669402872939
0.016329750089893395
0.09468858550960925
0.034235696927104944
0.03188937692182662
0.0278530813676793
0.01914664522563951
0.047966798017662564
0.02471149395908709
0.031225972026586807
0.008154585944041172
0.02570302280197584
0.035227745573945174
0.02548489490123716
0.04061783477767423
0.08451291961261433
0.04994349891221113
0.045669135271582145
0.03662067814576141
0.05650800144936715
0.09043257745878916
0.07110697647283103
0.004303356390251495
0.04342109116922516
0.010212436505377852
0.05726531889227111
0.03645945481238035
0.018038372904803538
0.060207454266554244
0.052849112653922115
0.023143074284619022
0.04722966006873031
0.021397795746146975
0.03172767703326575
0.025319891135082626
0.090813763736782
0.031238699240710432
0.020185974440982687
0.2008027482399613
0.13062484207700586
0.007779528918673043
0.0464997352504167
0.08566176568201782
0.07600571620140899
0.21115482386456869
0.06806283373331831
0.08058738196463806
0.0576451109303211
0.07432019376947432
0.04103621087357378
0.18066505969485044
0.01566153259441584
0.028354430699500267
0.0625906952156616
0.018900519561083514
0.037626410627948435
0.015714913867961786
0.029919418707693154
0.004356669675988158
0.005349715047582869
0.060967893060159886
0.016126614458578
0.022678029834081865
0.15655569431295582
0.31938476771021135
0.03804263209853255
0.0676758018770749
0.04580776171124537
0.046040262003871464
0.04073036043665447
0.01761560679827759
0.026087483511686424
0.31067535602225016
0.027051191328161122
0.007853863693130526
0.10725274910436855
0.021556429595853573
0.09515342678323077
0.13595940296460365
0.011310848629154954
0.24555324407307993
0.06902763341656143
0.0803189267881802
0.03694398757292021
0.025781152213968667
0.05616721414042849
0.006064379274731895
0.009486753949275253
0.0005248744421750516
0.0067834503248440795
0.03352031454253937
0.08309269559521593
0.009682691716615973
0.027128496182919362
0.02885793205528158
0.04186774256362364
0.01876368852779226
0.025620198395795157
0.01710888013424596
0.018973997456398266
0.3762043033610624
0.007851409553081699
0.0662175779683599
0.031443566551597475
0.039548695618186414
0.028963384844367494
0.1169700512570153
0.02611395472450183
0.014064749801999328
0.02269262448401503
0.011285973930428277
0.07259515752084499
0.8347384639054886
0.034740691206992795
0.06663716024606645
0.024991160264751393
0.07072284677559824
0.0428356417142656
0.026541127924272198
0.032967030950782183
0.09517077043338833
0.029865359501659885
0.013304839163618482
0.06318506799472173
0.04768003093843185
0.03658674434282656
0.02093794526451034
0.022013704448525993
0.026912011098257176
0.018134531934625202
0.02821041854210691
0.025817439105527102
0.018829545933979053
0.017965077737928183
0.01589388336519909
0.005235874969570155
0.03969357854823968
0.04979010332037872
0.017537911426257935
0.014060953265184166
0.006782028339335495
0.000984280265213427
0.04775313370401031
0.07327548033692557
0.08651974017559541
0.06928538723029018
0.16494312808633924
0.018565514058725696
0.07682891421387052
0.0009230650161500201
0.014933292127274261
0.026369519113186482
0.017079129686788954
0.04272062408773451
0.05266911075890655
0.02530212496103005
0.04375946494930391
0.014531314892520826
0.014115724567305435
0.010385904138693157
0.0032433088171183798
0.0845744460207255
0.004061261757572974
0.02703744998205887
0.03827017111177766
0.1709771525236465
0.0649476430258689
0.008772855483864127
0.005073708225590034
0.00443083450613036
0.0026708574080652483
0.010231595721596091
0.009372028403378743
0.12894895237865786
0.05955315574270387
0.0136463104598723
0.09134808807718992
0.04883762131810066
0.04756431581561833
0.011021907035225927
0.028437176957525505
0.12729217963316541
0.12052776898388985
0.03840947217568491
0.015713706785896144
0.04306874943257241
0.013325773881751619
0.020291169088504396
0.018762249532956726
0.06229004660481289
0.028914801907497192
0.013921924957652279
0.29970828276671974
0.029563595352783252
0.04557562870136958
0.06795664857516752
0.09246971401449879
0.024662343663893267
0.0702124120616379
0.11055074426106529
0.04894931908588247
0.0184204257439785
0.0601062448110615
0.00900115727150215
0.059725365567341204
0.0022223617476324667
0.010830640826982695
0.04872106897390414
0.029306780565508124
0.04395609403500991
0.013416654972936315
0.15412178982772448
0.01940365722623477
0.05243583013919011
0.023652663366340063
0.022350160161089476
0.037236463307411906
0.022115832006056466
0.008488772314516039
0.023042270826431264
0.029956936611641245
0.024851474461507646
0.006001826093887338
0.016339408085901008
0.05714657488089558
0.006149028514535068
0.032916054831862725
0.008505439688929362
0.03923289639380795
0.010744578358278458
0.03888680633500425
0.019034090409396586
0.004232409824835135
0.06482709395853807
0.02787539751299164
0.0378573008009476
0.016029504727958895
0.03062798938035789
0.04457870463310037
0.05388070814912594
0.04238437341029452
0.048066787576163734
0.14226502108936395
0.01560979242422067
0.007774145564354562
0.03661919866487143
0.0476756218279206
0.011420762636137827
0.006888049917641516
0.025181295453123677
0.01321147855554261
0.021455630089759505
0.03846105527728275
0.021607998630118645
0.01623373375063882
0.3018933527064313
0.0635494328560119
0.0747938782451513
0.04390067146847916
0.07702018503668066
0.005573131984111622
0.061061903808244763
0.028896114923194355
0.041250549685349996
0.019690543820131884
0.012120736954808286
0.025455242944226443
0.06794620108272469
0.1538313201538903
0.029951689025277308
0.040706239431417865
0.03188390702380697
0.02433856744551649
0.026758099994408584
0.02930372700454013
0.033277409758317375
0.03695231131734347
0.019570225589801538
0.011616586789294173
0.014261544361087656
0.01779890927420045
0.03215401655887637
0.05968331227339438
0.03798187911118829
0.01994380158210124
0.03569782645522176
0.0529311510749932
0.07729050129991558
0.009172616188164265
0.029219198748614467
0.09672422793547919
0.043624136367860646
0.06402165047716303
0.09021617076657874
0.010992577229277033
0.06943142701059654
0.03886517616498626
0.02638415093783452
0.018228148527839178
0.026868357942100633
0.012313407290158129
0.1152676806809543
0.049616071197865964
0.09845129507923434
0.015545001200251788
0.03733361984610703
0.005076284495295958
0.024834128993657553
0.013054853733816834
0.011722190255197136
0.2056544507382972
0.022121488061842935
0.06173967455982987
0.07800580321081203
0.09462092362473722
0.04041355203903765
0.0691860260710415
0.012638093539327109
0.08051242000687067
0.012930792485111777
0.03968675433990673
0.01428519440014412
0.030353920111877274
0.04066557065094888
0.08933760677847827
0.16775015965992668
0.04887417393071847
0.07413824419542261
0.030093467476765997
0.10093252645378728
0.043117718776860964
0.06594135413054131
0.057330783050475405
0.01931971754150756
0.03503706964725349
0.0755992106406261
0.06585164214944533
0.03525332449001682
0.007434528658778534
0.031393180477929064
0.056806768342419045
0.042986414456073534
0.019944426881728698
0.09367289717135616
0.017006869469667285
0.026227949590053146
0.050618889671680115
0.042002443451048956
0.032599373849694996
0.015821604566869794
0.12102120124298109
0.001931110491462995
0.014318832201661413
0.059553177127482426
0.029625000319904154
0.032012974354542596
0.019884020439549243
0.03776797804670727
0.19177198718538144
0.06822830788834353
0.06618336517507097
0.0631861452148975
0.06511905461734888
0.01414436945751705
0.06844533342462036
0.02839607499676977
0.03956841230271327
0.02341848084239473
0.04446297487964268
0.02619170882892977
0.06632371722034132
0.06148169459945714
0.01475218192378808
0.07447000844016646
0.011522551026760485
0.0394190492441287
0.004571166999252807
0.038082026536507545
0.013778676597282324
0.006576486764763643
0.011073220423981166
0.02300919069239823
0.02413184121212516
0.049761498657215394
0.01597508214082643
0.03700854836599391
0.06226204835258389
0.020163215487721306
0.01001276084747779
0.04249011230483233
0.015257132422433733
0.010992206858734853
0.008528696252398769
0.27513130752338955
0.015610451392679586
0.03214970730818553
0.03558126290516805
0.04475468173571883
0.009711001123342947
0.036350215743286646
0.04181336840836624
0.02929408213980796
0.00790117774948611
0.08565950308470974
0.006160573157886281
0.00962226380396062
0.012677049381053537
0.05111420267250565
0.04282033064373703
0.019440173246590125
0.01628515211997356
0.12208349586411797
0.18907642966209728
0.08632742329601878
0.010647133918055024
0.2461496914176198
0.15895295962858746
0.10495314990783687
0.0608460832243293
0.03373225788960457
0.039834964506663025
0.01577347409233797
0.017631254203441332
0.027951933079650583
0.03581350618237583
0.021461812363240178
0.04677224503756653
0.04644787582669801
0.016259190381221585
0.02108726409207895
0.0781134444067058
0.010980822269015537
0.05822279300086223
0.017822271537864965
0.025783288783754445
0.006367173866455817
0.05201555765828169
0.021501373754161675
0.04670042327133864
0.0420889070335697
0.014537136246195426
0.02733281423669558
0.004967782395160297
0.04829057061777074
0.06989780812841695
0.15181932199566592
0.02319643991119709
0.14501786328780322
0.036580193248237615
0.04653787346687909
0.0808255817546525
0.09927000185073927
0.27340357160529466
0.03128302964270074
0.0031853402131799685
0.02771226128077967
0.005796281239698167
0.040614286848881145
0.041608211250694346
0.05541092274422877
0.04857126918779825
0.03733873467957624
0.03828379006269346
0.025551934092321052
0.05053360882523237
0.03419129146780162
0.059529092054503116
0.03922136763596976
0.032706830124097246
0.03622461355897977
0.0262660049394184
0.05324560937065642
0.018998754498635327
0.0316805142347098
0.03165705872717755
0.017468327435934995
0.029247181971538663
0.030253276831028464
0.05998724262217814
0.032291943560015364
0.06920060237500812
0.1125215028084284
0.024238970904403363
0.005649264029381672
0.053452522397147956
0.046235297244259566
0.07121308727438215
0.014350594500185212
0.034927257821420955
0.08966299428672755
0.030033937420138598
0.03208735803207903
0.017001048936468872
0.04664076923817645
0.23315665316067832
0.03720562616554606
0.06304511216815258
0.016133950134462123
0.07290701645199285
0.01027727177857136
0.07001197047895462
0
0.015238331355242224
0.012172970925250763
0.014631613396137774
0.03456058754377191
0.011617991256771956
0.015316646316947078
0.09141642072392248
0.0056863670361878005
0.04745418765205413
0.06151000276644453
0.009187436863965264
0.020154317845354586
0.048111438479167705
0.07297461927106158
0.20722821335377556
0.05962154155804992
0.15295424728100687
0.15319336232439806
0.02839664962754959
0.07219242061507501
0.12641975540035916
0.054092480648871434
0.041454201703418694
0.21338678791764315
0.03235187152882194
0.009922191666987617
0.2253911153736687
0.011496948318695676
0.03325176126949673
0.02943645084501952
0.025994065150609362
0.02340071553444891
0.02192173845074139
0.06836143836863953
0.027318329624739172
0.008004414879091417
0.0463185971963415
0.04976046563430055
0.005180343083468336
0.004646171670634012
0.05545341467953761
0.029063819513421227
0.020079628851480832
0.07155713841253708
0.03170596479418371
0.027413630462558566
0.07081252823524083
0.014897107456332487
0.00943110553970987
0.016017598017214033
0.027303667249457177
0.035730060905985246
0.05355421877655342
0.037551319068427604
0.0066145939539847326
0.06598815738765017
0.08302454225997549
0.041986442440525434
0.06396037344848762
0.03379478617398935
0.011741890551409765
0.04415985062048702
0.01522273488995376
0.011926857071945575
0.01657566748820038
0.04852495416401305
0.0043838109092373114
0.001326741450493524
0.014176803554411057
0.00012245002228401724
0.08368464554764056
0.055756501839038415
0.04262295043309582
0.0113930773410095
0.04034119625573927
0.14765541264806772
0.027596954072934072
0.03190938938232905
0.023528048237882234
0.011492420019094262
0.03770824539050389
0.02877119892426248
0.025033296445211347
0.025666226126013148
0.05907150241557476
0.03111306098529334
0.03338220072793132
0.044265529683632475
0.03515299310224622
0.07697268088212623
0.04166325478525028
0.02307268257302961
0.05730233241991575
0.06422379269123527
0.008721572381266826
0.05294868270599065
0.013706515209615251
0.019917542250537906
0.2799973949524555
0.9968524920723714
0.02200116516253655
0.006131857689334367
0.05986741595955897
0.10029510280703748
0.0030905716304015403
0.2517023316121137
0.048735756425422085
0.003967411021895282
0.14460802850687843
0.004483345306887597
0.0023263330013993007
0.09269571013788909
0.032556847156965975
0.06385051951148323
0.004283866588332022
0.012332686064401887
0.06441453552868587
0.02276021887819542
0.006154447181754178
0.01888579140143539
0.03754728337412804
0.031075265770983834
0.012852210716703238
0.05978205469074355
0.022214703809029533
0.04205016250235987
0.07161798753907464
0.006820521664143852
0.02805886261782939
0.020213302902656417
0.037358111725092784
0.025883617362474225
0.003130911809030317
0.01535095906248821
0.03494356584524067
0.04123825442958038
0.018548971562314
0.04906294122681985
0.08219795614179913
0.0011158595679553551
0.03235804016509063
0.07274452025891279
0.014791669821478465
0.032502623745931755
0.09602343110661216
0.0739384994383444
0.03623119098956644
0.0018334245449141734
0.13841037486571525
0.00349288659657953
0.03752061631792906
0.039463374102170656
0.02565120694553897
0.03541137070511027
0.051132970085769495
0.012356498591639382
0.02511602334365124
0.06252445494857863
0.14305909019084093
0.12337704579328586
0.04351423627793443
0.08603523058731885
0.054804594856965094
0.1609291454978267
0.050415515596156465
0.10725893360277856
0.06622615450509675
0.0323831325099469
0.013941818741632524
0.06882292331311338
0.0485987882278182
0.03442870524695234
0.09204489417037963
0.024778128435117605
0.007155514589213803
0.06667070001073247
0.07496838133470805
0.06637356655650989
0.011723350781407588
0.036598332174658264
0.1220976956493606
0.03864271632500018
0.05096800488798133
0.0343656840048296
0.07192669397671103
0.04062467592072555
0.03365923791092483
0.05650643415635577
0.4694127185363163
0.04170698367205312
0.05381071551898905
0.009475631347522722
0.048692348305385075
0.014322169280717695
0.058564738376633896
0.04943575889111258
0.030862192251216128
0.026734346919677125
0.013918634648609535
0.020234618783668147
0.00867179411175003
0.031241918952716635
0.007022311626047544
0.05006016103065559
0.04396135609707891
0.01778572101816895
0.0077404958193631294
0.056345182728015884
0.006949927323779281
0.05239870361826346
0.07745227899512647
0.1908300599295275
0.041541741657373316
0.01906319989235717
0.006952935912559212
0.061095066332935606
0.07522711496861009
0.025053935792805047
0.12846551964917
0.014557074904404624
0.02024516905143676
0.07768994880642463
0.01104444266196907
0.03341762343973433
0.007613757054750117
0.02859531309658516
0.09565659554182639
0.024968295612424328
0.016700543356040744
0.013024938969485205
0.014662914877897754
0.03820512000086509
0.03455494528131985
0.025626478769819206
0.01382990521811127
0.015997747612718508
0
0.04307445018427526
0.02756817392870459
0.06405605280393273
0.04536769008489385
0.012857073828016884
0.04749805781112178
0.018227741847005482
0.06919210220110493
0.03170504064809918
0.03216821342497646
0.04209870666568352
0.11427351169202661
0.41416243599700747
0.020968014165350192
0.026308998172204043
0.008249611064288195
0.04607195740853434
0.0001925645282175391
0.04180830477951644
0.025909610686605234
0.03116563395079997
0.4215645272664303
0.007842091914184059
0.012128146692918344
0.06567198574403901
0.013013015515600431
0.021792116155223244
0.048887634673717914
0.021714141373501673
0.009090614208275373
0.03440478531945205
0.00451009166797586
0.04249444501272268
0.010267955276029599
0.007207067452850532
0.10450582403297844
0.008001933275966443
0.028585094862019413
0.012838665407046335
0.008385115627304093
0.029601406138219807
0.04030159135106348
0.12960322344003883
0.02002385980803481
0.054841028707302605
0.06087457239820811
0.018333095542926288
0.07530012276178803
0.05748925995105429
0.07135151647462376
0.01997039953776934
0.023705763234633283
0.005394104118653457
0.019733913860313874
0.006415697740796723
0.011816959723110513
0.015728729919631347
0.00965769735761336
0.014466885228514796
0.0012710453497121331
0.054434386783150455
0.027169622472733312
0.035535720425480456
0.05285065818388674
0.0724404032886313
0.02324071547340542
0.020782107225552817
0.0542315232495151
0.034848089441038115
0.043238400758846295
0.007029351917241061
0.027366490862989618
0.035481658801906756
0.02731652460907099
0.025631018106623975
0.09844114311426849
0.08360359127212376
0.005528300448605636
0.07631485008873351
0.041463751741191726
0.01982840820027796
0.02119320180596542
0.010371567804397231
0.03478643964063152
0.01727894410925927
0.012503515514465881
0.026162137819201337
0.006887886228163066
0.02075817984097221
0.03378867879143292
0.019508329608673127
0.013539666353198011
0.013587207753879393
0.040907314373825165
0.03019956558540708
0.01163155659667401
0.04764931434821297
0.04200036491672849
0.05759618539165282
0.07681698503638087
0.08812813381723363
0.0337466614759561
0.05178018375995046
0.01621657003050388
0.049255878073997644
0.04223488977302754
0.02372727628001466
0.019569133169109992
0.00902922371770788
0.04918397434721924
0.007403399894034912
0.08273732978190589
0.030054329548826763
0.02307592760114605
0.03655898451689819
0.5103085032789523
0.02398134972936837
0.007179296767397277
0.011954568292888936
0.007714623212631068
0.04502387898113971
0.0057453428045948305
0.011783122424343049
0.05950959171065903
0.016382480028544484
0.023243286754355094
0.009253252387056316
0.02898742113088854
0.07945239735331086
0.0036891170285506063
0.030083996508122993
0.028647342816935588
0.03959714939392908
0.03725298541953828
0.023321242398094112
0.013977660003824124
0.047173715421471134
0.019870259904394325
0.05191730385215906
0.019075971708518998
0.05908414349469864
0.04959774210309943
0.06372828851901337
0.41684982687409705
0.045144032616297125
0.024558432313277628
0.07276561877722477
0.025556603991444375
0.024208323482231266
0.008938129347022976
0.024785253027038035
0.034599552587658636
0.03372672427639447
0.021559171173319954
0.023159034102101867
0.03065173840534627
0.031909268161914896
0.014068688103854875
0.0008514861316361457
0.03664890876167042
0.015508592790774746
0.05625637406766923
0.02924589537140068
0.17558094007634703
0.025654180182882444
0.018882803412439836
0.015068185702144582
0.006372335810398036
0.048361717734161334
0.01654234507716222
0.04238321967399308
0.056418794157067985
0.062204826715453326
0.046097489542070595
0.015898556514250255
0.02440825475200346
0.014083585502159832
0.02020092360417368
0.09610067913369687
0.06209213287033591
0.13766742122275402
0.17643447796391543
0.021899354338627816
0.06178941880108678
0.01859537609166425
0.06205493588673899
0.03875509028438875
0.036691117313728885
0.023659833417989513
0.04950789948810692
0.0024329774075859986
0.000629547864702505
0.026732880859198078
0.020827876798264387
0.010624699058412096
0.015930774785477525
0.12678379852687485
0.04819217338176236
0.03972152343791931
0.039648132604753285
0.028960602213420665
0.01815103184427467
0.020274557032595356
0.03171184115509154
0.006968735292728577
0.013610945949018866
0.032985485206890465
0.012120148946198537
0.03352662545748137
0.047345710650949654
0.027988604998742422
0.04645963498081071
0.005915833315551608
0.02435051202847343
0.04432387275148526
0.0315679620827549
0.05132648808014443
0.012278143362821434
0.04312062067537048
0.04889018689611371
0.09955893195319875
0.044336631729434015
0.06680495598974887
0.0017694161261005543
0.024892765353521237
0.028932790745195607
0.018249769548303978
0.115169709887349
0.013857854392441825
0.031290552389842956
0.039354337983103206
0.023136576372072722
0.06168942539699061
0.03445314801516987
0.08653142866986377
0.029010940474877452
0.06013249120480137
0.015467819957514865
0.002122706406324819
0.010708905824650118
0.00559064907015815
0.14431531215735136
0.007721518285740187
0.004693091708967347
0.00850900833783779
0.016234072639523804
0.010908275989562906
0.02846731971222873
0.011960131993149796
0.018288298128533033
0.041268518175598706
0.059259170845116366
0.04654250937105001
0.05044369452026658
0.021474079275442398
0.027974195098638948
0.0008889884567805659
0.06317242127506044
0.0033830606240893147
0.04080766531822006
0.06995684145169781
0.016231062845894335
0.019725439015603075
0.034834537418719856
0.016479954577151956
0.019691184744339583
0.022803564229898588
0.002744433472474618
0.035735253127895716
0.036818923768521854
0.016410332725781494
0.009482768539635639
0.015536451493037236
0.016185931739844672
0.011768548839499928
0.027155328305156722
0.024683923444239208
0.043680903831686026
0.04610471052272621
0.015060156579716185
0.030884382490212667
0.03129303657511145
0.036994268701948704
0.0042685695952356835
0.022817887787254357
0.04286524205595248
0.022251780753611894
0.018132529112784436
0.03917741918731213
0.02000509428451276
0.01840587967742265
0.0600642744907311
0.04336615991295487
0.021943280168303717
0.031053891658047204
0.034134521351931534
0.02229928696951017
0.044700251741932526
0.025975119040904483
0.03755956164633053
0.046788688371430735
0.02970853446498383
0.04374799034935339
0.056297479716604405
0.020083144341765013
0.01855633774526864
0.06630894943985184
0.11539975665561758
0.04322832609020954
0.02072344324108368
0.0356696745447575
0.03368668143686975
0.020960158648215186
0.036481097518352934
0.013250509894432536
0.017855090506175255
0.031121714310107414
0.021044755828763344
0.01707101939617865
0.046422570428809054
0.04683257846910768
0.037284429239803143
0.05906783831058651
0.03192509992179825
0.03328509334483856
0.05018476169148786
0.02767399282297341
0.0100711686037185
0.018130842520343395
0.018161184901740575
0.014320223285679955
0.01946407865469829
0.05549202709533114
0.025066333266660978
0.015540631120376644
0.07154149601618207
0.04959594020574113
0.026530090352911796
0.03712217134587486
0.022766462681716927
0.21827906324636165
0.04590717855904029
0.027925327916338012
0.01849270894507674
0.028244632149096817
0.060063526561967236
0.02005180081522451
0.028236873011262875
0.032582004968256514
0.0018453432241253538
0.044351844941293725
0.0020128696469433787
0.014694674931334667
0.014586321800088004
0.018978513375943314
0.026232381150504188
0.04572634592541397
0.023929734262179172
0.08108636685265874
0.024745304345783876
0.05584526358842674
0.05479440820071025
0.01109561677462999
0.03303380387087779
0.01841029643565242
0.043933416853939755
0.025774140865393032
0.02336157159002778
0.08517352618380106
0.010759247000241022
0.013771527924955736
0.12410629995976785
0.018681700957230537
0.01481210280787091
0.08230329698450739
0.20561287324925237
0.07621840074913871
0.0981829349601297
0.06650985697429199
0.053191256798563014
0.024630188296092728
0.005839718969434328
0.09966161013106825
0.015060386636875202
0.028493047781089104
0.023768750482694147
0.024892860245621255
0.0027536019162080643
0.03503820316625128
0.027050713304488907
0.042526025645608166
0.05316648448704617
0.05332718050567256
0.05294649360293796
0.1323819876086799
0.01076725914662257
0.0606614164974237
0.020237721609498223
0.14497090282665798
0.008609848850011256
0.09662351456828895
0.014267271914293648
0.022219161685647314
0.03960103754468528
0.07921460922397382
0.04954932647751995
0.09454313342646861
0.02296679546513413
0.0385579712492039
0.012854027084772445
0.060163873276801186
0.030468388660004276
0.0511852144430722
0.009845738086840337
0.056411695773056915
0.04303866389982327
0.12281333702715284
0.007115989876115147
0.0558741177680083
0.0453050196353889
0.05277817448434402
0.04571858371352905
0.020035450723818973
0.018060946743351836
0.04715102187079264
0.01208565279079988
0.042442630899277155
0.0838599366162415
0.020052258303170218
0.025236681174448806
0.08924173738669385
0.7592392758372744
0.08689337046348354
0.060909906288215875
0.00562050138150963
0.059744468269539046
0.027549522478859948
0.020196020486938016
0.1674199078264621
0.12173857321813454
0.0232201255842593
0.07261142467579745
0.017021152316626816
0.04962219690202871
0.05203110931854585
0.02079338919636548
0.022328163421322263
0.05158316764804923
0.06615707194865876
0.013423073262039039
0.019672987932282844
0.01084115267864437
0.032608049164833376
0.06560816449745964
0.027517353019345225
0.056250744852358855
0.025068332755518747
0.04468917977002456
0.02520413823560053
0.027732707116154123
0.02845213129033723
0.03832639451746137
0.05244699861735637
0.024200321147669193
0.12710631664026104
0.004363792839503102
0.045087812614399723
0.08638908043315871
0.027032272262658547
0.003453617639735123
0.00468697621274824
0.004876031428049874
0.018903931141397094
0.001734697438998815
0.017405363048066887
0.002066046948768773
0.015299554703461104
0.06121890377661228
0.04099074913982355
0.019108446808691414
0.20364817512240604
0.05941716914224144
0.01366622493003138
0.0678563397988461
0.022626224255635666
0.007176869720869343
0.01943659787604927
0.04493278406851972
0.08177549421692855
0.11904001211802828
0.04081288624280482
0.014256780166834846
0.0812823559561683
0.02446448836020593
0.011595625354925362
0.04452110121419876
0.029209003942832518
0.023941038490047736
0.01939418025823648
0.28305907794441604
0.060020955027565874
0.01354115316398343
0.01357037746863911
0.035284901433906016
0.033305009924464335
0.0017170791733782933
0.05943829361728509
0.037365881503596945
0.02757964254065191
0.046003943164799437
0.017755691088980726
0.010572293355997572
0.009460878360375215
0.05425504587429625
0.009325624868240442
0.02808795799361694
0.0325618760062215
0.019863481265689466
0.004790302785297372
0.07052001618611005
0.03151484878324682
0.06532090851521953
0.015669926932965452
0.018438852355010773
0.03237125441124522
0.016512196682646137
0.03794387076867998
0.008934383616592333
0.0028958907966305796
0.025185886949071652
0.04321197017368709
0.01439775464612781
0.016211897238501777
0.030174024567521943
0.051692374072964814
0.05967476068341219
0.07471783229233862
0.10877506755805022
0.011839641405631278
0.06057973277505343
0.02997035140954645
0.061252739259461966
0.06857112891516375
0.0184829828975718
0.020972645421141002
0.13569507910805698
0.02507497585441734
0.6923904536223214
0.049826896187417376
0.05627278784606245
0.024350230510130782
0.03928437766870347
0.021644650029991865
0.14241620727655183
0.04672649595412096
0.0731868685981542
0.09050150480226686
0.03171486520696318
0.03588511788234787
0.11012760061412023
0.0013400988648491871
0.07902781618053323
0.014467256254609357
0.07378172414517169
0.03601497749065118
