0.07468379121065133
0.032888340490977316
0.025230587122927313
0.032511747154594726
0.04062059105032363
0.04205569417025241
0.03740729226204836
0.026237493561893765
0.029978649424093083
0.04311670876217323
0.045001211169360365
0.06354274449921604
0.05198093910450754
0.03730343002774516
0.0469040450083034
0.03283858012089428
0.04283042510597906
0.033421020226782866
0.08601167503597025
0.08090198302533425
0.03464640316293426
0.04209808549655279
0.04441986605098992
0.045735561419308166
0.0387919985615693
0.038782674284656815
0.05329670601025819
0.05405162759587972
0.04115994630411767
0.04576064190178762
0.042278075974729684
0.03231496054140039
0.03269949365831859
0.03611258910901917
0.035762131637167065
0.05472551115801537
0.03485622438150741
0.033264467500967
0.03785564864953083
0.03708751793633005
0.041142656104172226
0.04852108914177729
0.03604237185832283
0.041314793874011414
0.07250770469692766
0.03034137214438804
0.06226102211672467
0.038259126701109494
0.04705963389114543
0.04448004402035829
0.03387610623705288
0.03978798779617577
0.030121777338256484
0.03622682924884546
0.04865642581198436
0.03326935951382054
0.03077362985434685
0.027039273928250937
0.045063103295103275
0.07325383570368792
0.044774839522958895
0.04953308805827996
0.04185364076361086
0.0391804806523639
0.05208114482957172
0.03079632117094692
0.12128744490130443
0.04127093823818341
0.06010814731198746
0.03818935123742696
0.03960179877042085
0.03427505015452739
0.029466057449868382
0.037570953672418944
0.060735862828362124
0.03425046685285794
0.041098020561227015
0.10127494331630466
0.04592126646515935
0.032673814939284215
0.037611965794935066
0.03576116744997002
0.046417360540087556
0.035773851843055204
0.0344990720815081
0.04440784460112881
0.04155269222443004
0.03653360663875775
0.046063537748565475
0.036041703264092444
0.053062118634123065
0.05660141533408161
0.03668604853204321
0.033600107317175984
0.05942967198125166
0.026443498958672346
0.03699385896997719
0.029312297735814515
0.04157716933912994
0.043495028902903146
0.047784918638159125
0.04848715248068445
0.03415337294865377
0.06851276249048768
0.051688673087956535
0.04086853802874563
0.8188251189395943
0.026424699609410712
0.03914918420080823
0.03516188719610882
0.03174180465065456
0.10087055114275748
0.0395804230139312
0.028696891082147576
0.0304175738258752
0.06860197576151757
0.07707188196067209
0.043666883411562746
0.06092568675966027
0.025389461695491406
0.13810789202697696
0.057470268418737265
0.06204076757927899
0.04181939611818373
0.0340157817950003
0.03907771000031021
0.036095217601439
0.04619719109392569
0.0730129979650808
0.029405735757677378
0.03846266874529802
0.058441581210137185
0.04798992246280017
0.044875873095612986
0.02917874461773614
0.05500941302784992
0.04113834980009515
0.04974475385548245
0.05330306432075358
0.05939883655754236
0.06908515170248787
0.06406898652276902
0.08090931094294239
0.03208536802548084
0.06587131816314525
0.035671893779383054
0.036171778127826834
0.033940728733707605
0.19384015486500547
0.0430577592839743
0.03307551779751283
0.032511558075307416
0.042403147716803244
0.04239397050309416
0.04100237074122018
0.039972163637188494
0.05548279922896511
0.03046816661947712
0.03173726935736068
0.0349578186977733
0.034154956644824354
0.028217173753536207
0.03477884416519963
0.03871721357773852
0.048885471078521245
0.03381716456952439
0.031048266815556665
0.03282048142362267
0.04296031407413286
0.06621801124666368
0.04500886541409581
0.04480729064677635
0.03702374454411998
0.03701823545461886
0.036169621197654586
0.05015948025089583
0.030317381035626867
0.09965298699162621
0.04378877181573558
0.038701332747440545
0.046771199565010704
0.040733532747659666
0.03982698887709555
0.04031845081911918
0.033183854737691906
0.05631484905632065
0.0350101126233849
0.035110908076039796
0.04738555196847718
0.03541454410656818
0.03534701392017535
0.040713528077501115
0.043483198159096306
0.04176160987241211
0.043019686585238665
0.044141811511100436
0.04051377275172504
0.14194918218924113
0.0382943094522725
0.03724839286434426
0.035838374510920874
0.028010164125583322
0.03160098354837315
0.03569199150610065
0.04150841413572889
0.033262594024682235
0.04443388815139434
0.03153380201142686
0.04618445284504965
0.05973584548485904
0.03739397600885038
0.03747981263240534
0.028987580162833548
0.0698987709379779
0.035519026645619636
0.02741552299353667
0.05898363494547374
0.0740286217629853
0.03553080580807045
0.033749736825123194
0.03965281239923674
0.04473116397705611
0.05454830534305194
0.047086430153671324
0.053275894619108255
0.07091093952335442
0.08715763006573314
0.1625341161509515
0.026926357050494884
0
0.03877386608719879
0.031399284195817466
0.03407731290714932
0.04591301107705878
0.03175410243200144
0.035038134827487674
0.04503095201998753
0.03861234829067918
0.036048266558420694
0.046270036056807455
0.04496623817999931
0.042914360246723925
0.03179143622407371
0.03449610044700102
0.04080231644345456
0.02845724657329009
0.035533855435943396
0.03978370981111329
0.02916125176396119
0.051074414495233963
0.04333767544963885
0.0598155839965492
0.025607419705640778
0.047798192970455455
0.038445529470314085
0.035751979339670364
0.03435961697973621
0.047704232719930836
0.04154110590361379
0.03576134933374894
0.03928071089796991
0.04741853444546912
0.02755447067747623
0.06306074984920074
0.04494047699884952
0.04856629879433545
0.03083732547778936
0.06855114462545542
0.03136851221250376
0.04612966578647432
0.04591538658352385
0.04116234683459844
0.07235647215953152
0.036190355419472235
0.03166176836033916
0.03083541215372692
0.03203866482053559
0.049564896975323014
0.034272301803787195
0.043938527088753704
0.02723914555635799
0.027687307110697165
0.05176488236766632
0.036032574650205186
0.043452647419323635
0.030080026606160222
0.05560626208924363
0.04933994984088616
0.03684936482393103
0.03230410213932578
0.03968050047370592
0.03616934433877307
0.039412405036380514
0.17820006839125846
0.05507780044837252
0.033060647923948236
0.04445881088564335
0.03911463196410742
0.03460106427400912
0.036491336443791614
0.030596163207889975
0.032965401386099116
0.04150954716974979
0.0352675546847918
0.032016616152163
0.04550201780846846
0.06870854380080185
0.04247250893099783
0.038119084266486074
0.039794408814477
0.03464701522885688
0.030575099456467157
0.03211465328469612
0.04269563547633356
0.03618227778338037
0.028097043781658636
0.034655198744928506
0.03223994097656377
0.03394933786148555
0.0357318133068166
0.028759869216382156
0.061229931545038696
0.03950826305363274
0.04834424252708803
0.031034812331681576
0.053039224926009945
0.0391775903557004
0.03850762220869028
0.055232773411916784
0.043256710878768666
0.03188722171654861
0.04642656158867215
0.06078734182683518
0.03235533206392537
0.06642213258946628
0.027941798736092233
0.033822300346883265
0.03763949963616474
0.03219025699886431
0.03632513368214671
0.04761411934671011
0.04238485957475868
0.04062252614507179
0.03874696737263236
0.035104379856732384
0.032028109744673246
0.04355890634619595
0.041132291219938735
0.041252609545171764
0.033004503162744524
0.05820338994089634
0.04147761130580288
0.05621982942084409
0.026508358343214897
0.040210657817866
0.03198816675786065
0.03199333327830759
0.03135084702905063
0.05066817123454608
0.06731649952766089
0.045401376828236084
0.09563049385872975
0.03568005866648137
0.031888052840853554
0.02777684633295474
0.032343152371308276
0.0351170673133065
0.03459641480114679
0.05934178171601209
0.036948066395461554
0.026690575512313075
0.048490881473392165
0.040462228918743945
0.04234284307126342
0.046658335563655104
0.03651705068179069
0.041868270750506455
0.042948373919502555
0.03559123895098796
0.03399225510664016
0.03655392027331017
0.04281778256184084
0.04155882650132125
0.031231880876749354
0.0336120249543866
0.03270157860988839
0.041193956364052875
0.03817098808030751
0.03290813825710617
0.04113635568440622
0.057877692230810934
0.04008233271050581
0.033866666901306464
0.03913068380954816
0.03789312357509477
0.06276444802779081
0.04432569263615121
0.04151634948047268
0.03782422698708517
0.09580166567816431
0.04158185351109956
0.042837199110054944
0.03748390599575653
0.033703290081847914
0.05280693067816642
0.0319736389314883
0.038813051881411514
0.07040189716402112
0.033410759743288075
0.05979123500515384
0.04066594109561017
0.02976480595244244
0.03575389578000512
0.03978526301110193
0.039414055208937544
0.034088490829317836
0.03768341215198103
0.09472537422793488
0.04286159211099383
0.03129846771416073
0.0435590108223725
0.04095862503299484
0.03143533430031451
0.04346764927038773
0.03327594731907854
0.05473081372474122
0.054192950264038704
0.035793092833837914
0.0282562964180499
0.049358213919085
0.054366358871694116
0.039818725425490115
0.032872546170595464
0.18352802148357578
0.047209588684192276
0.037565242493135136
0.056523624102330916
0.054492586289502445
0.09554196050088407
0.0361311737016032
0.03183866191913205
0.04268116234620828
0.036211184643284336
0.04953303574386388
0.040857272958772006
0.08543595141812432
0.04379187370886868
0.03714486607706219
0.04905011885987758
0.04143750390936996
0.04210523087019432
0.04123892838215317
0.035557293379432885
0.06387624050887511
0.03745942520896003
0.034733960488742326
0.028696533913184986
0.03747239480427663
0.03096527355499715
0.3310592167958693
0.05233608215954257
0.029797576374942427
0.06475145956557007
0.061141029155787494
0.04166542654073857
0.055614670560342055
0.03425287564686147
0.05272883016721531
0.03257163801110638
0.03667619451749767
0.03172829081823869
0.04215129142199502
0.04069993574673023
0.035916948635114604
0.04080999039270899
0.03666215197546699
0.037647450133848244
0.02981664253780824
0.07608215466579826
0.029459279884031526
0.04400901128681148
0.07206209334366874
0.06178850838820297
0.04640163604489333
0.04127647267820632
0.034260773342219636
0.0463351276204829
0.07583575150366484
0.025833773923383447
0.049128860001778574
0.03277234566388024
0.04095476914172485
0.04134505779048076
0.037375972398571926
0.04784811136528367
0.0396581562741236
0.03531412574909904
0.1703235995694977
0.03255324481701438
0.0322112999533968
0.04642569867723689
0.12960887449706945
0.036704800152363624
0.04601667957377637
0.04873972544079387
0.043186310638949905
0.048352375068263585
0.05441754684476322
0.03849651763317457
0.0681222320814184
0.039450274922051214
0.059713449457545635
0.039803646916035204
0.03456741192599647
0.04622064023438358
0.03539214644812549
0.03954035372446549
0.043112161682625494
0.04398710279794986
0.0947128510428026
0.03877868290162924
0.042632021766993156
0.030691771861547326
0.03243847281561921
0.0669443865652173
0.030912878792362996
0.05897648070878221
0.027776085791394258
0.036751513423844605
0.062098534379926955
0.02720626841118024
0.043330088339153666
0.029739830026260294
0.044920955878526105
0.03972503838932346
0.03959940017715509
0.12733382803659885
0.05059641601506578
0.045628537248855544
0.04193422309601539
0.04535530163902621
0.04016178647261613
0.04486844446575852
0.06000980779606494
0.06768292670874926
0.04262787508372072
0.047523455842747656
0.03573050826327584
0.03851819236640055
0.049493475824388726
0.046781490320142276
0.04592170234911613
0.02814211404094236
0.04431203501904886
0.030854860928044316
0.03340060601910279
0.039812089740781036
0.040518295887669406
0.029573437338739014
0.041770970268960934
0.06032965142851178
0.06108744375098387
0.04166479600494837
0.03907131773817141
0.044682810070431345
0.05005598989218133
0.040777095000453414
0.03158081230150583
0.04188875688755059
0.06389324771867708
0.04573851847343281
0.03441187424744407
0.03783948713483047
0.038531764254617636
0.038804875587911104
0.039878383629078876
0.06969129000517807
0.037724473923794
0.04449750384475773
0.02933707598045945
0.03489944727721126
0.042662202058926076
0.04719343434997067
0.030052068497147193
0.03308982313796363
0.028180377382545346
0.03955076352292104
0.028551016972319876
0.042559032831120294
0.038325269060372494
0.0353717930713767
0.04061925250364639
0.0360114975185764
0.03199350809407764
0.04877748903740572
0.04345442633860165
0.061310914170695306
0.03206302841503927
0.040404119105272196
0.03823022588912467
0.04224653375515557
0.032500518646221714
0.05385443124174856
0.04122178497827612
0.03871834838372355
0.03272516875281
0.045258345156355184
0.03230568298034623
0.0458786547246736
0.032506016280446776
0.042197093534092296
0.0332013709165352
0.0367201417456548
0.04273063665683695
0.03452299126888184
0.026028568912041194
0.047546078784634065
0.028057439766776552
0.03594739495843927
0.03299513335210764
0.033219126084604915
0.03739357164785469
0.049258543928356865
0.0385529484031052
0.0449683607564675
0.05783118067010929
0.06070472805734957
0.03710320123352802
0.04688778720366401
0.026705630316960046
0.03841285487185594
0.035952647424821176
0.059678274307354916
0.07437834418453057
0.05702588092166499
0.04151938180674921
0.03792814640730153
0.06856474891848152
0.030029550253623822
0.04429364610868835
0.037825576562110164
0.03579474065993309
0.046690238823532494
0.03632052240044153
0.04205807573661698
0.033294662302694046
0.03623116204549906
0.05703279931496928
0.031880543255570166
0.03273039951403115
0.03407800785861957
0.058818158301627795
0.05370925859276783
0.044926169387884615
0.041618124864648345
0.033869948960697165
0.060568734265439454
0.1529139398651082
0.05628328080229046
0.03843436236903085
0.06532238250554935
0.033106329832568934
0.03778825501982842
0.03503409161043539
0.04200160238038637
0.03369904681690708
0.04361263851461647
0.033854393751052474
0.04671960536741523
0.04213885582910846
0.053594955969213966
0.03929400374201759
0.054221889776269704
0.03323460185150613
0.03170225164194276
0.05905795474978798
0.04529791635580365
0.04442639074247828
0.05436943549887065
0.0392442240289103
0.047883705023942305
0.05827784231842987
0.057049389880681665
0.04978730016521266
0.07478230569079858
0.04441736151522285
0.0560935863937339
0.04060729659081892
0.03182520287090808
0.04046014719213423
0.09276637600849785
0.0385580511885196
0.05226545772480121
0.046027707352021975
0.04734265285795755
0.03625522869597266
0.029264745665007426
0.038604609957213376
0.043827818177220416
0.05088258083155164
0.03200375871475725
0.038024068147354755
0.04029513420999072
0.048475121900737245
0.02832245786568951
0.03027334997822639
0.05089819440836354
0.04726315408410333
0.03312473392528722
0.058640093226799174
0.05468480082474002
0.08260169594865399
0.04510046925234911
0.04981088700611233
0.04192493053597575
0.033862863771450716
0.042500552182219806
0.04555778797643001
0.03660119169153018
0.06989339951855207
0.04408243359082643
0.05789917031951121
0.06116959110904019
0.05915099105023467
0.0331043534244768
0.0400258974545805
0.05062477104830758
0.04621554187120086
0.052475017646352394
0.052410174596522696
0.03978895260693768
0.10957140983587284
0.03579571180538208
0.0366075461788854
0.03329739039216555
0.042721106775334514
0.03501215870397527
0.0506775704318038
0.0525302334749636
0.044784527366569536
0.02822619017399509
0.03478549808521181
0.030738419571204493
0.032969684391313106
0.035015095611559854
0.06090556674049894
0.07159151006218412
0.03515456499046593
0.038273902795310843
0.04134941386118543
0.06701401118088318
0.030788951830172533
0.04032177590346358
0.08829650493813926
0.05199017797355777
0.034897775545807315
0.03999357844829473
0.04374124680501948
0.03128536345050895
0.03028711302462377
0.028298519920923634
0.04119552158299695
0.04415877112952551
0.04123715766281444
0.0404997689441818
0.04331062277675877
0.04472096937438808
0.04810804497373072
0.04047069949798316
0.054504564683747016
0.03505354399068052
0.04052222120561153
0.0414247442985358
0.041387632991948226
0.03733290305529148
0.03709366883872756
0.03544376445735623
0.02641057099706427
0.04464567632915383
0.03565997133925086
0.04332954917364708
0.03630926202781858
0.027608388481538595
0.03731314455552804
0.03455630137902401
0.04510287393839584
0.03683746616123467
0.041014710270471676
0.03667674702172947
0.06478899881571089
0.04177072803189156
0.029916286586511534
0.04289876096248012
0.06849361712993852
0.062406955702963327
0.03569175790453526
0.04742325168572553
0.02608236060691974
0.03933842963101887
0.03487186214260557
0.053625679637057125
0.03100470789120793
0.053181535449156096
0.034822912350642395
0.036110334184271446
0.04197246696944409
0.053846789559774864
0.038281794181001076
0.057272011448259816
0.03446379630515414
0.03004744433255116
0.03292968260066474
0.036822611271617345
0.051396569947327164
0.03777690041236918
0.05698855571747773
0.03681892318215486
0.041376096308527996
0.03265589406061374
0.03511971071231329
0.03703230232855003
0.050548289800836595
0.03884487285846717
0.03735014570509526
0.037618234520673276
0.05612935817279066
0.035526545963657355
0.055538389933154776
0.034736520844295064
0.03523231188140406
0.0323665603158643
0.04841051542543233
0.0436900672246214
0.045272926628178146
0.04385097005548327
0.04125584833926403
0.03341010796633152
0.030812014808388077
0.05383684890228259
0.045764155284478636
0.03729411085240936
0.037908505271146274
0.03504533640600695
0.05677110092559285
0.0323654653440017
0.06613902626245662
0.05565923448193671
0.060641298194695624
0.0471402351013061
0.03504663181702101
0.03859046179629183
0.04082288157244336
0.04129161781363309
0.1245976173881183
0.02769465412092842
0.07933770174787663
0.0485060581233156
0.0356778528788654
0.034723927899110295
0.03886531321773811
0.03345824462433486
0.039914167454271454
0.0493279107345911
0.048591733907134046
0.036971677637176056
0.06000097195350037
0.03551514994580385
0.03732149905630828
0.04070051520405221
0.040573130843535435
0.027856794874976474
0.045187685941739206
0.03092960372636108
0.04092667630993382
0.04649455509284607
0.02654554083900604
0.03814127638847522
0.03478050653298322
0.03945744546267628
0.03437828905345211
0.028620447864967705
0.037258108729770124
0.04124989235879284
0.04084766005848808
0.03950546926650586
0.03728304562608829
0.035706309198174524
0.0708543083007969
0.037280582442861955
0.032210051467499556
0.033603096253140334
0.03751984257640603
0.04067368308065195
0.04894172571015879
0.05233564950724927
0.03456821953315423
0
0.042230846242217734
0.0345056289936971
0.04778421052378602
0.038029988403560276
0.02473307417623431
0.03994507966759383
0.03070796117385
0.038873162348556464
0.03493092021902228
0.043711725298975206
0.04179247457961595
0.03677196790984661
0.047520980921314834
0.03746721886102404
0.04183622976181271
0.04277359556048627
0.03275431322628715
0.053479712544939904
0.036866284718897815
0.052779735257851096
0.03368652861861806
0.06853711559114167
0.041378815251937644
0.0476843202627612
0.0378702407196801
0.051988506657105936
0.13400542501526438
0.028373862741298026
0.04604115859094418
0.04215670720888489
0.02872960036422669
0.05634421815818867
0.042285638761920305
0.04286343162495852
0.024817281630125795
0.02971150349360703
0.03414840139461606
0.029971821913771728
0.032699461715472986
0.0378958802725874
0.04193188472242327
0.03010346133016594
0.029594510833838468
0.03228606513352176
0.04022200346287217
0.034946247448051734
0.059078274609176265
0.030046607594914114
0.05839809091445465
0.03231395052656311
0.033370079192775924
0.04212551062533294
0.048715369219724365
0.03234878789152472
0.03328529747103122
0.04265774913949746
0.035748367552998664
0.04292419502268825
0.05377167693722956
0.04209415403323281
0.06139020015205332
0.032047561012253034
0.04799625637168139
0.0323478653213277
0.031147434225907888
0.019635744075406858
0.06657057827562658
0.03725535434584937
0.039924004578934434
0.03650440800032492
0.05156618127046324
0.027947624539736912
0.041660884841610166
0.04846785637179847
0.03763691239990303
0.10368130876660922
0.06157954041185602
0.04223071822133842
0.05113250080531205
0.03366926963097188
0.055177286798842914
0.03268738876411606
0.05251957714912123
0.03843506211395006
0.05694807342856635
0.030136055813187422
0.04045345396414737
0.027352583138678367
0.042158648459798095
0.028970285829349223
0.05624712525471053
0.03697370110095703
0.03578847102969444
0.08671842896655241
0.042044857116619844
0.06691823890863162
0.04287270623880634
0.04100426673114798
0.03350058401346202
0.04779177085028036
0.031223329318830553
0.037557329366535316
0.03495921506323926
0.074804710953953
0.04278822351783519
0.030879271363583722
0.03610164907075462
0.15671135580214526
0.04543313175287233
0.03450029794643124
0.029014740950519657
0.033646581726016755
0.06195898475892554
0.05462613629879891
0.04362477073809634
0.02913858907281504
0.04471648522948777
0.02820205167647497
0.026966952342118565
0.0447766772108759
0.028559386396255226
0.03869014581198135
0.04029913756586174
0.030126681533965298
0.04407879367978349
0.028229735447915908
0.04003614735556799
0.034496526582029625
0.053622249056822835
0.03549884308941521
0.04598679885689134
0.03588523732233501
0.04291450503196137
0.033900005273088354
0.04464920462571155
0.0386852381581863
0.04352077149631097
0.04757257477820599
0.05206243665570331
0.02692625892292715
0.0414617540626824
0.036886596805157205
0.03443379630277219
0.03937359405853696
0.047539689745711565
0.04130370637960853
0.03677946745119827
0.03391506729867124
0.04317114176567839
0.027599933611162048
0.0446866182871189
0.09678088811061139
0.03639196244666903
0.03535113475793824
0.02852720159441883
0.03716888792159262
0.027335785644814627
0.04383771385304414
0.0397715471529697
0.03284992941700125
0.03494442047454553
0.047194291893604745
0.026682109656892546
0.044778628570224605
0.02946956492380357
0.04516444043390014
0.07498429383039938
0.030296541598146653
0.04547460273966363
0.045332318437679084
0.0548074414215867
0.04101723012440166
0.04263540086766503
0.10449560736083896
0.04486420326116614
0.0368532657248262
0.03167681005102656
0.0362735395315685
0.02712446853762402
0.027620156779900568
0.032417056563720625
0.03508393807829324
0.04131704591592672
0.050202956659823404
0.045047176304675716
0.052067885613961806
0.04251256092183878
0.04808068181398368
0.03736011081890815
0.02835491346562341
0.028815772767942276
0.061699097532967075
0.032866460382241856
0.033321160983030916
0.032532346417536544
0.035244205331462795
0.0379929100488666
0.03953312813575158
0.034320926061150364
0.04631956253451775
0.03399796078851317
0.038436254282426786
0.053028891471236156
0.029177043015424318
0.03401337531391921
0.04335833971180937
0.035598407812701106
0.04889739712220303
0.059909067587266406
0.01989724955985132
0.031192734156151154
0.03407913092770611
0.04481993982402523
0.03291948174109577
0.03875898445875424
0.031602280155426564
0.056723324087083755
0.05149247692281006
0.09393830576943696
0.02940136719004287
0.03600125947100686
0.05818281427901896
0.03546539739566512
0.041286561313694396
0.04008788784784832
0.045718336221888464
0.1023407423022924
0.05418516591194152
0.03210505449813729
0.0535328214958994
0.04817922395330805
0.04179790905034357
0.04542857744302921
0.04273258231795623
0.04276332712874057
0.09500483324238859
0
0.05240256921141768
0.04161358374378469
0.043486958502772656
0.0460007882909703
0.05462323921849027
0.043848570868764224
0.04050322230030817
0.039438189624123536
0.04422573449673126
0.04798380192084638
0.03930011111146066
0.021993743247951173
0.0962544785314218
0.033386488119377514
0.029509828026976204
0.035295170207572106
0.03397334409114765
0.03718259754741346
0.0394851717794292
0.028751526112315035
0.029480858533605516
0.038798916338863294
0.03467491059942582
0.03460697109668249
0.04052970614733227
0.04070839111956305
0.040428750908383077
0.04408246073654191
0.048019668015101664
0.038442620217272454
0.03976256332252505
0.02785806556043635
0.03358767084367627
0.03251124173800436
0.029214705396149003
0.03040841383431506
0.034769166982438524
0.03969435151511273
0.03958850971774312
0.027884497987240374
0.040647403643540206
0.04509978191100579
0.027567598889358922
0.04347180646145907
0.032099900555509715
0.04619403193181496
0.038195642380209414
0.036853938599841915
0.03186057469213043
0.03532544253930804
0.03284711631987726
0.028457083986179636
0.039603464815116715
0.029296708108310164
0.02774835020950513
0.03221258903800992
0.032978873017162375
0.027562551316802866
0.08230411909576718
0.029660243543336684
0.02675809128375211
0.045573784542028095
0.03317028899897859
0.03513738712109183
0.043510918276088655
0.045224332832258844
0.03918101723756842
0.030557596312246832
0.03004224801760478
0.02916663854234126
0.026749120831624895
0.03282740384432157
0.040836717992137596
0.040990439263827394
0.06078730391522557
0.0786681474875454
0.04928277422829852
0.03094168943964631
0.0359054989450731
0.035783256281343975
0.03179101070270902
0.02532313501133533
0.0318182541672339
0.03396765015787093
0.03248843668826235
0.03516726006662192
0.03876910448300508
0.03433179904076338
0.04154689972415615
0.03596875386986874
0.03382670116277899
0.034399075782900794
0.032735424717023766
0.03527580069291905
0.031260873112900205
0.03701581556605584
0.04119693066302523
0.04178615297045024
0.03725132231799595
0.048205373806655884
0.042399827033314255
0.03829075055948217
0.028034082666686572
0.14154538157932278
0.029762068639604015
0.0435726838541579
0.14364420259351834
0.04535497867167309
0.047552411494569354
0.040926839521592845
0.028015526937429543
0.042749052146246067
0.03236010682179347
0.03713091096862588
0.04009712788420009
0.03751492553707482
0.04907202664855149
0.05462317717145769
0.044236414547075886
0.03484417199221454
0.036816937311668484
0.03794009984371018
0.041103182202802326
0.03648892622971388
0.03295130672124455
0.03759000942894997
0.034874910812662814
0.03176457272515244
0.030856015881530453
0.029090491023084194
0.04236338884120206
0.03272575402586587
0.04452259594661976
0.04986397616670364
0.029745116657446793
0.09007208051802684
0.0634803688213734
0.03644194474116446
0.03331264268999947
0.03815711903369129
0.031175946095918436
0.04155169246687571
0.04081365995393297
0.05376978761467918
0.039898024038496606
0.03168183639737405
0.040308768528967635
0.038584265208154424
0.027233562932084895
0.03419030338149141
0.03544415510444021
0.03777658116932353
0.036255787204462486
0.037685672771280015
0.03546582101549413
0.05079483357818806
0.03979709238454777
0.03251196531899574
0.033076590438149
0.03600096831134145
0.0279646929657628
0.04454523859722417
0.03687307571324499
0.04440398695876292
0.0364274595134769
0.033717784975284396
0.039277250051479966
0.03621999859853712
0.036010749637095114
0.04549453451596645
0.04315916061026039
0.03686773293649284
0.03807833092317844
0.04921581729525513
0.045004479444366814
0.052693993664925734
0.04928030094898409
0.05176076482795985
0.04570233147408709
0.036742655839627374
0.041594750212630635
0.050844319152087925
0.03577920792887363
0.05981118252897249
0.03155855249494882
0.07293763185322423
0.04319202239791184
0.03291225128918529
0.04446612503708192
0.041927759235078424
0.06361898988060916
0.03560229226022134
0.028076540780613463
0.04170727054472781
0.056018034193198916
0.07306715658725602
0.03241072464228603
0.040593683752992535
0.059903165483805094
0.040581504333117184
0.033153076537885365
0.03437375066119435
0.0317168241556969
0.04939054599400447
0.03212126034911364
0.04295192417478914
0.04505641067481472
0.05029233838980932
0.03967626342254879
0.028421308620826247
0.03245771165587889
0.034818355592910376
0.03190494717759338
0.07012240900900268
0.0370778576554803
0.039998644285870494
0.047000497158492076
0.03975564159983289
0.04250959791902273
0.03208590449385789
0.041012002561228195
0.11198488879408328
0.0586721822037135
0.028132664880844527
0.029391875635088213
0.03492590797275944
0.04804355995408736
0.04541787894865338
0.05842408376906787
0.04114441852866662
0.0384377118527927
0.058345979415584094
0.036932229757652354
0.03523177994012255
0.03449588329516475
0.06153041016811728
0.03259681345319146
0.043631214578991634
0.038229883789814685
0.04507147083120065
0.037817079868201944
0.04245030305363452
0.03229302987153509
0.029297394308478608
0.037758335181191816
0.028031668793342127
0.03313213046403351
0.031010121098083432
0.05831327553392788
0.04158215911529342
0.04158080076930888
0.04879407659761373
0.03141630031092504
0.027503806124039073
0.03262998139293249
0.0343996278141426
0.03358990107347528
0.029117992685107667
0.03415207448991257
0.029668711369428988
0.03578370693543503
0.04410317329741474
0.04370785295122649
0.05994686711730877
0.030548303827941718
0.038962774601278345
0.04375514023226957
0.02716223975018973
0.0479770717747744
0.04535938271685928
0.044575752803654924
0.028424639964489178
0.03128580431142398
0.042450096132137766
0.03206287029565171
0.03397677578989252
0.0328306437432374
0.18210913137336965
0.02884336540311051
0.045902723161101826
0.05120990236882823
0.05224206538905511
0.03135964399516612
0.028936063526848
0.026738996685406875
0.06060654394289895
0.026954890421413122
0.042684760874934516
0.08121859394365041
0.04665305530601632
0.041071626634516654
0.03820402803941072
0.06831374346608035
0.057354075516875644
0.04654385329007011
0.035868015142087956
0.0439255457602516
0.03357391535536939
0.04360883133752062
0.047737505773915154
0.028059542466739903
0.0626920037113228
0.032248666237951064
0.0444468837058475
0.0365212117825624
0.04727700911618516
0.04127965942740258
0.0305864012409439
0.0475308538588948
0.035044691965564666
0.042034939597249146
0.03274767487173693
0.04319920783913039
0.03288872138363675
0.04287113542252521
0.06595860963882329
0.0360108803938985
0.0392212602848653
0.042571786203222696
0.03854559204329469
0.040958063853684404
0.04705940687956688
0.036245194158925145
0.03764485102080456
0.03739337319954361
0.035392502902029534
0.035758043226411976
0.029617356960466936
0.038858533583557335
0.04399045739317367
0.07268992008873164
0.03345658643845611
0.05199485789350353
0.031914227250310574
0.0467058920458553
0.03291873315549965
0.033129922851883015
0.03756550013853458
0.04640322216913251
0.04230430728308889
0.05011098399891858
0.03067930263363441
0.03614195699292555
0.04232230683376366
0.033276332523732695
0.03473999550275258
0.03464213695975664
0.03885761746811854
0.04875968270390986
0.03704009435697396
0.03709718375341748
0.029282919255530504
0.05136522861465078
0.040256510726880294
0.03213178692153866
0.04548395400813597
0.041058540316491976
0.03403926450674718
0.030640728581469587
0.025627851885199966
0.03331194235581444
0.030917786133352405
0.039470341549549516
0.039928041721141214
0.032483921227607314
0.029176681939083248
0.035209868029894384
0.03810526146575854
0.03678245425152098
0.037427185027964965
0.04234987935394008
0.0418347246099696
0.03483025058798594
0.03439846709986984
0.06075964496603505
0.030538922296695383
0.038151169354290505
0.04659896714809594
0.04705785625387371
0.06388374914630356
0.03656335711546293
0.037597770299544746
0.03969975928692295
0.04603048520274812
0.049629452507070945
0.03516119939114084
0.0407852732536002
0.033403850421975655
0.03575189310153505
0.0536053881021715
0.03818552460872166
0.025810911863619477
0.029809212417377568
0.03406505100343199
0.052336423180964445
0.03128589506920214
0.04542603147335319
0.04436044116864836
0.03638107244127196
0.03343823486089013
0.03554736743163932
0.03461000886634713
0.047507926804681196
0.04273911838544883
0.05770011966652929
0.045820096252771954
0.03580730993799437
0.030071521482940435
0.036925442861686406
0.04554131037578928
0.03665744466271061
0.0533738742238281
0.032415589347579
0.030673232784818098
0.038504576049332884
0.028543805339362016
0.035193333157688675
0.02770212293519723
0.03154303178251057
0.03867532478324795
0.05382487367787699
0.03457412262791793
0.02765192544715068
0.031504184867903476
0.03512726458803857
0.04116160181673777
0.033225728895985025
0.04424971082077051
0.057839741926266314
0.0669951139168254
0.04804555990703005
0.10608670279886014
0.035784008909436636
0.0637222860855068
0.08017674546923154
0.048050981209324634
0.05522965169551888
0.034771426394279416
0.05953614879338497
0.03611228751342536
0.05187576874700485
0.04089894834001621
0.02591236471621559
0.04406161401256561
0.03933760971046731
0.03898186111403395
0.04028202432912095
0.04735200210113941
0.06192822699088838
0.03841511192081111
0.03291434093065414
0.050110129892938886
0.031970817263989065
0.052785370800938064
0.03276693420977564
0.03881075292416144
0.03384267205214585
0.04108847523554323
0.033660308581460005
0.049808581886597265
0.046702175216123284
0.03531036014629272
0.03540197595735839
0.05462459051796388
0.051814713699101025
0.047805649381894195
0.08167476303670153
0.043610233074949614
0.03167379717059189
0.032704167350943225
0.03637039118217808
0.03202512852227853
0.03327568600877111
0.04063821251814374
0.03737358142214092
0.03855079558078449
0.03611217310982626
0.05201221762905636
0.0466685868699649
0.04380393489932043
0.03635565030756197
0.48039093852053066
0.0692954546203207
0.028878922987962526
0.03136343042794582
0.02879369584845629
0.03723459537998783
0.026200038466008903
0.028663815487133985
0.03392261415443315
0.03969401454728171
0.03829254987539895
0.038431709252864404
0.037628830138716464
0.03487175255558864
0.052072744426201044
0.05428673482585795
0.04597218776740683
0.03415520410876648
0.03405594478408829
0.030217430479797726
0.031609418482214664
0.03667356360132374
0.04809967908953907
0.08983614223241068
0.8275210000750812
0.050727279491115426
0.04794281627913634
0.03769043063567978
0.04240847293838233
0.035767088757261305
0.08894875691513898
0.038587961854206744
0.05053307910523829
0.02785065986186477
0.04606182410999635
0.05878640239759056
0.04109732066407153
0.0618330062446501
0.05804413297158509
0.06873468239541501
0.03270142899376096
0.036713523739157414
0.03864064027167979
0.042099668456523895
0.033819686691479944
0.039894174355442576
0.05195318574078236
0.02676201509324993
0.038116380978934015
0.036286284933771284
0.05509927337488788
0.04605735644274618
0.054383912570128486
0.03461624905286192
0.6499216663175297
0.1208113221217807
0.10049699069970058
0.02993819779708319
0.03761829756953376
0.030097938899772015
0.043813420239424444
0.03317082433667519
0.030239458473192957
0.07391386578983113
0.07609192975341318
0.0339538494937717
0.028214246950874683
0.06046580896642139
0.03393617723349221
0.03289226817863255
0.030354787655098008
0.038698624220021516
0.04148732002669304
0.027060280885004694
0.04284868163400452
0.05278459364920924
0.028476782730433664
0.04529361655881711
0.03748799345964881
0.035132148051513566
0.05563994933314965
0.03746044867595165
0.061469214522172445
0.047979896037839274
