0.03784510345709345
0.018953460696121152
0.0703542520961944
0.061185643734494505
0.026595123969668646
0.08223040983410636
0.12101683187818667
0.008965811209912812
0.005927339242426095
0.026155261813100343
0.05750754888969268
0.02432265213858586
0.03903106358871839
0.008062099779263539
0.02901919043423753
0.1547601587082592
0.01522540608582892
0.01365827085062285
0.13508859381264063
0.1726549926350948
0.017811428064042494
0.01687833462555597
0.03428148757554212
0.021761021463915717
0.03391311627470059
0.2928400743137714
0.06131503851150963
0.10677995106954816
0.08513598286701932
0.055441070190459
0.07365146724837904
0.013535044487151246
0.01849481052231895
0.03342980212151112
0.075519771844667
0.03161333877325909
0.014658617102972121
0.02924794841360411
0.029454119891819792
0.019408139780017018
0.030196582005471317
0.03561441322654268
0.027270878715685294
0.043725820257315015
0.021545099349252726
0.02098023225556139
0.06703798305278036
0.025110882563238415
0.026633756959947706
0.11209337700870753
0.03309597680698903
0.01862793278591774
0.003949978418322321
0.02130543460826748
0.007723606744771386
0.006041112549394648
0.0069486859200657124
0.006986257468964196
0.03104265769668527
0.06031728517976861
0.06605671038979169
0.07489563653224215
0.02139890756749161
0.052715735835504735
0.05488876018512019
0.018071942695076126
0.0565412971417568
0.02209627733623378
0.02371119584590295
0.01590629007552798
0.05305016315087521
0.024194555243866572
0.009371258199278299
0.009022140108025621
0.077246305564167
0.031074539585558558
0.02412103045712713
0.8518011991905297
0.04856628066394152
0.03034203168205899
0.03971822087460748
0.0320067876701922
0.3581557200662325
0.08246897493390956
0.06972996398770534
0.03970729764064496
0.0896781266554695
0.03398746146313667
0.02572928256019281
0.012352289841139435
0.0251912876278854
0.06005877037189268
0.016485988586063743
0.047212861089786
0.019972728148589913
0.04977004846309335
0.012789205647944788
0.07551556124277588
0.08190677695474904
0.011442631106638498
0.06928787233791908
0.027587411483727484
0.020070989513762537
0.04393161081664424
0.03791527302470397
0.05730790700398633
0.19552242091290523
0.08206910982908991
0.012367918012622171
0.08492045095805528
0.023800229850717666
0.04473663034928223
0.9837589700555541
0.12896651451768054
0.008888004943103128
0.012249914446595124
0.021627877925654158
0.11075901447686459
0.009514369550557374
0.0463663798812509
0.26226021849899195
0.21185815547511833
0.23267236183790782
0.10759887015703569
0.018082907904837346
0.027956225851948437
0.028511034743020084
0.1439751094971316
0.1991184154996308
0.022694117824509332
0.059886961190679516
0.05190226056563543
0.0375120738840572
0.013403306782656738
0.01261112366844016
0.014065220734254586
0.13467565984651864
0.1790281016204095
0.4257851640440203
0.4949683075583854
0.0692243547846587
0.056790826047269226
0.035851382920347556
0.04138831597985614
0.04905507917136882
0.02258234800564359
0.054196342572334175
0.030093009685925067
0.9654308564771062
0.6436811245536308
0.005073419989548205
0.04490193625185489
0.036815933962137025
0.08569342650396441
0.026886013393605305
0.018783721682333485
0.03276486181809678
0.048118977538013426
0.032486716864353275
0.01764151059853323
0.018556038394985003
0.056720439164845315
0.01428692088231957
0.05056534559365557
0.038392539483039105
0.0193327538579276
0.0178874390572311
0.02542724860077415
0.010543706710324952
0.44395238944969984
0.029286388378870883
0.03795184789046031
0.009972566711011484
0.23006877556543445
0.019407775366336484
0.11704597507380482
0.03680086703398866
0.07055946609858561
0.14612618841052027
0.031064430038693247
0.021127947908746822
0.06428924673812209
0.040180348948691436
0.016030760919535467
0.005628258635105393
0.044281828200158815
0.00986612468347476
0.003329083716036256
0.03123932318603561
0.036624165735401115
0.01662543069187292
0.04309166776955229
0.044236410136762896
0.02698141116254691
0.021432574192849652
0.027748216643340016
0.037004565669126153
0.3786183551591815
0.009421117716990375
0.024037982960691578
0.018825115586278973
0.008216569537528761
0.013809728282199039
0.028256483639220002
0.03773946032207487
0.011132255076212468
0.027858328732434608
0.013699919120223324
0.022142612368563467
0.061805492930402106
0.0738280244703152
0.02252037051568367
0.007833779516847385
0.06025167449188601
0.010721743740082425
0.009922212911281857
0.026799107262612254
0.5168752873857841
0.03266352057656909
0.007774615031586831
0.05634465112031168
0.03329739816319576
0.10699398391453481
0.07979478856773707
0.041237148250982986
0.1006667942920795
0.28389005086795754
0.3983854959675255
0.004423712118713988
0
0.03787152483334873
0.02420350646246461
0.027219902428321327
0.006190277709909098
0.04527476683313219
0.035365218588915615
0.05961056839450555
0.012519501130214753
0.04972562080565705
0.038854188059400496
0.043810089327490996
0.060431303356808894
0.017832725598878673
0.02415513878524291
0.026812552760448922
0.006426182094815353
0.01250636863886069
0.027751913370786353
0.01279563510361521
0.021673508942464365
0.03717518182461389
0.02962920213841611
0.005304507989962421
0.025402029280134204
0.06075356331650175
0.034805203938466915
0.04580989446149735
0.02688138232116064
0.02632641132728198
0.053899217019220666
0.03356210486730295
0.0388421668528065
0.007900576723677846
0.02079255082406907
0.030815604945406378
0.023793342701891845
0.007976049069735005
0.011393850536037529
0.01039645122773162
0.0163768304185839
0.0322663608511797
0.036626911079897025
0.05221628490397848
0.04125769650145671
0.01785220390982639
0.0498570946293598
0.01072216883282019
0.0643791441109256
0.028681585830522483
0.04463561430329451
0.017709349321952693
0.015595219309360338
0.039005836167550816
0.02664825873715938
0.016300886008869614
0.14907584705316804
0.02684615726506982
0.02877157599235812
0.017258756367023117
0.048644169423877524
0.005128710317289516
0.03689224149419181
0.031495663022507024
0.02240270211057749
0.03013778614978431
0.03606797964845364
0.02436459016923923
0.029472537699398643
0.009392204008964438
0.0327392712753838
0.01957092181149121
0.010091065894611244
0.027417628234296398
0.02104401862933517
0.00837888112943971
0.03219101619427069
0.03325570860164947
0.07967761317470286
0.0438008997251747
0.0318379039840447
0.02484185529242954
0.009628667198655799
0.03365241965612055
0.03748395571021801
0.060464792825610174
0.012397644969810282
0.024861325372771626
0.02224215987565038
0.014239767381584943
0.11722549858464121
0.007123709383813542
0.03240541087318074
0.023232225965227282
0.016942910428628662
0.04252853908048455
0.022624692994904355
0.008920537276751713
0.024513289247667443
0.030528434695991976
0.040788281608112306
0.02301120920124439
0.012014799738185592
0.06324795277186439
0.015647302733694433
0.027866489360394202
0.008165165663416456
0.020099394041023667
0.008439878162910452
0.011601514498167506
0.018270487682032467
0.02648905909811629
0.031853636516404826
0.029350771071573398
0.008841038611928522
0.019728805855022118
0.009535929661351583
0.017534146428501783
0.01668909898450305
0.04142768665837057
0.07056362853685137
0.03782145648846476
0.023556481707986132
0.17281392354101527
0.011933343877761987
0.06468616253789868
0.022137169901118747
0.02880679459603218
0.027838986370711808
0.04061483288071908
0.08588527426738735
0.05433991813673394
0.08677116978769721
0.02010930175925279
0.015653665355007566
0.009754260749097481
0.021695102220101126
0.023254744123208167
0.017234358737863643
0.007083345042668857
0.012832358784906185
0.02257928625430568
0.018777961807101153
0.043891744444780514
0.039402217846133916
0.06115026830599458
0.015911622890148656
0.03334909714168927
0.036619521222586264
0.006139959794398289
0.05234949636205586
0.01759998396054932
0.022297994298475468
0.035072829186506914
0.014757573495162872
0.008276232039041488
0.006761185300927636
0.014670558677286344
0.03624454789122892
0.02884948259373132
0.033591973970139744
0.08530488808993525
0.031314791447413004
0.010152082712593472
0.044487708082648625
0.08254187952939775
0.08065745726612294
0.026605433040023715
0.020521429554100044
0.00569984394124987
0.034509131358218
0.037803186121432304
0.03713129436276633
0.04010666834216275
0.02518811069544695
0.02149462735023874
0.009173496628155354
0.034343188179957136
0.031030839774967768
0.023662345686410863
0.10919367596229086
0.03645635385306791
0.02012603367439971
0.028960808225753382
0.03514511185295896
0.05322571919348968
0.0266713994391753
0.018008524016483236
0.1370544495090731
0.024505131952406597
0.012317370391912226
0.02355362660121212
0.098159434881247
0.02730004258392464
0.033906843439356696
0.0076449583772261655
0.026183295380806684
0.08413224473318168
0.021815988450564625
0.029870205503813665
0.06104027166831968
0.9226294023102068
0.02035931942656524
0.041733906668731474
0.7727357636857733
0.06410428694620984
0.056456911518565404
0.031217357377048435
0.03121646309699365
0.03709176066614221
0.016272011372152183
0.14720211355905344
0.018733756228803758
0.025053968884482032
0.06832226734123935
0.03616918869950619
0.07895560591274313
0.01966559290050963
0.01748916445806706
0.04968498143338914
0.013378857505538492
0.032270930521478725
0.0186314522258106
0.010012601928601754
0.01890030070486015
0.030883855264004924
0.017474279882067546
0.043142635701375213
0.02966469420479259
0.02289208685708045
0.011043462764506478
0.021920489007918494
0.025403078741069438
0.17148847827692293
0.10704524843505431
0.04666980140089074
0.05771957733907093
0.08370606566979674
0.2322385198060144
0.009491857824650542
0.15246564003135346
0.007118204516119109
0.024596911242222224
0.033419749157631205
0.004241024888462485
0.02889441825563542
0.020917245834137007
0.02145845214162414
0.03299327045709741
0.06494494016039624
0.027385242415802237
0.016843318382686427
0.028166306762244797
0.011476967911874815
0.013092989024435344
0.015011290580055701
0.022222571918898277
0.027599171494553477
0.052637524073235034
0.05244948759579139
0.046434498837012
0.04628448793228125
0.09371294678892439
0.02838771681366189
0.03964657938239169
0.04609332803019256
0.004944864693507243
0.01732641353433803
0.1488945194098046
0.060553862645575274
0.023977248956967734
0.04459441565617114
0.18536540919888317
0.04131118572976728
0.01388490079147549
0.05906561385627342
0.06646893037492554
0.024722845457265406
0.011521863335729453
0.04540163050661637
0.19423146249369527
0.029857092496997893
0.11878768324234121
0.03607435340511705
0.030499233282243358
0.025567548167717752
0.04065957676556621
0.019341565607369122
0.03238878719179248
0.04176987393347399
0.01255546417142312
0.017981069191281968
0.03887847978951795
0.033610275097114416
0.011642300046439054
0.04331355315269917
0.02579539781865804
0.016183038996459436
0.030569955609673044
0.027471460388052055
0.040845141827943784
0.08519747444401779
0.39422908449896965
0.03503818568553286
0.016036786877921472
0.00929709280300353
0.013970142741442296
0.01052957585506876
0.030596723840506133
0.018156140360127915
0.02592618107404449
0.024319308477029674
0.042830147874687835
0.04559554484154618
0.027484890954020253
0.010964341469999264
0.038179189601175494
0.020774080353312064
0.04523177185923924
0.01382567411828965
0.035922830066499184
0.021480566863583517
0.04307443183772828
0.021911068420260398
0.02526077610911355
0.05952133940431578
0.009800105810511927
0.03027567490872602
0.09229412608271043
0.010676943939632871
0.04204422858909372
0.03427384747385698
0.025376218899257445
0.017116209479811753
0.04056428376167003
0.021949518817520167
0.01182715266885553
0.0351105964414347
0.024105937041458008
0.03377730068213287
0.0677497639650829
0.032350307231397604
0.00794033061986176
0.07937880487919576
0.03434148004719845
0.019571147118505727
0.018575189180439763
0.032552118664101445
0.02824077403297619
0.022464377003500312
0.018693485431063205
0.015598025844380761
0.10008475105219718
0.019141929222743284
0.014729735994857199
0.008684885792364557
0.0320061049060541
0.011051270933924506
0.007103378239190712
0.0287353145154002
0.03546703589775823
0.023625892517068318
0.030190522629832437
0.017931759772664275
0.048970753402307624
0.031866995048893274
0.04525950976407859
0.039241365744360754
0.0064678115095298605
0.014708767799608596
0.02738116031498809
0.011383663433603485
0.027931002492657793
0.06803936245672684
0.7114930884143941
0.017266960650311986
0.02581164180037294
0.03400399454765271
0.024476428112433092
0.030552693306262226
0.035146457517585876
0.045418141159417745
0.017077334786222018
0.007747416673640629
0.05960029482804234
0.017763661489987235
0.005173887347639131
0.027712061118056606
0.012919930910327714
0.11304676267293298
0.2728428264862592
0.0015695695255020991
0.014172076091862131
0.02039873731328283
0.005459635439946556
0.021748994986016894
0.028932008524237322
0.03231995899619564
0.006461608673079843
0.031799861190003983
0.009420261989302594
0.0484741319273694
0.020463416298179233
0.062179275926113275
0.7423159271213219
0.046625231859302875
0.040127001568816587
0.031890283033735166
0.029826520887140565
0.03142422587929243
0.017696903054698666
0.020246892204390736
0.03777243523388964
0.014018734806160477
0.009039043706388285
0.006409845688387521
0.03888247824745604
0.15220016435833
0.026756760500760233
0.03392677195323705
0.007513230030338185
0.018027959262250887
0.0179672842169902
0.03058454607794822
0.13138277271867113
0.022214488141213184
0.012865093586084224
0.15129095867517586
0.024841799732659528
0.05836123554243376
0.014748682240888614
0.08938784430834945
0.01303212511943623
0.03741995958286125
0.004543518150632282
0.029848925311981103
0.007743227811403965
0.013938619976213583
0.01885222027625735
0.026192095340711416
0.028570852790353703
0.026414216780181188
0.044347368438783834
0.022740338529565585
0.016371466478291106
0.013761862852290386
0.020878316434359216
0.014259394869811407
0.028634648809868667
0.04889691027690756
0.05095488890952694
0.13870887611019792
0.017119477540349776
0.1384308116049505
0.016234616205074298
0.09208004019719963
0.04559552591235702
0.02922993356760456
0.029449010141265577
0.040507849246316036
0.0556113046247607
0.031174498858259014
0.03687856990282792
0.07496293786519033
0.018688754248337276
0.020576565970062303
0.04591272342950775
0.034623064167998735
0.0217003506277574
0.016056581535901237
0.026640763387159642
0.014510548729010891
0.0059324288015842426
0.016423829275326807
0.02209358330772651
0.014933302851171793
0.0076365207320196705
0.015079519834914975
0.044233569490540844
0.019997104520057707
0.033663216604394704
0.09938771489955538
0.06059971345390921
0.027454347896143823
0.02694015311594189
0.036455539170743644
0.03549807546994512
0.023193997999498887
0.04619879678142773
0.012274519085537856
0.04830517845781904
0.03657584853677763
0.023101944889065168
0.03310802576714676
0.032843348562949126
0.009273737835114445
0.006955871920683428
0.042856944224038795
0.039197184054640906
0.032938654313028996
0.19395374054651904
0.04247273874024794
0.17706718678652533
0.022900278176040303
0.010696596517501107
0.008300689527694007
0.02119212514417046
0.036093144540563386
0.07270094939145001
0.16809810039195458
0.01697252952235555
0.007155106207123324
0.019236631356057216
0.019703184210915072
0.14769808526586403
0.029058476938133522
0.10540129248260154
0.14760346660524576
0.0275008830760156
0.04964971947533577
0.036646740188829685
0.02836585697443836
0.04894606686050014
0.021857889197400625
0.029660137370587737
0.10483514965970633
0.03493034926927573
0.02817119619254618
0.02706963755850769
0.023295076206389095
0.035670210967709955
0.018345247867124263
0.11570208233314572
0.041724008336510174
0.02646924504741356
0.045213008782537194
0.0155608086725099
0.02884146120849191
0.02219675554895914
0.026216661413162052
0.012687754625900615
0.03675853727541817
0.012945395850589389
0.014947572068141254
0.01889460786561642
0.05663875537766237
0.013486356823627251
0.015265374933936827
0.007192883488437678
0.04678435181642338
0.03963462815820595
0.02560320198556589
0.028799776162015855
0.01089751068217291
0.033250366738184746
0.007987774122090471
0.022870640182181472
0.027490134314054063
0.025312366018928303
0.015571506960946366
0.016736469167835114
0.02692473509809501
0.013249786327981416
0.03825614100956555
0.24318818221520278
0.015374639994553773
0.050235637129589734
0.03314532123999468
0.004778959975947479
0.053775794101925664
0.34431885597423256
0.021874578709079995
0.011618025970846086
0.03356538082330452
0.02402199265923784
0.035855915783512264
0.018669159481405347
0.040377199448233904
0.025695169074602942
0.1007382558657516
0.04271999629476025
0.024666462367642878
0.01531703495665934
0.050221573257899846
0.14942338812276176
0.015121691534880797
0.03315636096588521
0.05075921439771545
0.01261275959559301
0.01338921025228
0.12244454976185713
0.031295490875633714
0.053861554904125225
0.03635178876997238
0.02033180803990803
0.0072784846516350905
0.04260129418043941
0.017465833823410156
0.10860870096467579
0.058349757616714196
0.024662369134414473
0.012880906776376518
0.03703173218766787
0.021693943534281074
0.0530075799259269
0.027671892467162444
0.031374497925932505
0.0329602876180334
0.006853999684445555
0.06182062926917123
0.10429175435541721
0.042394546534115535
0.039788404248173
0.05331811695291969
0.06129262686503379
0.04200937426734204
0.031885105283592154
0.020262573201167554
0.2798813806030679
0.04661971955484509
0.009956901413902616
0.03959963438462091
0.018470271119553107
0.025489763158669507
0.04598586558228061
0.03532898535934713
0.043757506480275474
0.03140494837342306
0.01477170103791408
0.018371921048675022
0.03723445056987517
0.030217097615638747
0.02693838444584146
0.04000973008454544
0.017855108758157826
0.024431736928311278
0.04632451869890171
0.035477750900608056
0.026298285784423784
0.028905592803665392
0.044333359418338776
0.006889154297646586
0.018830208169665522
0.014075902446151227
0.03833798328431731
0.052466047454064864
0.03817600235354143
0.07263131234780593
0.04256277097922268
0.02306500407208347
0.05192976116638799
0.021128890613907367
0.030359995599019744
0.0332979058134198
0.022962256296358913
0.020269313280632615
0.019977494428371708
0.020905852597401096
0.02868013198390922
0.008325145362373254
0.0669390565866009
0.036212942941519645
0.058957093170832885
0.11856272679421052
0.026345291967414173
0.01845514667914984
0.02434094573050825
0
0.05133003926073971
0.008800394364027693
0.03081047654472569
0.16427834665039653
0.0070713147805853685
0.010829475386637588
0.005941672901090622
0.02072851370275518
0.022744275468453024
0.03151585152566222
0.01766810249980989
0.011571359761646006
0.14327804810173325
0.0401285345946963
0.013182605528947297
0.04311251097134735
0.02930497093874815
0.024882309780422752
0.007225533364156017
0.019795844351698316
0.010342629214025865
0.025148476447843897
0.022170482140560527
0.0534102875995019
0.026542321105146816
0.03775282492521418
0.016280509843537766
0.011067049642083672
0.029602081504767442
0.032307156745834585
0.016900723127453193
0.07025917231022157
0.05215736073478861
0.02536690228072563
0.031795542859349796
0.0056753526019599635
0.014913785003734794
0.02165147058193034
0.016496686942157567
0.01844196562845208
0.03494078233456061
0.015405937868711706
0.006322829589461124
0.03521032016595831
0.025151312396052606
0.024828472845586917
0.025354824981388024
0.012347211474273636
0.05514585280817761
0.007972654808324034
0.04419098840427137
0.029815141911206492
0.034687137583263375
0.007993242048182352
0.033668707930466966
0.04905597639023163
0.039961427545668934
0.03348516487086425
0.036480762203337694
0.03471160905851569
0.028352708590452875
0.034094479477678685
0.013006616602122973
0.15522080696227872
0.002811619976229802
0.051949321008431935
0.16398079380731956
0.011594922960700027
0.034243978451603686
0.006877918458887163
0.044938163774562785
0.010238305055082607
0.008526005888326433
0.08577202602697832
0.0351981957619132
0.18301263019742375
0.03520616169061601
0.023800271557110758
0.03596705489775197
0.02967265168533725
0.034020666726586685
0.015337823208449583
0.05379349682206465
0.033910414231248596
0.04021554090585391
0.26734094156037413
0.07807483060198968
0.024110738660582248
0.01650072861600756
0.04468291981853897
0.06072668724382853
0.05595549134420236
0.06990553220740481
0.03092647819457566
0.015705872141520843
0.05313033462189133
0.038569211222511376
0.04682327036119169
0.024705164847280622
0.010086476065458604
0.011182783939481074
0.010867302465990027
0.006396081136394365
0.03405440567781664
0.007964959819955285
0.006225458373670955
0.01141916545385835
0.05046586173146284
0.007458564240924954
0.007536252476569304
0.011182545710519673
0.002844966282597658
0.889927760328315
0.03759710475413232
0.023978505343426434
0.02412225557108318
0.02468426896292611
0.008030821281694906
0.017826089201952645
0.06079727595552196
0.0088776675332114
0.03626455284676767
0.030273857412632454
0.010970549273743335
0.02511586625513744
0.0030520949077308232
0.03590794239906084
0.057815554309301284
0.028385431909771327
0.01393149892059419
0.03263358474667648
0.05634847596334431
0.024636383093995164
0.030934431346422358
0.03096600510961006
0.0254232291510906
0.020539930935085517
0.03682082085247785
0.04173578537155986
0.0033490691278078764
0.06810246670812233
0.020929455129676703
0.08505566894373259
0.02263647085482228
0.031510993898086294
0.05900697540931283
0.04815009879165948
0.01133857660655512
0.04722912649620214
0.010158129681279047
0.029491542966730785
0.04756450812986211
0.038249719808563384
0.019478687483487193
0.005581445928506917
0.027371198553863867
0.00810346784259585
0.04501619284675191
0.10150610604096497
0.03445661402769259
0.050477958043525485
0.026832070661583725
0.03062199938811668
0.02257600677298378
0.028717808957159485
0.023908884740395427
0.022404868248764136
0.10449358102153108
0.014047857500691855
0.013034252944178539
0.026144016392220675
0.031014157749454162
0.036434644274067125
0.015530915401883125
0.025975727753473562
0.019898172216238817
0.03730572899887125
0.022158157229673077
0.05467789129801973
0.011529585128519034
0.014672671468685419
0.0161263459493204
0.02159990876317114
0.035781476155706614
0.028671471013014916
0.07094441475952828
0.049100012330141475
0.025052229767655948
0.01909522509551042
0.0612444506445619
0.009271586449838764
0.03377101619589822
0.019831123388115334
0.030837418623630004
0.015605041291233798
0.02857363524581357
0.06411770762414289
0.019290469363407902
0.015348429257286852
0.019016737343951803
0.0264142745546754
0.007418111821879219
0.09199412596838355
0.02913054539819189
0.005332946457567675
0.047647391031556595
0.008849435397974219
0.10656257564978709
0.07051111877124673
0.188275561667543
0.04295686595041232
0.030347787424798406
0.04927838131881194
0.01834640579479135
0.023128447272615288
0.020238712553622196
0.027644601224022642
0.0189493292991086
0.03112786659339509
0.025699891190713822
0.03069878549821224
0.08952264246926049
0.015138055346718419
0.01926868534938273
0.025480230172454436
0.024571067403590545
0.04352405935762541
0.04349411555611871
0.020190574438551642
0.05080195578218956
0.023883612337223033
0.03007553560582958
0.1087169553578612
0.03894598082354938
0.019902240981920644
0.07256636707680099
0
0.03397861483194547
0.0403377905723782
0.039265541524903205
0.03767125279723752
0.03571601931725499
0.028625485967147365
0.032886516199190884
0.060913749124814245
0.0475926812736886
0.02608206485005372
0.024165980714504893
0.015468280322392607
0.017050674558781512
0.033750303354465744
0.0181739353883893
0.0018208129014856305
0.05420871216022805
0.006866028850769547
0.011522696319917524
0.0241770769267206
0.013482297712965574
0.01858588768925686
0.034383206684500144
0.041465447984852695
0.04029883588611505
0.017960813614882706
0.011994380072149933
0.0282962989298408
0.025117734486743433
0.012199051981960123
0.04226377430140354
0.005871262989376214
0.009978439365872676
0.007885178882457355
0.01169717088866242
0.010885734851486749
0.01058753667591289
0.016739665558966704
0.04213959471590089
0.10278615503842678
0.061755517771151486
0.022139678116561427
0.010281344045756292
0.05053208097082151
0.027173670279468518
0.03602615866441838
0.01037034743581527
0.027399914858963828
0.031409248564848724
0.03332122362283818
0.004904556876200922
0.014931285263352924
0.02884392996469675
0.012783625629521948
0.06019419964179934
0.02353145977086274
0.014012008980601598
0.008299881102129805
0.011922921566609904
0.010017294610923197
0.08227481434500211
0.022902746933383393
0.03647460044030604
0.023710533741096905
0.027193023531123704
0.026432799544696604
0.009757336921603101
0.009417852238394612
0.011228945768646692
0.1281036652052433
0.002355823921731275
0.03275694424215195
0.01804919996947136
0.002162629950558636
0.02042109768610109
0.031646152468842004
0.018683136127383645
0.01375174521773991
0.00723351656454645
0.013199189983722347
0.08552015789065713
0.02007338040972785
0.020853940951788625
0.004318102668908319
0.016822221912595265
0.019220479117455606
0.01297200264556639
0.005424420643886573
0.03771808700092601
0.01928488946993741
0.01835806508791371
0.023242914986583922
0.06629466998558156
0.020162366519361565
0.02244357567428362
0.055901466978502956
0.025672945327547103
0.02601238405668593
0.03510878179195678
0.017200796188898308
0.029666303909649968
0.030128491492337803
0.03665546285445961
0.02390304838034516
0.01893917388305506
0.03946853984508769
0.05390415470119855
0.05381683058184835
0.05051128839536442
0.03175038371110792
0.004801258116028636
0.019443621449679902
0.04222662455764106
0.019121355966045656
0.03374733586396827
0.1859847290367805
0.042255209190803014
0.011761227910932672
0.03100905928426072
0.047028723236935646
0.023178445893473974
0.05754100472572473
0.016460425687234742
0.008668480460779107
0.01525949123187674
0.03068618175869966
0.02345834594220779
0.026213085993693
0.020810087679122836
0.00529639239465038
0.017558124161533465
0.03440156908267706
0.01104146413642506
0.057977961292919517
0.013492664636254963
0.4055664735931019
0.033551775914181105
0.06668494838098936
0.0507148397598086
0.04074745248299215
0.01360516182378389
0.019075099510536087
0.02218811421880401
0.06266459595592365
0.013508162360117763
0.01896187800349817
0.025749249255506392
0.029662702624995325
0.009964669359772927
0.026238878105049258
0.10850580969624012
0.050271403657855825
0.018704945309168212
0.04372981363258629
0.015813742592069788
0.027375273140233344
0.009682771207078306
0.014047479104312624
0.02895047291946922
0.012799619987487318
0.028619182162747482
0.025932638583178017
0.0167030224128564
0.16826356409473087
0.01934296080997466
0.055818723532168206
0.03434639497477061
0.004147370939625483
0.036477074725886245
0.030758850006405474
0.03929967029727509
0.029822830254622564
0.014466238775911093
0.03244593799474963
0.18761269552701484
0.05833042025995423
0.02446505390026083
0.031746050809232935
0.019899216008604226
0.04077269100622514
0.0168390617619877
0.03613770306617387
0.021752151630220238
0.022468669790990273
0.030306677891145675
0.024548002029105474
0.014785121905316775
0.014012048607675277
0.020019716082892314
0.028882173874706648
0.04493382019570955
0.009653878181225614
0.02261923707091744
0.05222543090363079
0.027491222610891916
0.013353949256126898
0.03363948342414675
0.029686942540278684
0.017813836846076878
0.024387900495325434
0.021430924682795054
0.014600380150432201
0.02018454592111826
0.03607852026334869
0.015101186670135214
0.06326680601195456
0.09450090794232201
0.05001984733263241
0.05511884452569127
0.009539107410900041
0.0610070949972327
0.01096730187211694
0.044983051990138495
0.0744754205137116
0.02495355481230383
0.01648438646271225
0.035982979692700215
0.01110620015604757
0.031697158150331035
0.01384770840823738
0.024320650363665108
0.10027150835538046
0.038114099581781385
0.011378656164259666
0.006076069550210005
0.03349151815162787
0.03277515457025227
0.03499101835297094
0.024837662825897295
0.08947678941921501
0.025778247556932646
0.21225390950137202
0.02261265909403894
0.029251515558895255
0.055041573304888965
0.04588557730455787
0.036221647673842464
0.01901619074425627
0.013093788047280943
0.0503170555117991
0.015483772637162531
0.020550891997797752
0.04154156437439137
0.009947910451963062
0.03479192654485427
0.024142724405236096
0.05734729889903227
0.008970579232076111
0.02037087263987473
0.11228137318608233
0.04639058154743951
0.035639496305639194
0.0410003280198765
0.00659544146956909
0.01707103043329363
0.026878277975426235
0.7174698249810878
0.010855218131551134
0.009312608131060466
0.021477196778982664
0.023020206619928988
0.025641972974580606
0.02166058574817561
0.03692950073783689
0.005706668899744837
0.029354723547373004
0.030098458010709168
0.0114113951811136
0.019963720371252592
0.020683363383603326
0.21400620356727118
0.020856719231827022
0.0309289623764393
0.06998757779026334
0.019658160538280234
0.015593739101433945
0.01488913361799393
0.018191209724281888
0.008148114664808975
0.06233093781983315
0.03814252486134269
0.029199637386191118
0.026325135629261073
0.007688269609803741
0.013042402971244536
0.03371717582804606
0.006807552712946386
0.03377566898558559
0.037984789438992556
0.006773162291613146
0.011795050603337577
0.060555381700886736
0.13113109019994806
0.0966577988115465
0.058306245237939
0.03047041661378472
0.027531510831686916
0.018598586245961318
0.07422990104741896
0.04218922030655207
0.0078127390049569
0.027781290475268772
0.03062545751802832
0.03545591216238239
0.023367642808158003
0.017628013588179992
0.02633952659801082
0.03841506946123086
0.02654426310374922
0.07539464662892266
0.03454417485254246
0.03190720671763443
0.26027237358131255
0.016473127455657474
0.025687829266216995
0.05854618445313171
0.03496211640093065
0.02131223478776709
0.02228045512352784
0.03919641712950326
0.030165301168027573
0.03414133550272007
0.009991453209907035
0.018041810561888263
0.02643114446025141
0.013082723339318121
0.03097164880291037
0.012757324841966898
0.07828134330003912
0.040842547206889034
0.036228067716618025
0.016231679712697338
0.03765360933339164
0.046441836634408006
0.01535104136474188
0.051659406159101834
0.019714432643701478
0.013599947141004064
0.015393354323545794
0.0063207942292430605
0.044897902649216
0.11714527619785137
0.01832821524381156
0.05021781668380833
0.01093464768419241
0.10438496733690678
0.04044599536154655
0.12811082340883181
0.03804053278765326
0.00996486029908545
0.023345816508547564
0.008374964073396296
0.010072331233590864
0.018724144073785625
0.0062598160937331745
0.0068075146923033255
0.03547438474996091
0.017875030488581366
0.020496580624235313
0.02828212818442332
0.015004699041144275
0.010950270064932925
0.013676507088321155
0.03722071681133437
0.007693849287249337
0.012960659717005078
0.04010572039503098
0.05139712320808049
0.023615494557026977
0.02991188297743016
0.03136283985296623
0.41638079014641494
0.024950077215866243
0.006905224147002179
0.7956449651447387
0.1147634793627983
0.026869926750007586
0.0208458536071495
0.026080341696068474
0.03318761753969935
0.029473584646121445
0.020605256684919145
0.01764544392433983
0.03317275878245257
0.05413390610986635
0.038643444624803056
0.02952002009397594
0.014241876007311338
0.04033750455260921
0.026889539045566305
0.04027672067281317
0.03288412114436651
0.03628977204910347
0.03895411147680705
0.05720587995527309
0.027681516072529624
0.023124998486213213
0.030259822914058515
0.04475867625486052
0.03522091793364396
0.015170836309474012
0.028200107281907034
0.024518768307203807
0.03850934573311538
0.016894812866330773
0.04771761374324732
0.051398071109132984
0.03201878772101537
0.022208471545849217
0.027227279751197864
0.04016644710804279
0.027332454589659928
0.011446199204343166
0.018324377275259134
0.0352884286407359
0.013141273792604605
0.015371793718001436
0.016310331229508132
0.03336994843560532
0.023071919866055442
0.0362587073780012
0.022835568973629213
0.015735249545430152
0.009881435177960031
0.023052898323488162
0.01964840752647783
0.031016356670190814
0.013013656977206346
0.05515499424837442
0.024348285836624076
0.033376256247774905
0.45927318766047576
0.004234213923064163
0.03228227002863459
0.03140930603645112
0.0391980742756778
0.04780947305369769
0.025501163589007083
0.007272071827550618
0.010456233334750435
0.16047974283078661
0.028186096952283923
0.04744924478926104
0.00684472037099532
0.02058050128644404
0.020281309335179715
0.04128675192083522
0.07509828817017966
0.041443219082724754
0.05254740095950028
0.022626940398878404
0.05281868043204229
0.054141717386736114
0.01109780026977203
0.018317552527251528
0.02574740070109222
0.019063501401320692
0.027898833996803596
0.03435504840683191
0.04602174267590335
0.03957180416973112
0.02739081079608419
0.025684767370775744
0.04656027244591935
0.03237658058817797
0.02963354615792571
0.022511992090568814
0.033086146098254623
0.011322199046919636
0.010525337300895674
0.01665403055435068
0.008700235534929664
0.013293999165380405
0.026502856804949695
0.03870273847293488
0.016032683353341428
0.03592462948817864
0.0176647931856938
0.028557648613311403
0.02713647711748554
0.015654535613661393
0.04128300965060694
0.8424083677857761
0.00938354942385453
0.015459672124248073
0.007261492119053631
0.020325116319006686
0.03095453754010352
0.02109456063283799
0.027946451312004364
0.029019245780135504
0.03250199769660413
0.015394291971767254
0.07263982160554976
0.009743013773813515
0.03060651970297637
0.021416364125254883
0.029372775712966696
0.02337784004358154
0.01925956057575927
0.023712475403191977
0.01805770017817215
0.026686414146650465
0.020574529470055287
0.012027846509782964
0.08428848941300214
0.03658035662201336
0.029755488703251898
0.030697158816434908
0.035925105316221284
0.07136042885981511
0.02424172772167236
0.03136144967168028
0.03342814997234923
0.018369575207682853
0.1187442302666455
0.24981514581751313
0.0409254650733386
0.0631969641499435
0.040020579570494576
0.06716171420326382
0.024636851801598195
0.1674576183109672
0.4786381517843521
0.2445680522461941
0.01744156684318595
0.03341092237010339
0.04292053468193682
0.010220395015849577
0.02795530674096587
0.01887520497720734
0.04520473299830306
0.01716547701925371
0.015587980609812613
0.39312797110713915
0.05224954973084168
0.1293584682540262
0.7739379225733819
0.08479068720214293
0.03501863997276281
0.015516657564964694
0.08311600979521214
0.023812350202605352
0.006556653914164753
0.029007170018975775
0.03612550515369669
0.022144167387316907
0.00936286522947472
0.035868614274251545
0.019570703628340607
0.03550664159504043
0.02274156413869166
0.044324234162142
0.052878970126647544
0.012177703932674798
0.00992986280194761
0.02705862976817854
0.01667603413338532
0.050905044651954556
0.02680611828897797
0.0163929812821702
0.0645959015740066
0.014263477031071597
0.06089491756494357
0.23967604698556452
