0.03749906531191447
0.0981721932009029
0.07763234533255384
0.03302263829600738
0.18116919740101087
0.06065245501879655
0.23055152680115862
0.005675387232807139
0.004116031842442438
0.01056688309734304
0.008696290930485608
0.03261038846410128
0.08969952135165776
0.005593408877070868
0.03795312386151047
0.036553277020158134
0.09498462999277003
0.6397553733583902
0.6199492175391815
0.10377490094401752
0.006113409446690065
0.009226186018459856
0.028502942433462974
0.003020116588384433
0.07215534912561737
0.08424194197858306
0.1373253471809471
0.04243121637288252
0.045726220250702915
0.01803831509683913
0.025027760236986267
0.028835831525124398
0.01350140162652699
0.012471450663695751
0.019276926710115848
0.03281401036453595
0.015820382737352586
0.027660959315718745
0.02479684423468611
0.04402916236825204
0.034710216687312244
0.011795462807460362
0.023563154292897015
0.0933790530235912
0.013093440460263237
0.048448956499608675
0.07086215440989693
0.11404734846753795
0.023075768740357404
0.09352830958497334
0.9869426326301454
0.01829260462496153
0.023924351110420024
0.01877172175171327
0.19885044170603028
0.017177390773887753
0.006831981218608208
0.01739772212259168
0.14988775508009783
0.005783262596722045
0.0049645638826286064
0.015557341162397504
0.0562968299072977
0.015980338231913055
0.019689174424356335
0.038075298670896235
0.008848759807297057
0.039216544452884354
0.006125897217081315
0.030439476519413217
0.002328939852514832
0.07452753558849542
0.03832414885634411
0.006280907007878171
0.03625441476297693
0.05690669161477617
0.01885447489457561
0.039640253872142935
0.04192305915983059
0.149308438541284
0.06652523885838685
0.12716487879017266
0.054620967277823965
0.01845470792941149
0.0429086048137911
0.007660544702192398
0.031105892514922916
0.015028160500991093
0.016897379590702442
0.020122623272561913
0.1530215560654211
0.028129546427952186
0.020020801869744656
0.05718199167710755
0.03076284186229717
0.04832526116439813
0.01951984603085711
0.009096507294909042
0.009353588754527681
0.042253772387452065
0.09170118745119378
0.027675814759610798
0.012169521054415686
0.02928996096629283
0.02320407591622559
0.006550550360503113
0.3514273640343315
0.03214985453661363
0.5
0.007863631566482619
0.010327742250773646
0.034060034546425255
0.7162455864943488
0.09841405744398884
0.02959856927062007
0.00787002054088118
0.032695361781212344
0.02064854723112982
0.025731129285200105
0.008083914049096634
0.019957931307820254
0.021536504706838207
0.02417072944328562
0.013740795948133069
0.0865264625020184
0.009885968424824365
0.2589577265512353
0.0431428755640342
0.6977998714433219
0.9853479960047948
0.852121139707467
0.11393682692261312
0.000495997398516166
0.047145325487747795
0.009294388219206707
0.04229390659893203
0.27844957952682087
0.11523151722317604
0.1903209224817488
0.2692763140848335
0.7259703357182423
0.22695648359681805
0.046155949960543764
0.023683678782484587
0.043373611506519805
0.003212666262878893
0.0235003084011568
0.004538603880206059
0.8707949943649514
0.6795809534408604
0.0003451527452631823
0.015557931534707409
0.037185441434459225
0.09693491080299878
0.005580511711996266
0.025709896626629522
0.025109830536769098
0.009173207024094212
0.02142293475194386
0.011077812832149717
0.03432503836992152
0.016558763380694043
0.021465683002426832
0.02365015686982597
0.0464869488595714
0.011358191170623432
0.00971383755131042
0.014435279436065623
0.05251507636529214
0.8107498968956997
0.05113833116951714
0.01487856475000423
0.00911240006605224
0.3937808709656357
0.045555674407318614
0.012484875720284611
0.03244292074810918
0.00914171349949262
0.018053428795074256
0.021673355189587955
0.03297658087502602
0.20815543541644108
0.04242006107990783
0.009881300914852965
0.029765006108895976
0.013454223419850501
0.009977605276706958
0.009105658856998485
0.019124102823464356
0.021270408099023478
0.01645601314271845
0.031903715356525614
0.012553450081747007
0.0140308505640972
0.012777953839569974
0.0312692144418652
0.006432578997645188
0.020864594245183228
0.016933099157165364
0.015852519406356326
0.02480649433378862
0.05064364440833904
0.02802085185655314
0.044369656989484134
0.009152461141132584
0.042841572660005316
0.04729002990395107
0.034263904457198686
0.00014753825785501984
0.04246154325020303
0.02207812462171612
0.01656910735474936
0.006272596890192114
0.008029940912531524
0.007034306322111843
0.007493629368258564
0.025590305887594936
0.017395654232091096
0.007217934455774227
0.01793760560734307
0.039181527221165
0.03168382228810602
0.07940505108611147
0.3297987581335113
0.3463697228410717
0.9530081638406598
0.7190216650291124
0.19601182928124306
0.00061150725676667
0
0.001991159304174254
0.009842556589918674
0.003586992909687123
0.015708517595525977
0.007131385650577094
0.013095313971872432
0.013858386671207243
0.01471116284871265
0.025281660828002362
0.05106229299845183
0.01720150650798846
0.028227663696908174
0.005088207723186852
0.006035846196616535
0.04437939839549871
7.504191294422543e-06
0.006666853416438204
0.004487483649376409
0.0071108329116167275
0.023891381848046372
0.004771450066034546
0.011046049124762704
0.004253356433544662
0.0098854388258378
0.02476399132446224
0.011460002470844796
0.06953755748873269
0.03233550344706141
0.023277048658738614
0.05350608983293413
0.02716435009207888
0.02470072415806685
0.00551946450259097
0.007682274099912055
0.016706656177632728
0.008696820686544118
0.08569834149789611
0.0474553811505491
0.00722176916996873
0.009834304831227542
0.016027517841114027
0.03197582397744716
0.01490858416527382
0.04225808741481358
0.021614855304016287
0.044654412170443365
0.0033070951075696835
0.037237489167594104
0.012169831836137752
0.05966560461094295
0.00816918860346791
0.001180206270362579
0.009692976930129283
0.048075500729708565
0.00018374872284319195
0.012849995695219663
0.031624026374078754
0.00504198027838194
0.029823198514181734
0.005239344030521469
0.06320720301378169
0.006796043230680914
0.012606654844038294
0.02234002733417542
0.03900581076672387
0.03584750120540469
0.013003998505722276
0.005576415498962341
0.08089363260181792
0.005953107779003998
0.022343012587523584
0.026563859458440798
0.027882488085886135
0.015379082064698846
0.005457617024244367
0.01960235507879396
0.10804222654671608
0.16273837006709838
0.013151890788475468
0.04668086770702083
0.006925892855468195
0.015277318299693934
0.004242685058123694
0.04494232387557485
0.010710047941166489
0.003294640114341988
0.01034763798860691
0.0055669278130357465
0.1175120997395558
0.011140640542933244
0.005091256268411873
0.07646329159324398
0.018931528899536854
0.015386294355687079
0.06901066430912037
0.01618629605802933
0.0018509562792205338
0.015453763453438369
0.007665907734049742
0.21531346828775091
0.019975258286029154
0.018105616855725738
0.008768461872143007
0.017064301019858265
0.042076883026801806
0.004116118058625736
0.00831665173892154
0.10452720529795896
0.010886403131555582
0.0007966726974725026
0.12344754483469753
0.005198955048181273
0.008939026280598747
0.020160376557674643
0.0043738707724757814
0.008672539013075463
0.003771789865204628
0.005175257441664097
0.01758600318399444
0.008083128383310196
0.025456456354933047
0.004585321536429303
0.03566442000399476
0.014374532968371134
0.037427500134777116
0.04384959374717418
0.007232487406609714
0.03081423256239311
0.011926427028268844
0.05243627295017762
0.009070205644013443
0.0671519933781438
0.018496592753489853
0.010610800094174287
0.006112040807450017
0.02921071765788778
0.10256426335955074
0.015531092180048169
0.11140754499370942
0.0029888124015012563
0.04267037453416173
0.011269084915637459
0.03825731716762046
0.05153289814352724
0.06385838788573277
0.001595954428735206
0.013716702578918424
0.018497169675691618
0.0014563825637741055
0.008752610687658624
0.026458505986722117
0.016708385979939608
0.03231913268702728
0.00857839277043277
0.02010036575378336
0.02549260365273644
0.0023154976786549735
0.027944244700867715
0.02078219827819424
0.012624244643197544
0.026757888802726153
0.032867023929260566
0.002805239885729529
0.02266273529700438
0.02185639956946526
0.016079184680564552
0.010711173903495847
0.0065962827647375625
0.001150344147439504
0.039585866589634346
0.015132243251280476
0.004645367763760609
0.010323724902238795
0.04678711002915871
0.0155067459458457
0.010310549062704748
0.034125569531946356
0.02175455382518037
0.1421063167065038
0.014361123548618326
0.05401062175000466
0.02141346105473825
0.0059662390285375585
0.03886458391145438
0.027800926676154417
0.09170970630931702
0.05986673957953696
0.006936671607994731
0.014957551543256597
0.022886446190793764
0.10969890069053709
0.016875267418061463
0.005034383131610118
0.021946702410653884
0.0026858558573796326
0.06722751034923412
0.06066644021349318
0.01375249565608954
0.021647219488605346
0.008777192761769064
0.13756482564607422
0.003296452732919757
0.015249590933757549
0.0606483479491648
0.01801209908349882
0.0007214602953718216
0.021854801747704527
0.22618121001066518
0.04867542716476194
0.0032435091326498537
0.1421809580635936
0.15054718133378345
0.07914171666991289
0.020533949567607283
0.051774315619807276
0.0034649467747745293
0.008153449264000528
0.037551346496786465
0.169541623471356
0.03539426875494465
0.0516132278524222
0.010141273004090963
0.010467207117598132
0.007456638673302167
0.006627857166971439
0.01971970101934501
0.015859866950050497
0.027982983464877723
0.037512904467770496
0.004087056528000447
0.02799578493959146
0.048228315580285154
0.10919490616151893
0.08026192371335761
0.035484102444712375
0.03075924806823438
0.09533522975339395
0.841724396695599
0.0026714785433318688
0.20022669204513716
0.41040635356313354
0.0340563426353177
0.04417560616343118
0.05232686694972892
0.03755897656359557
0.016416476703689096
0.039801123261150186
0.006973186432257795
0.02630999671986762
0.005463397309036954
0.042319257727141325
0.005628155758253361
0.008894010746094715
0.01957339488455335
0.055563171245084336
0.028953869253949716
0.04618856304736391
0.017720651576137687
0.03297215044472627
0.015096599493247221
0.02388898964192791
0.017197642899158573
0.010311423905997612
0.008988402314758212
0.015611447511091774
0.0014464945597602512
0.001206721469049919
0.6120483851174546
0.02232667764829366
0.09157770987566496
0.01964367727780715
0.023362945969424537
0.014368431178163226
0.011049544387082447
0.18049980969654902
0.009782641305428955
0.03530704229801384
0.01131530679225456
0.008868668255041586
0.42519686540510415
0.04116676995399975
0.29370324475207477
0.04394851896464152
0.04736817354927351
0.010879386399193895
0.01072805800190455
0.010118027037743164
0.01724698702917296
0.06649701794513098
0.1522775910457641
0.05768785869956318
0.014672738817673024
0.010290557988293397
0.0003182634862419178
0.07991732838671388
0.008771200875620874
0.024269933888477317
0.002736670198678594
0.0032118492215219316
0.005967376680218752
0.005597487706194017
0.07674674547314542
0.037774891495255127
0.04146268346975475
0.01824009958152271
0.01014457108765823
0.9999999938278284
0.017269167441711274
0.035242508339125796
0.060777656220264084
0.06090476032402798
0.08119978363512546
0.013711373399731198
0.0649557473032037
0.08399923567220288
0.005365383731749717
0.20091385614513477
0.007558572564196204
0.02383337231873759
0.0616856039493021
0.02958250554405154
0.006217909554003898
0.015226888288466824
0.013115110609861792
0.011387036017979895
0.00015355440319731327
0.024398789867190178
0.017923446047872972
0.012262054868132852
0.0271055083003569
0.06120633442806018
0.047713646810755496
0.010624906938290568
0.0020735184357753714
0.0021962379124801008
0.05278770150951727
0.03284558553735896
0.019415391671419965
0.00546395301705572
0.045423855967478104
0.02129689666837061
0.036988239237268856
0.10444994775102409
0.024144108945122467
0.019203281253120624
0.01990342556466362
0.04499433596376615
0.027990888591676352
0.004911728712919526
0.0008359574403175119
0.008454705398773382
0.008446112811075794
0.005714577395744247
0.0816528833758673
0.024288027622766894
0.008554173907766418
0.01454815263727066
0.004643418210925158
0.029791291048670305
0.04812428782035411
0.010792013552882609
0.31147268081178836
0.017269548214332103
0.009665821061828417
0.136365561895338
0.029753415731500647
0.010823915196024806
0.005040440729183746
0.007447360018451701
0.009536412306736462
0.00038126903263908365
0.008302242827821058
0.010070159250001619
0.0014287795046898572
0.003232122014507947
0.005325607775336081
0.005701489257863489
0.007320685887942276
0.03238744045493992
0.010923283022709637
0.008611116274453375
0.005249471275511344
0.024754387815071475
0.002933901701347814
0.0072893889497990605
0.014783156051933127
0.04617104708287524
0.011966725400220861
0.16300280575769846
0.010303013546517475
0.047446060670734036
0.014313525504518464
0.0014162611478367522
0.02355819426717692
0.011180372552989691
0.016862697752005468
0.03391908666208739
0.032532623846463396
0.025404167021989766
0.02330970109524284
0.033310973134006286
0.01778489628843996
0.023690649157111644
0.1230020446834781
0.054966987838558294
0.05341049180817553
0.014637623406881612
0.0018386857656735585
0.002357505160286608
0.004190616647754264
0.007741293424807235
0.003888413411779771
0.009868346698358026
0.013794603442142771
0.0164408961152313
0.007588829965171888
0.000857366582377115
0.03952392930246136
0.007138005033229894
0.006842083367024516
0.1817987414551828
0.10589545425076521
0.039252229683085484
0.07112523853942979
0.028549553752183075
0.09069539422696161
0.08603236058945925
0.00490440897754783
0.06137578894398927
0.01574728385740048
0.008773311707574937
0.017385653938338307
0.02180345210461921
0.07010816893747925
0.01875538085075259
0.012448200054689022
0.034638528335612345
0.06997902712843036
0.01369670431138614
0.030048507640567483
0.012834695230807235
0.004040141283318785
0.005707589050563911
0.003353644070757196
0.016370471428680408
0.09604411669516896
0.01881903762790932
0.008498673540662426
0.10568662005025867
0.03368117365356498
0.05826921708801393
0.07171666580141771
0.06831516471478911
0.016232838953989578
0.0128722929882859
0.042477314721413056
0.03154277212105914
0.03820813545473139
0.008822897449398702
0.02123675544173548
0.03368714677128032
0.019483413635499776
0.02447507555001766
0.020098238926623997
0.023860358435115383
0.019112649006450544
0.009625332977954187
0.048423948478569484
0.030084946517900578
0.03814938487089543
0.04113826670127027
0.01797901978267651
0.015326807443263077
0.006491850160885048
0.013588304025456783
0.009149311501892896
0.11177867212649545
0.03203742944644495
0.012400318587602826
0.06095009142941019
0.004306722339190423
0.19975351160171728
0.007322158833776649
0.03940741903230027
0.013531686975424192
0.03604480933197137
0.023449205900767003
0.03607731905964216
0.05087792155328297
0.08560187228621587
0.026164719514520898
0.04736390162135841
0.09319036752532996
0.02348561496884899
0.004524134695671748
0.24046112258136934
0.029348860033071363
0.061444186640022186
0.017070927014422102
0.02741360785172116
0.08344911162435481
0.04036791885338903
0.020087171473532554
0.010784673808938154
0.009874250715790268
0.013664342762555366
0.017127352269224932
0.030731659475787484
0.003335779997764661
0.009745402611589182
0.0067232513872412724
0.017167577068823332
0.013149244647567756
0.04631345459964733
0.03833460123549408
0.1212895026204056
0.41242797100449374
0.058905381914108046
0.09304686344531224
0.18133596896322116
0.08039751375355043
0.0474485410625173
0.03281105007109105
0.04747720342070861
0.15720920261914786
0.019911061859190997
0.11959357162070755
0.007281010299014323
0.03811546734113515
0.01990649443469573
0.017028827574139264
0.020444338895876553
0.019652209026121407
0.02932213646310541
0.02706467727277564
0.05650491831806963
0.007545149273494579
0.0004062453860470152
0.018375096548644474
0.010624281611161815
0.028049215134727253
0.01764850805248598
0.01037907335755115
0.001796608319083067
0.005394168321252431
0.002166422103014246
0.001781384412873398
0.0029188286579291053
0.035971674762305526
0.04231647877850922
0.017823804166940984
0.02405685681853102
0.010157535233636503
0.010424068480740121
0.012825224394751153
0.008727011956861177
0.007639149104945064
0.017325299844805724
0.011674286319687997
0.0007982224507828539
0.0038453167461765594
0.004963530197393089
0.011860258692814766
0.0029199623602023995
0.13748198917152485
0.004191092119240648
0.00886248321883574
0.0008239983485379134
0.02230780060282222
0.0029519316901597
0.006953756916795801
0.008226512574616651
0.08257164559195836
0.05642555273046341
0.0059371094813376
0.008357420589966118
0.06149672455371852
0.0068272103508103575
0.02929732865837584
0.008582767720321311
0.02391091932511056
0.021581562099488937
0.01001599178954055
0.10079569540050796
0.029510419662354282
0.05953873423928589
0.03630040037312789
0.05488166967997932
0.005316431859749029
0.015514012032052545
0.004464563584427721
0.04289191824273595
0.0036794975724891376
0.028544173958486373
0.008771458841487499
0.011223158102030516
0.003226159174884662
0.01714269051049103
0.008470865487449679
0.015254974124668523
0.009853045856676857
0.19486724628587052
0.007846970444241935
0.10286191885704228
0.02800917464899223
0.01343908537406071
0.02320566491041479
0.0036322856269145045
0.015524090851054297
0.015269731794323126
0.034563910868412324
0.0669408164632176
0.41811161909112543
0.29572324194545324
0.1718645004288626
0.023689580313343908
0.07510244038933084
0.027950762017971205
0.025039994260507913
0.000869826145691191
0.005291937822432348
0.05169284009359898
0.009418558245756959
0.03968543020756144
0.008264711193590074
5.925447905582712e-05
0.010831845917375807
0.022632163185801944
0.019687636350354136
0.02332013883745449
0.015465497177632893
0.06545095798944106
0.0067111705935424945
0.013605030494670553
0.03726022882848592
0.042159554449376545
0.009294847127994383
0.05810096548366453
0.032031518828203355
0.007627141254427134
0.009679365266593895
0.19057395543428135
0.05467005883838109
0.05184413124404264
0.017648876508146137
0.03848408414782284
0.013157877989139945
0.007787333098388884
0.011069385848440867
0.02261133348955562
0.021210107224712324
0.027873476843858682
0.011472785005533778
0.01486086541762627
0.030771724873561505
0.03668509074089826
0.010163860034833843
0.0141724651459295
0.004513156756761063
0.014327834679536385
0.03809777761972604
0.02189028310934601
0.010384130081082408
0.00864935266116608
0.04117328213589756
0.015292259266208296
0
0.021514627427078152
0.006188653766567059
0.022786264333070374
0.00979874095102266
0.0028434649808362065
0.002360357950786839
0.014452331598462887
0.0036698749786745416
0.003126217708093165
0.006826843919657213
0.005636734831212098
0.018706501098546147
0.004965398605080778
0.07115040441374754
0.039504516162780466
0.017992951807295363
0.07180778508503892
0.9334712095182848
0.03726344570598264
0.004807677068468645
0.015445760046692927
0.09385923146651655
0.024199339830126308
0.020022833952184894
0.015176305202487802
0.03397423612265449
0.0038935635642579416
0.0062453079400606945
0.001627534272918484
0.023035389774247544
0.0029874342917787008
0.037418216048300854
0.06717915923665364
0.0631843270860225
0.01985946143855393
0.01845915941379371
0.032764096222810624
0.022231705129739644
0.0048470499281056565
0.007200769291834545
0.02173925940101766
0.018955508703861243
0.004377689682422286
0.010609648615066155
0.00541337396755315
0.014632231236991932
0.16358809200971558
0.002726910140827514
0.014176530414827571
0.010815692714891556
0.0050200283496541435
0.03780944632126144
0.05711275452854598
0.17069626458275122
0.013294017128201285
0.02269326129791752
0.01686955218449441
0.013309470681798425
0.07063964953588528
0.02731164170369251
0.009125814602177004
0.10432881625401326
0.32838386968615607
0.11041029415382737
0.021910131369226073
0.10811997861265002
0.01728089709486843
0.004773592466665978
0.017277385257596523
0.0011661553842393555
0.06273205204182135
0.008196578071470643
0.006885487392268213
0.005917477610779694
0.028591843722792595
0.004052066223220551
0.061890191599104166
0.030832783838591133
0.02590710891448652
0.014113175338446134
0.011019410905032317
0.005518860645575529
0.041973615980003355
0.046981846936738146
0.024184225596151535
0.003067252220483565
0.006841790633947271
0.039645227030349985
0.0053012436175850965
0.004838730748071331
0.07801635060998473
0.2558338102410841
0.07208713832404683
0.0145259970466116
0.08136719461339623
0.16577175886502907
0.03347720949880533
0.015084020673245633
0.3129547032343413
1.641617437332256e-05
0.10856066403638542
0.04030770809160249
0.20927530859594232
0.13903275228328543
0.5084949540258012
0.2025899147592261
0.04289204692633326
0.041192893946348466
0.0070141675007558985
0.016913240068724248
0.08098817249350648
0.6268552644789608
0.026657537599068814
0.009695471953994192
0.008095366227111104
0.0038421314260935063
0.018347968569027727
0.006849819424116949
0.01685170915454739
0.028407216147692555
0.00523091246387554
0.022308930280296735
0.010737828583603271
0.011609195642621962
0.026452985160699972
0.0009445378665621923
0.016965720781902748
0.007423786647884535
0.029550917845782797
0.001135852273470947
0.019029467603716134
0.044299083303607864
0.012535346098812272
0.0009598097086082524
0.008156355550269527
0.007707683446321239
0.04557452089686382
0.10133499684998926
0.18526128556897703
0.0012809291484960758
0.008905032762938518
0.0100326698346399
0.005814206351509736
0.012461762242471402
0.021681562655455306
0.020148891316562133
0.012825595787471233
0.022595424826253496
0.034403951788425424
0.005637937262753326
0.01896149898223602
0.0311865772872232
0.00904191409490571
0.07464090631697853
0.0019033120432293273
0.006037463105885312
0.002691986032398715
0.045867606250934424
0.1450816352036429
0.02325900202173638
0.030763405125448468
0.07287034520846691
0.04066884051510083
0.08446963255995182
0.08963387990741158
0.06541271559272473
0.025232946521703704
0.04460777916237546
0.09090837780465467
0.005895107078978636
0.05596899810759142
0.058634671227437554
0.014243748473900357
0.043199849387740644
0.008951356170653483
0.03790585217848128
0.021742624118380995
0.021577891718433998
0.020586474204283483
0.00513832750535129
0.043907547244680184
0.02265014916532557
0.03856789086826183
0.041628935640953636
0.011836257142113386
0.022750638014752453
0.037179169180162196
0.013308137283889371
0.03408512983789902
0.016664933382600125
0.10210118431928251
0.002739645706257163
0.020944704975047065
0.003937877563829002
0.0023109973844718705
0.02503604974231807
0.008060995976853612
0.016039668042030546
0.021138746069667983
0.004444587070069271
0.0008651580787892835
0.0014601776875333235
0.14978697449139924
0.1068229047145901
0.051520750937522654
0.017500109386532365
0.01793311476985542
0.37818000156251524
0.033639074566487445
0.06464424856690383
0.05324626169607571
0.031216376110800026
0.03730948016597667
0.017043239422191048
0.00759316546765492
0.21189824747525246
0.23994296607640847
0.03313267121249933
0.04937184178909375
0.006864294145289224
0.0019011916428429642
0.039525747159327794
0.01385749504392478
0.029195283550262914
0.002887143392438925
0.06575592555999572
0.06087035562359495
0.03887614261605522
0.018732450619424322
0.04109070462970848
0.03305539162549833
0.02928522031692702
0.051394886088665874
0.0958953784304953
0.018251083106528405
0.11906707648339905
0
0.06181190874461361
0.1474772291314729
0.047057177336636745
0.02005530246696739
0.05405996796272757
0.014573108039769495
0.011505140345763342
0.00231004962859981
0.019265133246202774
0.024606688006091604
0.014199456177194997
0.01976550547493156
0.046642247101248556
0.0584437767706839
0.007459894886138304
0.0004900936640637993
0.002834041342800139
0.023666476003812213
0.0066559098580435344
0.00593230252490787
0.008419463124330907
0.0022180010003135867
0.02091848251852744
0.017967515488556917
0.011668277827047685
0.03263419947858136
0.014708698946339261
0.015234101278406574
0.01386063051911117
0.007121042399202259
0.013134865997126408
0.012390947231649341
0.005540603162044751
0.003235389565749864
0.025970563115928356
0.01199662237762424
0.010504231924561677
0.01356922760359268
0.005249399320534131
0.01104799159737863
0.017654039205464298
0.031546494594002064
0.06738628399403071
0.017548238451116957
0.010495614810550684
0.019412416796248763
0.005005687434732914
0.011446426501726907
0.09558034817411483
0.1105586648504033
0.01931917766669303
0.015441103554482943
0.009036371730513412
0.011871811055607955
0.0076885435128845395
0.009746924508624499
0.010968462277155509
0.02504112771468247
0.04155628544463181
0.0034791335110166844
0.04089361250134049
0.008997274323427455
0.0032214444485938855
0.028501433082298116
0.01476337148335348
0.026110517018527464
0.03987055578335828
0.03159057320864006
0.04997691109538807
0.05715226414872356
0.003609102892121627
0.011621209083026976
0.010587812335262252
0.008904785320024493
0.04466297325916965
0.15513410051811327
0.01601763726687983
0.3541108348722784
0.0026178904088673518
0.03282191546982768
0.03995181515698387
0.004906896773745493
0.03318193881912207
0.0021765962836608247
0.01099053337361684
0.012705738174894638
0.0032285676082229884
0.0071771887203542235
0.005126537639622769
0.015509105494238389
0.009203375829982801
0.017377095467771136
0.04460524575399406
0.007106885134043753
0.028210793283310158
0.013326124583479936
0.01688428672586392
0.042945043101435584
0.06472222113820787
0.017022820153196946
0.02977725266319049
0.02777644604134903
0.10341359909117499
0.03717556600879978
0.04288595277275941
0.030119849124737932
0.016848899850968775
0.011028383870739983
0.02692082070596423
0.05246198034027177
0.031464665031837466
0.025956438622082117
0.029576267013660097
0.008978047154925107
0.05348697249923505
0.00177917982693515
0.06239723970331542
0.0405514130559975
0.020020456173938314
0.03726531249787623
0.006607568143913808
0.010277662969988508
0.013546423986515264
0.052387287019804336
0.011987271855370225
0.018646990975955614
0.0121802188303455
0.027058661541135544
0.09346170857079139
0.027520339809888602
0.02391003328565185
0.009722349331047892
0.017551416443388486
0.02490599531433644
0.019731012571469052
0.019593134669646586
0.0049153935615375
0.03369063230974739
0.05214922031944544
0.04455382321387479
0.04679083296770663
0.02903156392305975
0.0682325511198797
0.08784691878825203
0.08279212788431466
0.03528452746713109
0.09982216469907647
0.022728609154936248
0.007959222049244312
0.002637732765631299
0.008464624908668106
0.024725714010591017
0.06241742670879124
0.03523592166655867
0.011444324812545044
0.05431291956374591
0.005610154090393411
0.011700333616494021
0.4651568089728048
0.006639916626277508
0.0062041627363743825
0.005507367003091632
0.004141791933001438
0.014462186118263741
0.01030294509329464
0.013780266316244145
0.00461317671059448
0.05122905162883822
0.028304651702924323
0.00925492326873817
0.010171635662091377
0.03359767929030674
0.011341856205692141
0.043539627536844046
0.05684865842351987
0.05961112139310223
0.036414008125367055
0.02556138375845949
0.005480644652968332
0.04947310421066446
0.0622864785705418
0.0891748221352083
0.01656530259058571
0.027716364919517403
0.05901002459267337
0.018277593473809077
0.02183233145044696
0.00409566359196916
0.06271742170355314
0.0029859378034286055
0.014776745977087734
4.2643743491332477e-07
0.007888555684711257
0.02845490895011313
0.018854864774956095
0.010877482625090612
0.010622783203202524
0.07328489138192004
0.026138022753216892
0.017195517495525843
0.02274958137533767
0.026304357012436205
0.030967346388485792
0.035199412470136526
0.023276001906141805
0.011034466742352452
0.11724680873863658
0.01729211992716394
0.002611131932186973
0.00759354767549928
0.09314808811550165
0.03553100558242916
0.006476991287346128
0.009289714210895392
0.022941214146236257
0.017639306191478712
0.05685488089897275
0.0010323493196865284
0.021297043195645356
0.029995822931937796
0.14376093020328792
0.044365889605359435
0.1612040913082193
0.004511843713186209
0.010033633102630436
0.024349883529257908
0.01052255319455812
0.005400525850537781
0.01787483861822149
0.01563557631844583
0.03191394858188621
0.016373941918391078
0.008430934699627864
0.036935964231294846
0.019751698326921842
0.04986884425073298
0.05904026528768982
0.01931566999835712
0.0018417451322786812
0.061049271669766335
0.002593942487641032
0.17866158488488007
0.010851221030498834
0.14980507001820104
0.16321251642612344
0.009825399252112487
0.009317729077361654
0.005365655815242196
0.027093812489639466
0.22157995994325114
0.054938926711869576
0.038629406497319746
0.05307268309021433
0.0677165305325029
0.007383266983192037
0.02752492804803797
0.023248250407618
0.012350439239583129
0.048055287256365604
0.002289645610129164
0.04730373667143971
0.00689740203183743
0.006768954820654859
0.021880833968750884
0.03165075819969436
0.00543320219382433
0.018105716522005287
0.0065353590182117656
0.0456089632566603
0.0341916696964882
0.019470750241894604
0.009507143538422932
0.007879494627209686
0.019865536262189502
0.012250354937625683
0.026212089077076704
0.010468923565139615
0.5088650418885561
0.03106923900300864
0.06657568760113941
0.13630307717582307
0.07291598582091999
0.02149128717162699
0.05275944786600919
0.06659295627054558
0.05586955889393542
0.035230409818414805
0.027618607620859846
0.03416750386126816
0.0133798732401836
0.03297032736433477
0.03670197980416159
0.24697804125193576
0.06963727397433563
0.04795376484164802
0.02102349297864453
0.07608170128897217
0.028212558412193747
0.01888744748999058
0.0190674429300514
0.04101936013520889
0.027983242608903794
0.03168353618884432
0.08480386477025524
0.02908689836933278
0.010917408670251635
0.07923518110715617
0.05194079630029556
0.04178583293127032
0.022478754871489155
0.0341002591473041
0.038599062817158414
0.010630172132256695
0.01593220770088437
0.012917734145722125
0.010886759441847993
0.009469290932348717
0.0188726134451818
0.019201866926533008
0.005756464176464823
0.053734328536358504
0.06959648152291979
0.009224079416741604
0.016264699537737137
0.01407934717600063
0.024242610386165483
0.02162222377373563
0.0043258357613586845
0.014687782749506122
0.006722989008241937
0.013698614111261437
0.0041177538944217745
0.06281360253277476
0.020016154140767572
0.014622333613357512
0.037640328848813485
0.02852136915577117
0.008389384633329965
0.008772933978227789
0.01982898714292982
0.018053944067543116
0.015381011506744063
0.013156558419488646
0.01958461293445648
0.009368625229197451
0.008821469885662311
0.023289760828173005
0.00855129761673338
0.020204040327803773
0.017135299354543262
0.03083336978427374
0.0074602169420618526
0.004243722154240363
0.013126693140455064
0.024911680820538334
0.04303728214414328
0.02287550931017607
0.021583019269047515
0.06023158982714093
0.03143588829889779
0.040299443624557695
0.01423172297391722
0.017799235799798686
0.02464994031605626
0.00552552304839248
0.006731172893812626
0.006038475461414225
0.014914124073552786
0.002654884271865872
0.08785082090165865
0.0331271722222481
0.0419332206960423
0.011669889243473536
0.016069027013655406
0.030631026664405203
0.8524950279344615
0.06071896069138857
0.04940778450957665
0.035419463515031606
0.10779464227035852
0.017888811096832782
0.0022985290553138825
0.060195208295569826
0.01494084560472056
0.023492641459621807
0.014765310173813386
0.033815554097219695
0.029916555550478053
0.06610089322881725
0.02310164585272248
0.0316365781625811
0.06375326626829816
0.017226902922197373
0.051205442111516786
0.06688315688350774
0.017170271829396608
0.05450717575301528
0.01019724864655782
0.02042392360258767
0.06646354339634447
0.05879418960042455
0.010946212815705644
0.05980770146698197
0.04368282373656172
0.028615486996115526
0.012202239805472198
0.05782613855004895
0.007904022803612699
0.06907268525381355
0.021086557885421256
0.01516551502464631
0.024003874688690658
0.06470786550867048
0.03975469983424157
0.030199611747028687
0.024328913057350694
0.0032976442354368646
0.0075082900140533825
0.03661535923423989
0.011845086839309984
0.01573189877319632
0.010173180995175925
0.02850759931182334
0.03677347085370744
0.06197243464311138
0.007772168995270059
0.029849921831968763
0.0039328103831488955
0.027349126824743993
0.14985466182676166
0.05888491336116553
0.31777306799712907
0.02551644602780541
0.02962965131220079
0.008598856246531344
0.037510342968489326
0.027532575236974416
0.011214378797935758
0.10750123689645055
0.00045813348867898356
0.023027997639355688
0.07591199091894844
0.027266671677086417
0.006551007552922909
0.015537611422383074
0.017855016936492833
0.03191980369369877
0.012262469217123912
0.020097867627947675
0.015018869776382135
0.037381248141322335
0.005347273847855436
0.0027691144742636987
0.022736490459322124
0.03235117802386122
0.012581108479436637
0.024640007877090635
0.025788034319672217
0.015013374616957634
0.01064489061524423
0.02342110906567865
0.04016450490592946
0.03533842807399262
0.05966973241051831
0.0434705697014267
0.006972938559013467
0.04907086669068967
0.021060624788550912
0.0023202396452739107
0.005200489352797641
0.01409631441877978
0.018033682515448343
0.014591635599429113
0.005239797514786952
0.004297796846839371
0.055937248975715975
0.06051119353089036
0.020833196748745286
0.05916222296548405
0.04657053169295028
0.07805022319176111
0.05861982816938326
0.005402141080080487
0.009335181300938187
0.014924709375962651
0.016456242397268877
0.0823945017399578
0.03457982214828695
0.09481622517109813
0.012010482401680917
0.0910206801781703
0.0061721191227780475
0.1061558546089862
0.02206909023455392
0.004095485326171555
0.014837031738769461
0.007468450345794431
0.11118943916035873
0.019467755514754617
0.014607087844044917
0.014113584675458795
0.40483333745586975
0.019743817360550697
0.07420842679840284
0.015543860466342799
0.0016364466555519543
0.01922842882076776
0.02554792908264742
0.009837551026720478
0.01199785849720465
0.05722452742036012
0.04143258151944164
0.014000283315816014
0.014216021356266857
0.008211814296121646
0.019668363609960205
0.03600635064676141
0.058059924527295886
0.004981695931544799
0.12364565565665776
0.0891589271091592
0.044118214336491914
0.00355251252569589
0.009578060837100761
0.00543775175318984
0.00935031914638796
0.016473907249978884
0.026521583822649304
7.16811943227947e-05
0.007315952889295219
0.015247053244127845
0.011040932366043987
0.05650348283567187
0.0486059925840539
0.021479774815030696
0.003239583656671468
0.014948563725436695
0.10665825585751237
0.0027653738865200347
0.010103485088901725
0.009275182371522672
0.04620861343267257
0.030544858310287748
0.014627301648566729
0.0086084956137985
0.1985035104611581
0.03356196601054779
0.0023740343962710218
0.019746011664393246
0.05414589183764774
0.014289479429427786
0.029170815149667403
0.025771932342782574
0.10584678252625768
0.05751953112116675
0.01154490479160025
0.11456787742337605
0.12125955709345256
0.06025040805611329
0.05663429838622907
0.003052717721728676
0.17822890592500673
0.015449683570800926
0.03707512751428062
0.05353590387453736
