0.04763900680098639
0.03974322571585363
0.0419000590050282
0.03953363430175885
0.024971058095457074
0.03894583468815764
0.03748926143108342
0.042213326633298486
0.056569074557181256
0.03727032179546966
0.03266551319312695
0.036575460927027896
0.03888039367939254
0.11505939738153804
0.038602979218780364
0.0464181190995023
0.03885079274515454
0.04170522156871486
0.02581461628428625
0.04220957448540344
0.06098957173095179
0.053373271231801585
0.05474327758873404
0.3080272863067288
0.044028172646909586
0.04495988205886975
0.04435834800447937
0.03970844691788091
0.04250260596183071
0.05384038790283017
0.05310281431103993
0.043465017952301656
0.06975841254475504
0.04059303674025715
0.051095122957351455
0.042778696401792535
0.042588822690775026
0.04541556901415832
0.03791789513357533
0.04658265203084793
0.04067253345895728
0.04334464144365459
0.049607162857947265
0.03919236048376108
0.044428949384922506
0.045698034897597904
0.04267360458063548
0.03972014677892231
0.05636567770687868
0.04100673972319306
0.0356275892374669
0.03542563366123438
0.051380977198788765
0.04172078096608773
0.025714646826308703
0.04117276370674929
0.04387141040218678
0.045900823681411185
0.04910228968299303
0.04882419055484387
0.046395610056035236
0.04819851307516782
0.03750882962166691
0.05551764793568113
0.04180652239408974
0.03188694757222898
0.04120723225593124
0.04191576491674328
0.05999361361344794
0.04130143826666425
0.04505576488808259
0.04245124921489383
0.04826061034606591
0.06013021488868879
0.04147757957560887
0.04422602070262338
0.042895079544996044
0.03630018633428576
0.043211126260584945
0.03592660154018458
0.0412072201856457
0.040569901854690046
0.04436333438582084
0.04864431659525695
0.037768912872488236
0.04378972458044639
0.041080826148299596
0.03263217649391488
0.04202146639084582
0.04484483416035064
0.03304260872053131
0.02684094653099724
0.05663464358452759
0.039967677029298966
0.033503246794543674
0.03625466688483404
0.042128133713705065
0.03598377026575082
0.03638841322228095
0.03984174349640442
0.03960031301283783
0.04617435562406457
0.041596574015619794
0.032568954424853754
0.04123241759092926
0.04204814399583653
0.040726944169086905
0.04417582773233156
0.019195148686987677
0.048148195701868964
0.03556793645056682
0.033618945686862904
0.03934589460400133
0.040351325992811236
0.040365725515497705
0.03610207149187503
0.038789013971807715
0.04334963092871607
0.04136518286357134
0.02866710691177017
0.03430332409506708
0.05170307353041525
0.04405787033130681
0.04089207612291822
0.03619972587776622
0.04496241781910197
0.032636611360054364
0.02561448071643922
0.046032747594168144
0.018242701411456237
0.03097486017886767
0.04428022047357527
0.038926548211260195
0.035431885394024955
0.029850735969532718
0.04045032384764139
0.03636051182539863
0.04288002702523261
0.04319908703313988
0.040283921484120806
0.028373279219334545
0.03441257080263973
0.03921313191161389
0.04822903457179704
0.04195751184778306
0.031750305510421545
0.044854965669239875
0.04732590603086414
0.027467401869118495
0.03434634238599784
0.016177456817600463
0.039716937393913306
0.03975176213296083
0.03486332641539384
0.1510387857941
0.056486096517055925
0.05332904420495671
0.049525175824419204
0.04433978120320299
0.07010555674796398
0.025002679010895416
0.043033523231990084
0.03339869849425138
0.04761081022963961
0.04534639204383369
0.03875158055135146
0.04147945902560079
0.044898303924134665
0.045670312350706004
0.03232085134050043
0.03309912880076329
0.03009174616135466
0.04593962539308414
0.05157353729648737
0.04057966763484337
0.04621271436673527
0.04439751663039349
0.046908349188491856
0.043850060605616255
0.04218468777376769
0.042336773603213515
0.045947618618545204
0.04263951246072232
0.03523210259697656
0.04175105440127509
0.04797737222886087
0.04733985093395399
0.038103559363923116
0.04886472526141552
0.0463557236508276
0.05412868298842105
0.041509712043815775
0.048774308966280704
0.048673004893105526
0.01661276938063679
0.04329301770612794
0.04096420814490524
0.0395760372990026
0.03536890434933964
0.04621609299786353
0.0354082114537447
0.04341033565127993
0.03785012840725055
0.04395780798119756
0.0552513134318594
0.03302611079470166
0.036529455458140556
0.0558743866509048
0.06157269657891764
0.05140726036756225
0.05057699050475434
0.042670977121612635
0.04629071433679223
0.04098122631098183
0.04732622421964737
0.05894087784525533
0.027582088925363703
0.03919790300716235
0.09122089408499823
0.05905447602907406
0.03702581771139698
0.044835340486076285
0.04356043461600752
0.027978166606002757
0.03606348756322683
0.029178998263221203
0.0405728274019567
0.04398069678459151
0.14344707736353948
0
0.059590769475991665
0.05159203486084938
0.04180796404926507
0.08799604421139938
0.055097806323458946
0.047489375324501135
0.0483932982829915
0.044716070072444734
0.03690713918258248
0.044160620843865774
0.042291845813285864
0.04376241073031552
0.03241951669035779
0.04149474342658432
0.04329739609590981
0.3059037602506636
0.10219343843464773
0.04681162821541376
0.0526989547027472
0.03738299029204073
0.04209686278135274
0.05970209945905967
0.045759291724160704
0.0476290852942189
0.034472425120621854
0.043598029088992435
0.03399889540237451
0.039247937094958836
0.05209649570404662
0.04279375996742425
0.04360072108677518
0.031301277393665575
0.0403021465199912
0.059416636999638645
0.04405642464995512
0.04046718297120627
0.03502786812688122
0.03904410587080597
0.02688215045005688
0.07325886864166782
0.048545936726715574
0.04302879775864659
0.04406986972335327
0.03572681390216178
0.033559276053880864
0.03668969176367756
0.036035523583076524
0.02878227792579085
0.04396693838496042
0.04309258440762909
0.060551690125024246
0.02648984784992349
0.031144255288511596
0.03613142384586559
0.030061414459764672
0.04512674804517899
0.03502645188373513
0.058609862822605586
0.03703253012660382
0.04843390620236721
0.06018078065003192
0.04349825656240444
0.04469523636704342
0.045054103897342594
0.0457761344517341
0.04229121809847197
0.04433890294241535
0.0553303680937167
0.0405980824671658
0.04416123323867398
0.040926346246123756
0.04220532198474395
0.049047846976312696
0.045582307509306405
0.04422947493053176
0.07693368285033414
0.03283468423056053
0.017325145879006472
0.04592432891648106
0.03618835038225903
0.04808224578834808
0.04014880975621224
0.04994998836189799
0.03969594407427904
0.05594475233276133
0.09451177596838004
0.04550003299742318
0.2597391078540579
0.04416410517166813
0.04317982167515661
0.06675449469831071
0.03694070646512803
0.04569399780342455
0.049570519498531564
0.03814036906151502
0.04313167748651806
0.0599962564517523
0.059008610477110736
0.04960252252019633
0.037320107699473415
0.04226019279339258
0.05502731695785369
0.04439467210595546
0.046563050715794536
0.03666452393437965
0.035225042135938626
0.03905113171727501
0.03865908186167816
0.058171053321849894
0.041507425049509404
0.03416236271866299
0.03629040545030816
0.029032469647840398
0.023869734339263225
0.06285907550254011
0.05297649139492831
0.047784128617332645
0.044184068362832084
0.049104971140615614
0.04930426661957519
0.0360953612914504
0.0393490581381036
0.04370017133498505
0.03671211488633673
0.04394617814423692
0.03574801894720229
0.048702662085885105
0.0386943735943037
0.05176466427967892
0.04221348731977788
0.049284817810568884
0.0347219818300819
0.045832067066254194
0.05162417712638352
0.04714389737322327
0.04399604467439563
0.04080446473476913
0.05634721868538147
0.03843426916648156
0.5611766832994921
0.040028393203234855
0.03989689197282009
0.040197382199219034
0.04302366222709484
0.035383249552780424
0.04682399429352787
0.05041902808133266
0.04281737564946907
0.0665968774599305
0.05755952316246501
0.0507727263610872
0.048867567389818976
0.041062258984127395
0.04063917491578475
0.05653157297179159
0.05065329805771714
0.04714702188876142
0.041127010401246354
0.04141403777629201
0.05289898588955082
0.0457944087115507
0.0385121714666218
0.056623904396065565
0.03810435095456603
0.05211830172180289
0.03623320024853245
0.08320959391595621
0.03328242976208589
0.045785600989472104
0.040052829073167304
0.04214025265693922
0.041857101081865314
0.055470677839723516
0.04647231309387772
0.07028154988497866
0.051211517580332815
0.03966799944932163
0.03864127055613209
0.034722812324110584
0.041040830677231306
0.0409422498542949
0.04542163286781522
0.04275982440653067
0.04279236622817057
0.04114471375808746
0.03853536564342777
0.035315035578615
0.06440584515819453
0.04646252654027355
0.08845558527303128
0.03634820304639932
0.028665467812353122
0.045809889408304584
0.04161657475222051
0.03198797490468428
0.04604659646225045
0.043600944836558485
0.04348563193459792
0.042493197395102454
0.04564621091521376
0.037293485741321276
0.030963721748191477
0.04152898685765135
0.04824162305441679
0.030400923072008743
0.06621741081336703
0.041902089674426976
0.039041953563156616
0.033250553462316076
0.03412600201771725
0.04103383810384207
0.03633944164736816
0.04146604632969657
0.03313666358350688
0.036252748264378354
0.03578712630041522
0.04513914383446231
0.03701415626906486
0.04947334592080576
0.05107853540219981
0.03597890308939863
0.06130311031714295
0.041021755716013006
0.04117685452974172
0.06088750512223233
0.04057930566343263
0.050703530054529856
0.042962931960802205
0.03610289658353652
0.04253887310688573
0.041637336960765506
0.0386012870802045
0.043337189347509894
0.040562255956836435
0.04743724566076279
0.05212260331866269
0.0415455304402382
0.02991321287947053
0.05060534112739204
0.03718858457053716
0.022279444578959647
0.04594610109774009
0.04044048397324705
0.03542902614878161
0.06129147277157445
0.03129877049679999
0.039847544208290904
0.042915235851379165
0.03975717170682095
0.048249444905972945
0.05257182412680199
0.05328932402474603
0.05434905566587698
0.03953695002317833
0.06095710344494669
0.04266947299150244
0.03773624188474024
0.0359514261311047
0.04314870549331909
0.04294398365665754
0.04759825704421735
0.04381611905922305
0.055421153760679256
0.04497294391389011
0.062137792055414455
0.003452717708200782
0.04224879975720488
0.03382153597085567
0.05196592584705877
0.03877755362659555
0.04019824107876005
0.049164247680880846
0.04426732237215123
0.043088685214212656
0.038948338944241594
0.03782005943954341
0.04617033032162448
0.035833086766603586
0.05154852409836373
0.037770376243314224
0.04709248676553683
0.030087467191945626
0.04370485668490613
0.04588533925475125
0.06288336829706286
0.040165785272252584
0.04497993228588519
0.04071547085187367
0.04691148136471941
0.04602149866322372
0.04075927912804207
0.045876145946924456
0.0443577264933412
0.03926404004382643
0.03939125647683404
0.040508745204137254
0.031174256809750847
0.04542574681753173
0.05101859052387917
0.04332293993099667
0.1006576471108307
0.043884925196593254
0.036959498659527
0.04589081379292854
0.037813533044289256
0.04571016583405751
0.002601957781393258
0.04133300345832802
0.04268328332069769
0.037832884699671096
0.031804855448484076
0.04210872816869707
0.04328730519624275
0.03790477486829855
0.07976918552444877
0.10746084395205273
0.03742259139232196
0.04311063421855547
0.04580804057094894
0.04505818996394034
0.035357936143753856
0.10815078484072817
0.02743452420397773
0.051576629266510035
0.04912838063655905
0.03413064031034204
0.04570024900962814
0.030583566803699693
0.041474821256994636
0.04357626116939922
0.03411529898789608
0.043866869942426084
0.06431014699394219
0.03659345742679973
0.10024873760424031
0.06054277763996976
0.040217297541301926
0.033986998215847344
0.03827348583428443
0.03154732122324576
0.04877397429926527
0.008803052544556468
0.039213381238527446
0.04121586126412372
0.04700861684187792
0.03867245380960297
0.034711719606357126
0.04096525669114656
0.05064652778526636
0.04835115204324475
0.05206241601851952
0.03586924743285608
0.04532878883842355
0.03862973355928873
0.039321105309333665
0.042415768839150526
0.04892764478763224
0.0632151232710536
0.046680672107014785
0.04848555213175157
0.04268632279995469
0.04023272311076127
0.0406679376777607
0.041868956810389234
0.03545951577160747
0.04153397136189261
0.04446547446662461
0.046892606678775206
0.07710172329324261
0.04536012021545343
0.04403600325206286
0.038675784266400726
0.04447608819002952
0.05766394201574471
0.042131857614491446
0.060984166180350595
0.06038493008065809
0.0795251461664941
0.03795586050074027
0.043398878988754865
0.04607710730219707
0.04792712074872615
0.053801054864732946
0.02677701074368745
0.044713508595189154
0.047336116525759364
0.046277940782954954
0.05778562565327325
0.04243478217688068
0.0503780545448059
0.03710289927295609
0.047156411002395184
0.8433939175991333
0.060969877038851455
0.05397335116743959
0.03946534644108002
0.04822099130076803
0.044744010086885194
0.0403564607848038
0.040303858016811356
0.043411128587926
0.04434213216649881
0.04275589188163123
0.036958373176759256
0.03685027599054873
0.04380347876586861
0.046436608860381416
0.06473936001237468
0.061663521219741765
0.05607406964370506
0.046035708070394886
0.08089924679778292
0.08306825684589537
0.05165725762693686
0.06327994780500915
0.04583962825219903
0.05777999237014764
0.051535153714948316
0.06044227374346422
0.04911643672603836
0.021339376145056075
0.03890404774911281
0.045151822858163264
0.04080565429543446
0.037582615256413605
0.03797571972302765
0.039269347569759645
0.04325607490344864
0.04306389054798096
0.054358029698340304
0.10281966800910446
0.022082838383122933
0.0462018364185065
0.04263588916843781
0.04064967900652152
0.03792311271288696
0.04024871806576302
0.04233764389326915
0.0491352274907786
0.03892196174928726
0.0446838712919659
0.04848547483867518
0.049372122261690236
0.0375406713095663
0.05189815661093451
0.04708543272168324
0.03918999607497209
0.04948475458956333
0.03548211848931008
0.05197247626740976
0.04021527548303405
0.036219527024297836
0.041038172786269395
0.0390503402016516
0.06270320468487486
0.041992820984683564
0.04251619931906288
0.03635575196519677
0.048438304396194926
0.05129747011283838
0.04422678299237202
0.041777611881722715
0.037430364598297725
0.07586122102870749
0.05062474918570285
0.04402017344816921
0.03982179694928503
0.04195532679288936
0.04331083364301632
0.044749767856132015
0.044096391168117
0.050952473674411844
0.04308992655230546
0.05157582129165191
0.042084110876062876
0.04236814419248834
0.03939059116081834
0.04923323544800841
0.04529691301543325
0.039214584956195765
0.03196081455880081
0.03182227028898495
0.04238416367976378
0.032187115881886566
0.04314109184939478
0.044831896093074065
0.043520566486016335
0.039373716490575986
0.04432667736984262
0.042324945755154386
0.0402903256645159
0.040308078325057436
0.044047220448381934
0.04910411821346066
0.04985554890489306
0.024004212169671763
0.03307688159826066
0.038982444000927347
0.04328328805767075
0.03260213787632085
0.03730098254990123
0.03194241513823534
0.09645149715937733
0.04586361628738668
0.04252951173378598
0.04117338190508302
0.03490596496902905
0.044901833600378804
0.058992796939087655
0.042314728130912804
0.041257719739682217
0.03922392273847071
0.04582698321332447
0.03769930011229403
0.03813672358284459
0.029862804096595055
0.03911847647521197
0.04361957275132374
0.03883575183823797
0.02748568013461085
0.035950786225239166
0.04613214386443729
0.04237552897930819
0.03448156003506936
0.041719264861439925
0.04106235866969292
0.040432822945921876
0.04511023805216902
0.041015813523837166
0.04464347789522786
0.048862841424962854
0.04346515151224227
0.04329423263622403
0.04806127926574556
0.0480299908054767
0.03876823178847158
0.05649455320443577
0.042598316762824905
0.047189261508226596
0.039907105693224566
0.039177737150806365
0.051654536765084184
0.05010571555413532
0.19968048306585034
0.065283597222456
0.3647219617965457
0.03212343657208091
0.05216427257319036
0.04307389592345947
0.04234815541550148
0.04494733858720643
0.03929035998032237
0.025720119164054527
0.04914525201419736
0.04797842445029276
0.06246085209775739
0.05666166658198595
0.05602123541855129
0.04479142666004349
0.04773017780603687
0.046556064231503644
0.057549303737102674
0.048403114427589884
0.0515839406887296
0.03458447598986655
0.046679312532108136
0.059450054352986045
0.02996189184659789
0.04239473409209443
0.04299123663229821
0.09354579448796653
0.03778943562173787
0.03597647473822842
0.039761964357600064
0.05335760227571713
0.03899864955650915
0.04253044505024456
0.03812397353913579
0.05490936877681129
0.05224563608765407
0.060228719621940895
0.061970169349797356
0.04005048583028011
0.018748112549602316
0.03517937423146356
0.04486299722523781
0.03958053812455804
0.03478281326330925
0.05426776825654576
0.05385634842923362
0.04324160051767653
0.04176273413664297
0.038785181882229736
0.04185847702877243
0.05303347872389587
0.04116937385229176
0.2744607690593615
0.06130328396280389
0.03969012526151836
0.045447333707643575
0.0592592849713823
0.04384473547414437
0.03964229018682762
0.04843651433631007
0.039585745586238605
0.04659309462974051
0.05081588877464485
0.07346609232224191
0.03366707345945317
0.03236943392985284
0.047501572729515384
0.04395079019398557
0.03138970801071423
0.03673099984926581
0.03822082834543393
0.03805309033392458
0.051734293400998776
0.01943914038970458
0.04606412296011852
0.08926421137459328
0.03728410722091181
0.06125876179254441
0.051017276059543225
0.05098279727581562
0.04972938305356392
0.04646611091671066
0.045630241300398944
0.03858293978741202
0.041515171909289814
0.047673161099050045
0.040509455464065765
0.044901797740466015
0.048104036676750964
0.04619604643961277
0.041487987649716555
0.04041888737527273
0.05395750179692341
0.041273175349555706
0.04198143659856278
0.039016418729169076
0.04910560424169406
0.02401654720939144
0.04385812170584826
0.03610834057332811
0.04482012599985093
0.033262833796339805
0.04285953458608118
0.03902947569979053
0.063766984108812
0.05004559954745638
0.04126505833831506
0.039688508074961035
0.06243101819197509
0.04592737899010366
0.03830166892380793
0.04500321304945961
0.04363823759595376
0.05027890844329872
0.06656189889905785
0.044040171838095055
0.04054284494169367
0.040795499960234
0.04072959895338061
0.04636868507360794
0.03234009038146119
0.04790115382649465
0
0.03911972549654287
0.0448620360421467
0.04115948256811553
0.04173824996237691
0.04474061783577921
0.052719173144277064
0.03756115538274436
0.12742463891018369
0.05801157506487206
0.050638346875981406
0.04069268607033301
0.03773391624303005
0.052097086872451445
0.03757166757431281
0.030713489324573465
0.049463790785497286
0.0404402877535498
0.028003123249771313
0.04918934540994164
0.046332249220294636
0.04304792319988284
0.03411768227007287
0.042612132281147366
0.0439490917835784
0.04354326063163275
0.0542476183722353
0.06438562185403598
0.05555014883276862
0.07040010820221686
0.04892090423573289
0.04743973596856031
0.04398173563973066
0.0385894962019352
0.039267197301090094
0.050779011381735975
0.036433858059380334
0.029464256074668134
0.042979956070117724
0.053871326410752304
0.05412424638184587
0.042966756736466216
0.04121481485801951
0.047345607194399515
0.05171111938893246
0.05493568737104865
0.0464847955720144
0.04125503995576974
0.07439405154776418
0.044774641456874785
0.04480060394323656
0.051739857060595196
0.04417151994943017
0.04469037787606609
0.026187161617300444
0.044952827247006714
0.04098774339695773
0.04047554672935766
0.040538366114523494
0.037183042505748304
0.04662606370678034
0.042780831055621596
0.05041701202623889
0.030749790005763087
0.03651619361347528
0.06801975056436586
0.03822827061708382
0.04458095624669155
0.07934426518458584
0.04761949394901674
0.0487453743898029
0.03470061602852348
0.05358257630267167
0.032887301922664945
0.04580338392078886
0.04541815854132092
0.050942301957601945
0.04384928577908581
0.03999148314866931
0.04487832486212547
0.04121284573120995
0.04145894713319116
0.0407699796860146
0.0443870159639928
0.045289674592692564
0.04051646534386443
0.05989414422352857
0.047809718815707336
0.038314628181683574
0.05211729101152612
0.04575903681367545
0.03959721357554786
0.023556070474338133
0.039060101973043326
0.04382679096162793
0.03097959338384155
0.036338024953381
0.04217795108983301
0.04041179472230362
0.04366700940695975
0.017670454082405616
0.037129976790930344
0.03434298191164026
0.0427851537704363
0.03338224461183167
0.025552607682777024
0.027681598169930894
0.0464850629601622
0.03621374039737036
0.034698268712454065
0.01510830402492303
0.03828377149286408
0.012215842050031258
0.03454942613815413
0.03966306715865524
0.0710143252993785
0.034242394410407155
0.04070540915393878
0.04079708534158288
0.036055058909851244
0.037897648696048634
0.05311772947185979
0.041966402873258396
0.049220862646534635
0.04407791661016433
0.041713334289285774
0.03676926027916318
0.0489981556505689
0.060811523485781185
0.053071441734315286
0.04966646628171976
0.04628972290912482
0.038782000800850515
0.040128543658382546
0.05194671051509273
0.04857385098659742
0.041512521666630484
0.03681695272796606
0.04169308968829757
0.04317746332896531
0.05232802682635773
0.04014317497241889
0.0362412612971324
0.05080156889480532
0.05003256627710996
0.042370330790560504
0.04735307191278681
0.036198052671511924
0.04242052307977291
0.03963753401092133
0.04931558234093954
0.06408372740792562
0.03905323363085553
0.07628122460926708
0.04539193169134806
0.0740533392617633
0.07189278823611503
0.054676260336013444
0.040654610713507774
0.05162409373650206
0.038186888402886754
0.04248460465791665
0.03986905853640554
0.03629611422763472
0.03722248432796643
0.04543137380258103
0.037203517332967964
0.04187503438207462
0.0458454702126659
0.046054546034956484
0.03892412054411836
0.03504119433978458
0.03687691279023806
0.04525457976591352
0.03136311714670473
0.03669774588124159
0.03738090422799942
0.047641806055628635
0.04701151420779801
0.05005032364524526
0.03844524343350059
0.03356663793820878
0.03473220357417782
0.03939927616331502
0.035141289046592236
0.047720354025562274
0.0427834282665445
0.04843367840753712
0.0525148969228176
0.03831078157050782
0.05486522364572355
0.04003732266102213
0.0401897050358251
0.03794564536330583
0.050720935963909315
0.05553510483152665
0.04942766424012219
0.060190424709485234
0.05231611163753386
0.04657937647683646
0.0541726695949798
0.057915290450709485
0.051015088622813176
0.032333691311943
0.03650554433150341
0.02941159351413857
0.04471917799852296
0.04002249121348648
0.04634957531482265
0.03962460106117131
0.03857646641764101
0.03830776245960804
0.0375824903616534
0.03853642346225652
0.035618949896132665
0.13938943489517755
0.037140506944555556
0.0545824277301491
0.03910440157080376
0.04374520922591628
0.04883182527936951
0.09987311790028203
0.039902826775708417
0.05926978534790039
0.048124798370926127
0.04825474392268363
0.037562650412426964
0.0479750912877443
0.03715606131906278
0.059985730893776505
0.03986542820345562
0.041752701773936717
0.045868124293243474
0.03762324404662075
0.05067528722696387
0.05249196121268742
0.04301181224615234
0
0.04012525161735988
0.038341566517278276
0.03675534683062454
0.0476126503287752
0.04235664298024958
0.05033686429510781
0.04931816159611178
0.04652730585376992
0.04275468388548561
0.03790842051309718
0.0496238652590129
0.02110106921856435
0.04407043033396211
0.05864027298974105
0.03746359422066391
0.12703728363131989
0.025875398986727572
0.030181730294500494
0.0326886673763892
0.0381043217555982
0.047630281670164996
0.040842197156114375
0.043406170414456775
0.04540690314374728
0.037693607061621455
0.0441007466537327
0.03952738226630192
0.05171317658117116
0.0438606535063431
0.04889159792257751
0.04666488606188769
0.06666637219257604
0.05179034102030927
0.044256318281572296
0.024428214474599322
0.06159290411770385
0.060716843799984495
0.04567081572822391
0.044446199816179796
0.04095838970033184
0.03711895877680686
0.039038053908023604
0.029662552474925365
0.04770597771545214
0.03778977108525556
0.034832871279811835
0.10190483785968563
0.04871991030078374
0.028137071098512607
0.03176076084656205
0.043386144516601804
0.048250655893535145
0.036804308869072884
0.04925157351534697
0.05656565185485955
0.04016128455987498
0.04335135150678062
0.033931027341989294
0.03725651738513621
0.29638818348553336
0.0443652851510895
0.04777045447717499
0.04166910503527097
0.06176183298904954
0.03919352725619922
0.04663052172226535
0.04019941661153181
0.04971198246744684
0.033201154257415676
0.042856543098964334
0.024522684233879974
0.04086590526938793
0.050379315415309434
0.056573671591713705
0.03148305716461788
0.03467612056104988
0.03555058835740688
0.08867609290414842
0.03897619734537938
0.03851889334566951
0.043625809682839314
0.046854000125151556
0.04368810238073522
0.03642483726912605
0.04985458489239726
0.03306657848861078
0.04826984631395413
0.04404883928110044
0.049118058931530796
0.045508399671712794
0.04807471062165478
0.03503234642135408
0.03676422656153708
0.052309471586008606
0.04719078362858159
0.036576945437371236
0.04760322783170284
0.041477815280292235
0.03785819183342429
0.042066448697496574
0.05292086529554099
0.041118399374340225
0.03957812496919678
0.047015595877447705
0.04722455588122667
0.04916428769996425
0.04004229672709316
0.04468796321450404
0.06047061543870809
0.04542910624520035
0.044064057781475645
0.04710348626209072
0.04270183108574768
0.05027102592667181
0.041654871541314496
0.03205025736433648
0.03839845086208278
0.04327550272157152
0.044235894125316574
0.04210534887079629
0.037762325385227495
0.072457538879966
0.04886836778572257
0.04055597157755638
0.06032961734352748
0.05259741003467921
0.09613717222787047
0.04781711930732483
0.039679118737367555
0.08657930892065298
0.04744029526686692
0.05107662455052077
0.043749531049753876
0.04236954521182027
0.048458602820738536
0.06690554882416137
0.05247943743568443
0.04926968408660505
0.04061359779403479
0.0463013942890478
0.03566591466340717
0.04384020005625522
0.03973521610533598
0.03837867488599809
0.04470891864938963
0.044784227027074325
0.03954108091867845
0.048733114501000555
0.04362663332630944
0.05341894642930528
0.07963791990792193
0.05802442083248278
0.033718426876803716
0.03447255765479069
0.04187203243041187
0.04315461501879651
0.0864795136253577
0.042574328625290196
0.021356303750365957
0.03659080276758345
0.061774684426819396
0.04141333359003604
0.04396713745736776
0.04626878329805267
0.045713858589931204
0.04901019342986384
0.03881190824131639
0.03693900488436481
0.051245870250718
0.04729694883067986
0.046610792004310064
0.038246420623281464
0.048317913294188886
0.03961942459478825
0.031841194212206124
0.03580498924327107
0.032512327102007785
0.02882245979100789
0.04467803760706919
0.04075920182609837
0.037393648267219894
0.0358441803364782
0.04265252669972151
0.022282986846799382
0.03747346266662078
0.040528510372897446
0.045327980610170404
0.040560329071226045
0.04940004728319116
0.05053063638332279
0.06234179784919805
0.02206340789969632
0.046019841647021456
0.04527595479782088
0.04509452732459248
0.055166507932294974
0.046600441173697375
0.04663081791954308
0.04109760429443361
0.047879473610214135
0.04481926277859236
0.033242035356187846
0.04514637473179069
0.04184910511628999
0.05259947984336896
0.06952101162902563
0.03756048210575359
0.04719320248312868
0.05104147864698271
0.03556520356980773
0.04542254221988392
0.04329510186760651
0.06108959372865118
0.04005400997754988
0.03789814053497006
0.047803166392623234
0.03708312194736767
0.04904766469454397
0.044844138634735145
0.041156092402964015
0.03880426746903531
0.04126099899710827
0.04718163036490727
0.022121383496545306
0.04497023529455358
0.04231527942377171
0.04003140115783392
0.04373947793726996
0.05765089323241954
0.04139371381083191
0.04045943918169097
0.04255186620387401
0.042344496644715846
0.04782484631347267
0.04958087900933175
0.048178986723812746
0.03890747342498983
0.14519985265533525
0.16140291731463963
0.053114041179424386
0.02336401564840848
0.03738713326552091
0.05101585140682279
0.05753280531838226
0.031871657373821215
0.0353668854491351
0.06541836368086701
0.04973966777729389
0.03499698776864897
0.04341606751372066
0.0436633738540621
0.041204323231198235
0.042962015670910944
0.036479525192990164
0.041683503521230875
0.06767874745124414
0.04561504546045563
0.052085066467114166
0.06285691923140757
0.055476302321394215
0.040096900755772144
0.047251417274054484
0.05080771113435332
0.03872090399046952
0.03672595991215969
0.061905915529335234
0.11057705674051317
0.06143656807260341
0.04995249560019944
0.042405746384217194
0.04619125296715408
0.05170640314664853
0.05349292168484643
0.04855101566035035
0.048910749531669094
0.04258863978906105
0.07618915641050458
0.032023361642298395
0.03782677150968592
0.03770539556170754
0.039070622159078555
0.04804741959386934
0.040746918939560346
0.03340141627101326
0.036195302732774326
0.04048901893658766
0.03985403623011386
0.04369990683010377
0.04138861761845234
0.03958987626006936
0.045572687022784594
0.03216127984839298
0.03469550913129361
0.042051798406979986
0.04421750044147244
0.043868889768810725
0.04436174015907013
0.04478732899483163
0.04675026442285475
0.04197052655104216
0.045854718920796594
0.04189135240138739
0.043587075773190126
0.040801996415866584
0.03661628002015107
0.04573779718150817
0.037312258564211685
0.037346067929340816
0.044163966484453955
0.041739374029449716
0.04149728870695804
0.035946434938269115
0.04313136771343646
0.047514245324124814
0.05119002299979554
0.046985787829762315
0.04408001355704453
0.04811773711986304
0.08406650043478443
0.03756521359699976
0.03673698218868257
0.041285106663213215
0.04811485141373901
0.04047986041369191
0.04304185894030444
0.046498096548458816
0.044075933959892614
0.048561884142467884
0.04711030408991011
0.047275317247175486
0.03185889642392322
0.05237316009726118
0.04653852860760596
0.038517968129025255
0.039020450748958525
0.039879003402094285
0.04249588176986275
0.04440263347483216
0.142810234773236
0.04044284087662557
0.03172812770613145
0.038171029095833385
0.04228416780428006
0.038548607239522276
0.03423262651240284
0.04620816359387965
0.039915970728773585
0.055655443202046115
0.04469788066062102
0.059549451991336315
0.0489224230607014
0.04580491634240979
0.021086411278002253
0.04154215353800756
0.053639921167513024
0.05354918135345968
0.04503424612807888
0.0422278911892763
0.033080825304046414
0.041508907505493804
0.04407639390306319
0.059876405453713644
0.040275120006725104
0.045845782137851517
0.10775430263409037
0.04312412277344007
0.04732495672718844
0.04332438197571722
0.04143533388205165
0.040768691284144266
0.04335199900069759
0.04144274797919247
0.04377329694392977
0.043002418977939154
0.04381885116753186
0.028357051032173303
0.04271156115711011
0.037789737958010744
0.03773458260442371
0.03592309028081659
0.05203001688295069
0.03788404033487666
0.043522664705328014
0.04966494918125928
0.04081799617927236
0.0417189074423807
0.043188341993906296
0.05989295852962099
0.0373855132377292
0.03722041835746239
0.040773231481725354
0.040794351442996354
0.04372395819218959
0.04403333456495649
0.03896946840855456
0.04948770740711339
0.0369069734875351
0.05321883917704117
0.03955464910704822
0.07614205776104345
0.04350552423403018
0.042239544336757535
0.04901981036609261
0.04524072488120797
0.04691932534611986
0.04111901605747612
0.03429238041453182
0.043279857338875606
0.0401427107328103
0.047515632731509674
0.04261319457860329
0.04388414150274521
0.04631141062089804
0.0401208812847101
0.055511618567735996
0.04763404692416938
0.04208311315990619
0.0561130209874902
0.03958351139914655
0.05602014201240528
0.038492783548446555
0.042516678646758704
0.03981248632836136
0.03685922126819775
0.037512450460438766
0.043502819630854776
0.04184162939182364
0.029385334233659965
0.051093047335359035
0.025485002203522573
0.03867017056384108
0.02648610909291147
0.04272288226359269
0.04496163986439973
0.0644355577396631
0.04827651201477832
0.04304004408071488
0.04602771892080236
0.07690370929523253
0.09665232073534881
0.04881711792216698
0.043403438593830716
0.045892450507641715
0.06091745112678109
0.047250104287779794
0.04545205688841562
0.043499696854622204
0.04904032508682088
0.042798959496545726
0.04202972663792005
0.0420990939047067
0.05389408207486864
0.04600284056843512
0.042809698233057275
0.04358103090979851
0.047800259049446674
0.04139439935337762
0.046359224966700426
0.045640533172110476
0.04770487432378455
0.04441024768048839
0.040939574411758564
0.04424499467960165
0.038531076806781674
0.04534620745560419
0.048108371850313414
0.0464736853728178
0.03370184250274087
0.058905311139091886
0.049725994042119026
0.042698604412997505
0.03792068001677366
0.05091791878242888
0.04507501430818243
0.04757562118791628
0.0666663417314446
0.03878740390364788
0.087118949321638
0.036628551843924
0.04390359782189111
0.04278668120407255
0.03844782674935856
0.03506788528660147
0.047869942705145725
0.03973469568242353
0.052684353897507946
0.047218548211499865
0.04175894516691689
0.040838029275761585
0.04509997947944955
0.03723355228838623
0.16530753077908003
0.0449499451684456
0.042227081265779357
0.132477918118985
0.04024995842245332
0.038387521479240225
0.04159945225878643
0.04570058606596973
0.041667831176453424
0.04607730120105097
0.048566224976934136
0.03702667516848508
0.03953063576741422
0.045246977557199766
0.06088058879650461
0.04290024423686505
0.03847461571308446
0.06388368034353324
0.04716996160008519
0.04541423832129365
0.04373945902233858
0.04308216770105639
0.051359312387502146
0.058650792707359824
0.0392747657800669
0.0366901721709252
0.04853854087988745
0.053076311605618105
0.04124127143552043
0.039546938983367724
0.03505286759585601
0.03910404561357125
0.03923671690435104
0.03797728196578765
0.054207537924724526
0.04358030955202737
0.038880808557462745
0.015036986132180236
0.055956641117299644
0.04954856157567999
0.04790856623377443
0.032190374856913145
0.0340776576245283
0.0394114132258917
0.04744553242220075
0.046231872081159385
0.035276400408720494
0.052811637023684216
0.03436008991820173
0.05816436401049975
0.04914219754685873
0.03630078851316882
0.02086398972162413
0.04476582163655689
0.03225757046200627
0.04874682448895752
0.025146006426639972
0.07864789240257082
0.05231699393859108
0.0460109140172605
0.04184754948469275
0.046703123871113944
0.040389032504931296
0.04668530604977531
0.05041538573673507
0.03523460194528507
0.03760479199533506
0.04755281566384803
0.03850304340824225
0.083888939720084
0.03711992365455418
0.05198712247856079
0.04027096034027186
0.0394596724735627
