0.04611095182665643
0.027611191783318098
0.02978310022442973
0.03473673445341206
0.035082454579522596
0.03457403472615909
0.03486662348630724
0.04585635857362268
0.0492000897062909
0.026303460796647003
0.021837531782805685
0.027264781163750182
0.014338901792481222
0.028941166482914952
0.0662720232485725
0.058696482237747004
0.030368270909091593
0.029506431025174504
0.030704969189772478
0.01924432057857155
0.02898040559333024
0.02965462196498677
0.025631419221142777
0.6236700357366256
0.02649151496095678
0.032893234379514386
0.05691690343002298
0.04680040753220652
0.03080276752822236
0.06019204591685165
0.041396143748944396
0.048298400613764225
0.04774266096751022
0.037884365800988945
0.050183867808363654
0.009829078341698024
0.053941069844365815
0.030583835296230592
0.05354825139550913
0.03382004987670423
0.029636476594398258
0.031440503694839764
0.03171096456497779
0.042714535446852796
0.04319807241421331
0.06585847938772317
0.05978138783231396
0.019141266631016375
0.03416534490810065
0.036420513627590384
0.04029184492926548
0.033812585053210185
0.03254055980981366
0.057570680175179426
0.02959611498042683
0.03413401193944597
0.058546316471420654
0.052479189819823455
0.03504173366688087
0.04471489244468573
0.04668692128062357
0.03805788380388941
0.04107950964305714
0.07889906445027918
0.02566928041170494
0.04068421723839616
0.014529222485024482
0.0215100028825802
0.044685878244164735
0.05566315201677778
0.05053247707268946
0.025523334032242686
0.03252866681725393
0.05366133774305501
0.024542993504263026
0.034330482413006784
0.0661954361126389
0.021511130524573607
0.037214463878120156
0.026793398004377418
0.047401250060218676
0.03934906609089821
0.0350566442718108
0.060788480810359195
0.061527312636672375
0.0635521559616593
0.025742389347875108
0.020719303163850122
0.03686368088024385
0.05974883433346736
0.02569228227080111
0.051488406583521905
0.024156000909841997
0.04280315936370021
0.03795832247812205
0.04901739540516267
0.01809549224230637
0.034003508446242614
0.03145371389936592
0.08274971800796396
0.03593814175259346
0.03330897988488792
0.05446161769256011
0.012533554464792597
0.04003056329725846
0.048703762544773266
0.014440375871858506
0.02858890934798496
0.0351599960282774
0.04042721395948515
0.04946264561380194
0.021103127162550323
0.047182636144263886
0.0441542045767506
0.04129779763365182
0.021322480174125028
0.04325668468416136
0.030080246126942444
0.03688274932330343
0.042942559613422825
0.1073684681579287
0.04747579153804653
0.052403015273047956
0.03278933000698219
0.041864513713896476
0.051144497694150304
0.04674092967032744
0.03759972958815377
0.02933182718585212
0.022133755277210548
0.03955323066637359
0.024984071978328252
0.03330010766023159
0.06835062122198379
0.04083049656128737
0.0332188617452375
0.04534184696251428
0.04154794213707127
0.030556750936878423
0.03695930570860345
0.02685651673874273
0.03357076232564742
0.020954556056257474
0.0395285747457997
0.01914626934776882
0.035195829504756464
0.0523409185260645
0.044179497089238004
0.014601326101487861
0.03033521331455367
0.03985459416375974
0.04209553363609075
0.06052135393024952
0.05370721092290736
0.04388857298805189
0.05120013616200405
0.026019837497121015
0.04375139225910425
0.04528414998071526
0.025543350359900623
0.032672389027900046
0.05716795252009487
0.05202802489523514
0.05349757578956534
0.060418734777351914
0.0417201703848934
0.05177733769289716
0.054955802804225615
0.04767136468826319
0.03868514655176964
0.0520245831934392
0.03089807027292833
0.05643573224478197
0.025681189697404853
0.039264860152311384
0.034160690872641085
0.0424974892860232
0.024910624501366708
0.04363434906800598
0.06081201673068833
0.04140951684055864
0.07682730381123265
0.0416624386172276
0.07135588520922755
0.049391083533127995
0.03652315888332048
0.035580672603613174
0.054819843937709896
0.03467619321815197
0.057939576976113544
0.038271031990526595
0.05069911838058016
0.06811605160349173
0.03636961899818217
0.025292076860719
0.06302364410962613
0.04759124455845026
0.02293345649351607
0.04691147288527835
0.0507223786597233
0.03743362326791666
0.03862237549746887
0.03547724905536858
0.04488541901685193
0.06233591986389299
0.03996569077403125
0.024779421620072163
0.05553371565576326
0.038880012482031094
0.019687266959760235
0.05993459088739368
0.04601086765348644
0.043319151507281134
0.021750343478869626
0.04354212400544535
0.04127698445211822
0.027037344933578997
0.024389132920329702
0.03650338006369441
0.038626477143174014
0.040406689841540215
0.03580097289703686
0.018425947704081385
0.04014331229808457
0.03589968225434917
0.06014032146876223
0.012930493287277708
0.0388913359675864
0.03637903743398231
0
0.04511730348553939
0.038921595842127614
0.03981920090506434
0.026876627865746395
0.05352543183729089
0.05619802317903604
0.03761394013206758
0.08307414267644804
0.06170352783322288
0.035320268572358295
0.06011752198336043
0.03067712823111474
0.022813601499015488
0.048549132134939686
0.03647778384735896
0.03607101327342619
0.06741671483274296
0.07636707840148738
0.047135310226763275
0.025917533487157113
0.03276231981516313
0.04020956050951858
0.052809814529297706
0.061114938318259045
0.06793141901896413
0.035625796170496445
0.046988678021717446
0.04217503883318286
0.045451371303676165
0.0656262900516597
0.017247327877285105
0.023142216521288676
0.08790043846687243
0.04125972343446151
0.03445194709881644
0.02551062161937911
0.04305780637631508
0.028530560160119407
0.02766286573439276
0.0661408957999959
0.022570248074246485
0.04751364148649284
0.06330764696126809
0.029902598079091545
0.09707078713575511
0.09208714522015315
0.0389445865450813
0.024152717367979578
0.09179982384268945
0.03956834050000068
0.0911661745039701
0.025727902687804317
0.024351663675912415
0.04885836802006455
0.02416432577041775
0.05141687873898558
0.03307911085704447
0.044479300701065094
0.04342879949066201
0.07895408990047752
0.04965886747511987
0.044273553439366245
0.056698746579872616
0.02309164906603551
0.014522807966664598
0.04508213486548032
0.03300199326309273
0.04937711781640895
0.02595476044111287
0.029288539531448228
0.09739422840993722
0.048516827030931936
0.03141345039486476
0.05296304538469754
0.056670729100360515
0.0664699450770495
0.03402794586351387
0.02749598479861476
0.03998211981194428
0.025115919260236704
0.04604556270317954
0.05384102861237145
0.004563540371782705
0.05592546687603229
0.04858723171639398
0.05508757520762762
0.03679307491381839
0.0765688942592981
0.04221015965773542
0.03809104809704736
0.06478146481184807
0.02358713399047698
0.03552429922348483
0.02673485162869758
0.03885116529013831
0.03378040697730842
0.0799516516116034
0.11530011535096828
0.048219010726579005
0.03033930133125561
0.4482147647796166
0.037134341033955874
0.03825776766207643
0.0734074264100925
0.012689406315077503
0.058336460832134306
0.05293206397659989
0.04104969374488815
0.04793759616636082
0.0313860087342699
0.05842644683448907
0.04623538821391018
0.024885415571004304
0.07076719118683136
0.05069314436968392
0.0371874270504872
0.06572915175756601
0.047819433361518754
0.042578033472702316
0.04600868507874111
0.04880273583885307
0.04021767451254549
0.030466342684822432
0.03535417050896486
0.027233868816648063
0.024206027097702868
0.05611700844544312
0.04711693627464843
0.08489518782817236
0.030151636730014197
0.042024908023224984
0.016314759780265385
0.06178259828201292
0.04027952104050148
0.04567053279317425
0.05159510855054498
0.07913669727881698
0.07164705156196874
0.04651950169228571
0.07861422507462978
0.08933845782257162
0.05937982389195159
0.03473131973361074
0.0447267074116404
0.03810687903082014
0.06078133610114148
0.09704975732338277
0.044993825331808714
0.082441338224151
0.05243631785906021
0.04927268411038876
0.03905396943297412
0.043659513158543196
0.04886866974936922
0.05079138682843303
0.06254528957235464
0.04998227668482514
0.037365177781400756
0.032121023709424816
0.03928651267201941
0.040033627468314084
0.0498173395527207
0.08604321421336643
0.05904134992891811
0.05177196968856961
0.03467992285887764
0.033703362941893814
0.05290619700706421
0.04059876301229438
0.020064420469007676
0.021777699161414952
0.03862911708817375
0.03796924154120718
0.03991879391186323
0.03932720139281252
0.0631310677053004
0.03803783125789653
0.025347443009722623
0.06840966831475033
0.02520635336457347
0.04495057711668535
0.0415909776531338
0.2816676962584134
0.07167856559529907
0.04924668148329257
0.028393410534719922
0.06463133253571748
0.05376141886557308
0.042335033738924145
0.040547193085009495
0.07322953355694592
0.0644833345536808
0.08143021411815876
0.04357306046230626
0.05558363156314047
0.05590459463041028
0.03788141958866437
0.05113249653019773
0.028545679673567703
0.02124028991350262
0.0197608325397802
0.07620463926055229
0.04859630191661777
0.015409407960063261
0.033606510523925555
0.06577213459293227
0.05422598812449169
0.026037541061072637
0.05734018900310595
0.04672240478130272
0.03232973440059107
0.030105755023511115
0.014121363878457388
0.0564769470237886
0.0509976054540279
0.040340116179132184
0.03995777126706353
0.030501165169752986
0.03754666879569471
0.04573018037024346
0.03561864574310849
0.04887106672145382
0.06301952303694461
0.027385917088416274
0.0308872211784649
0.03265512937941701
0.2768972309214461
0.0648209076398069
0.02933461839942923
0.039365939103147535
0.03161716985689161
0.05604813732644214
0.02936628610579737
0.024054882207897286
0.06199874298463321
0.021972177971072697
0.04365571445629322
0.035490712596926155
0.027865511405392958
0.041091279456667275
0.04692741013014244
0.03251132165591174
0.026858991210092838
0.028518025760104794
0.06720132432603743
0.10127781726956722
0.04042824255775819
0.043449407091532014
0.035591077931450825
0.03448163913451573
0.03115936893756719
0.032109745790917826
0.03709720683549765
0.031029550841872856
0.031485401961077124
0.03120992599607423
0.042622559500782586
0.018489516376449296
0.03706805449782172
0.04662841672235533
0.045291956714697726
0.03971603427444079
0.04044018586127578
0.05203073126573584
0.03421870420491438
0.07739779744698329
0.03539245322751558
0.010335423054270603
0.0360881545227859
0.02616464347191689
0.05670225166958015
0.024382256469378808
0.05800889837607444
0.035376685774109344
0.021940556328273093
0.0435080451677259
0.06038990165690607
0.01822141075034771
0.08586259444772791
0.025528335050973194
0.048596589010812236
0.10056377139212602
0.038893558651781436
0.05263706449788892
0.04642607198156167
0.04039197843372081
0.04714574396934562
0.05588880688449405
0.0156852527424478
0.08298843226474503
0.051547604301861415
0.07227753065583288
0.05974577646962709
0.03826760065545077
0.02592399206412273
0.07976559771609783
0.09093830483526756
0.053878232034300436
0.05952449500852252
0.0312841430824743
0.054880611323483625
0.04781659682385238
0.047127244053620544
0.03158971615542773
0.029974667057578126
0.07788150594316864
0.03718725411349305
0.04690306633768448
0.05914757490083611
0.04042998983852293
0.0534054240484879
0.017489331394350677
0.04612531748386438
0.01799746927632588
0.10452574027505418
0.0359466272863043
0.0331150818930068
0.06382438413801243
0.07167030661435929
0.041796166856570116
0.045545221598088555
0.06656549596898427
0.07262876238705784
0.04062560472339914
0.05368457719513274
0.051614998551541724
0.11963532007668642
0.0811173215569506
0.044521331120754105
0.050932548781677765
0.0385199844536268
0.032812715965533784
0.07128714926076372
0.025618738361798038
0.09271438857811276
0.05570630394062138
0.05137792694256195
0.09147280679513951
0.01930527158098256
0.038899690837003405
0.05585986845921684
0.04290143987422536
0.051773750003089807
0.025977227745556126
0.044394973136762036
0.06378289423383465
0.028955161697351864
0.01779824479927914
0.04762525372449535
0.04503441800617196
0.07980368352910439
0.04048744509780803
0.030373655879461788
0.040574415061744744
0.057811525670759686
0.0573714307801532
0.03891025650452229
0.048500100287787215
0.04936251638714467
0.02891352366021216
0.023652417811404532
0.029364701746508577
0.054177648757779195
0.061423950943886425
0.03359803005437576
0.03881881422522026
0.025011599901293983
0.04117327675789626
0.07050383545556188
0.038695992853883074
0.02682333829535096
0.03333100304770098
0.030952745517754014
0.08350972073369264
0.12248402333533658
0.04845872261559238
0.06822867002348998
0.0495052301922014
0.02388532156371398
0.028760416444578406
0.03590478305947984
0.05070975850235998
0.0605204739348668
0.03318258122130868
0.05699235266250325
0.05682846750772825
0.023313826017173297
0.045317203646682964
0.046027022994435104
0.06778084290672351
0.0305258254415468
0.057583924122159645
0.0615336976576129
0.052800088097745126
0.029863284238769557
0.02771116280499021
0.05996807277149789
0.04205107324401529
0.04683054066101934
0.059611438639796774
0.03449787662318932
0.03555647004305328
0.03793504504806753
0.03260839102596131
0.030388753615040415
0.07437258926792338
0.06531077215883509
0.029819392305736325
0.06827236621929994
0.05640473454303811
0.028077518189305317
0.059574673525293435
0.04927969994621479
0.04960220890499336
0.07729884822104777
0.04665078030501004
0.07184975053302595
0.0416893901952581
0.02595158928935713
0.0323191727234068
0.037293668262707864
0.03500105942525441
0.03599539093823396
0.028923131506662574
0.06629031754119406
0.045248127154815625
0.0373018286063546
0.04419787696564526
0.02254927013539474
0.0477998218287569
0.04874786243499953
0.018058453076046296
0.036158996989618754
0.062042692533989016
0.06010926904071024
0.05957899678907409
0.033582209039630856
0.05636000808813104
0.018010969864615967
0.027758601153665144
0.03081952358213245
0.046204909897362846
0.03490499026606941
0.07785306355659928
0.06008033022745443
0.0235689812894129
0.0897355386209184
0.06416553208365453
0.026424177202836168
0.019929100174274614
0.05016070831797043
0.06493920922887253
0.07520996891439982
0.04505340380117515
0.04587066806370826
0.041211040755887614
0.07007579359626266
0.06137203887329942
0.018500001248665122
0.027277910700607182
0.01585524963867557
0.04102350399821028
0.029686482060856417
0.03216509468567173
0.04066467944082792
0.08014648710807146
0.05072086063511882
0.042265999713063496
0.07738758897914814
0.05028130330917878
0.054939890736339335
0.07951271419510907
0.03514028908802736
0.01886657510738045
0.023798835518390345
0.03107015915921728
0.035756280897790066
0.05854609239096881
0.05011810910184175
0.037456496093504654
0.03673015174730378
0.02663067826683771
0.051164956343613927
0.024851682639373453
0.030677925039244103
0.04368119055790665
0.04241187125276207
0.02767816841836337
0.03996446323154574
0.06354283002318424
0.01457278752182843
0.046192963263552975
0.007972216637596731
0.02056266504263926
0.04994031964548078
0.11462209260022939
0.05712973550316831
0.02920875263200614
0.02828283237929914
0.035453349894091615
0.03476752095106299
0.019895688417915086
0.0582022877553029
0.05806068654133523
0.040706196210933854
0.04251652656179116
0.0677798028296624
0.04055629879831627
0.031114035250220537
0.03556882921027841
0.05508946724389153
0.05360699581847582
0.02552222257986407
0.03506958586543298
0.053166717863950844
0.022086317079575278
0.014747391072013148
0.06990861914028947
0.048151365726116814
0.044427306801181246
0.01628353469547613
0.04257076942245928
0.018110773712368446
0.030731554465029773
0.012587410311534606
0.02935823329025985
0.05221094199523287
0.04755852330046287
0.05993808166700128
0.03309655840443402
0.07800719479020482
0.04048901553416523
0.028166527432199436
0.06748411118170954
0.08249937385871092
0.022343208278153955
0.04384052790394788
0.02506231140106991
0.05531281435492134
0.039642276652962806
0.06660704290304927
0.0436231867328681
0.04630632729640168
0.03819053184565336
0.026487109605610532
0.03497313917106862
0.04630905900283115
0.06087825946282045
0.03342138307045834
0.05113933940539798
0.06794279221634
0.06634285661463572
0.03889939942465759
0.02973969283796969
0.01813954109902773
0.04464116299904606
0.060159271086809886
0.03843054836377322
0.03458796253384632
0.06003194078296155
0.09173150436640531
0.06030097179762254
0.038360047711544026
0.03463785625555768
0.05035742652682586
0.045878162727210764
0.05332754459467586
0.04728657516014701
0.035530299075581175
0.016248222475345034
0.052262921925034705
0.04244067775939108
0.014044242256919113
0.036570505945522934
0.02563121616860539
0.01967468191342504
0.04425819929306612
0.02312911885475093
0.03809572198717418
0.04942869963546076
0.0807310419300969
0.045547442205149676
0.049699950907675934
0.041129697160018304
0.07102452504178733
0.02254794207543502
0.03817963636881226
0.06251742581296564
0.04926428287633777
0.0540169454432512
0.05324907516471488
0.03138275297956609
0.027038817266549886
0.06068722364411131
0.06037188264523325
0.0368202501304374
0.06117551507380887
0.050414897701652986
0.029070947705632
0.040310513352295026
0.031077904728236624
0.033001473428913325
0.049876412131594
0.029738769770456388
0.049443573217095055
0.06712288102098446
0.041975005940135486
0.04064838436377847
0.04375647941763873
0.030855501964973813
0.07591008547522599
0.022274372222567427
0.026936052925076205
0.030347065941340706
0.045724911100898394
0.038079205216658585
0.041962473625477795
0.027844756569310198
0.02002549769780994
0.060288248625684715
0.04762640389132453
0.03543107234753132
0.0612521213602248
0.032541998296906516
0.062210565276527775
0.041007203010191895
0.06430730705634154
0.045100009358530625
0.0580220679554956
0.041163945465415346
0.042545211346281676
0.051426026577442926
0.03935852500272778
0.04903805976162307
0.03109758546348419
0.03648278026557144
0.04744905332716954
0.05175697256962906
0.05990960369938206
0.03356083845041427
0.07545859956004923
0.018133105533574525
0.032908968189515754
0.007062745919404683
0.03062403015962577
0.02818364940938057
0.03844092594569278
0.09782174549294372
0.07917344615727434
0.023704435779669585
0.048203577388127895
0.06412394273162515
0.04321978657968229
0.055743325355116245
0.03410893703129104
0.05497555883287681
0.04992050011392329
0.029141346746825454
0.042962871026329015
0.035105395918667445
0.018974173270250815
0.04697114474055861
0.029835573943502346
0.050563151913127866
0.07589379249851111
0.030086206874046773
0
0.05703141990706283
0.03564594620622513
0.05943865302545926
0.04757917426960188
0.05378677316393208
0.06164516732608777
0.042694391477452326
0.47252967814201713
0.037351086190461694
0.02834231467764922
0.0494220750242948
0.036847918680812664
0.028352534823643093
0.024218980544301105
0.037324613885903385
0.04173822099261888
0.04818365338995248
0.054728564896940626
0.03678120827954413
0.04053337668924329
0.042165104075949526
0.023998987708975576
0.04213008891924772
0.023787706121695368
0.04815976805719547
0.032913183045470265
0.11834577766161819
0.0654967205814663
0.5521247574225377
0.04640770885373429
0.04703607628743642
0.03538417922919895
0.040656492929088184
0.04718876479643134
0.008179067547598224
0.04097775849456921
0.05632329972516898
0.058618759395918416
0.05844922411016053
0.07722745263245769
0.016477095149607972
0.07028709608203261
0.044753343187696346
0.038623353136537045
0.03631611089235562
0.03077092129480509
0.03975959440099872
0.053745009212531565
0.034288807271785605
0.05836490787190753
0.05013733173767014
0.025244454905943726
0.03390471303367997
0.017552707842807498
0.036316922356504355
0.07784797731661819
0.07065787947131118
0.021570955519260138
0.042749910014926194
0.04236864824555957
0.03536097296335063
0.026555367803724833
0.03472967640892093
0.04086025080112522
0.04954995913945304
0.03889590039197021
0.03428576357543354
0.0489681302829438
0.04768572792258863
0.10259596461987902
0.017652064961519873
0.04522729329499663
0.05512041269985189
0.044332591895339356
0.03502929519996116
0.021061583149086936
0.03222186250885416
0.025194984823116506
0.055535262064883045
0.03469573791011872
0.026529635183469374
0.04384028268465639
0.05411960391246206
0.06956059187461558
0.07702081069043741
0.020837243350351174
0.05385037918943088
0.0497579448464829
0.03986237809052535
0.05316925924767216
0.06669674363373373
0.021891156202683493
0.027673055976509285
0.015386491020630019
0.054812239340255385
0.022513052585480642
0.04196287110149064
0.05377120472613471
0.03466353258790254
0.005366959439862993
0.03141369895150662
0.033160533344460404
0.04079724173501634
0.009788452769748128
0.009149408208989282
0.03687208504114004
0.028838754797939518
0.029301201149804834
0.09452764920003641
0.01569182467488001
0.0438770663697257
0.01528347836780127
0.029052607705180755
0.031496566304829186
0.07642929758441824
0.06551198212988736
0.028879733038930253
0.059249828225221644
0.07346979928450237
0.07163109880470313
0.06129542201160404
0.024505786845066307
0.05120099700332929
0.04745823655748347
0.04431223001965405
0.05195420386645476
0.03891750529392753
0.04982736074460031
0.0615985853654082
0.05042229691899264
0.05941269364920999
0.03172849855213981
0.032616000630871084
0.06080826217433044
0.08198164828349151
0.03996539341115727
0.029864120559375703
0.02532672804928192
0.022970050160602863
0.036132894025749256
0.04415547051759662
0.019792655802343205
0.06643110844788497
0.09916193555493596
0.011844702476490169
0.04944670598194713
0.03083849523802234
0.04458175699824502
0.05097466318721112
0.036016064425015995
0.04262516184388218
0.01741888945072855
0.07169211762567802
0.03873477910224968
0.031511243413545935
0.03953959704671107
0.02362687175994278
0.05494246274911305
0.060225532947952895
0.014652479905713089
0.04353250496691256
0.01940162520263451
0.04013108529178073
0.035182948511790414
0.047104243645889346
0.049371443267605154
0.02345614191586246
0.028666793775022122
0.04179653195455941
0.0465826760979425
0.024697641444973408
0.043892966297087485
0.03049041293088998
0.027047070920882887
0.04221344410133298
0.03456353126531896
0.034926380729838745
0.06712673707391921
0.03691917905128721
0.01732544565341939
0.05020615095404534
0.05178649758862017
0.03770827843409937
0.059493636975243167
0.03282102449214292
0.04591226192229207
0.04807207152685557
0.024563017442704657
0.06105508807077556
0.05493591722658203
0.05288756367471527
0.029702196987579615
0.049823357711948804
0.05201761708990311
0.0759304781058309
0.04178131065564947
0.08142376967782959
0.07184395798963962
0.06473877633079352
0.07254377278582365
0.08755928022045883
0.09042154304213582
0.03757292118463148
0.04289273751790239
0.03499126320365619
0.021298948311890567
0.04306736961844402
0.03428379660099561
0.04551008404671619
0.03146951515047565
0.06888457736273747
0.08013689402081967
0.0412696166915585
0.05227637261484218
0.05514805543472771
0.039724890824676194
0.03053762547423688
0.09564902908097811
0.029465723865328745
0.04246536807844223
0.03618538242268044
0.03736360201958578
0.06039148838097026
0.039336708254539395
0.03307896538069533
0.03220189059681832
0.030080736925673895
0.03239409207186719
0.06045414554857557
0.04068553035983416
0.03925328899654446
0.026808387204304524
0.04024626258240945
0.04028333576416158
0.05359228594517002
0.03502279032462821
0
0.03418877651579313
0.07356752619685146
0.08532777122556383
0.05258551593072591
0.044962853808533376
0.020907028065720114
0.04121308381250074
0.024635174950258902
0.05847537910018757
0.05589114148353534
0.04438564737730392
0.05105689172645514
0.030797643306063424
0.05251369961447086
0.05077112580996613
0.04123644593617721
0.027974914773094522
0.012052637269399567
0.058583134159049366
0.05477673397389733
0.03135523927292818
0.031369833946657544
0.04261684773181473
0.031476213526112976
0.06112163175158504
0.0276319977211512
0.04124980306088684
0.02114223284657292
0.03872898606590178
0.0462772884753511
0.049563167365369344
0.04905519734195786
0.061029564911462914
0.06341884542382406
0.058902294846869575
0.07146885623160147
0.04291097891445411
0.0608141697051292
0.03198098525359034
0.03819256732066032
0.09055798767748052
0.05976962163392674
0.03971620044011833
0.316039163178132
0.1354775716694464
0.04920711707518844
0.04675152069012361
0.034688646791936235
0.02666583925580928
0.07410873046824187
0.05907008595896704
0.04000311940959265
0.061207811836394795
0.04615798009192832
0.05983932759216031
0.05970173007966546
0.03139410462265361
0.04663416872743528
0.017940722613551466
0.061088526897387696
0.0368566982398165
0.047678762033983114
0.04371309018064404
0.055955225094447725
0.00486528689356698
0.045033597520061634
0.05628732872698932
0.03159897892331549
0.02826411969631212
0.03769478533050153
0.02903985841542116
0.02539722931749268
0.1453755360035264
0.0716875077474135
0.12004501419818935
0.030649873879414445
0.05091531816839806
0.03120062347028237
0.04047167705501928
0.053791940248036255
0.1446149352618472
0.045931658802651126
0.06736232742273476
0.03395552186317802
0.025080820403637693
0.024967444577258573
0.0439854264186448
0.06944685473528558
0.06090722923242119
0.033203588637226236
0.045975419881653885
0.07383094740590723
0.10929627974487272
0.05586775890984252
0.04215203747747722
0.04371096147310565
0.03360893535088688
0.04514844752834469
0.03313623123737912
0.027474966194192426
0.04135032773830907
0.039186101265020284
0.010040311380129858
0.042439056898847416
0.027999842367892543
0.06100494979466496
0.02964723526036778
0.04689441373151236
0.03617985932514569
0.03697239250317313
0.05818042301205858
0.04792003525189783
0.014698656375879396
0.06405169830866979
0.040358765212871295
0.03647066432511241
0.02967246192167726
0.041726681454143204
0.0488164951876533
0.05140480298531639
0.050457078131400185
0.050331717189530695
0.023032257259301393
0.0796979791395142
0.06150665497588258
0.048319783044543034
0.07298917658475612
0.05590616045510308
0.03097306840944786
0.057992246241702926
0.034134687258761134
0.03746607219371668
0.06710487629530895
0.02470433845650404
0.03447195006219673
0.03507100543345598
0.06329772081575745
0.05122225162983159
0.03195365862504038
0.048302296380763575
0.04195199539722296
0.0389053121158558
0.03865142240488323
0.040367973688425075
0.012570768121123697
0.05469123878184941
0.02658307611378214
0.04321397419471113
0.045720031720885526
0.06363122393182674
0.050714484417263166
0.03288781149309666
0.19362327406084662
0.04457380395135404
0.030645561503337627
0.03753779410094106
0.040882549980189066
0.06358102519247877
0.029428705496992235
0.024568889603649773
0.03448286654872553
0.04354089017860087
0.0481874227619077
0.01981484911493181
0.03353244110676732
0.04769878766860991
0.04005220000352626
0.03312853322640723
0.04199412789640876
0.06534638851283744
0.027573871470178084
0.05955573880951217
0.040079249133393
0.034588189387333206
0.04752160162189275
0.031761340769108866
0.0240131568810257
0.03164878267772017
0.017152861367354586
0.06770535698423316
0.02297793203110325
0.01593093305686915
0.03453362802128532
0.042072565589070306
0.01890181464744085
0.018215351583610494
0.04400529439501072
0.05056634271295474
0.026057897140685137
0.03195515715401552
0.027844000749999008
0.061566219982338063
0.049974442179904384
0.034396482643311195
0.05471852365883155
0.04777824185269413
0.03479201144163115
0.050624543112906685
0.04150995932072199
0.059509259453464906
0.050401574103387144
0.16812409945955192
0.04460247441216149
0.02875883478150787
0.03283957353433958
0.05256162323037442
0.04285092484717444
0.06120708270054995
0.03573810102540979
0.05560983463885963
0.01453989586914919
0.10341750846506499
0.0661178261296619
0.017654997279547734
0.05422000345664648
0.01788291943649346
0.028669033542414603
0.03793214511390228
0.043662813421534115
0.05071519748941855
0.03787784499033663
0.032614822213776616
0.026068795191618147
0.031625566815499544
0.05672516347229864
0.05267041429771739
0.03877889042791043
0.03363587643655005
0.062024331093534925
0.03573661877555293
0.02851661649067953
0.03416239254582112
0.030596299033290857
0.030000616440909768
0.10636230304709667
0.04040066202858177
0.025076364004409112
0.05514319052374158
0.02098011594848022
0.06003425929926241
0.024454526509741444
0.04607962637076738
0.0260537066257442
0.02319169935810379
0.060806651796226054
0.05966797404250245
0.039297303958634226
0.05281672851239333
0.039098311179352745
0.03792380548558691
0.15986225476132315
0.04488574691237145
0.03855190878593254
0.025341632475371204
0.022084305502675216
0.12905880147584917
0.0711727703779492
0.039310604183108694
0.053130464413419315
0.07871124468809998
0.09068467002956765
0.06571624139483045
0.02486486874262026
0.033268842637538605
0.034741686462425266
0.030183844345764804
0.05796969491269231
0.05197936938562868
0.048964989939177334
0.039264018096698126
0.03646871044410387
0.04240145347636768
0.0701365797216457
0.06976022469443771
0.09732277192626135
0.040490072785812
0.07158103966921595
0.035449914195405406
0.04240357961185678
0.024048654970503847
0.023427658497517365
0.03888241644047475
0.05335670277738525
0.03520231315185673
0.07429353435584846
0.03283468426456032
0.05651928831916745
0.06343690551450856
0.02887269895332589
0.1851526132146408
0.025920319065092807
0.06718746684037745
0.03045139372189631
0.026714172802935535
0.029315334743730957
0.020211287077952368
0.04377808597149593
0.02990071050308261
0.049817404763606646
0.04006189327687363
0.030280250874093036
0.04837237487332271
0.04439954776467103
0.04585628019518397
0.0808219902578454
0.025525406127633127
0.02759195077542471
0.019653287946858687
0.020236684378709967
0.036923931790396644
0.061936799505037235
0.025852306388719316
0.02239091825481603
0.03422923635473231
0.021498848206087738
0.04311605353971679
0.06098002449711217
0.028985921063707523
0.05407098254934982
0.04074287156546827
0.03761890047471394
0.08022551621666554
0.07422696165791787
0.047317795562427795
0.018551206870307868
0.06492881638921368
0.07081642275271131
0.04572132889889693
0.03555723226591674
0.024503929082082435
0.016478455809829623
0.05525202530016769
0.0312449653339281
0.05448557549029271
0.060175657201108367
0.056117479187901054
0.027005950207184735
0.07554593821065239
0.04158219706672384
0.041866015537487956
0.020854970580811434
0.036097268764145436
0.037828533926627037
0.03826840660929927
0.06966007284901021
0.0410780442798834
0.04247085174545295
0.04836463903889535
0.021531456453851905
0.053531305238886016
0.036896798529061386
0.03851500268108075
0.05703124877662584
0.03489289563037216
0.05304964466622177
0.02980936852811093
0.03884321841688209
0.041140608651709556
0.06109370015433091
0.017945101935436965
0.04059038469677873
0.06849792198614475
0.06384925253185433
0.10966754827610183
0.0485260893877826
0.04498655550634756
0.06448524749630641
0.061648942412402534
0.04489063219985652
0.0404479061651345
0.03420629317142987
0.013951921822204554
0.05988593797704395
0.0363286625656687
0.018797003940066254
0.05407756550334218
0.045206447339965886
0.036335763506180854
0.03462494186799929
0.008966502095629315
0.016486053792164623
0.020733240282362293
0.05399692827597258
0.03927445671803128
0.04674079911707261
0.025276729056875936
0.03736565434079996
0.04374897048178432
0.03533763348974919
0.047522743821868836
0.04977552275598201
0.008442546618715026
0.18498804684518041
0.026880306577252152
0.06693964718115074
0.02373265707777145
0.016903391647114418
0.04846660209117417
0.017022877442926812
0.024418026053952047
0.06492296620607878
0.06149701453371367
0.05412114851993706
0.030685779717796683
0.01879708244554937
0.050445109959115594
0.05827866336358363
0.032520417794023544
0.07110239754597045
0.03858175398226309
0.07440131438650299
0.03077728267244452
0.04330546918857328
0.08083376675403374
0.03545162483027034
0.04252537077594441
0.030454176643183596
0.036062504833838854
0.046613143638028126
0.09760977698030825
0.02609526940086752
0.014577253585091422
0.02572908909315788
0.040891076899909555
0.05034259524532411
0.036183850027699395
0.054480438557636554
0.038471214812545104
0.022424064363744008
0.0608316496583624
0.03350519586163112
0.022992416631884546
0.05774845342426322
0.020181294076357152
0.11232565936898552
0.013670340259326678
0.047504244682816145
0.03243244295585599
0.054221824871672375
0.014596228373424546
0.04502051714782668
0.04723920190672144
0.04173177649879627
0.11883332985258814
0.02624247996837104
0.04781768566956707
0.041872317556552026
0.020611086282279967
0.063210180430827
0.08111954071199722
0.06258004248566135
0.04751391556669596
0.030488086294622886
0.03389616337035935
0.03950951888498653
0.0856684134661927
0.0409292751346174
0.05888401215871371
0.03315014409016231
0.0402716932567702
0.03392561547815295
0.04762034807024472
0.03957843650136353
0.04033516842223532
0.06913439822100395
0.030258024003552215
0.014261310565701945
0.02343031034316024
0.061351518426918356
0.0420991752287823
0.047689854292540954
0.04648696947293402
0.031444762373338694
0.03637686502482937
0.035796564068209774
0.02220495011387507
0.043488699397878784
0.025760174786477293
0.04186985392498193
0.01922807502862878
0.023552509993325137
0.01270288004874
0.021127894314019263
0.029308757270210414
0.046852875250680194
0.024220683471499867
0.0602930556773033
0.015394159780235271
0.026440762804928537
0.05486207131347621
0.045660024692999665
0.04514930149533626
0.03523548047319686
0.06085243173963021
0.0394366573523613
0.03232326533720499
0.024523239176868928
0.027336896114034958
0.02925642033356304
0.05947884142354126
0.032560075395984184
0.014288547916862362
0.021153051176988406
0.034264049095929415
0.0223182534396186
0.010827224250118155
0.03993028017086232
0.022754417022295113
0.050857176946103234
0.03402467436766514
0.059574248114433556
0.030321724911673772
0.04474500821829169
0.032722599354943295
0.04722052636866828
0.045730821479967675
0.03253413394836835
0.032572047811014346
0.02158666512935412
0.031033461701024223
0.043837978778212404
0.04720243015818694
0.022640416467151127
0.03160365494929341
0.02814312619788658
0.052580533348645396
0.0637209208743698
0.044168615749246694
0.050510776401881556
0.06095039633725922
0.07459449073352525
0.054723964683963566
0.06163785534458752
0.06138436773583636
0.059550070916862374
0.012875302477639792
0.032471670211573246
0.017745920483634773
0.027320199319478954
0.04605678689546733
0.03865003445168234
0.03604500348619259
0.054101664570223904
0.03192697047049252
0.04662011375427137
0.035591758477755565
0.043492042278177066
0.06803502488368561
0.01562374844774627
0.05865262042622326
0.03773721210111739
0.04103082227807624
0.06483774219820983
0.0415935145051892
0.047335582570194566
0.03841900334047826
0.023759470851485394
0.016434662521032137
0.03961816841036549
0.04201985843763287
0.06419213345240578
0.023261822537120246
0.03166637757900979
0.034104799425268076
0.04819538776478511
