0.010062530051249312
0.016936441373550288
0.01058034332265716
0.012225670323710622
0.009416025812487211
0.01115751292760506
0.012623242449569982
0.007345937614507491
0.007503778247322072
0.008087383370247303
0.0109974378167972
0.010722728177005694
0.01640865186636943
0.0025844925559925886
0.010873344776428595
0.01139798934015498
0.011581285437435005
0.006376770005920784
0.01843719283217389
0.010143020701205239
0.010245750305938104
0.016208404563472896
0.0090999749198686
0.005290991528772742
0.0105337256184892
0.009744231687398661
0.014610952779848354
0.01637697767223218
0.011211563339364468
0.010895734132100139
0.008838700304932291
0.010534925330090483
0.007943415566068254
0.011849620987544838
0.010582863990784341
0.011247470476670575
0.006162492451179705
0.012537492783414931
0.012535855868378468
0.011654710060801638
0.013555340935799767
0.011425884488296604
0.011424099926047197
0.01309805186904741
0.013292640202662555
0.012161679433816986
0.009840124563759992
0.007543799905431171
0.011850731969372922
0.016336356107465456
0.007492922921112295
0.009331131951484124
0.012981281450866605
0.013104872593688841
0.007418232302574514
0.008032840326152509
0.009757724753047948
0.009629301739603075
0.01058120846736943
0.0076234978691212315
0.010628346005141467
0.01235356518293358
0.009094765330846608
0.010919758563633395
0.011472720174767019
0.015199151356734041
0.01478064511147624
0.015338442586552198
0.029996388022023274
0.009162337592682875
0.007728163180578824
0.012918600512662217
0.011615865460314524
0.010014995779251
0.013782418336346258
0.011989535963452824
0.013336706539493544
0.0092277045714863
0.011184443798444053
0.010257845441402272
0.013166654071838162
0.013696508978698988
0.010892978617329182
0.010464642682678221
0.01073418115991581
0.010370199062895876
0.009293472943355549
0.008288682154690741
0.008630255727995863
0.0115182520723853
0.015802577802453782
0.0204444457254547
0.009697533398572884
0.012522358632785995
0.00860278901325516
0.010022847365903566
0.008451465177725253
0.011830474942353961
0.008677113182894283
0.008837390260394614
0.011586291439977548
0.010985133444068849
0.009231627055153577
0.014956368842078002
0.012806065247476501
0.009264922407575042
0.018291696909145897
0.008577290682940142
0.003583479069039184
0.005834652745674023
0.013320159637183302
0.006023260568400425
0.014625446036405088
0.012049101096401152
0.012650153357037985
0.03329596151781413
0.018467830768985487
0.021092975041182137
0.008645553702874629
0.008453791133362277
0.01338553131265479
0.01360249247486406
0.014179340772501905
0.014222477172495791
0.013059514037860414
0.012893218169963885
0.012905959788701538
0.019711981185920855
0.008097842287500275
0.006246024371096263
0.009176814477005465
0.01354170504044174
0.010137622877072011
0.011560342417784602
0.00546016630648025
0.00935962742642346
0.007784034278555392
0.011874730121729729
0.011472739763073144
0.010596644249853059
0.011383241230576931
0.013159517395572974
0.008137072059099734
0.01043460857179394
0.0117159410095879
0.00746941699718902
0.007691797874930966
0.008380133624549445
0.01406024083153945
0.011367092363013268
0.001856465005240481
0.015112571496167952
0.010130690955518933
0.012343648651764393
0.007390681411819832
0.009824955817818375
0.009214629448313683
0.006440428629348363
0.010969711887538737
0.0068422676436786485
0.009218329036795809
0.010906439318834343
0.006358788917834633
0.01153255487544136
0.012760527502773856
0.00935030181856391
0.007091140906984591
0.01307094208733083
0.00716405532166363
0.01112546461090065
0.012690880911542178
0.009466061726512476
0.009861393991257376
0.014913754089926132
0.01233896677023264
0.01082587928868042
0.011595986677584888
0.036863312668842775
0.01234316634087559
0.011662159437232636
0.021702767435472718
0.006604981540883467
0.01290750310624809
0.006857011089145107
0.011434299687381737
0.008902128133657105
0.010494690958649602
0.007728918396749184
0.010302733088094004
0.01074563694867668
0.006211182550452303
0.013776891091072153
0.010712791046825779
0.012808409490032988
0.02159225203840408
0.012122025147809093
0.007504628776558249
0.017952261386035773
0.009942617348773709
0.011654506814346894
0.0099608026115184
0.0074164897554340435
0.009340564923490955
0.01440587983887803
0.010856135852552967
0.013603771328290671
0.014708081699428135
0.012167666303688578
0.007077049401275929
0.01154542320667901
0.00382679477415595
0.010776267964985594
0.009018618892817238
0.005982832248887752
0.010987904207821027
0.010385128177797055
0.013592392438586108
0.01325990029300301
0.012097799511440833
0.00988720473635831
0.01262406372576053
0.010468346153528825
0.01624201142088388
0.013882891058417906
0.008791034062039833
0.011661536585386732
0.012294453406189398
0.010157093770068274
0.0039514591719391045
0
0.006269495624084305
0.01345063895366477
0.007849181340104315
0.007118984676743614
0.009969752235547536
0.011890873581014084
0.010019958195102959
0.010568293768448273
0.010618895303670871
0.009380235486286347
0.0097309457811028
0.011724997983453203
0.008351423694993726
0.012503986630614429
0.011117978290087644
0.004467887115807352
0.0056989099796646665
0.01063589128875806
0.011510732492285973
0.012201402473007826
0.010866672942077694
0.010522859823544756
0.010574874989774982
0.009770428435021876
0.009946355624779921
0.009803665432363082
0.010176629406619665
0.008570408569414052
0.008945220928221262
0.009445375665846856
0.010771760598253025
0.01057114233631839
0.00816518117868126
0.00957007324218358
0.009882528334118559
0.008898271111960255
0.008833038224568636
0.011864640035545803
0.00984625289504218
0.01247775925810784
0.009139302086252079
0.009689762505418451
0.009636768772327031
0.012161488490727155
0.010952917822753927
0.017991297042240843
0.005695952710206402
0.008127975878976337
0.010291871030558945
0.010182588855135778
0.011416461263090627
0.002885842576667817
0.008531820958491476
0.009570147432801317
0.004544142008866931
0.009648012786343908
0.011437794959301995
0.012571731095240186
0.009826283586858631
0.009795428404852646
0.006494104886452293
0.00862977929672706
0.014085579482662355
0.015203268970241813
0.026434687560864593
0.01031090846949867
0.01291300722861226
0.01328390962885623
0.012000930055886466
0.006467823995888011
0.008697997716992445
0.011298990673854281
0.011164037950087378
0.012003198654444776
0.010567632465009845
0.01066363745640981
0.010673374554585125
0.007963247073490934
0.012788807214919994
0.012863077324641859
0.008471738735570805
0.010043641732364947
0.02382072715963952
0.010187135201961194
0.009119262387776285
0.008153789094662656
0.01230695270898765
0.007933226677824383
0.0062115555732155025
0.013533482178745759
0.006997715444189046
0.017003079402888192
0.012968051185768095
0.008644892386156731
0.012740602418307385
0.01169470276457176
0.005494790621297911
0.01041731015903219
0.00674713649213401
0.012459930598999596
0.010963979249863733
0.013337925833438735
0.009828123625274925
0.007032418536198733
0.00807649867210177
0.012658369676049587
0.010720724863874443
0.014228014130438652
0.010289460968158838
0.01243840443595958
0.012304786869015425
0.005057003657304595
0.003763595769279869
0.007192997282509542
0.006242698698510457
0.012629704451214599
0.010529733337430097
0.007860341531349773
0.008033049741381975
0.010116158135877153
0.005650656485810285
0.008204485524882829
0.013538124636245541
0.01366446750065165
0.016102392779539277
0.00913241529387421
0.014095668301278534
0.009796327222184409
0.012266139432895985
0.01059062897390103
0.008547544716658471
0.013164936498845014
0.011365021543055737
0.0064492037945468785
0.008446691954154423
0.01000612515545247
0.012423773734827488
0.009491436008830914
0.008138312109051854
0.006199238585939521
0.008652326559489682
0.010680859580772807
0.012839451224408901
0.011488550086913555
0.01266888044276724
0.008334175816151162
0.01183479579420348
0.01079381598287641
0.0034718704626551257
0.014153754119396589
0.011362157638575569
0.006302035781084932
0.011898040878462704
0.006723158205655405
0.014966859504083621
0.00933808053893186
0.01385551845466657
0.008453366497410174
0.008817661248992538
0.008008950111144327
0.014741465552792696
0.011565392647298688
0.006433907203609336
0.013646115739903987
0.017191131696336077
0.01208821056604845
0.011347653055882938
0.011731952822839897
0.006942725642978915
0.010923355174488603
0.008694418123418009
0.008689976544354713
0.01395614473097137
0.012223794427307725
0.009496071724011393
0.007369814930445182
0.0093150137479137
0.011271224667938338
0.010411923172630103
0.019620862201351938
0.012972402975934312
0.012388945631347128
0.012112318013200785
0.012020761009843466
0.01194840287570802
0.014507830099262594
0.012647640303900648
0.007648200603173884
0.010224650822219536
0.011582364040076624
0.01149752032497828
0.009425463762278574
0.009583322313810863
0.010567715699193772
0.009313572619396495
0.010325199281577106
0.010958558586893196
0.009057302755080364
0.010717522615911466
0.011046350847781992
0.00976524946294842
0.007986702647389075
0.01121971451231069
0.016001264932283724
0.01444451492793382
0.0072443804191805435
0.011293992383704808
0.013673756932812338
0.011979441873232854
0.024330937274727956
0.0126712059552625
0.012845851366879189
0.011942228273978459
0.00871540963141992
0.011342661877972591
0.010015578766452012
0.008149915043594
0.011117980966963347
0.011570507470812825
0.012022488507935618
0.011194229497948634
0.00795878022750507
0.010454346136934172
0.01806410368871575
0.009254455988827567
0.013196642542635228
0.00730543715326398
0.009642825417701712
0.018948495271477232
0.003322350977406998
0.012342710410793968
0.01378777656689216
0.014712211279724817
0.010220481390402034
0.009652293274330793
0.012730964868070623
0.008955402688605929
0.017583751786022714
0.00512324407887788
0.006965332352745624
0.010884656091054812
0.011813578814972206
0.012927092194425734
0.01669562047244369
0.008800536436493553
0.012501071630418413
0.01198982545599363
0.016870328150176358
0.00940786612632836
0.010901560964037204
0.01199232839597424
0.006210761163837592
0.007691596426595701
0.005700437808441185
0.006073136728405
0.011712290729106008
0.014902468066529392
0.010588685923610636
0.010013772199547228
0.009700631576701767
0.011850126484426628
0.009971504226302082
0.009210298647599008
0.008765225183200333
0.006940419472893579
0.00022954914132864487
0.009568875369903546
0.01432576651403574
0.012476928217942657
0.0103438386044941
0.010636769866246521
0.011882783248313107
0.012247054736803695
0.009094020681264152
0.00818643219902385
0.009241543351730245
0.013332180195164637
0.03376860865608545
0.010683985257890619
0.014668677849855363
0.0106103670236763
0.008114815233947473
0.011873856676231304
0.01225602212239096
0.012793897153045113
0.014250578736902286
0.009940364364111734
0.0070941605830244754
0.017200921387942467
0.0056030467479011945
0.010464813616766636
0.008219320332110503
0.01223838994556687
0.009802603571287304
0.010609765555240767
0.011699104724195756
0.010018319188748862
0.00981563195565675
0.007973851243792837
0.010124382584456698
0.010790169032950325
0.01393971551733261
0.010093695302448004
0.006351642448216517
0.01027767146706894
0.005276161281121416
0.0072537726123005145
0.010228455539015874
0.011964036456030249
0.013682189514645024
0.014117059478759533
0.01261586151924097
0.009579533269876319
0.01152341764039934
0.004397348696592463
0.00966418437024808
0.011861783612390165
0.011144307787495396
0.009743518595872164
0.01250650313025529
0.010082615095029076
0.009991235472267183
0.010931175718052301
0.00915413962605529
0.009315338908255179
0.003107794809941001
0.016906048966680406
0.007018622194175964
0.011258751628055693
0.011663537276508875
0.011339308365340616
0.00997954267401121
0.00674759731510159
0.006357751088633785
0.006819803852753187
0.006258831890060535
0.007588265046665201
0.006578703746780339
0.013388179623206866
0.016940872556788153
0.00999983239599338
0.004939951349863973
0.012100438738943899
0.008917903909111662
0.008718122262458305
0.010737683433671753
0.01624361287878635
0.012839829765518986
0.011910618152450526
0.0030556236609387832
0.012780610732070277
0.00989657888219199
0.0081260031874856
0.011110226911292459
0.01143577347219084
0.009557931506909203
0.008081804781314346
0.01414423421483026
0.00969155871386255
0.011776505999254575
0.012369030994028902
0.010946268588679255
0.012793925808052609
0.010135253952507759
0.014138755948925141
0.011293151124507718
0.008608483112460418
0.012256006380645482
0.010223326552813045
0.010243890116065314
0.004068106567781588
0.009808246328022033
0.012392180603032939
0.01353418469393854
0.022561454721098398
0.008722242166393442
0.008828918832149986
0.007529015880565657
0.011814236524956247
0.00870039898389155
0.008866703873192447
0.01057728671456083
0.010963023322583023
0.004000624964669129
0.012032702978177835
0.011116325729709907
0.010963544182003241
0.00938165705280448
0.009524016369956055
0.013290043026955895
0.004660260319887815
0.00942600680952957
0.0031243006433795714
0.00994935428116531
0.0077764781878634295
0.010333477059735516
0.009791889044881126
0.009913889755609799
0.01307114889202026
0.012941156515075158
0.010163585424863647
0.0134151407168237
0.011930799145635678
0.010248951834685086
0.012299934217552225
0.013414562615856909
0.01206176367753393
0.02118430648135304
0.011201235748096823
0.006974150294596487
0.010352905382086717
0.007810861242896619
0.007862692115498006
0.00924117219480326
0.010586678999407193
0.007732879968366506
0.015268556815438537
0.009450451576471086
0.00595278879572346
0.011816895481174849
0.012154791664396663
0.012068341271856456
0.01413126382204363
0.011661586071141972
0.012913582481104748
0.008600629088492831
0.011967189237075581
0.01092298521534186
0.012101040219378344
0.008653496239409152
0.010272276183999797
0.015676809548388168
0.012591735538467302
0.009863160418302652
0.010953266788879567
0.01127767582906658
0.011581907332076277
0.008610649742363564
0.013159987442251978
0.009464066165304194
0.010305549278916061
0.01193612321023298
0.009071126113560054
0.0058271278764514215
0.008186213583598409
0.009047078788035266
0.013219506644898028
0.009497339976199996
0.012318772533708632
0.010252187493484789
0.012921880451859635
0.010734313194293415
0.0048619202062287455
0.006148495240444673
0.004580605338931157
0.010171519881144227
0.008774468166988802
0.019328383588978412
0.011358641664774323
0.00775955960300137
0.013879934126453202
0.010139890939382367
0.010764279560917982
0.009688981599725905
0.012490603749233806
0.00964032570118375
0.009592489661823975
0.01235540980918821
0.01434552778651126
0.010017913441197866
0.011459832760484085
0.007974037163598475
0.010079179283456112
0.01133570683406359
0.008895475582902558
0.015263421155819178
0.01027906822187941
0.015630956233642235
0.014395304056421348
0.013184208306003555
0.005994772209915219
0.011052300398268945
0.009076575470168087
0.01718686205069051
0.008720768697433335
0.01469417245264131
0.008732652483447258
0.012893469939922454
0.0096492836997296
0.007809715372606787
0.01649684115418639
0.013194435796659392
0.0077634168807069115
0.01468247475994927
0.012503021343096414
0.007654174550880787
0.010238602282138007
0.011065174909750966
0.009918164587354018
0.00845277464296551
0.01567687390383549
0.014714901492579865
0.00795985368845217
0.008654537094210442
0.008797253007158605
0.012781990554882248
0.01060334708558933
0.007980033121840422
0.01045421872108729
0.009002785626740117
0.012375547674542837
0.010182268380234939
0.010275930483007888
0.010829462084615698
0.008572122322807959
0.017307348998187005
0.005477663920432051
0.010336688524794782
0.01243541019635421
0.010588645574590352
0.01208523918680053
0.010265610940049076
0.011068902238877364
0.012174204880677188
0.014331002001493258
0.01593145612718334
0.008414247385057746
0.012164492004159023
0.010059809697268085
0.012939811841831768
0.012132870796503648
0.01267094037376404
0.011930427054209772
0.012370334350106817
0.01136249018674135
0.014523483621137201
0.012864132094568876
0.006042296168442531
0.012636960381559856
0.00864689130136941
0.012095031903506998
0.008013789131597698
0.0073850207649688955
0.005979139696360731
0.010022440861853174
0.006287824793903658
0.02204579614357271
0.010964577651836364
0.01239863119832212
0.00971252871779199
0.01347228523996859
0.012222787063245097
0.0024952040359119726
0.009444431214465237
0.011188041302429173
0.010288494749044473
0.008252544126375638
0.008816871816747989
0.013484624799355938
0.009617218522062293
0.009145163568736814
0.015427616491441639
0.010982005726785996
0.006031411090451341
0.008567964038438803
0.012638187973686455
0.00882798744297085
0.0052196872286745764
0.011933881973092838
0.004501112784346629
0.008153894107507435
0.007327735624522302
0.009945753001809532
0.010312989753021591
0.00935528988877367
0.007925396239892007
0.015271089526066558
0.014500992855786935
0.010071591271151226
0.010368351582577751
0.01063587501437481
0.013239668287013742
0.015254586201774828
0.01414827271506354
0.012278951213946796
0.01267021487765201
0.008282083047689594
0.011588028396610182
0.012231103799870963
0.012766760005794964
0.01321056081402965
0.01216036629970543
0.009794480226657078
0.009097026489649312
0.011774037202753563
0.010457517034765459
0.006073388418618941
0.008455534769289433
0.006411843648081225
0.010111683915006994
0.0068618132616261075
0.012537854264547595
0.008786921042636914
0.011962706112929445
0.010836063334567431
0.009973560574799228
0.01102963864990622
0.007879273842725727
0.012851615858788116
0.011506395846563393
0.011540261301992035
0.013076586020429245
0.014903582643674767
0.010372559129693096
0.013051355921719432
0.014173622368519767
0.012329185485779486
0.011106928498084291
0.011407296370055728
0.011801688943820419
0.006801380108714407
0.010101847414793025
0.016021792872895603
0.010859689361259436
0.011870902654710629
0.012510051255290387
0.010677084235909823
0.009879891202711403
0.013338398054807084
0.01169926404237495
0.009630453821057835
0.01028995026180006
0.009872326833082866
0.011776004010220189
0.012905459139219854
0.009060264186867844
0.010467609892671056
0.01079784017991275
0.01018830818148065
0.009848078944987727
0.011699531790488245
0.006712758535794462
0.012120271199442489
0.012669733165856515
0.011406500439653978
0.011603169642325951
0.00925764660748452
0.013161597442838785
0.007465551524880235
0.011466793482002654
0.01522062086941317
0.0118624353235327
0.008677151174419069
0.010087655765691017
0.01222532808753478
0.008390763384342493
0.008492421015482941
0.012237934890342495
0.009973886764441756
0.016885971210903645
0.012075050619149014
0.01617258494779995
0.01268150459746553
0.009233638956649273
0.0074827561466943625
0.014199187424890897
0
0.011405476390258112
0.011002638489210565
0.010902205372946092
0.010689802427500745
0.005748668549798595
0.011931922125943874
0.014122213042499573
0.007048927914011702
0.014498179799116195
0.008513304974293461
0.0070904693769871345
0.009052672915568556
0.008629736872163287
0.012886565738071
0.010975989568878115
0.009479189185587739
0.015144357279380391
0.005905825870233219
0.011682763415388186
0.011852190705731522
0.011367184705829904
0.011422626238846368
0.010333326029148927
0.009547421127687994
0.01165937255290588
0.008726071811160157
0.03346723097190612
0.010591959281624371
0.006573194736218025
0.01002440537572432
0.016406065686690594
0.009703851518785169
0.012009299030422398
0.01179091386777275
0.014517230950421001
0.007464555788346322
0.012602402176553
0.007401046965298065
0.012000215028708005
0.00319708451803155
0.013728986966281134
0.01028268562167258
0.011531016751453026
0.015427890097723504
0.011107349713345475
0.010079988501619577
0.013809945444424132
0.009392179417062479
0.009082376490174524
0.011774778083430845
0.009908031533341586
0.011692523721944346
0.009013925995905099
0.01655163171580952
0.011050087624630297
0.01640401511867844
0.008559941926292542
0.01247712179692571
0.01286851125809891
0.013561060523785046
0.008508503811437184
0.011320661206367568
0.00596921796332007
0.010224796035396928
0.00920681733618604
0.010881398249807907
0.008712185100305475
0.001445139720853899
0.009629318014054243
0.0024505027396772142
0.015459885582159952
0.01030036023802369
0.015435459758785696
0.006574742073809214
0.011481200541765475
0.011293293739215633
0.009348394178407812
0.010900362141428796
0.013291902233606486
0.00886333620255351
0.00935921611837228
0.011570548430487763
0.01037603434775261
0.011219412965155733
0.012970864811126486
0.010908448187193404
0.009561810322083801
0.011624342045132503
0.009746243080063863
0.013500744424669798
0.010234149813922422
0.010496836868759204
0.01002427399347136
0.011550003196667965
0.005969647339780158
0.011668571815924697
0.009434120689690373
0.007990338851217582
0.013754823420919353
3.6423349036870004e-05
0.011912218889777974
0.005882835813478551
0.00930657685550628
0.012450047175676349
0.0032917917682131924
0.013651526696047437
0.008367833427492321
0.008461010228455534
0.01983914792717037
0.002817548005892951
0.010572529339736058
0.03614545748667238
0.009775640352290747
0.010795373800760809
0.0073524492569121335
0.0066420192585863146
0.012272361267946098
0.005790394955167141
0.007968559536889895
0.007647445189148564
0.01435301571644438
0.011723528370419544
0.010222282352653116
0.01063206932623516
0.007620000377597768
0.006253931110416761
0.01192000502131576
0.007661911452520422
0.010734791604796554
0.009132256237628093
0.00916903342395707
0.010657710593829705
0.003760303303428377
0.0033521629800446675
0.010354581403425121
0.009269172953015081
0.010928174614432658
0.01314748603010924
0.013024812483425512
0.0032640220472771194
0.01000915765305919
0.002347598592989523
0.01296111856253353
0.011161398313069483
0.012804408808260637
0.017461107906824785
0.005358345206918882
0.00640308437402617
0.01694195302295687
0.0028442768567292333
0.004640395778899193
0.01448951410135017
0.009880069446807489
0.00916844277986583
0.007563730871514349
0.009754521855306276
0.011232651840382623
0.012772951517914034
0.01838576793460387
0.019378448178966952
0.012610410545145742
0.015065969828766004
0.01417852207274731
0.014077812574085951
0.014893294573507763
0.01459256075205104
0.013873712131987676
0.008097712720155577
0.010118332960582
0.01226651498698385
0.012672800096324799
0.011065365137121894
0.012752246328162397
0.009274248009280221
0.007452623120903453
0.011079267096496391
0.015358505815511302
0.015123823800799937
0.009233070627505533
0.011295575066130045
0.015809318644639518
0.009722816104175783
0.013118159529100521
0.010675542670172528
0.01292841407990756
0.010965835556961592
0.01015035837087552
0.011991454822670748
0.01609767145400244
0.0112392632775987
0.009437044659037878
0.0049572058766502395
0.011953761433261368
0.012719234495381987
0.010978206177822343
0.014552771984304998
0.007166867070743645
0.006762655348606252
0.010546357949321102
0.008686686737360505
0.006892950419054053
0.011603279148178838
0.009091801674393761
0.012314180707535144
0.011035715122216246
0.006126325833873297
0.007472653787839384
0.009233481778784155
0.008811480183649014
0.013803120274714384
0.013398938278741338
0.013476420561648099
0.010526344457812867
0.010024381993847262
0.008063793244474952
0.009695541202705365
0.012235353993542553
0.008603503175883933
0.014706662485441281
0.00931359111018977
0.004166596461423879
0.012746480119126892
0.006598893471807945
0.011646191781748798
0.008252938686657833
0.009274813511036014
0.0175821431889532
0.009905493221860334
0.00950336378189764
0.00897873931736554
0.008251285164465104
0.011557493046903872
0.010086681572451215
0.012892296664337654
0.008804268847186979
0.010466343216280259
0
0.013224255453845795
0.009437445539319939
0.014348261027166931
0.00937388798615925
0.00992396274001173
0.01242257500682247
0.011419847915986558
0.013248398961607417
0.00904249823812568
0.009203967883151044
0.011272221856100034
0.011084172542688434
0.016888810688505125
0.014835763244645233
0.010696781368424942
0.004922946843949105
0.005472295136260479
0.009195552092182646
0.011737801106904741
0.008209478699416711
0.009338986482422077
0.01331415733195417
0.006351753193895928
0.007374105356889197
0.010454906388373673
0.015215358205162413
0.011736475558338882
0.010396288246460203
0.00957111121161606
0.008740402811027313
0.012812295610379113
0.008351556277204823
0.012222274499184583
0.00824176241903923
0.009666563434763811
0.017201254250967052
0.003844771719238438
0.011145831383734007
0.010983022723813154
0.008851063830096808
0.016698270997469674
0.011425493448805491
0.007229925396493678
0.011231186083592136
0.008782168920892178
0.02207124604984645
0.007701102609923399
0.012734442747458576
0.017458467108759475
0.011491031238669593
0.0074384242193855496
0.013000466491825666
0.00515033434893404
0.011047385289165984
0.009505342009097098
0.009934988575758497
0.009269808145364032
0.009576663122861873
0.009835104836142885
0.005202488608138341
0.010848157266060207
0.014431608468951815
0.008573430875807952
0.012618012463496042
0.016668192291947354
0.010186614954773625
0.006183882593139923
0.012814223088376445
0.006948840268093481
0.007895704778046346
0.009431409036411936
0.007567208270482026
0.01146836422251881
0.010221000957743068
0.009835467457558016
0.011413894638985152
0.012015979872482185
0.012175596200905258
0.01201476595424431
0.009842455632623206
0.01240388659169523
0.012386634207355892
0.011361425945421425
0.005434251616066757
0.009764649437273145
0.009316801334215086
0.010999496958590814
0.00718665616774751
0.009122930264126085
0.008512871424609351
0.007464307667844339
0.00933186557670987
0.0068485199964732095
0.015348923469194873
0.011274627625485794
0.00896056967325614
0.012576377924167775
0.01260750046697709
0.013074314505339501
0.017976898289399922
0.018818431643043927
0.01026481488325281
0.011923948175318558
0.009864945540364465
0.012781060205912095
0.012100400912167871
0.005891753086597259
0.009022957333193454
0.006755956383714638
0.011397835342430435
0.00942219755715915
0.014923673475191112
0.011556693808678804
0.01025445506661495
0.010244086736374678
0.014282231514705082
0.01031241983912469
0.010096226041575635
0.010674911193949137
0.010642945291629022
0.004731369949441863
0.009072862483059949
0.010003647847343004
0.018366811219166033
0.010496326438013218
0.010745691540313167
0.009042593029498263
0.009669137625458252
0.012153333675247293
0.007561723830237319
0.011001103296086697
0.00995106905104565
0.011416826046236178
0.011994302961377238
0.010339832397651297
0.009410580752816936
0.014042110126864661
0.011131505626834298
0.01412564136431494
0.009878030396085789
0.007254557759885248
0.013540866806091956
0.011675625988187542
0.015180007178426054
0.01322465024832612
0.011773008226270221
0.014169890134383502
0.011909851021432698
0.01324445125223661
0.010359544251906277
0.00756561839369559
0.009035526206463177
0.01166478740758911
0.013815567183129183
0.00905279162359266
0.010438138799981093
0.011292907539266605
0.007841046232963349
0.007457048789829505
0.006596271997248777
0.009979856676568175
0.009620227496452947
0.007159878984865859
0.015793768815734216
0.011463963089541241
0.010900713748279927
0.008868655579371673
0.010559883252826469
0.01044168211106477
0.009987891328851048
0.013924075966415551
0.01211445245180934
0.013419227156272348
0.012459634773586211
0.008319624196883556
0.009162417002515978
0.00916407074449322
0.008137362650765086
0.015309592290602372
0.014572553437152662
0.0135503209692126
0.016135843215138633
0.010889061284612894
0.012124615447370158
0.00873738298340916
0.014430144977914124
0.015075182671688255
0.010551759983354695
0.011912853574426154
0.007735764421490011
0.004910295268892902
0.0014215683919271095
0.010053242251865255
0.007760194776213438
0.006883533445290503
0.007492716660502992
0.013331510085994784
0.011217092431332456
0.009701811291547317
0.008917208027831271
0.013082332222039169
0.009903213272051086
0.010383682347109893
0.010713978969998863
0.007857021674727512
0.00542067079778997
0.009787967070196031
0.01025623364656852
0.007397952579977321
0.005475631664615418
0.009630757209304484
0.01477586613406111
0.011643755805179073
0.010522561533625916
0.010630235586802393
0.012429831139456159
0.013855885742448113
0.010184151434939552
0.00987380681108222
0.012294782709161475
0.02358756652158623
0.013290789378765223
0.013245179377084039
0.0020774820364406347
0.01212522704614897
0.009549866600016605
0.010347288721951781
0.011874741750403251
0.006483204705317814
0.00893149774819022
0.011780884286050638
0.0101962697360969
0.010414354989089459
0.010551801379971594
0.013322277715644612
0.01030088806651488
0.011088360857117221
0.009123121851463408
0.001465577726123411
0.011961933985012949
0.0018616740260847943
0.012074330975165094
0.008607773834369201
0.009248890558859697
0.008314141646075418
0.009182768263839129
0.002688227152566676
0.015380960802123242
0.007219916411175295
0.010244679961677905
0.00956193235778906
0.010230080112791673
0.012138005016676097
0.011895831472190649
0.00884965044797907
0.010984907058784306
0.001822254321233826
0.007967704162390269
0.010365165875811282
0.009966159577525537
0.013554890586096378
0.012257888596670824
0.009389753139781716
0.011085472041632034
0.008706479674567436
0.01102381927938312
0.008233149556417341
0.012126772275272101
0.009938272151125522
0.010329469404245494
0.011025961809353477
0.00782305949195113
0.0067985551476376005
0.008311364120724874
0.008577140700918561
0.009982707424981687
0.007590633044407843
0.011446314587601624
0.012388232169665123
0.009821255790813345
0.012129762549971604
0.01111561687412839
0.015632712836084053
0.009985338651199143
0.008762162983511347
0.010573179246032429
0.013358300554417793
0.012784228347323455
0.011397819795974345
0.011337871019684944
0.007182385341189688
0.012702943648354052
0.009397590294215151
0.011231303840889568
0.0112236008263341
0.011156720761643637
0.010827649678850915
0.010840484193849895
0.007396067802520591
0.012496415336030802
0.013139002773632232
0.011697854308064434
0.012092449970893617
0.012582388239732333
0.00891745505350094
0.007145690887906678
0.011997464804151488
0.017361982553185346
0.014283789907792497
0.011085842258816985
0.010315363195616406
0.011081332193344595
0.007698168112403474
0.012984320463936667
0.007447661759950597
0.008104768447220414
0.008802937447806773
0.010359275763175944
0.009594636163219364
0.006717016381746282
0.008458248262748554
0.008471619983776796
0.009494507775912672
0.008410044309146858
0.011340909737087422
0.010176059277068676
0.012751483704972507
0.008530581203761708
0.013640731689298614
0.008023711327493124
0.004568064989980379
0.00916753248241883
0.011619106400116324
0.012206980807816115
0.010923711620439177
0.0126056815517807
0.012098519453313672
0.00781938304346374
0.009087815317399835
0.009985234721338916
0.014271795551211821
0.012405218917216559
0.013750168729180869
0.009215070185621005
0.013539269965103639
0.01283114543931692
0.011345240873179632
0.0073545661657238364
0.009610969245948309
0.008080371322712894
0.01196123151697386
0.0023094288301045455
0.0030392902080190348
0.01031326117398683
0.00809800898310081
0.01439914906356103
0.01047255635856965
0.009777830123337614
0.01542519193281991
0.010878472616317898
0.013066761426321799
0.014380562644459109
0.006094060846502369
0.011242713159689412
0.007617998283504825
0.008659004932655076
0.011268282135171852
0.011071721615064336
0.010710466462264662
0.01138339277182775
0.008742849663833194
0.013162730297717385
0.00935735527104721
0.009549736861862017
0.009901145713783352
0.011170799315669465
0.013147957226496762
0.015760919632241372
0.014032802630512866
0.013096982093518342
0.013792828784845912
0.007053194149539754
0.01465194140132523
0.009514661296060496
0.009643177377322525
0.010779541538640825
0.009694554366424012
0.0066700354753982125
0.010481190637679931
0.012011390564555679
0.009919087824710304
0.012563722230777787
0.01433673474545829
0.012379103900475056
0.015265883851984135
0.010945128350335552
0.010647871295389065
0.0087180429553743
0.017758165441771334
0.014404745775925189
0.01771097202663734
0.010491256414860223
0.012122277519201604
0.010877597345462658
0.016739433188610535
0.013948714940644839
0.01120014661430399
0.011843962431581753
0.017631309244423854
0.011203829368960748
0.014221679198435217
0.011977972368227983
0.014666260079054767
0.012091704763661669
0.009412384899312369
0.009980925234516234
0.01135055572843447
0.009018771862894901
0.010263396455284773
0.014278869402452297
0.0105721657840748
0.00914781528296874
0.010055844104576874
0.011959684694199281
0.011686998449798267
0.008765973338122554
0.009961960490079065
0.009056809096619683
0.009688557490915385
0.009336799671136788
0.013663980083115472
0.020986635208686658
0.012902925174056468
0.011104024473671911
0.013193528092941584
0.009223722976988036
0.00971083916428659
0.010475374470436827
0.036088372720563554
0.0160896391921678
0.011065594657981554
0.010011892645637607
0.009726578026084351
0.009365963830388251
0.011382574731005173
0.010357774938615569
0.01040411889129086
0.013099861029215974
0.01176024701931011
0.010255132204042837
0.012081751767589913
0.00613043767709256
0.008880451220057149
0.01304067799833939
0.011489542944557
0.006415168462624719
0.010185987858858646
0.009788267718127706
0.011118892501803174
0.011456958319976673
0.01160386715090187
0.011351865520474829
0.012839874180707093
0.010286218616267363
0.01363003548031657
0.00874195073818385
0.011150559755730137
0.01585839366978641
0.004593578363807046
0.014083171977927604
0.006658971474915392
0.005024156512215928
0.0057270468238536385
0.005169148322124071
0.006736346888643895
0.0033097711950920345
0.010788932322214046
0.011205388471385747
0.011722407546722768
0.011754807603643934
0.00974600079880602
0.011979326534358539
0.00828427897504141
0.015182585506061521
0.009981580099961522
0.006271668929884358
0.008891882609123575
0.010797715262065454
0.01359791781205607
0.01656720515320993
0.011367684629158447
0.008330195116601163
0.010201917084154195
0.010308903576382452
0.005723341854627065
0.01295804435118143
0.011411255220770638
0.00987466519624376
0.011730702152853035
0.017625897499793198
0.010722668954971057
0.007478253374043853
0.010259329473567376
0.01007036318035666
0.013395666837054261
0.004554270201791354
0.012299303972221273
0.011536002368628452
0.0048367780707034725
0.011446466459299835
0.007184248618296312
0.006327169701147277
0.00880750089027143
0.0075091355199794615
0.009723411027905957
0.010410000572800103
0.010856636460248984
0.009189641851634107
0.008672306363572723
0.012862684868868369
0.012964816847030236
0.014115755763604399
0.006491930543163721
0.007885031041087901
0.008553493526089992
0.01020676514519876
0.010829123805138572
0.006674517529689371
0.00032600074418274284
0.009985721004101637
0.011603127983910942
0.00946909923401601
0.008142677835976242
0.008951245982257602
0.010710732866225245
0.011889678808786035
0.009967307294365022
0.015059213148828555
0.013085576258493919
0.009516269142697223
0.01308487645220742
0.010674584877180862
0.011623839684985284
0.013839132673198971
0.009816853057737666
0.013216799564471126
0.013014170963453267
0.012676025299938982
0.014128124025287144
0.01541301752605752
0.01312341246707519
0.015052702667723806
0.012540158386302139
0.014807623715433503
0.011975141659165913
0.009076580330662887
0.012152363797776773
0.015284934648782897
0.010471501956078261
0.014345607972304143
0.004828315749184005
0.012710506849557126
0.010291901876045123
0.012778774135968594
0.012114095703483386
