0.03882296615627316
0.08466787916376062
0.10967689702281146
0.03934702248769666
0.07758892886865013
0.048769860683384514
0.13810966289896118
0.017012673471830532
0.008876850925653174
0.011013701730091347
0.012974426613110218
0.05347172712723854
0.10268028713700793
0.038391365751937204
0.05550562841956818
0.03962622908202681
0.12302653693372959
0.12459315823959576
0.4255909895448371
0.10697744354971282
0.0013724840596686656
0.0007597510721267637
0.021742608712730843
0.011807208699937965
0.09671438804471615
0.09239229265587422
0.08418160268701977
0.05749114753886193
0.04583139208538565
0.029133903417719754
0.0442852388900002
0.03960570342820554
0.12337773394772733
0.016244434266034242
0.013743494994110556
0.041228664841374246
0.007712471496181079
0.050727991596593656
0.025116018361122754
0.038254593417498706
0.07829929340742647
0.022782740026088353
0.020512692260230614
0.07899836677233463
0.02786546162129513
0.07717355021109584
0.10871543859368116
0.08639068392352883
0.03336700129897374
0.15272580547882414
0.6297689398726124
0.03340555908503058
0.019893795780899382
0.021225684073716895
0.12777795965469174
0.012356506686308572
0.0019714481863320867
0.012299294768834386
0.1559726435754594
0.01353977331897159
0.04846094421973098
0.027114102004509158
0.03365582905517579
0.013121379511523814
0.020457534911244326
0.06592984476510358
0.014394999377273135
0.05236943208865974
0.017690959245189847
0.014196408811107439
0.001992039459945694
0.08374588741140365
0.038997341293264966
0.0305630953830582
0.02645357506025972
0.044382375879575386
0.021991954059812847
0.06613347641419678
0.032508255219408914
0.1761167518610604
0.059677023555178586
0.19218798063560075
0.05775151268327403
0.059767441159632645
0.10121510670684158
0.014654177913366272
0.023892939555760512
0.004818030332217639
0.012515302704581175
0.05868685755022524
0.17377527309011553
0.0953843645026473
0.024334467811473418
0.1391345645584247
0.0021475430285104354
0.08270681931116854
0.04512405399439123
0.0037232769824808347
0.02149300697683681
0.035888160639237346
0.12810008645777426
0.03235531933016791
0.018891943571831517
0.04293077114157734
0.025813466193523586
0.0065347611975717194
0.14378936433929962
0.07186494951269637
0.008357901037217823
0.0065047829590511135
0.018915559108449494
0.0229436011311048
0.40031354020444854
0.08853939962496657
0.08280742146623474
0.009286672458892944
0.025993568951174294
0.018794585041598144
0.019258872495045216
0.007403662331523342
0.0343376527081853
0.02308657972838765
0.02022389239648832
0.014767172632552906
0.07876153799852102
0.01111908710913656
0.15563162954779078
0.09864625555518089
0.35606689292862254
0.8060102620487464
0.4723250042955539
0.1028507296864465
0.004633987089825922
0.07495750275682254
0.007627203504980815
0.034180370424057034
0.1636581106253663
0.22622228662847166
0.19270308750449827
0.2613429712786221
0.27658432503591635
0.11842449708282894
0.05313058591540937
0.056595994114674815
0.03390920014842201
0.008829826961959377
0.054690739342592894
0.012896330507266367
0.45964274396709476
0.3913659504419021
0.0031570948455853795
0.02374581854347933
0.019738393422363436
0.06732738632889256
0.006469965786168257
0.07582292080882341
0.08522541829439759
0.01473173884665856
0.016138912644403338
0.014552355560252582
0.9017631358142038
0.0337536634016666
0.009355548120264354
0.01378655669880043
0.06605406148750197
0.027961644208751975
0.022405702271462297
0.005868685075024057
0.02412776576067706
0.5112246071832314
0.046477970070055316
0.02050210676943672
0.032561801546563636
0.14460308717940146
0.13780494045675684
0.01901449034065036
0.0562163173333569
0.005119379156666948
0.026569505197871896
0.02166291329331579
0.0485947641045532
0.11108110086944048
0.036590868800843744
0.010439432680508275
0.022854918960876817
0.01963202794350678
0.017733530240517093
0.019227993736267
0.01610185261815851
0.046789665243894024
0.014406300355438354
0.03926698156339177
0.021406470219472902
0.016043736501375524
0.004228771871513305
0.055909503084939687
0.019378904208531833
0.05091186677272733
0.024222778788787664
0.01439554777735201
0.05612267445952552
0.038245909860520406
0.02538325714045278
0.06165734397090498
0.01007983346768193
0.061922812427292764
0.084974608333092
0.028830638187891597
1.85063034495195e-05
0.0504520928850499
0.043422264036687745
0.029116601374248534
0.013085669384288505
0.0072672544067096554
0.016508585975325712
0.01894850950353461
0.03979696855032676
0.009485920974551825
0.005589168009018195
0.012259960841318272
0.04750180573634581
0.025367826179000973
0.06886443099912358
0.12174374917091049
0.16514441776541086
0.21797949470764186
0.3232535276683976
0.06148729957256512
0.000998362390090658
0
0.00917428670761828
0.012478515075859857
0.00533115860254681
0.03981730353492196
0.017511249684871947
0.021147413417864077
0.029375635857591363
0.012917389130484111
0.015782634833178877
0.0465710318162337
0.03693071821722773
0.04060171259860315
0.006076678925248219
0.00659398739309025
0.05313125834640314
0.0007073555873916208
0.007925382836581653
0.006564075875447204
0.006407693197347319
0.10291587256521738
0.024686792078324863
0.03038219420427592
0.013598964072475706
0.008850027010078221
0.006874190656518974
0.014271683489395634
0.04083822708193381
0.04297504386497803
0.02116596453790449
0.029148297286938015
0.03793436925306484
0.02546227279133964
0.0037429081610539806
0.01692184421933981
0.015214527723121516
0.01247715612517511
0.06527147350890317
0.051049876614895476
0.010247269832737136
0.04564991122982356
0.022343488705662908
0.035092935055059324
0.010975453455863822
0.049952280230959725
0.05369475481954975
0.09867470907205467
0.011490644724308377
0.009566194985793891
0.01616588644384376
0.05050394616212277
0.012293798943990391
0.0009465908271287553
0.0018625425848585054
0.12072881084537919
0.0007056414161018716
0.012127919561947547
0.07261631104645716
0.025893550648705483
0.018095822072110117
0.017476392652316087
0.0977730451702678
0.014130220969350524
0.015453245131977876
0.010059457373028198
0.05356784588915399
0.033708609875921024
0.015024257509379805
0.014036342481927852
0.022888812253562894
0.01251788143127171
0.03129588860068782
0.047331299477873
0.03344065834955284
0.01168359411811193
0.005209114861063551
0.031347811466395877
0.23373958662582667
0.04334202428408827
0.013063301643588704
0.06346192119367451
0.005684052413583929
0.017961446935650865
0.0003485959018999944
0.052592562442894085
0.02425301255591903
0.005428992339066616
0.012051114045604085
0.005448343176285842
0.04693727755277053
0.015297887311888702
0.01803218003291602
0.18056027235515093
0.02823570254909098
0.016116244406843314
0.07475281647155346
0.023807306672288243
0.013239246250530839
0.030778912981086256
0.01871537541873268
0.18369783402220277
0.022662599557843312
0.017213807281154226
0.005623350838691642
0.05107042427508996
0.04075424355372963
0.004293667490927751
0.013160976685099786
0.0989667746692016
0.009353098805164127
0.010130745577176253
0.0987215991486647
0.02613171086758453
0.042402218373946164
0.034314855075530025
0.013023939479727412
0.05750772065698113
0.005682102617858983
0.012587133093372001
0.020958701474537694
0.007696246461668133
0.015041372408904472
0.004977900703337678
0.06532763567834585
0.018158904672282768
0.002978387785900879
0.11886174959664586
0.00343207776925068
0.03491800691504625
0.021028098211780484
0.060463513458808335
0.03300948254324994
0.12167330481208376
0.02024014895356256
0.005098344013592227
0.010850840669886858
0.03274633719739705
0.06890207455283316
0.024377908485411225
0.129611775557378
0.00581717482604479
0.029607126344222537
0.014467565404574518
0.03875579980592133
0.0777471237326334
0.07710474151343169
0.007295893666406075
0.01854459882749307
0.013200533373240368
0.013179176290328215
0.049723671424720096
0.028382727914222312
0.0068563088795249765
0.03272307961884147
0.005078156286917058
0.038512154429650065
0.05823070733626918
0.008420416411485521
0.027713047233705726
0.020529021891769382
0.020358049855808944
0.024383576963801282
0.0345521367225451
0.0028310812475435317
0.028590755774269186
0.010570780190264558
0.04139297343384683
0.01769640876628361
0.021970091553578045
0.004878186910469637
0.032105126563625144
0.01538306458236946
0.00633376517754752
0.010240274134513576
0.015823578953244606
0.023852208373389534
0.010088969425301703
0.014410427587273185
0.023652886432064535
0.03557764853651616
0.011158770219941706
0.052028636991644124
0.03392511800333298
0.0036407039220176696
0.09227752494921251
0.014834274327334758
0.16975632731560883
0.05152358712638979
0.020558913338558714
0.013022984692250187
0.02432607128328447
0.08760078758153089
0.015037179204256255
0.007080843175006556
0.021748219230152823
0.02247739917896827
0.03453612211917689
0.04398052396549726
0.0203670594108891
0.0587541901781813
0.016032366169012095
0.07988910768877577
0.0019763444240197096
0.012731976511718153
0.04025959984662049
0.04119616256299869
0.007316114990294436
0.02332792693009396
0.306668224743073
0.05734785780959535
0.011470759497073801
0.1421721310066629
0.08494633857656672
0.09657099653002582
0.012029817831056552
0.07899753666875974
0.010441827627979869
0.011086826739617252
0.036323428648209845
0.06063521498351696
0.011868611116818641
0.03876805434419675
0.021032650231851333
0.022322176945000487
0.03413067377501069
0.006581073486040761
0.04329716559210633
0.03570352757426131
0.01950850099926259
0.03345831314152911
0.0018291746441443089
0.023552937891864353
0.04872441340104307
0.10278447378306535
0.11659421694424167
0.03064485123012504
0.02292002351074287
0.1223501112416467
0.8719800283135775
0.0009333705039903903
0.022461896260037674
0.12765977990434002
0.05507887206500452
0.060270444102839354
0.09578504812486273
0.04640124770497638
0.015332264914263677
0.039257849045057865
0.008834556082946346
0.04030928412847886
0.007056724300314655
0.04387367041570525
0.007296469805993598
0.007397150096745541
0.048832293889257854
0.019888852070248805
0.03481574329377394
0.04357365668728385
0.08299213724748009
0.0325599245849323
0.02149801292670298
0.016177456778065123
0.027934726147969713
0.00848243623529138
0.007353020712523245
0.021771677847859053
0.0005344574102015799
0.0038775508077323597
0.15850547734281759
0.02807288073534492
0.06520687178166465
0.016328076489962096
0.0808303619068953
0.011313900242727012
0.010267460896679724
0.08511856334587167
0.01638360076588694
0.05792950115994467
0.017938881326220703
0.019773230077911073
0.3966757333749586
0.038919136515398155
0.45600008282394483
0.05817115746150212
0.06906456683928959
0.010521635870805367
0.01050205446679747
0.005765316180119023
0.009872021041469144
0.060000258227336116
0.07023737707927014
0.032600727754491264
0.02310075986136213
0.013173960914369915
0.00759413909145601
0.02091291364676596
0.01159475451825642
0.09386813409250348
0.004211696088770382
0.0032102677208359605
0.01507525897657442
0.005483737795413555
0.06847285447863824
0.01934929314393872
0.02256391135587201
0.02622214719232642
0.020373666339643957
0.0038940451109743673
0.01946973334114793
0.023560283070222558
0.06461862818333296
0.049862965455695636
0.09076457902756802
0.017539189151594654
0.05460536605957423
0.006311130769327858
0.007210842921575155
0.16761208493706728
0.008562146500110815
0.015894034397922516
0.05462604081876009
0.026256756444010446
0.017898731639687356
0.04371888941425766
0.016057988094409333
0.018053690785457332
8.427728357148951e-05
0.09970100318966243
0.005153717262589298
0.025436432021476364
0.035452122076496645
0.03982636210499615
0.046119682206757016
0.015558195188592094
0.004207347276240823
0.0033744487326560686
0.06686889799058027
0.01632494678843523
0.028724059509714916
0.0012570374680466246
0.07325443355973303
0.03201491237814801
0.005657373763283449
0.14160382853343007
0.032193297076574263
0.05065782995666656
0.021271506651899464
0.15918278025100283
0.01755950431903468
0.004622796864789724
0.000909621695428945
0.022486776631416766
0.017974247038496958
0.012374017870150657
0.04952874846816995
0.022505617104242533
0.012596903370418674
0.0055220772084186905
0.015672925707727055
0.02706394698625297
0.03878281545589265
0.020695797538719127
0.24386365447234748
0.02375114600139084
0.011774862858435903
0.11142001451518062
0.04029431082552834
0.014434746421129841
0.01246317149621888
0.009079418235802326
0.03573736999573945
0.0001605303327392586
0.013426631907166519
0.009364110002225574
0.001404652154881146
0.01757848997275775
0.008769615676157696
0.054148787879760074
0.008233479395232541
0.031898277781660885
0.02448586294176988
0.01079619070545158
0.012851666632066239
0.031835401937064876
0.016191253485926402
0.006128799600158221
0.040119360985869844
0.02190927133636429
0.014328651076668296
0.09571738976045692
0.06046416913893151
0.2624758161654943
0.02211891314212151
0.0021646490921908277
0.010311541034970808
0.02362228553126937
0.01857945889510069
0.10117291119907688
0.022446259230551602
0.021235713177261202
0.02780981663370274
0.07142226090098716
0.02060272279638399
0.042082463442336404
0.11376903171931559
0.06823218161024748
0.0790341420385076
0.0157402304344038
0.002096657525586836
0.006552916791486082
0.016292379065709305
0.007703973834560509
0.005638963752653621
0.013068565913850158
0.015490735396807242
0.012640022034919922
0.01272858782754827
0.0006410293634300506
0.03680962027074219
0.03284481070654968
0.008456092728980786
0.17689216640265407
0.07876077303543068
0.03809408506847972
0.15397578073850346
0.03631893680389654
0.05836036146830694
0.09413086547675954
0.00947628772695946
0.06326397852261169
0.010549026015440903
0.0079136879005267
0.016498440615376614
0.03370851132088302
0.12699556369055673
0.01568147663023571
0.015499177737978879
0.027022965431306573
0.06840121229177104
0.035152967755549186
0.025285536843748603
0.01383882420763787
0.0029699440932056636
0.0041660513993291405
0.014786785111503473
0.013803172125998202
0.15695439421048232
0.006248687622135564
0.0300312591739444
0.09546049527846323
0.07456088013895576
0.05423155463102188
0.08098620171913073
0.00889584346382246
0.008435737317265598
0.02539110133868919
0.027180619376843164
0.023202305321419012
0.07870315122736797
0.013961126632942744
0.020457375743996708
0.06134862234030414
0.015848853418761008
0.029916745939445176
0.019608314330032232
0.01936760328219426
0.011904886387672972
0.024259447995569727
0.059947065530864777
0.039042691858175986
0.05911290817191942
0.033850126660979696
0.006743375423305074
0.013036371125877723
0.0026073801019342252
0.003254824906088518
0.06281410922860715
0.1022622074487717
0.03116497504087516
0.018450375227629184
0.05315468154221893
0.001026572551619907
0.12310602655279718
0.009960429132023491
0.03547353825373445
0.01519035979868265
0.02892807262944997
0.024385270327768098
0.01516632318748868
0.037521976282609074
0.1587377317078961
0.04145140458766445
0.05814546363849647
0.0424867056579339
0.03695356184116809
0.009023819488887655
0.1901979184578443
0.012031945645993705
0.08053906047247877
0.008922379945436478
0.09907540400639626
0.08048193875191076
0.02142452110965679
0.01947902145443928
0.020218951559890896
0.004494168815666369
0.011813209022917426
0.01525907347337341
0.012675573224244308
0.004187658140605761
0.014783560684054235
0.00897024267156648
0.026793640561636037
0.03881157287333612
0.10679149039363038
0.04057770985375735
0.238097484018786
0.9326486364176884
0.02288913169431304
0.12615842557346818
0.17562905435826734
0.08493786918102354
0.06986370665019899
0.07819656187414983
0.04384627335616075
0.03191715612322347
0.04368771450904981
0.0901217940821343
0.014516421124726366
0.03034834477845108
0.025553129582011988
0.017601610215185526
0.04898032832487916
0.018485934183302462
0.02075532314890011
0.052432014542054886
0.05709605938720715
0.0025041349846118377
0.004419134901522831
0.044654358048038884
0.061632432529392996
0.02369921211104026
0.018741566911509865
0.015057978637394937
0.007398095374808947
0.005388238432527492
0.0022956017098318317
0.0004721224426431046
0.004150608237503626
0.05979883462507712
0.06085413358037133
0.011040845312345803
0.030158560273123462
0.002609913812601245
0.03414036362860012
0.029435860547575424
0.009813965743227068
0.010782784793055345
0.014935406048288422
0.0636613537283809
0.0018116422802233972
0.00789942784312272
0.013228338446023315
0.028530147684020193
0.010885990388885994
0.045200072074749756
0.0035877088108986657
0.007166941965242426
0.004893960193762132
0.05046436020323999
0.010071669471202324
0.013712848377314736
0.02017155963603644
0.14478007425391326
0.044795629062262664
0.007276104638914595
0.01372294299589076
0.1027611323390845
0.00825018203305478
0.08148620485537296
0.013047715753582623
0.0651008616972128
0.04767400649702965
0.020567253973353176
0.15339839908518507
0.046679597856454445
0.09616934773867855
0.020725978068050495
0.03718742061516085
0.009455723213105722
0.023212669970251915
0.007096731168800308
0.05308338004555195
0.0049574918785830185
0.021988189204352575
0.008731632622013716
0.007640131182024361
0.008108444330136568
0.06052183334495325
0.017000556979278353
0.013237879418056146
0.012733667961864854
0.07753845714913714
0.010993429901197086
0.10087576299827339
0.017878593464666585
0.07180496327169236
0.03645219734055629
0.013476867844919136
0.0212385845300869
0.018676207083856113
0.06139387381271643
0.055640855217947954
0.15584789435157861
0.11217366798101376
0.13938578184563488
0.050329987841885575
0.07776801223790333
0.07798163852953628
0.043789452199608836
0.016226026677536785
0.008304707381561674
0.0481518808597623
0.029902860706172898
0.06402595163110626
0.008677741088592233
0.0003542128539215433
0.014401198001078497
0.024872371134863316
0.08807274904929357
0.019095657883199793
0.015390748293092602
0.0665529662682476
0.009736992478773783
0.04755812605031156
0.0438429816869671
0.041929628186506675
0.015554094306762974
0.04526853439010675
0.04510360072521641
0.007554983562549251
0.017680205816571676
0.044814248617249
0.057846172047488556
0.05427960770129935
0.025344258945312063
0.036049479375061685
0.027291192714804974
0.012416173106449864
0.012757875310219184
0.06155952251488174
0.023449897565862715
0.019380799490512753
0.0263825668808501
0.013147623016342149
0.02606358662797236
0.11178721523616413
0.016873999398172766
0.012588260623811602
0.008373808365425802
0.07198383153697505
0.050068471788444875
0.029298459161856406
0.014001347731419585
0.013541355407096403
0.0264996384544193
0.05729395901784525
0
0.03686805577586832
0.008818793253224044
0.019268189977091343
0.02628036668384352
0.005126013419812306
0.022574565988116968
0.029470649579835386
0.010569393317355359
0.0038220735200279257
0.013986778300042937
0.006785819173041967
0.022340479889994967
0.014528910266052505
0.08916075986819805
0.10515589347693055
0.028250452024614
0.08827884075601464
0.2602068014506307
0.02678244027798584
0.008874804267583875
0.013001898943157432
0.1032515141806066
0.03323222096103884
0.01446752797315372
0.014966237903826026
0.04488329470731964
0.0015736200653405329
0.014941955392466526
0.01104302939082314
0.019714878262599395
0.0021190817966112224
0.053602626850096265
0.07484693229075312
0.08060611900341963
0.01601230875620957
0.010413810805287813
0.016823352177364696
0.01327572759918172
0.010388236663177584
0.006392889912433754
0.008187052066092977
0.01944069276992806
0.010323393915319614
0.023097225471302177
0.0265387576097907
0.019370655041848223
0.0887838821088785
0.002224726589066343
0.00634878148440175
0.02298350658951865
0.012436237981668468
0.04898947312106923
0.05993798398370721
0.2660884553636376
0.03139151949807336
0.010792392543298978
0.07658434915749437
0.0428591472237261
0.07358024071434272
0.04843871256501953
0.012436637752143945
0.2906379685276252
0.07140480199293418
0.11998298622184264
0.14503346400806977
0.1608437133632062
0.03313557050054412
0.013460372106773148
0.02025254053721874
0.0014548795561010988
0.06145092530034616
0.007275376561751761
0.004893712633078718
0.012555584647288875
0.04391032339640262
0.00435897876301778
0.050644164213158656
0.047488942516998645
0.03800123829809723
0.015467112081725956
0.022476787261235077
0.0073302936307142
0.04844880916854723
0.016258101546355565
0.016894321576289985
0.008237051984251204
0.025826434037746863
0.05041827995052168
0.002647555197537162
0.011296472091926416
0.09873777540220421
0.10063700461415187
0.0952112413951903
0.01586591513568782
0.01594312777530795
0.1494086719518191
0.020547830908991555
0.025297795993637188
0.11963359469079837
0.00010678494435414875
0.06871400838379532
0.02488805445148173
0.22729766690252948
0.21586272104118107
0.01813150351130464
0.04376249885414896
0.01908993061366577
0.07766636432243018
0.0075261987438129075
0.04529940665514799
0.26503802757315165
0.6627645526506014
0.02533595213186336
0.02471538915244392
0.009449041282070627
0.010467037664137254
0.02756886745893122
0.012158868058643186
0.01883645571510103
0.020278996099601345
0.012032889799999818
0.0342549070907844
0.03267128458360023
0.02133457510828703
0.04318479359497775
0.015008490539561083
0.03448136436277289
0.007451627899158008
0.03844462802581699
0.004377775923785136
0.022812234676428133
0.09144709525197683
0.010595429195385189
0.006678639480955871
0.011048326113275784
0.004000328528998661
0.05588066854711786
0.10414821164536191
0.25910960183787657
0.02324553987343018
0.006064229811277456
0.0014293029637814706
0.013545647632278168
0.00926047423725388
0.05199121858220887
0.025483766224833063
0.010530750280723221
0.09254007822905538
0.03603850762188605
0.015302843011886383
0.028832742933946175
0.045091049850123306
0.012539513158233881
0.0713805195226765
0.0036414449113579073
0.005184497669653759
0.03600097495297918
0.045730790915627165
0.03878464150506944
0.02264449601927964
0.03878511901660511
0.11968980454397506
0.06414641247850869
0.1048548498691811
0.21110733671587537
0.08757355607573293
0.027671208997299832
0.11040472222779703
0.06532568185985259
0.014735931879595075
0.08407047955459103
0.07156080959978607
0.030816508183146848
0.04774623218393837
0.0162905879185634
0.06872670206734856
0.016027424671372137
0.021518295794088066
0.02134473953578993
0.006453499550674549
0.028170772402634364
0.027808719052798147
0.045134152916195845
0.03547915006087792
0.015450851673852685
0.03407705645567463
0.0393103475225823
0.013021741214174855
0.015099205909122343
0.023176088955721808
0.11616052018620747
0.003319384068338786
0.027447914832970616
0.0036706357699489147
0.004471638865698753
0.06344656593570278
0.017362112523850528
0.02114605909500042
0.04592552894852
0.0019415490431098517
0.0007859337042408039
0.002090374651734268
0.10716799738416855
0.13171960193699206
0.02080637093670999
0.0066272776287474725
0.011763964810793854
0.24321910599588886
0.03418502709163939
0.05736918948338217
0.09581704101156098
0.03467829336688036
0.024332960427292598
0.02119244637186159
0.009892962513332498
0.23904417032441672
0.07452956811767376
0.04384975109071489
0.061985068403584906
0.009678082106955527
0.03466135143257746
0.04951730170588935
0.009646272626374169
0.06028656234919993
0.0033918937212260823
0.07639368559267935
0.06138870466524126
0.03127316063895836
0.03556082216535869
0.021353867248209153
0.03371499887737997
0.026153803063725355
0.038667279725965786
0.06059286991066678
0.035752432852757865
0.09077576610569746
0
0.06256675564300583
0.11399529665653262
0.047971638080284734
0.02711817577860912
0.04375875772559621
0.020051834222134118
0.01106506946481268
0.0038972943785703924
0.02065385803229582
0.04769325393050271
0.020125262351954044
0.0058455801445018
0.0499840476737937
0.2889850125177371
0.007420748708678727
0.4761865763668249
0.0010212097134839396
0.01650419363596099
0.012375481771576288
0.06696074063532582
0.03612552365053715
0.006468803656403448
0.012637041314271295
0.015858286109434
0.024501822776812582
0.14954103285779005
0.019625522448492076
0.033202905620062916
0.020758995684640378
0.013072321891467004
0.015713821776299465
0.012174662766240357
0.01677224638692643
0.011425842807994996
0.06163723253931127
0.02088733761466634
0.0034617231788319964
0.025006354264746213
0.010817347534545944
0.00882079327322345
0.02337335596405395
0.031164816251062905
0.48129603065672316
0.019645449994842336
0.01287412493545245
0.024027724480207038
0.013267339326200426
0.005059079592409349
0.2397934937148024
0.07243379480529165
0.025730670407697016
0.059790559173386514
0.008692901339234444
0.015347011876134665
0.013388228215554222
0.016671635474448266
0.0297889699338393
0.020942206663430087
0.13858116648507324
0.006825254184261645
0.029696970131452363
0.00567486773808767
0.0038872945521984375
0.026855715660630233
0.030432535490057464
0.02452264132862533
0.017194872036803553
0.13679234967778658
0.00645635057680841
0.06343882342610666
0.043378423615804115
0.016767300261057914
0.01244470855978766
0.04302663506721562
0.06228657466510061
0.12735890307093778
0.02209449172010291
0.27648314216560355
0.0034010781462530887
0.05548032727290741
0.037335098101772116
0.013009735248935658
0.06350473142931135
0.008694016903785446
0.008228633328624089
0.034639142845843886
0.005948803391614113
0.008498002608843903
0.005043287383325831
0.01651256564231784
0.01772557047727901
0.04002640657052323
0.046544868838317884
0.00299048136829175
0.02849432132707751
0.006591965634711318
0.01661343939129279
0.06179837561623906
0.0896115771687547
0.015017738299420743
0.009556537563658318
0.026304444053863278
0.06891877672057968
0.04552900226332716
0.06015565631389253
0.03940176240028264
0.017421679228785604
0.01712750329351913
0.008118555358850947
0.04908122909046456
0.04258018501963712
0.030221966003870778
0.03684821044506586
0.014093406557232135
0.06801622546661598
0.0016542659736276145
0.06041264006468437
0.035892141714701106
0.025745132666688035
0.02494547507167128
0.006904622958085074
0.01575321722277974
0.02263514321006352
0.04448792708283229
0.02126338202829729
0.026999528559241353
0.012151391939627883
0.030070922039495268
0.09663851893643148
0.021837075818915332
0.024891525078528123
0.01024850436543955
0.011208985803174797
0.03466947178113279
0.020589704563179725
0.02511055506223725
0.00743167331107588
0.018382120549644214
0.07905737975863668
0.0651346442343537
0.1544603117360065
0.07979565548386724
0.10987199363610885
0.06877440121179032
0.14006245788175856
0.03524656465630755
0.10165938288626704
0.022468353583972138
0.018714959812303963
0.014926736011164054
0.02019219196966406
0.05064122190405062
0.05608593855470399
0.013720315699525674
0.014669747279114546
0.04162347243608916
0.004753192572863727
0.008908272246597534
0.9931222300193371
0.01355812809750455
0.018701460915816103
0.004519656546912377
0.0017642107483309753
0.034220882468486175
0.010994431992866418
0.022658450444934322
0.010051527129394926
0.11976204768751259
0.06322659809874945
0.017693764561341058
0.010472357994482812
0.03141708269720191
0.023655380168273885
0.029753800851104968
0.060437932537432786
0.04520649387283128
0.07814696550348402
0.033543645729214464
0.006132196047954104
0.05358765044099699
0.05016403869038131
0.11886796547268866
0.028820335488830347
0.03471359494578427
0.0599604385815847
0.015313353310938591
0.07088262840958344
0.009117141409399464
0.025594178928218775
0.0087943566949591
0.013098347423132671
0.0009793405223780809
0.009726400388956249
0.03644375817387224
0.03862373065318576
0.009192253811794192
0.016535117594512955
0.06916699975629499
0.03569243182636041
0.02782668284496212
0.03908401193620364
0.031305516116991734
0.03337338309582818
0.039412865657717164
0.033135451250615074
0.01051905524158182
0.05980364440171596
0.015665096111209798
0.006358670615545399
0.025041420700278146
0.04325554292175234
0.020274213239389268
0.00667017471553169
0.014883301420956539
0.02052476993897807
0.02205773166666871
0.04230677959079154
0.010431591265004075
0.029288373681774185
0.0538511550906621
0.140968371649398
0.05458171489398211
0.16278245564674798
0.0027481565675806768
0.021032086591148975
0.02542755951215351
0.035247002845012025
0.0038019016023481847
0.0117664912084646
0.007654102788921316
0.05055586151114439
0.014095173492451568
0.014537286995938552
0.019048749656447452
0.026463795113733566
0.05244812041059908
0.08766659047790912
0.017550394578622328
0.00418282475772155
0.06521433832119
0.001014393935879264
0.18242912770129543
0.0070031222018213804
0.5
0.07516549501226266
0.03434197126840585
0.04443987426128475
0.014157953157699868
0.0189685283789854
0.10963431741240372
0.06983371106459667
0.03748119494437929
0.06433549290152454
0.07366799535989128
0.018369182527919213
0.02355003548911045
0.00829696067540667
0.007622012944978954
0.07914215140754388
0.005662863387452068
0.035076713452703044
0.009125786404308755
0.008608186186847605
0.02922426879796855
0.03608751895070948
0.0053379502470549105
0.02464154008343632
0.007125401860104889
0.061085568247391094
0.03285301529530926
0.03615124608130544
0.01805103032192189
0.017187043402405407
0.037734320287896396
0.04742063749864497
0.02367284169710241
0.016947904944953792
0.3311850243758513
0.035243012684531824
0.0700443818658988
0.10322576623810854
0.08027312710267376
0.011951907924578557
0.0637959829392425
0.05321754137467655
0.049792857732624304
0.027688240763142122
0.015049857409028972
0.04976148870287751
0.024086846168821733
0.10591710069831642
0.06090976136822657
0.15031795958685948
0.06862878628663753
0.04861631703870066
0.03617189409323583
0.09190387368647955
0.0393974919612817
0.016390151871410345
0.027575330311911887
0.11142064613854645
0.024065791655635434
0.04041772333174154
0.092503519118247
0.02193174382054264
0.007754908141292748
0.12640345291087587
0.08911136985976052
0.05684673595738957
0.02995234311343134
0.03599791634707322
0.058723897787588616
0.01830859124848486
0.02316744093943547
0.018082812654920736
0.007262101346045789
0.012584480037209349
0.0202749555436231
0.023456153942287936
0.00913453030699883
0.06100674179474317
0.1390398377118223
0.006418830632051185
0.029849620294588357
0.01620971320747852
0.044838997446893666
0.025774832896989563
0.009400708767092045
0.021144831190528526
0.008988934205256607
0.010073086956411594
0.010255970295513285
0.08557037007673052
0.022139321397971812
0.01468924489666053
0.03770077568601081
0.0471572638578352
0.0265221620377578
0.009977726749673382
0.013147485373447511
0.04097463398209834
0.024875875381642154
0.01710245680506962
0.009381171006387086
0.04877349061566718
0.02025195029139321
0.05662099317137041
0.022682449998622286
0.015934568866981313
0.048539865331178614
0.08110217358977556
0.060708697372183776
0.002620653702369087
0.018142446175193096
0.046404374005282197
0.025368385856228488
0.03345153340142755
0.020922790520884294
0.04586583345545896
0.0272909473557485
0.037534272902779366
0.06130348258457064
0.03607487135203814
0.0347246223724788
0.008748215312684687
0.25061879132390247
0.0023058057520438475
0.017581571369957593
0.017764365912639926
0.06311997184508544
0.029741192956092236
0.029222037745887677
0.0084503859355338
0.02018903206801951
0.05088718375059352
0.6357775757827848
0.02454663155958881
0.051035197063408456
0.009519800185974472
0.10399010683913658
0.018673217373848937
0.0007614529367914485
0.060252573716517537
0.020453818587895183
0.025373049902481938
0.025652896905506827
0.027249757964600215
0.012580973493868473
0.08023320511222151
0.010049891902718074
0.032046995130461345
0.062051946951699355
0.021995101376404348
0.05320534386878756
0.09173333309225565
0.015433379065982682
0.09410046672409234
0.009197404891996405
0.01685350276556085
0.1315650174551938
0.1307527475937937
0.014079869178136972
0.08478757021685313
0.0663716757975083
0.024259354054637115
0.004476241908370394
0.10087704892514462
0.02126028662762624
0.06571901477000301
0.020799435534784815
0.008001828942263098
0.017039619257023766
0.0880462956634329
0.05455602381041482
0.035660279826520376
0.029465032052664514
0.00917966622544448
0.0050622654555293545
0.018362479548411137
0.018708922513771008
0.0318892179981669
0.019838177303660033
0.02574802560570873
0.03970082311446395
0.06010599636923621
0.011605077739628275
0.03509531157842839
0.0020453927950737573
0.038037836074263316
0.0688697816825716
0.05895332226216647
0.12220242808323002
0.026125273332308335
0.04570924729095194
0.016360414445261075
0.08989102981594264
0.04106794242862164
0.015288930435491763
0.016828224716294967
0.002539138787139298
0.056657470527869035
0.07719136950563212
0.027714710149470887
0.01686412391104986
0.048267333854854474
0.022648682732077895
0.06289175497056644
0.03901791036777479
0.03736999334861616
0.009183236336445836
0.06552678161236294
0.005125280855907986
0.003986588099212983
0.03895972233451276
0.03602805791132307
0.013964107157666885
0.057606351005676446
0.0200931952182631
0.04318224770080218
0.045516484194946714
0.03923453512505114
0.03184422752033461
0.038160540624976994
0.05169659949154846
0.0608334315142586
0.006294744280232446
0.017458995012588574
0.025965147548800555
0.006808468502580472
0.004634240901827764
0.026761165172708927
0.017898460683888118
0.011406627361439103
0.002735885110562529
0.006938216949746405
0.01184769871238009
0.024776682356212346
0.02258965424862822
0.032002768942248724
0.03569307339676552
0.18770605634223203
0.042186146830754126
0.005285789995937699
0.016929662237001986
0.03553200095086271
0.021107323059156205
0.03538634594825297
0.04793706313099121
0.06181875656319703
0.017195079700810603
0.060160722911698716
0.007717857633065223
0.18038105303968466
0.040098685952909614
0.042777822858529456
0.014726973098237875
0.006151159691334018
0.05357071425809072
0.019742429071713606
0.016602223901376632
0.01932264784902444
0.3045339599899418
0.05587102385155822
0.033931432384636195
0.014282282872369373
0.0024518050285366045
0.03548092954652469
0.015766087830735267
0.11040537841121495
0.016641489896949503
0.04955528066428575
0.021049646320186383
0.022431151591512467
0.03586644116082238
0.008510011355480277
0.0357281829413939
0.03311253390529236
0.05046497977390348
0.019967624649591995
0.07841625203885495
0.07472868039489879
0.07442320126503164
0.005898995847232854
0.007119949155888264
0.009380167704357704
0.013022719951433845
0.02056124806293916
0.006890594314369203
0.000435136947824546
0.009226768221148042
0.021395568664954675
0.014511150377344262
0.020463709270111034
0.08760882482757318
0.06026036551890115
0.004758575241186438
0.027893946964335597
0.14671574976343701
0.004266927145364104
0.016082201685024642
0.013263188903166766
0.03835721424037331
0.04606652658999156
0.02019868338081378
0.013349372645870276
0.13074096790893908
0.0390288873971166
0.038479866475786766
0.030773540745958432
0.027418871066264276
0.0179178558754792
0.06874114281544726
0.03324357282061274
0.05163597883349808
0.0722905513910952
0.05031701263619019
0.14274536458302328
0.2209375119424332
0.13770647410684117
0.08400592785781047
0.03011629409564404
0.1477000672397455
0.02644742017564932
0.07450995306943771
0.06023208666706488
