0.0406327996701848
0.04648875837964029
0.042690669171190826
0.046364321521173785
0.02430061924934834
0.03965021072213391
0.03621532405163946
0.0424149623609308
0.05491247536826433
0.048613858207247
0.031174448131644092
0.04144614628524202
0.03618048657147156
0.12417083206390915
0.0352413414385846
0.03764699286087384
0.03544775790853343
0.05263723251845579
0.021735561349078995
0.03258207485543948
0.025848956458124885
0.04696282579480889
0.034477656404134326
0.525188323967482
0.037614257677290534
0.04824568790697948
0.04376350113073762
0.0359859600908837
0.041378934121442605
0.0562709026445069
0.06182524859480619
0.03235852051618952
0.06121829922203326
0.03593719562093199
0.04803055494873302
0.0436486385858328
0.04059899508731701
0.044518551926007205
0.033920865502030634
0.03923070796493359
0.036207548510319154
0.0458814798460806
0.05591263330136457
0.035078985996299515
0.04571917677466607
0.04798652968527715
0.03383978722254716
0.026341762702004837
0.052281406939037336
0.03192842218374623
0.03761293922092759
0.03496080995253828
0.0716750128184084
0.04541478210554624
0.03422331039787953
0.031556547966431835
0.0385633626140813
0.0401405208574055
0.03296916141893197
0.040336121122950465
0.06307495988847112
0.05011714553900473
0.04563138013859062
0.06347125273784768
0.033866498469732415
0.036540314720685724
0.030653363635505897
0.040360880722459934
0.042786067155216885
0.03706201228660535
0.04642721857489209
0.03878573847285724
0.0507114276680636
0.049769567866306236
0.04171254891369449
0.043075059583097326
0.03930253689953969
0.03565766909225887
0.05267944694913587
0.040252374077003356
0.03266694840140885
0.04034445229200441
0.04414937627434328
0.04003349430266153
0.03887798390715267
0.041969073433088304
0.039026659960794303
0.06122503216771254
0.04737659644340712
0.03396580660744172
0.026960825415009958
0.03041400128254209
0.04928702227718062
0.04909705827134203
0.020301154146039516
0.037059656587791895
0.03871038167251779
0.058805240837165186
0.032488604186165955
0.04110357604883106
0.040320026957795324
0.04806946907842381
0.0330031015530469
0.0289592779351033
0.03845498671293215
0.057035534678427785
0.023843060063851666
0.036417490330321094
0.010897598656330885
0.05079079045743923
0.041438046836926125
0.04902698622268456
0.047766569496631134
0.03548946251994437
0.044649924684758716
0.05558728068210886
0.03670065387883899
0.03878498601020792
0.03888828022564082
0.03650151262454687
0.032438870803915
0.049623266574488435
0.03928440420341869
0.04287527096696366
0.03286448349569327
0.05047825307167175
0.03304615662056658
0.023162589962595966
0.04685642383143405
0.015571897790377327
0.02670094911476258
0.03871201622310235
0.024539361960079668
0.03151330863039131
0.03366837193831093
0.04056774794629538
0.035163317122418415
0.04220164495788217
0.043972526684776136
0.040933529340566495
0.029326424492320226
0.029325795429803327
0.0372168840859148
0.049442487895709444
0.04239748820437802
0.02161736373595435
0.03818295284724372
0.04989283123213423
0.03820539407885323
0.03394383115105698
0.009652690628318835
0.030319455649298332
0.04322072073569388
0.037252940315767945
0.24951937630100782
0.044387755040993945
0.049107381646522286
0.030721595408545833
0.03927863396822699
0.10295541231506505
0.04363149882858096
0.038147481677438776
0.05076266757128862
0.05010601150972138
0.04186910773367215
0.035404589439757606
0.020822244040290854
0.03798213849818481
0.05760880675424583
0.03596972514767734
0.03702650999234919
0.04432193594754081
0.04041133870771869
0.06598032397095276
0.03869068610023623
0.04283709333844316
0.04555243669744446
0.0473993813273724
0.032605856603108024
0.04167065875717874
0.041539647767778576
0.026756330363885496
0.03993670463687077
0.029707628453791064
0.057628612415613976
0.051919771491588274
0.035630583797513084
0.03952497473835021
0.04949792623643193
0.04389971468807687
0.039432930904432575
0.038176825844917224
0.044630497626596724
0.05358581219505377
0.011342577689974506
0.04667812215495374
0.049346745630058704
0.03360047479872384
0.036996518074727154
0.04262941611339027
0.03005145312701847
0.03419383482167458
0.04628220062895009
0.03958830535671328
0.06657334358217912
0.04266109973814255
0.02953630344905799
0.053495288114322706
0.020016651045258346
0.04927574739819915
0.03660299388936269
0.04224847077171669
0.05925180904111186
0.042060861593087404
0.04560057773608295
0.05921443216685262
0.030446159825700793
0.037643593861441456
0.1316632315923851
0.06684172699221406
0.03809225199923547
0.0382381215926189
0.04363621198018114
0.03583169629437977
0.047700815188321234
0.053201782262098256
0.03877829680655623
0.05012779380985914
0.052291108585923854
0
0.061527369481562774
0.051116736540605286
0.033278791708486716
0.06437525380929852
0.051980273146403834
0.04776253409172004
0.04519536306668943
0.04100775507969206
0.044407865824779874
0.03895571371717427
0.04335828478844388
0.04129237090475169
0.04451530945508533
0.03758173592345468
0.0412153196279974
0.10550808239498535
0.132265565502455
0.03091583519881659
0.05039588090616972
0.03609958866532428
0.04094960123566383
0.0472696989608758
0.036674210256606304
0.04556596387014283
0.0392728850746327
0.0474561337316337
0.03712396054448482
0.044095804960202614
0.04973806807952733
0.03786624933462418
0.037737144538683695
0.045154696011854484
0.04198113963191725
0.06244953264994081
0.04323954547220415
0.035685524399912155
0.02871935883358018
0.033348581977406214
0.04627754111013282
0.09283327855149283
0.050658739886302186
0.042073560137791156
0.04437962501248452
0.03730781141935245
0.027999891853654958
0.05450987332492215
0.03328341415640152
0.050841193384222626
0.04947050974497723
0.03881348764427294
0.07519924539869556
0.028300763794148438
0.04426471574306417
0.04335600931159916
0.015321043743243262
0.04319397203258242
0.03438367757757048
0.06464475780661774
0.045985345261218835
0.04838887248240175
0.08698482505471516
0.044672209392479324
0.04216529941782219
0.048597721568293346
0.030214098867412144
0.03181388897205039
0.03715255892991438
0.03700193583441612
0.044359873752527104
0.049637768209100396
0.03691718462534382
0.044884101849291855
0.04443279940989597
0.046153266345413696
0.036117778585587595
0.09223881967159675
0.039505052303090614
0.014464430994682621
0.04387720045289124
0.03136808656126603
0.07279784697661734
0.031429126140487894
0.059528554254000235
0.04329968798023915
0.05366474457797289
0.1217218411195476
0.04638155274835887
0.5426303781001645
0.0398764680305937
0.04924234918824238
0.06491161907577958
0.03155935302815965
0.0423365212264142
0.04503419055602818
0.035059400750304226
0.03797212256387636
0.03439169735626999
0.06488986864734986
0.05249278233450102
0.036892855524434505
0.04282247150790521
0.057883854198910394
0.044697633594521495
0.04023432539914225
0.036013112936349304
0.02230237277987353
0.03964640157756158
0.0387378290383929
0.05088421635141402
0.05031325904357608
0.03497967785651262
0.02580136585158921
0.021872402352816882
0.024328191037701587
0.06435668563244483
0.04699740504476324
0.0427626793460008
0.03257061496976498
0.04303834263988089
0.04445878585833352
0.035218296009702554
0.04771938120462417
0.04086164005568993
0.029090469206749226
0.04866284395783584
0.04067322404007112
0.06061452408893406
0.03897100821857312
0.0479820901624208
0.04198455400464443
0.04300961596133491
0.042941551175887376
0.04466626142636587
0.042525815143927344
0.05701542463040994
0.04489819225434996
0.03706486931680422
0.04732080832084693
0.03673462392093985
0.7996845319468374
0.0625959560613737
0.04125784835362805
0.04013638571686482
0.048825758080673284
0.03508087595441469
0.06895263212888879
0.05942714524108012
0.0476929990329975
0.02741942545033554
0.06007329351803804
0.055750060187377465
0.051704727932284256
0.05049332819734652
0.05303047471896387
0.03803350777062829
0.05326885574263157
0.04624555298542858
0.057003849640026284
0.04261165838695768
0.05109272480108029
0.03974156521384995
0.03577340537373099
0.05473648522308533
0.029774056407750302
0.05685202353036999
0.03555350126740427
0.1047128467158919
0.043166626836512643
0.037973471712327865
0.03776219839051908
0.04180885522235976
0.039722252482464034
0.051427215865713076
0.04667589009949734
0.03911945048681445
0.04894285741599652
0.038974992471799134
0.036735173883710795
0.030043169894088225
0.040089372345434256
0.04362653377643633
0.05252003317106338
0.03804014806406039
0.04352487526509683
0.037655891826929265
0.03658954996392222
0.036344209830028555
0.0746263329348973
0.048099062544867004
0.1401776435057278
0.03717527074083998
0.0274643502467154
0.05042981979131451
0.03331411076854992
0.044360034438321504
0.044460868580877964
0.03734847996714552
0.038685164627810804
0.04245693635058572
0.04839827089447347
0.0290601959880331
0.04057231956685696
0.051670349007519496
0.03865519011969571
0.03271308025595533
0.04690851166061055
0.03886987582102839
0.03490429129531975
0.022362529146221905
0.027776812931314197
0.036974623790856746
0.034337068629437834
0.04017767178962949
0.04000641107564492
0.03142155481918109
0.044899736960195606
0.04508953320858807
0.03257449467782136
0.038399991288698566
0.04857127634371391
0.03386371765778446
0.10678177759122139
0.04040648945155422
0.03273519934747414
0.06566319583336665
0.038943265512359444
0.051803786372842844
0.04379753750439361
0.030019289573838762
0.06095242699509634
0.03892270161053472
0.04139112605831861
0.03461814668473307
0.03514158205782947
0.04080735415316715
0.04385347613025034
0.03630292366628321
0.031115219958936506
0.060011229927046945
0.038983299523480015
0.04467290115372949
0.04085629729906054
0.041449390988557294
0.03368271637648928
0.06981274163300316
0.02885248602845027
0.04396397592830206
0.041157884840922
0.037430335060469215
0.04909209442104066
0.059833334695758814
0.07149944645637625
0.062004597124906476
0.06041282493967225
0.047494220033431594
0.04360044102397916
0.0366949268830236
0.02979979221641684
0.03814307394703898
0.04577270276956728
0.052927829099962076
0.04187223136773675
0.04772089482229187
0.04547307716207952
0.07240278934982199
0.007450888318702309
0.036100420274330046
0.04076786452710104
0.04426796894234963
0.04134739726933412
0.038134667941269206
0.03456013750740494
0.041239109840190705
0.041129743691447285
0.034736089047362924
0.03249885260277711
0.046633455479309464
0.022364522596709128
0.04846891781884611
0.02936130767941778
0.0488375950770822
0.03575671691755833
0.03922610358769718
0.04140806166873545
0.07539134444380305
0.03719153557584647
0.04565588017672454
0.044741690447909016
0.04893877062604532
0.036690503518651066
0.05190572956784725
0.048500382889815376
0.04163460937254233
0.05256748926770475
0.04609663755780145
0.04277477471555034
0.026243574332834807
0.049591326645875684
0.055068583889970664
0.0338451012352311
0.14011956686010335
0.02892994786858148
0.024387315977817983
0.040541863995897084
0.03939621935697557
0.040245101856876485
0.002601524515781126
0.04020644430803712
0.048141080292169805
0.03656823815626864
0.042959582285124726
0.041517253034197406
0.050429342495504174
0.037839813481414186
0.03268435822765525
0.14820012395630408
0.024795801727510232
0.05046603666193486
0.04693733676587593
0.04403265659550133
0.03712616418163982
0.12729289128918406
0.020837213179602684
0.058579066491939835
0.060024796427831664
0.04614777615343271
0.042360229661087
0.04308192815733859
0.03830959861035584
0.04243127156395626
0.04336710250782923
0.04378295754784734
0.07769616804681305
0.01738867244154377
0.35782844476102554
0.05597794906408119
0.044377193099566135
0.034981687116497386
0.03705708856526266
0.02312739946766663
0.0429346144524531
0.01918697022323501
0.03621301124735171
0.0343420330238038
0.04372833163178962
0.04160033090977453
0.0357823669992238
0.04002982312148225
0.05474560647069599
0.060279417112953315
0.04363428108965924
0.03845501312687962
0.02649008757909243
0.031822378246975126
0.03722664133979372
0.03823152605031436
0.03435394318139487
0.04655249921185978
0.0527686477889806
0.0514570301051684
0.04007020431042196
0.044358250299624404
0.04407387192211783
0.04937345464721276
0.03664448729079171
0.03759465040413744
0.044879328473259095
0.03955226815244955
0.07059455625016224
0.04737110969249719
0.03627715462107269
0.03840805858935813
0.045084774041312524
0.0753550677445038
0.025156613409837467
0.05771318752459484
0.06211100093626405
0.03389802470099495
0.04085245373677653
0.051616038547596284
0.05576384265328124
0.04892125984588941
0.049188661039377586
0.02239620644699664
0.0514604589327853
0.0483801819764959
0.05239403107568655
0.036147825220855016
0.03990426085085933
0.03220735223426093
0.06057660368052297
0.040288107102609376
0.9582140128914794
0.07292544127829752
0.051376703072934855
0.040198993469520404
0.045840889237969674
0.04233121203935247
0.038122251016969116
0.04233016501704056
0.0403988226191472
0.04192928498279811
0.04024956594562835
0.03126194627440143
0.04182843456257579
0.04242827811820529
0.039418606641205084
0.056647372284576655
0.034664164307066654
0.06172612549085333
0.03947080645020045
0.05460118441836934
0.10660541586879504
0.06592299259414745
0.05036492497857088
0.047686679564654916
0.032428109216446885
0.06125851884724723
0.07804556068986893
0.03878851099224927
0.019208842864463015
0.031060809937242646
0.04583947440808049
0.037019176506596356
0.033754225384887274
0.028856535328054246
0.036097611373971515
0.029277770001419103
0.041752432089602956
0.06734917903248978
0.14584180855025636
0.0291264962229122
0.04607311825526972
0.03612971387076373
0.042945248508792916
0.03163392378377072
0.040394168175613074
0.04710590097755754
0.052707799254190876
0.041495159273848045
0.04286228821305068
0.046291761277648315
0.04714782041030823
0.035529908047462706
0.03385691113657463
0.047798797243094805
0.04733923099769619
0.043129330702748894
0.03223871066482562
0.046477920126496576
0.051178395021700025
0.04895723335999603
0.04046727126173942
0.03705118246854808
0.06060134635721911
0.04859597836016386
0.056262752646804165
0.038408962793055564
0.05533722020112979
0.057929513874210366
0.04007872073964052
0.0356468666211662
0.03884054221657298
0.09744519238282655
0.051742041017852146
0.038583421743100095
0.041088594868542515
0.03960167981982613
0.046112065030917
0.031147622478920178
0.040800791961763734
0.04220143241427004
0.05999299143409129
0.0559166275310449
0.043914405579087816
0.040964455780707426
0.027243886327893815
0.04836242861845796
0.044166377060517896
0.03820490288113522
0.0269942875840571
0.0266026631004379
0.045692356346824795
0.04303991747883804
0.042747344141730224
0.03824739638485004
0.0419604072374866
0.04122538228415037
0.04471947254400474
0.0449250887969955
0.04112107419306609
0.044894408782613575
0.042039395934904245
0.04946327229651563
0.050003487921620994
0.06501815223945244
0.034742012794551226
0.03370333249248447
0.036842569637558185
0.033643829065143016
0.038052024066919585
0.02753176556988758
0.16781456646291218
0.039280513707329226
0.059284230613207776
0.042888062857384925
0.03093184439077744
0.04780161719717595
0.06861089203256
0.03336091527407985
0.03769029874258809
0.03748845908731629
0.0468503450896289
0.037345831333372714
0.029894778567172275
0.02864967770227332
0.028367694558219587
0.051269251379023426
0.03953789125359276
0.029560806778891696
0.02968956851675923
0.0356499259960943
0.03260369629751797
0.03164055713907389
0.037807087536810925
0.04872647070003102
0.03761288933403948
0.0499790473233106
0.03620907322661962
0.04518277632082695
0.04675286378322175
0.037178273509986724
0.0425984595548611
0.04029414766067747
0.051054905680491314
0.03696437211889869
0.05510032144107367
0.06944287762335871
0.042924383432141056
0.049756936262344856
0.04806341269692795
0.07018188773599954
0.05412768552035136
0.3128738675482191
0.05321946098225332
0.62677587535823
0.06768437035875866
0.0704215451015504
0.04407566059260081
0.034157096355956006
0.043699903159829044
0.0362271260839993
0.004873965678245469
0.04662730229585518
0.03785533170050284
0.07056965295447393
0.06031425242625216
0.06478678339254065
0.0316207095284234
0.06089708801022222
0.039882927971374375
0.06150574495603409
0.04803133285514806
0.04910739465218321
0.05279073278329571
0.045088155667191064
0.06256241085736232
0.04363147897835031
0.05553244169814226
0.05489013600759308
0.11635302479211457
0.036039703458580534
0.03130294553355605
0.03929141259638611
0.04112747986479365
0.03273204148510545
0.04550404649689444
0.043283804567370444
0.04467166809790017
0.0504773336528335
0.05579676587261313
0.06120642326724024
0.0341874624255218
0.019435914008888854
0.039297151748950876
0.040272821390453906
0.04133331492882231
0.033493179343574674
0.05187916381560199
0.06119085159133079
0.06145547284494796
0.03918325019773488
0.05228264489427418
0.0576368694940642
0.050827287478276875
0.04295760763697666
0.45193891451167856
0.056540856060785155
0.03980447632009131
0.042011091800078865
0.038872665681965374
0.04487200093082014
0.04375710629830763
0.03488120467450046
0.03124310629530911
0.033103091414734206
0.05036051882741287
0.062414706050664
0.023276224193720055
0.02435310944813391
0.029460426225476188
0.04462360533808707
0.041405693218201686
0.03133211405954178
0.03719652137753606
0.03107313082835584
0.051855422245981865
0.012032013899117254
0.043751111972975536
0.036175590843946975
0.039512817883456945
0.040195632964059834
0.04044718465350052
0.048127682376878686
0.0338017839327032
0.07268721905446719
0.043257018273535085
0.03902447909711963
0.04611442142785185
0.04516790605702754
0.048974438505078106
0.044386517339135755
0.05045186605368039
0.047707057840889765
0.043341264057538874
0.03673337628933482
0.051114918993291784
0.040217318302978144
0.04259444943426098
0.03159633190740491
0.0424324882927496
0.0445944709170588
0.041174179581980566
0.03169894552450062
0.04664574032935915
0.03279752208451956
0.03293279629488725
0.05092632791995653
0.09310650672575568
0.046410571242292274
0.037496437093334424
0.04549264987804142
0.062114851671966564
0.04052700560215688
0.04963070202218268
0.04268492669901509
0.05523661072999111
0.04791101105829429
0.041830343613482326
0.04660067679025684
0.04291907070161592
0.04309860523821928
0.042067637675852976
0.03620083901495442
0.03770930419365851
0.05025446394117036
0
0.04362456818762945
0.046924588676819985
0.04041881225186194
0.03820383547982282
0.05054100031015881
0.048976770412570654
0.0373891267355274
0.16644753099887535
0.05069583236358814
0.05926056374245301
0.04975657107895408
0.0427186926328415
0.05655210104437736
0.03608022164122299
0.030147345522497187
0.04567570545380096
0.05254894709681762
0.03936182069981058
0.05123539444807645
0.04634726360643176
0.04212055624360222
0.02877120801656887
0.04387435864539215
0.03350214180365954
0.04438012172569491
0.04589942215163126
0.04050920271671874
0.04678268676892022
0.06171201965075882
0.051492498627513913
0.059609048462976794
0.03570202169779307
0.036385060046758025
0.040466133134114686
0.049969609705561864
0.027519615388319228
0.027799911717846938
0.0439031528192842
0.05281512642455835
0.05704712021634434
0.05300285227862721
0.03753442525315977
0.03886279117891126
0.04485117033012723
0.05153356228519051
0.04585559614096417
0.03880242155009237
0.12277133351922459
0.04152933291229594
0.039638658024959895
0.03947012731221802
0.043751751582746426
0.04186424727407208
0.01217753996493508
0.03286844897535549
0.03514997990772015
0.037713935153680794
0.035926542936034825
0.03646944903565218
0.044754620940423886
0.04468548539447037
0.04216312780332603
0.034062145548426535
0.024907751745869972
0.03335234342785736
0.035208819780526784
0.05945051471483501
0.05825659458056538
0.05186306557946994
0.028812054470455355
0.03793161199662747
0.04937200888775842
0.026072955238975324
0.041959344662810746
0.04221824772447847
0.045858913378868736
0.039407329681272175
0.041106826606655315
0.039193337468387206
0.03758195988387852
0.04954500959435829
0.05677020427603715
0.05043647904871646
0.05283983592080238
0.034903604962771756
0.04284268219159631
0.040820104859864925
0.029591357176406954
0.04763754750198001
0.03798457321964581
0.03484362049011782
0.01970785727199588
0.03845979671164281
0.04232597462496865
0.0552671762983209
0.0319871094901324
0.035805204923548814
0.039860223294645954
0.05303216248396682
0.008465212718869942
0.038396665401687034
0.03638396303990829
0.045881747968520126
0.035766824765796366
0.017512857445666007
0.04948733389318215
0.03137009106510255
0.06968293087444855
0.02873106561318662
0.05423172386823253
0.06807029967020013
0.013401969923084768
0.044370590476065244
0.0453997438253537
0.09926544285988853
0.03569737631618549
0.041006404146579654
0.03369027351689008
0.07434570390325428
0.03737957990580019
0.04493439758493529
0.04267798361668842
0.04355524948432858
0.04635710101337052
0.04578407698012868
0.046113975224808805
0.036249349862076855
0.08726883272986312
0.053013636655943754
0.0366496103710272
0.022351859698840224
0.038825564528247904
0.03480129649867761
0.06647194116268497
0.05206029557501562
0.05536099776329095
0.040487123161961035
0.04107092568138739
0.0379024228910314
0.0800940378002744
0.048914679376384856
0.07530641914041725
0.057890921164626435
0.04507531892166746
0.03945585237156663
0.043482326174856555
0.04065215146258149
0.026283670458950865
0.03280666118517468
0.0298157031277184
0.033773122886917833
0.033218674480907914
0.10076160620914419
0.03367532168620572
0.09199664142873484
0.08515202105184215
0.036824281321387396
0.04117386092190544
0.03726970655573674
0.039271991692180284
0.038685912456829744
0.03837445203563906
0.04121488297836815
0.03195361877687479
0.04003618168717188
0.0386130517816599
0.04052082869560196
0.03647950854864327
0.03457770232398404
0.027134642097603058
0.03604870773986938
0.036825255306124086
0.04384446536760214
0.029056090688217785
0.024157214226381448
0.03383966434019862
0.0447511137962624
0.04678556508975838
0.04968746494439298
0.04104169715991381
0.03298052531096646
0.024922213595664714
0.03324456067473995
0.03559255940718719
0.05606127054291721
0.044326660928327995
0.05126820033667733
0.05934198167504398
0.04376356823886737
0.06305431732829145
0.030379414955857168
0.053461520959158036
0.035585268362622324
0.05106798795592817
0.03858998199375488
0.044307397006927526
0.03903445566392982
0.03995133556561796
0.04087519509309687
0.05965610635767388
0.0482736371071428
0.04613201647333418
0.03171285166952649
0.043430815604745744
0.02695288185628493
0.0534669236943105
0.04666237275704847
0.06137396451827605
0.03533282619168741
0.03564656491414408
0.04374148750332093
0.055000372246833636
0.040341607776441246
0.03614524037341957
0.24780629643835086
0.04090189070650936
0.041297080134570584
0.03559600012457633
0.040465741952129305
0.05171638624582594
0.04543792218256325
0.04601571839852475
0.060438307182604845
0.047283034880714614
0.04425692945205853
0.027654821953563814
0.0310114472679725
0.03458190981247695
0.048602337248721934
0.04322275835837197
0.04269146718331872
0.049171091497209427
0.03339837292736622
0.05692766062271985
0.05125562190339481
0.036202796804579516
0
0.04196777751771376
0.03641576193080013
0.03146419402645052
0.04946035283543679
0.037282100222188155
0.06015302224712158
0.045609846722518985
0.04628554513702666
0.045404038751228205
0.042973462463835134
0.043866787891647184
0.02233657239858296
0.05417498518859293
0.04181757998910152
0.04181834149578321
0.007372532336995665
0.01454656232321542
0.07545920427221348
0.03618688432367668
0.055484697394042944
0.042433642762194655
0.026535816018518503
0.04174151670268841
0.05470627036349261
0.03693893537116587
0.03926233199252147
0.0359400623913737
0.042176488714330274
0.03498748227924819
0.04004240303098411
0.049872712445809333
0.061456931038522025
0.062975069824705
0.06260047668985577
0.020235992574882358
0.05178230462039088
0.043643691175629974
0.042877588950654716
0.059713334381241656
0.0360575901764699
0.054219976284026375
0.033933570421997204
0.036615714935413844
0.046324464681795866
0.04673680528136849
0.020610046120283967
0.1600914096436935
0.03440304218053131
0.02404179721236091
0.021069989755707896
0.043726222373062375
0.035621089937600194
0.05789447234267282
0.061514790153496264
0.0688331300505043
0.03759922978121448
0.04064030150574265
0.03556854003565736
0.028548374923209885
0.6751690545053104
0.04171684468105617
0.041013785237326086
0.03708184261082676
0.06155680761876077
0.042981361421201195
0.04338644536969469
0.033416471231807875
0.03898238122212746
0.017282777945082383
0.04586486280110614
0.04233204453404083
0.04403182395220088
0.06678757678819709
0.010185572184325047
0.029365561976790917
0.04254999714763706
0.03597925131556521
0.03584856201251065
0.04193603572196789
0.03810919499250098
0.04669431836032823
0.06077548652019668
0.044277586619744236
0.03408839057679833
0.04946970044058968
0.02998195773639967
0.03239684660847562
0.05751429162862665
0.044981025630636065
0.04900486101838966
0.050412695431399174
0.03751492094600776
0.045454566158481924
0.05054761804705467
0.047150113652783085
0.02362670570936681
0.046726804198193354
0.0405649712538812
0.036353568162729825
0.04060884334586259
0.052433455484747094
0.038958978827975305
0.03351278180619854
0.042122510952920814
0.04614093422296046
0.05242265966116668
0.04379730267835742
0.03649147834131306
0.07920349859003455
0.04385341613297561
0.04745358889025299
0.046750421354183024
0.04285459536668716
0.03352548790990103
0.043497769169027665
0.02127580990030513
0.03750602210861612
0.04265201463927093
0.0368247433687127
0.03192604971512849
0.043024150011133924
0.0848163296671444
0.04279455472021421
0.045414409429089676
0.06650318087472239
0.05425671624753455
0.13367115492363107
0.051663796641709045
0.036796416131986816
0.09826962125106412
0.0501218446627767
0.04863535150649169
0.048702186291892345
0.04122932120932359
0.05267534930872068
0.07588183263783713
0.04013368336461368
0.038944702667687084
0.03230694622348137
0.03979037804302884
0.023219304755315546
0.02912425143771082
0.031041235848556004
0.03673083362168828
0.03893527569836112
0.04132761665798552
0.03808727962311643
0.055889022921656886
0.04930992823863501
0.044468527098627524
0.06026671698311266
0.031930742707295734
0.01941366836981887
0.039466343595278834
0.04168235070520298
0.03683250508081278
0.134450909846547
0.05362371578321499
0.011044398735910546
0.02156739977058656
0.061325388754464964
0.04579631888669648
0.050600027422376896
0.03452352249507093
0.0503125841253509
0.05018735413373354
0.045211284800022636
0.05903644947643125
0.038405205486576284
0.055759425896595
0.04679278249118948
0.0391411202032892
0.03545804891114802
0.051255903024603824
0.036128821707013065
0.03510849128952325
0.031342125675021655
0.034983519007905695
0.06049280898128741
0.03977581770874769
0.03432628930985824
0.028985984627495534
0.04812048435135799
0.02639943581181585
0.03029365869487383
0.04917768121001953
0.037317364288506565
0.04211091803268239
0.05965994147063543
0.04590141563640351
0.02402745140350068
0.04357761970118152
0.043607033901219526
0.03808510600413127
0.03930579352488101
0.05036619841429722
0.041724010378743036
0.04534380346489419
0.04053935279744927
0.039828598218995495
0.044353333301965184
0.023300168529745903
0.044995730273802
0.04338160536760178
0.04192578098029182
0.12804344327544112
0.040734387468524716
0.04332854854151872
0.0567365885664406
0.014291574335125292
0.04211272418704514
0.04061020378650083
0.09951277377621041
0.03409859648561362
0.034385210883197195
0.05723578674136881
0.04117945043266648
0.030573587165021038
0.049287428379003816
0.039895741294801695
0.024363526560903945
0.03436926879540686
0.03325169488833214
0.018099814862404574
0.05335058926488691
0.044100042175802524
0.03810224504336002
0.05324778191305253
0.06939122205841387
0.041486607739556335
0.03884673889506741
0.04955439485716802
0.03969850325968229
0.048121020626199766
0.050110945504821806
0.04428714167974905
0.036336844670247524
0.24443006670355596
0.07822793203412168
0.033550491070142505
0.01798441094533971
0.04125972563804668
0.0454414837378226
0.10927307896057839
0.02322753105963196
0.022988959512811893
0.07187678949620488
0.04787548138620402
0.03150055641488104
0.02912170036593905
0.041163692666218485
0.045234866272038536
0.047683704166562285
0.04828811243853828
0.032169997959761706
0.08076844587705947
0.0260752829654053
0.06202612456563075
0.02789499938378806
0.04700892272369802
0.043637774735852064
0.04990704262778399
0.05011282571078215
0.04051384425579252
0.05524933814281251
0.08052298722489994
0.16189932561373485
0.061843185728511225
0.0431641965154682
0.036158626327383675
0.04045393903800532
0.05075051278713737
0.05051604350428236
0.05258108397890395
0.04334760869372471
0.05268578005909593
0.08204309709563194
0.030981093168156205
0.03759739418574817
0.04973329566538009
0.03861824505752671
0.04153549983441808
0.046035739904188966
0.027059072425866613
0.03126302844225312
0.04057508378042061
0.037610663263452554
0.045304161147659935
0.04084353798662638
0.04040791352043094
0.0405314731509162
0.032050194016009094
0.03254546882653617
0.031933312329495596
0.04270406504695668
0.044267088019204995
0.039754352251081336
0.04242714134586033
0.04338917548860516
0.0441459492554246
0.06197991048824541
0.03584097070818955
0.04394954617607306
0.03592032812405343
0.04137947045585272
0.03772264473247701
0.032614483930351254
0.03212394491911524
0.04490682545575404
0.042309446135344216
0.039549198612699316
0.036251647367729525
0.04284018028808754
0.04107386268201728
0.06928222093260145
0.044752100384437034
0.04671491603170625
0.0522992141576097
0.11403635547848487
0.03789932427885236
0.035600923014110136
0.03287777769596402
0.04588756963041845
0.04562272949264026
0.043221512944009506
0.044445577575279706
0.05201417185100587
0.04116507056089053
0.034900848359802325
0.045743841507664605
0.037165870014467195
0.05992155375843902
0.04154888429904906
0.03463464877395563
0.027130164779907692
0.03967989821502588
0.04867112676986966
0.03748196241804709
0.24413193176445036
0.042508562086471725
0.03921357085753985
0.029491384674153007
0.053845505789217304
0.03759931355905865
0.03789186400913797
0.037698045271195066
0.03752210360419652
0.07308743119174992
0.03898637881269429
0.06865677008781622
0.05645916850585896
0.007767776853077873
0.036041979716915556
0.025085409995009023
0.04862448544414851
0.04424245745984079
0.04443830222461085
0.043875482828502475
0.0317568030808462
0.04020100409021322
0.03881653672693017
0.03520519303506948
0.030363429564164646
0.04554170168783498
0.138854530665413
0.044809674299698794
0.03619204780082048
0.04473100440890152
0.056633188619012134
0.04135048816690774
0.04809028734158971
0.026156180679883755
0.03822755570538232
0.05131761079520295
0.032512838302401696
0.031803345408673515
0.038412079046931544
0.03918276099856473
0.04534746159754754
0.034878105615712945
0.05180767880874293
0.040358276467369066
0.04073580361727397
0.048182150897472444
0.03850187009047968
0.04290408085943338
0.03729130548096745
0.05411466329145546
0.04406540534662763
0.03638114317731677
0.04449800090342981
0.038920420500399476
0.037976266346613476
0.03895475382639722
0.044386021192428106
0.054368474996361674
0.03392039049184473
0.043111259654717966
0.028501467133821838
0.0789121427161899
0.036464019326581075
0.04465270157184117
0.04415381447398781
0.042162851773938435
0.03507204092691583
0.03678297286078828
0.034030422166857185
0.05216052161688151
0.043374311796693744
0.0470011895990729
0.02619735383977242
0.036498542048346905
0.034691585366362486
0.03771078788866361
0.050124476140449264
0.03735795822688577
0.032593977983965204
0.07532156909312179
0.045281354586393145
0.05065611836946112
0.04412433619853978
0.038043479235587714
0.04358282746713657
0.03739297674247645
0.030757236922025623
0.04696927793267558
0.04643135186641501
0.028079837388677267
0.051855059543705416
0.023446137352595344
0.03460525165983209
0.04574664204618152
0.04508336391531068
0.04620246664152497
0.10228398830251186
0.03790417497993155
0.03395461972802384
0.04429713524473783
0.03326851736598408
0.04773485349114083
0.038181033336529925
0.04252544814548239
0.046565720330009705
0.05356308454648138
0.0398182769705968
0.0444174658770759
0.04562520548007871
0.039553947036483
0.0386024080041135
0.04738168098219394
0.0388921659765263
0.06477549567917203
0.05160748004798275
0.03656041076676719
0.03832068833069299
0.09963325547796745
0.041654070952323374
0.04589954511074502
0.05015798518733898
0.037503622046848914
0.039033422753761586
0.03781401983870011
0.03892046595685234
0.03532744067846033
0.06046049881871566
0.040892882992013144
0.046964708202656955
0.037276431440881566
0.02445441426317023
0.03477240321178448
0.035186105058499666
0.05681208296861008
0.054536190918679776
0.044652544645792304
0.04547822290082579
0.05379979231411137
0.03723470302222227
0.1087634080931421
0.03862824533823071
0.036328764228247074
0.0583152012064326
0.03867415439389766
0.03244501395360389
0.0393526737217977
0.046116634347404505
0.04077420839089565
0.05340687145812972
0.04216562898574145
0.044540486821644444
0.04332145042568278
0.025859593723651375
0.27599650338300347
0.04423689991060307
0.039468699766964696
0.14701140923268952
0.04435963072623502
0.04509507927510255
0.038914923897633624
0.050361546494604344
0.03806600421593126
0.0473330402889842
0.04873476209785278
0.0381404713760058
0.036251828411434935
0.0574138846650912
0.05090259131232156
0.036407840906118635
0.0375372785532455
0.053036278831223166
0.041002524289255486
0.04512605602683214
0.039456530926110574
0.03906481811785755
0.04576071140931152
0.057210906702130554
0.03888749075425509
0.038899552622465736
0.032013551995414086
0.052313368299511186
0.036138630142953466
0.037871012821271595
0.03418180262517007
0.041749735805759636
0.044915823838622096
0.035384709308912396
0.05876680767802199
0.04299942958434985
0.03598463402989623
0.003190832734248465
0.06034332814795099
0.0465438439395325
0.05959495419625015
0.029875941733566475
0.029697722640030042
0.028245727090249403
0.04588259717346689
0.047913868955730445
0.03847464278594566
0.06055119055358496
0.04547870654410968
0.04493818302701478
0.05456002032403836
0.04846411306326719
0.032578120678552744
0.04106653316961977
0.027062581659011646
0.04779655746497901
0.04149394936912407
0.10040416464758715
0.052129828418181846
0.038100925538618075
0.04319869816054244
0.04416939465389913
0.037328438276319965
0.040548058797199645
0.06048554702363293
0.031097240222458817
0.038923544434753085
0.04111540719730944
0.03963613534160161
0.07979340509837585
0.03720723107873471
0.0474406501711001
0.041107207697398854
0.03938364536192179
